<?xml version="1.0" encoding="utf-8" ?>
<!DOCTYPE html PUBLIC "-//W3C//DTD XHTML 1.0 Strict//EN"
        "http://www.w3.org/TR/xhtml1/DTD/xhtml1-strict.dtd">
<html xmlns="http://www.w3.org/1999/xhtml" xml:lang="" lang="">
<head>
  <title>Test Results Report - KnowledgeBase</title>
  <meta http-equiv="Content-Type" content="text/html;charset=utf-8" />
  <meta name="description" content="TestNG unit test results." />
  <link href="reportng.css" rel="stylesheet" type="text/css" />
    <script type="text/javascript" src="reportng.js"></script>
</head>
<body>
<h1>KnowledgeBase</h1>
<p>
  Test duration: 164.983s
</p>



  <table class="resultsTable">
    <tr><th colspan="3" class="header failed">Failed Tests</th></tr>
          <tr>
        <td colspan="3" class="group">com.OSMOSE.testcases.KnowledgeBase</td>
      </tr>
            
<tr>
  <td class="method">
                  <span class="description" title="Verify the Card Contents of Steel Concrete Assessment">verifyCardContentsSteelConcreteAssessment</span>
      </td>
  <td class="duration">
    0.108s
  </td>
  <td class="result">
        
    
            <div class="testOutput">
                        Click to see Screenshot
                                <a target="_blank" href=Wed_Aug_19_16_28_59_IST_2020.jpg>Screenshot</a>
                                <br>
                                <br>
                                <a target="_blank" href=Wed_Aug_19_16_28_59_IST_2020.jpg><img src=Wed_Aug_19_16_28_59_IST_2020.jpg height=200 width=200></img></a>
                  </div>
    

        <a href="javascript:toggleElement('exception-0', 'block')" title="Click to expand/collapse"><b>java.lang.AssertionError: expected [BROCHURES] but found [VIDEOS]</b></a><br />
    <div class="stackTrace" id="exception-0">
              org.testng.Assert.fail(Assert.java:97)<br />
              org.testng.Assert.assertEqualsImpl(Assert.java:136)<br />
              org.testng.Assert.assertEquals(Assert.java:118)<br />
              org.testng.Assert.assertEquals(Assert.java:575)<br />
              org.testng.Assert.assertEquals(Assert.java:585)<br />
              com.OSMOSE.testcases.KnowledgeBase.verifyCardContentsSteelConcreteAssessment(KnowledgeBase.java:290)<br />
              sun.reflect.NativeMethodAccessorImpl.invoke0(Native Method)<br />
              sun.reflect.NativeMethodAccessorImpl.invoke(Unknown Source)<br />
              sun.reflect.DelegatingMethodAccessorImpl.invoke(Unknown Source)<br />
              java.lang.reflect.Method.invoke(Unknown Source)<br />
              org.testng.internal.MethodInvocationHelper.invokeMethod(MethodInvocationHelper.java:134)<br />
              org.testng.internal.TestInvoker.invokeMethod(TestInvoker.java:597)<br />
              org.testng.internal.TestInvoker.invokeTestMethod(TestInvoker.java:173)<br />
              org.testng.internal.MethodRunner.runInSequence(MethodRunner.java:46)<br />
              org.testng.internal.TestInvoker$MethodInvocationAgent.invoke(TestInvoker.java:816)<br />
              org.testng.internal.TestInvoker.invokeTestMethods(TestInvoker.java:146)<br />
              org.testng.internal.TestMethodWorker.invokeTestMethods(TestMethodWorker.java:146)<br />
              org.testng.internal.TestMethodWorker.run(TestMethodWorker.java:128)<br />
              java.util.ArrayList.forEach(Unknown Source)<br />
              org.testng.TestRunner.privateRun(TestRunner.java:766)<br />
              org.testng.TestRunner.run(TestRunner.java:587)<br />
              org.testng.SuiteRunner.runTest(SuiteRunner.java:384)<br />
              org.testng.SuiteRunner.runSequentially(SuiteRunner.java:378)<br />
              org.testng.SuiteRunner.privateRun(SuiteRunner.java:337)<br />
              org.testng.SuiteRunner.run(SuiteRunner.java:286)<br />
              org.testng.SuiteRunnerWorker.runSuite(SuiteRunnerWorker.java:53)<br />
              org.testng.SuiteRunnerWorker.run(SuiteRunnerWorker.java:96)<br />
              org.testng.TestNG.runSuitesSequentially(TestNG.java:1187)<br />
              org.testng.TestNG.runSuitesLocally(TestNG.java:1109)<br />
              org.testng.TestNG.runSuites(TestNG.java:1039)<br />
              org.testng.TestNG.run(TestNG.java:1007)<br />
              org.testng.remote.AbstractRemoteTestNG.run(AbstractRemoteTestNG.java:115)<br />
              org.testng.remote.RemoteTestNG.initAndRun(RemoteTestNG.java:251)<br />
              org.testng.remote.RemoteTestNG.main(RemoteTestNG.java:77)<br />
                </div>
      </td>
</tr>
<tr>
  <td class="method">
                  <span class="description" title="Verify the Card Contents of Steel Concrete Restoration">verifyCardContentsSteelConcreteRestoration</span>
      </td>
  <td class="duration">
    0.058s
  </td>
  <td class="result">
        
    
            <div class="testOutput">
                        Click to see Screenshot
                                <a target="_blank" href=Wed_Aug_19_16_28_59_IST_2020.jpg>Screenshot</a>
                                <br>
                                <br>
                                <a target="_blank" href=Wed_Aug_19_16_28_59_IST_2020.jpg><img src=Wed_Aug_19_16_28_59_IST_2020.jpg height=200 width=200></img></a>
                  </div>
    

        <a href="javascript:toggleElement('exception-1', 'block')" title="Click to expand/collapse"><b>java.lang.AssertionError: expected [ARTICLES] but found [VIDEOS]</b></a><br />
    <div class="stackTrace" id="exception-1">
              org.testng.Assert.fail(Assert.java:97)<br />
              org.testng.Assert.assertEqualsImpl(Assert.java:136)<br />
              org.testng.Assert.assertEquals(Assert.java:118)<br />
              org.testng.Assert.assertEquals(Assert.java:575)<br />
              org.testng.Assert.assertEquals(Assert.java:585)<br />
              com.OSMOSE.testcases.KnowledgeBase.verifyCardContentsSteelConcreteRestoration(KnowledgeBase.java:307)<br />
              sun.reflect.NativeMethodAccessorImpl.invoke0(Native Method)<br />
              sun.reflect.NativeMethodAccessorImpl.invoke(Unknown Source)<br />
              sun.reflect.DelegatingMethodAccessorImpl.invoke(Unknown Source)<br />
              java.lang.reflect.Method.invoke(Unknown Source)<br />
              org.testng.internal.MethodInvocationHelper.invokeMethod(MethodInvocationHelper.java:134)<br />
              org.testng.internal.TestInvoker.invokeMethod(TestInvoker.java:597)<br />
              org.testng.internal.TestInvoker.invokeTestMethod(TestInvoker.java:173)<br />
              org.testng.internal.MethodRunner.runInSequence(MethodRunner.java:46)<br />
              org.testng.internal.TestInvoker$MethodInvocationAgent.invoke(TestInvoker.java:816)<br />
              org.testng.internal.TestInvoker.invokeTestMethods(TestInvoker.java:146)<br />
              org.testng.internal.TestMethodWorker.invokeTestMethods(TestMethodWorker.java:146)<br />
              org.testng.internal.TestMethodWorker.run(TestMethodWorker.java:128)<br />
              java.util.ArrayList.forEach(Unknown Source)<br />
              org.testng.TestRunner.privateRun(TestRunner.java:766)<br />
              org.testng.TestRunner.run(TestRunner.java:587)<br />
              org.testng.SuiteRunner.runTest(SuiteRunner.java:384)<br />
              org.testng.SuiteRunner.runSequentially(SuiteRunner.java:378)<br />
              org.testng.SuiteRunner.privateRun(SuiteRunner.java:337)<br />
              org.testng.SuiteRunner.run(SuiteRunner.java:286)<br />
              org.testng.SuiteRunnerWorker.runSuite(SuiteRunnerWorker.java:53)<br />
              org.testng.SuiteRunnerWorker.run(SuiteRunnerWorker.java:96)<br />
              org.testng.TestNG.runSuitesSequentially(TestNG.java:1187)<br />
              org.testng.TestNG.runSuitesLocally(TestNG.java:1109)<br />
              org.testng.TestNG.runSuites(TestNG.java:1039)<br />
              org.testng.TestNG.run(TestNG.java:1007)<br />
              org.testng.remote.AbstractRemoteTestNG.run(AbstractRemoteTestNG.java:115)<br />
              org.testng.remote.RemoteTestNG.initAndRun(RemoteTestNG.java:251)<br />
              org.testng.remote.RemoteTestNG.main(RemoteTestNG.java:77)<br />
                </div>
      </td>
</tr>
<tr>
  <td class="method">
                  <span class="description" title="Verify the Card Contents of Wood | Inspection & Treatment">verifyCardContentsWoodInspectionTreatment</span>
      </td>
  <td class="duration">
    0.053s
  </td>
  <td class="result">
        
    
            <div class="testOutput">
                        Click to see Screenshot
                                <a target="_blank" href=Wed_Aug_19_16_29_00_IST_2020.jpg>Screenshot</a>
                                <br>
                                <br>
                                <a target="_blank" href=Wed_Aug_19_16_29_00_IST_2020.jpg><img src=Wed_Aug_19_16_29_00_IST_2020.jpg height=200 width=200></img></a>
                  </div>
    

        <a href="javascript:toggleElement('exception-2', 'block')" title="Click to expand/collapse"><b>java.lang.AssertionError: expected [VIDEOS] but found [IMAGES]</b></a><br />
    <div class="stackTrace" id="exception-2">
              org.testng.Assert.fail(Assert.java:97)<br />
              org.testng.Assert.assertEqualsImpl(Assert.java:136)<br />
              org.testng.Assert.assertEquals(Assert.java:118)<br />
              org.testng.Assert.assertEquals(Assert.java:575)<br />
              org.testng.Assert.assertEquals(Assert.java:585)<br />
              com.OSMOSE.testcases.KnowledgeBase.verifyCardContentsWoodInspectionTreatment(KnowledgeBase.java:328)<br />
              sun.reflect.NativeMethodAccessorImpl.invoke0(Native Method)<br />
              sun.reflect.NativeMethodAccessorImpl.invoke(Unknown Source)<br />
              sun.reflect.DelegatingMethodAccessorImpl.invoke(Unknown Source)<br />
              java.lang.reflect.Method.invoke(Unknown Source)<br />
              org.testng.internal.MethodInvocationHelper.invokeMethod(MethodInvocationHelper.java:134)<br />
              org.testng.internal.TestInvoker.invokeMethod(TestInvoker.java:597)<br />
              org.testng.internal.TestInvoker.invokeTestMethod(TestInvoker.java:173)<br />
              org.testng.internal.MethodRunner.runInSequence(MethodRunner.java:46)<br />
              org.testng.internal.TestInvoker$MethodInvocationAgent.invoke(TestInvoker.java:816)<br />
              org.testng.internal.TestInvoker.invokeTestMethods(TestInvoker.java:146)<br />
              org.testng.internal.TestMethodWorker.invokeTestMethods(TestMethodWorker.java:146)<br />
              org.testng.internal.TestMethodWorker.run(TestMethodWorker.java:128)<br />
              java.util.ArrayList.forEach(Unknown Source)<br />
              org.testng.TestRunner.privateRun(TestRunner.java:766)<br />
              org.testng.TestRunner.run(TestRunner.java:587)<br />
              org.testng.SuiteRunner.runTest(SuiteRunner.java:384)<br />
              org.testng.SuiteRunner.runSequentially(SuiteRunner.java:378)<br />
              org.testng.SuiteRunner.privateRun(SuiteRunner.java:337)<br />
              org.testng.SuiteRunner.run(SuiteRunner.java:286)<br />
              org.testng.SuiteRunnerWorker.runSuite(SuiteRunnerWorker.java:53)<br />
              org.testng.SuiteRunnerWorker.run(SuiteRunnerWorker.java:96)<br />
              org.testng.TestNG.runSuitesSequentially(TestNG.java:1187)<br />
              org.testng.TestNG.runSuitesLocally(TestNG.java:1109)<br />
              org.testng.TestNG.runSuites(TestNG.java:1039)<br />
              org.testng.TestNG.run(TestNG.java:1007)<br />
              org.testng.remote.AbstractRemoteTestNG.run(AbstractRemoteTestNG.java:115)<br />
              org.testng.remote.RemoteTestNG.initAndRun(RemoteTestNG.java:251)<br />
              org.testng.remote.RemoteTestNG.main(RemoteTestNG.java:77)<br />
                </div>
      </td>
</tr>
<tr>
  <td class="method">
                  <span class="description" title="Verify the Card Contents of Steel Concrete Assessment">verifyCardContentsWoodRestoration</span>
      </td>
  <td class="duration">
    0.049s
  </td>
  <td class="result">
        
    
            <div class="testOutput">
                        Click to see Screenshot
                                <a target="_blank" href=Wed_Aug_19_16_29_00_IST_2020.jpg>Screenshot</a>
                                <br>
                                <br>
                                <a target="_blank" href=Wed_Aug_19_16_29_00_IST_2020.jpg><img src=Wed_Aug_19_16_29_00_IST_2020.jpg height=200 width=200></img></a>
                  </div>
    

        <a href="javascript:toggleElement('exception-3', 'block')" title="Click to expand/collapse"><b>java.lang.AssertionError: expected [VIDEOS] but found [IMAGES]</b></a><br />
    <div class="stackTrace" id="exception-3">
              org.testng.Assert.fail(Assert.java:97)<br />
              org.testng.Assert.assertEqualsImpl(Assert.java:136)<br />
              org.testng.Assert.assertEquals(Assert.java:118)<br />
              org.testng.Assert.assertEquals(Assert.java:575)<br />
              org.testng.Assert.assertEquals(Assert.java:585)<br />
              com.OSMOSE.testcases.KnowledgeBase.verifyCardContentsWoodRestoration(KnowledgeBase.java:349)<br />
              sun.reflect.NativeMethodAccessorImpl.invoke0(Native Method)<br />
              sun.reflect.NativeMethodAccessorImpl.invoke(Unknown Source)<br />
              sun.reflect.DelegatingMethodAccessorImpl.invoke(Unknown Source)<br />
              java.lang.reflect.Method.invoke(Unknown Source)<br />
              org.testng.internal.MethodInvocationHelper.invokeMethod(MethodInvocationHelper.java:134)<br />
              org.testng.internal.TestInvoker.invokeMethod(TestInvoker.java:597)<br />
              org.testng.internal.TestInvoker.invokeTestMethod(TestInvoker.java:173)<br />
              org.testng.internal.MethodRunner.runInSequence(MethodRunner.java:46)<br />
              org.testng.internal.TestInvoker$MethodInvocationAgent.invoke(TestInvoker.java:816)<br />
              org.testng.internal.TestInvoker.invokeTestMethods(TestInvoker.java:146)<br />
              org.testng.internal.TestMethodWorker.invokeTestMethods(TestMethodWorker.java:146)<br />
              org.testng.internal.TestMethodWorker.run(TestMethodWorker.java:128)<br />
              java.util.ArrayList.forEach(Unknown Source)<br />
              org.testng.TestRunner.privateRun(TestRunner.java:766)<br />
              org.testng.TestRunner.run(TestRunner.java:587)<br />
              org.testng.SuiteRunner.runTest(SuiteRunner.java:384)<br />
              org.testng.SuiteRunner.runSequentially(SuiteRunner.java:378)<br />
              org.testng.SuiteRunner.privateRun(SuiteRunner.java:337)<br />
              org.testng.SuiteRunner.run(SuiteRunner.java:286)<br />
              org.testng.SuiteRunnerWorker.runSuite(SuiteRunnerWorker.java:53)<br />
              org.testng.SuiteRunnerWorker.run(SuiteRunnerWorker.java:96)<br />
              org.testng.TestNG.runSuitesSequentially(TestNG.java:1187)<br />
              org.testng.TestNG.runSuitesLocally(TestNG.java:1109)<br />
              org.testng.TestNG.runSuites(TestNG.java:1039)<br />
              org.testng.TestNG.run(TestNG.java:1007)<br />
              org.testng.remote.AbstractRemoteTestNG.run(AbstractRemoteTestNG.java:115)<br />
              org.testng.remote.RemoteTestNG.initAndRun(RemoteTestNG.java:251)<br />
              org.testng.remote.RemoteTestNG.main(RemoteTestNG.java:77)<br />
                </div>
      </td>
</tr>
<tr>
  <td class="method">
                  <span class="description" title="Verify the click on an Image on Daliy Gaff Gallery">verifyClickOnDailyGaffGalleryImage</span>
      </td>
  <td class="duration">
    62.067s
  </td>
  <td class="result">
        
    
            <div class="testOutput">
                        Click to see Screenshot
                                <a target="_blank" href=Wed_Aug_19_16_30_40_IST_2020.jpg>Screenshot</a>
                                <br>
                                <br>
                                <a target="_blank" href=Wed_Aug_19_16_30_40_IST_2020.jpg><img src=Wed_Aug_19_16_30_40_IST_2020.jpg height=200 width=200></img></a>
                  </div>
    

        <a href="javascript:toggleElement('exception-4', 'block')" title="Click to expand/collapse"><b>org.openqa.selenium.NoSuchElementException: no such element: Unable to locate element: {&quot;method&quot;:&quot;xpath&quot;,&quot;selector&quot;:&quot;//*[@id=&quot;card-knowBase&quot;]/div[1]/a/p&quot;}<br/>
&nbsp; (Session info: chrome=84.0.4147.125)<br/>
For documentation on this error, please visit: http://seleniumhq.org/exceptions/no_such_element.html<br/>
Build info: version: &apos;3.14.0&apos;, revision: &apos;aacccce0&apos;, time: &apos;2018-08-02T20:19:58.91Z&apos;<br/>
System info: host: &apos;5CG6323N27&apos;, ip: &apos;192.168.0.8&apos;, os.name: &apos;Windows 10&apos;, os.arch: &apos;amd64&apos;, os.version: &apos;10.0&apos;, java.version: &apos;1.8.0_191&apos;<br/>
Driver info: org.openqa.selenium.chrome.ChromeDriver<br/>
Capabilities {acceptInsecureCerts: false, browserName: chrome, browserVersion: 84.0.4147.125, chrome: {chromedriverVersion: 83.0.4103.39 (ccbf011cb2d2b..., userDataDir: C:\Windows\Temp\scoped_dir1...}, goog:chromeOptions: {debuggerAddress: localhost:51523}, javascriptEnabled: true, networkConnectionEnabled: false, pageLoadStrategy: none, platform: WINDOWS, platformName: WINDOWS, proxy: Proxy(), setWindowRect: true, strictFileInteractability: false, timeouts: {implicit: 0, pageLoad: 300000, script: 30000}, unhandledPromptBehavior: dismiss and notify, webauthn:virtualAuthenticators: true}<br/>
Session ID: 33391e79ec2364a686bae7f70fbbecbf<br/>
*** Element info: {Using=xpath, value=//*[@id=&quot;card-knowBase&quot;]/div[1]/a/p}</b></a><br />
    <div class="stackTrace" id="exception-4">
              sun.reflect.NativeConstructorAccessorImpl.newInstance0(Native Method)<br />
              sun.reflect.NativeConstructorAccessorImpl.newInstance(Unknown Source)<br />
              sun.reflect.DelegatingConstructorAccessorImpl.newInstance(Unknown Source)<br />
              java.lang.reflect.Constructor.newInstance(Unknown Source)<br />
              org.openqa.selenium.remote.http.W3CHttpResponseCodec.createException(W3CHttpResponseCodec.java:187)<br />
              org.openqa.selenium.remote.http.W3CHttpResponseCodec.decode(W3CHttpResponseCodec.java:122)<br />
              org.openqa.selenium.remote.http.W3CHttpResponseCodec.decode(W3CHttpResponseCodec.java:49)<br />
              org.openqa.selenium.remote.HttpCommandExecutor.execute(HttpCommandExecutor.java:158)<br />
              org.openqa.selenium.remote.service.DriverCommandExecutor.execute(DriverCommandExecutor.java:83)<br />
              org.openqa.selenium.remote.RemoteWebDriver.execute(RemoteWebDriver.java:548)<br />
              org.openqa.selenium.remote.RemoteWebDriver.findElement(RemoteWebDriver.java:322)<br />
              org.openqa.selenium.remote.RemoteWebDriver.findElementByXPath(RemoteWebDriver.java:424)<br />
              org.openqa.selenium.By$ByXPath.findElement(By.java:353)<br />
              org.openqa.selenium.remote.RemoteWebDriver.findElement(RemoteWebDriver.java:314)<br />
              com.OSMOSE.base.Page.click(Page.java:180)<br />
              com.OSMOSE.pages.OU.KnowledgeBasePage.clickKBCard(KnowledgeBasePage.java:17)<br />
              com.OSMOSE.testcases.KnowledgeBase.verifyClickOnDailyGaffGalleryImage(KnowledgeBase.java:394)<br />
              sun.reflect.NativeMethodAccessorImpl.invoke0(Native Method)<br />
              sun.reflect.NativeMethodAccessorImpl.invoke(Unknown Source)<br />
              sun.reflect.DelegatingMethodAccessorImpl.invoke(Unknown Source)<br />
              java.lang.reflect.Method.invoke(Unknown Source)<br />
              org.testng.internal.MethodInvocationHelper.invokeMethod(MethodInvocationHelper.java:134)<br />
              org.testng.internal.TestInvoker.invokeMethod(TestInvoker.java:597)<br />
              org.testng.internal.TestInvoker.invokeTestMethod(TestInvoker.java:173)<br />
              org.testng.internal.MethodRunner.runInSequence(MethodRunner.java:46)<br />
              org.testng.internal.TestInvoker$MethodInvocationAgent.invoke(TestInvoker.java:816)<br />
              org.testng.internal.TestInvoker.invokeTestMethods(TestInvoker.java:146)<br />
              org.testng.internal.TestMethodWorker.invokeTestMethods(TestMethodWorker.java:146)<br />
              org.testng.internal.TestMethodWorker.run(TestMethodWorker.java:128)<br />
              java.util.ArrayList.forEach(Unknown Source)<br />
              org.testng.TestRunner.privateRun(TestRunner.java:766)<br />
              org.testng.TestRunner.run(TestRunner.java:587)<br />
              org.testng.SuiteRunner.runTest(SuiteRunner.java:384)<br />
              org.testng.SuiteRunner.runSequentially(SuiteRunner.java:378)<br />
              org.testng.SuiteRunner.privateRun(SuiteRunner.java:337)<br />
              org.testng.SuiteRunner.run(SuiteRunner.java:286)<br />
              org.testng.SuiteRunnerWorker.runSuite(SuiteRunnerWorker.java:53)<br />
              org.testng.SuiteRunnerWorker.run(SuiteRunnerWorker.java:96)<br />
              org.testng.TestNG.runSuitesSequentially(TestNG.java:1187)<br />
              org.testng.TestNG.runSuitesLocally(TestNG.java:1109)<br />
              org.testng.TestNG.runSuites(TestNG.java:1039)<br />
              org.testng.TestNG.run(TestNG.java:1007)<br />
              org.testng.remote.AbstractRemoteTestNG.run(AbstractRemoteTestNG.java:115)<br />
              org.testng.remote.RemoteTestNG.initAndRun(RemoteTestNG.java:251)<br />
              org.testng.remote.RemoteTestNG.main(RemoteTestNG.java:77)<br />
                </div>
      </td>
</tr>
      </table>


  <table class="resultsTable">
    <tr><th colspan="3" class="header passed">Passed Tests</th></tr>
          <tr>
        <td colspan="3" class="group">com.OSMOSE.testcases.KnowledgeBase</td>
      </tr>
            
<tr>
  <td class="method">
                  <span class="description" title="Verify the click on Daliy Gaff Gallery on What's wrong with this picture">verifyClickOnDailyGaffGallery</span>
      </td>
  <td class="duration">
    8.379s
  </td>
  <td class="result">
        
    
            <div class="testOutput">
                        Click to see Screenshot
                                <a target="_blank" href=Wed_Aug_19_16_29_38_IST_2020.jpg>Screenshot</a>
                                <br>
                                <br>
                                <a target="_blank" href=Wed_Aug_19_16_29_38_IST_2020.jpg><img src=Wed_Aug_19_16_29_38_IST_2020.jpg height=200 width=200></img></a>
                  </div>
    

      </td>
</tr>
<tr>
  <td class="method">
                  <span class="description" title="Verify the click on item in Featured Videos">verifyClickOnItemFeaturedVideos</span>
      </td>
  <td class="duration">
    5.163s
  </td>
  <td class="result">
        
    
            <div class="testOutput">
                        Click to see Screenshot
                                <a target="_blank" href=Wed_Aug_19_16_28_52_IST_2020.jpg>Screenshot</a>
                                <br>
                                <br>
                                <a target="_blank" href=Wed_Aug_19_16_28_52_IST_2020.jpg><img src=Wed_Aug_19_16_28_52_IST_2020.jpg height=200 width=200></img></a>
                  </div>
    

      </td>
</tr>
<tr>
  <td class="method">
                  <span class="description" title="Verify the click on item in Suggested Contents">verifyClickOnItemSuggestedContents</span>
      </td>
  <td class="duration">
    9.380s
  </td>
  <td class="result">
        
    
            <div class="testOutput">
                        Click to see Screenshot
                                <a target="_blank" href=Wed_Aug_19_16_28_47_IST_2020.jpg>Screenshot</a>
                                <br>
                                <br>
                                <a target="_blank" href=Wed_Aug_19_16_28_47_IST_2020.jpg><img src=Wed_Aug_19_16_28_47_IST_2020.jpg height=200 width=200></img></a>
                  </div>
    

      </td>
</tr>
<tr>
  <td class="method">
                  <span class="description" title="Verify the click on View Project on Project of the week">verifyClickOnViewProjectProjectOfTheWeek</span>
      </td>
  <td class="duration">
    5.184s
  </td>
  <td class="result">
        
    
            <div class="testOutput">
                        Click to see Screenshot
                                <a target="_blank" href=Wed_Aug_19_16_28_58_IST_2020.jpg>Screenshot</a>
                                <br>
                                <br>
                                <a target="_blank" href=Wed_Aug_19_16_28_58_IST_2020.jpg><img src=Wed_Aug_19_16_28_58_IST_2020.jpg height=200 width=200></img></a>
                  </div>
    

      </td>
</tr>
<tr>
  <td class="method">
                  <span class="description" title="Verify the Industry News">verifyIndustrySeeMore</span>
      </td>
  <td class="duration">
    28.463s
  </td>
  <td class="result">
        
    
            <div class="testOutput">
                        Click to see Screenshot
                                <a target="_blank" href=Wed_Aug_19_16_29_29_IST_2020.jpg>Screenshot</a>
                                <br>
                                <br>
                                <a target="_blank" href=Wed_Aug_19_16_29_29_IST_2020.jpg><img src=Wed_Aug_19_16_29_29_IST_2020.jpg height=200 width=200></img></a>
                  </div>
    

      </td>
</tr>
<tr>
  <td class="method">
                  <span class="description" title="Verify the click on Knowledge Base menu and card Navigation">verifyKnowledgeBaseNavigationClick</span>
      </td>
  <td class="duration">
    30.734s
  </td>
  <td class="result">
        
    
            <div class="testOutput">
                        Click to see Screenshot
                                <a target="_blank" href=Wed_Aug_19_16_28_16_IST_2020.jpg>Screenshot</a>
                                <br>
                                <br>
                                <a target="_blank" href=Wed_Aug_19_16_28_16_IST_2020.jpg><img src=Wed_Aug_19_16_28_16_IST_2020.jpg height=200 width=200></img></a>
                  </div>
    

      </td>
</tr>
<tr>
  <td class="method">
                  <span class="description" title="Verify the links present on Home Page">verifyLinksPresentOnKb</span>
      </td>
  <td class="duration">
    0.090s
  </td>
  <td class="result">
        
    
            <div class="testOutput">
                        Click to see Screenshot
                                <a target="_blank" href=Wed_Aug_19_16_28_17_IST_2020.jpg>Screenshot</a>
                                <br>
                                <br>
                                <a target="_blank" href=Wed_Aug_19_16_28_17_IST_2020.jpg><img src=Wed_Aug_19_16_28_17_IST_2020.jpg height=200 width=200></img></a>
                  </div>
    

      </td>
</tr>
<tr>
  <td class="method">
                  <span class="description" title="Verify the presence of Featured Videos Card">verifyPresenceFeaturedVideosCard</span>
      </td>
  <td class="duration">
    0.034s
  </td>
  <td class="result">
        
    
            <div class="testOutput">
                        Click to see Screenshot
                                <a target="_blank" href=Wed_Aug_19_16_28_24_IST_2020.jpg>Screenshot</a>
                                <br>
                                <br>
                                <a target="_blank" href=Wed_Aug_19_16_28_24_IST_2020.jpg><img src=Wed_Aug_19_16_28_24_IST_2020.jpg height=200 width=200></img></a>
                  </div>
    

      </td>
</tr>
<tr>
  <td class="method">
                  <span class="description" title="Verify the presence of Industry News Card">verifyPresenceIndustryNewsCard</span>
      </td>
  <td class="duration">
    0.064s
  </td>
  <td class="result">
        
    
            <div class="testOutput">
                        Click to see Screenshot
                                <a target="_blank" href=Wed_Aug_19_16_28_22_IST_2020.jpg>Screenshot</a>
                                <br>
                                <br>
                                <a target="_blank" href=Wed_Aug_19_16_28_22_IST_2020.jpg><img src=Wed_Aug_19_16_28_22_IST_2020.jpg height=200 width=200></img></a>
                  </div>
    

      </td>
</tr>
<tr>
  <td class="method">
                  <span class="description" title="Verify the presence of O-Calc Pro Card">verifyPresenceOCalcProCard</span>
      </td>
  <td class="duration">
    0.032s
  </td>
  <td class="result">
        
    
            <div class="testOutput">
                        Click to see Screenshot
                                <a target="_blank" href=Wed_Aug_19_16_28_23_IST_2020.jpg>Screenshot</a>
                                <br>
                                <br>
                                <a target="_blank" href=Wed_Aug_19_16_28_23_IST_2020.jpg><img src=Wed_Aug_19_16_28_23_IST_2020.jpg height=200 width=200></img></a>
                  </div>
    

      </td>
</tr>
<tr>
  <td class="method">
                  <span class="description" title="Verify the presence of Filter items">verifyPresenceOfFilterItems</span>
      </td>
  <td class="duration">
    2.224s
  </td>
  <td class="result">
        
    
            <div class="testOutput">
                        Click to see Screenshot
                                <a target="_blank" href=Wed_Aug_19_16_28_20_IST_2020.jpg>Screenshot</a>
                                <br>
                                <br>
                                <a target="_blank" href=Wed_Aug_19_16_28_20_IST_2020.jpg><img src=Wed_Aug_19_16_28_20_IST_2020.jpg height=200 width=200></img></a>
                  </div>
    

      </td>
</tr>
<tr>
  <td class="method">
                  <span class="description" title="Verify the presence of Buttons on Oclac Pro Card">verifyPresenceOfOcalCproButtons</span>
      </td>
  <td class="duration">
    3.222s
  </td>
  <td class="result">
        
    
            <div class="testOutput">
                        Click to see Screenshot
                                <a target="_blank" href=Wed_Aug_19_16_28_28_IST_2020.jpg>Screenshot</a>
                                <br>
                                <br>
                                <a target="_blank" href=Wed_Aug_19_16_28_28_IST_2020.jpg><img src=Wed_Aug_19_16_28_28_IST_2020.jpg height=200 width=200></img></a>
                  </div>
    

      </td>
</tr>
<tr>
  <td class="method">
                  <span class="description" title="Verify the presence of Popular Queries Filter">verifyPresenceOfPopularQueriesFilter</span>
      </td>
  <td class="duration">
    0.047s
  </td>
  <td class="result">
        
    
            <div class="testOutput">
                        Click to see Screenshot
                                <a target="_blank" href=Wed_Aug_19_16_28_17_IST_2020.jpg>Screenshot</a>
                                <br>
                                <br>
                                <a target="_blank" href=Wed_Aug_19_16_28_17_IST_2020.jpg><img src=Wed_Aug_19_16_28_17_IST_2020.jpg height=200 width=200></img></a>
                  </div>
    

      </td>
</tr>
<tr>
  <td class="method">
                  <span class="description" title="Verify the presence of Search Box">verifyPresenceOfSearchBox</span>
      </td>
  <td class="duration">
    0.058s
  </td>
  <td class="result">
        
    
            <div class="testOutput">
                        Click to see Screenshot
                                <a target="_blank" href=Wed_Aug_19_16_28_17_IST_2020.jpg>Screenshot</a>
                                <br>
                                <br>
                                <a target="_blank" href=Wed_Aug_19_16_28_17_IST_2020.jpg><img src=Wed_Aug_19_16_28_17_IST_2020.jpg height=200 width=200></img></a>
                  </div>
    

      </td>
</tr>
<tr>
  <td class="method">
                  <span class="description" title="Verify the presence of slider on Suggested Contents">verifyPresenceOfSliderOnSuggestedContents</span>
      </td>
  <td class="duration">
    8.143s
  </td>
  <td class="result">
        
    
            <div class="testOutput">
                        Click to see Screenshot
                                <a target="_blank" href=Wed_Aug_19_16_28_37_IST_2020.jpg>Screenshot</a>
                                <br>
                                <br>
                                <a target="_blank" href=Wed_Aug_19_16_28_37_IST_2020.jpg><img src=Wed_Aug_19_16_28_37_IST_2020.jpg height=200 width=200></img></a>
                  </div>
    

      </td>
</tr>
<tr>
  <td class="method">
                  <span class="description" title="Verify the presence of Project of the week Card">verifyPresenceProjectOfTheWeekCard</span>
      </td>
  <td class="duration">
    0.064s
  </td>
  <td class="result">
        
    
            <div class="testOutput">
                        Click to see Screenshot
                                <a target="_blank" href=Wed_Aug_19_16_28_23_IST_2020.jpg>Screenshot</a>
                                <br>
                                <br>
                                <a target="_blank" href=Wed_Aug_19_16_28_23_IST_2020.jpg><img src=Wed_Aug_19_16_28_23_IST_2020.jpg height=200 width=200></img></a>
                  </div>
    

      </td>
</tr>
<tr>
  <td class="method">
                  <span class="description" title="Verify the presence of Steel And Concrete Assessment">verifyPresenceSteelAndConcreteAssessmentCard</span>
      </td>
  <td class="duration">
    0.033s
  </td>
  <td class="result">
        
    
            <div class="testOutput">
                        Click to see Screenshot
                                <a target="_blank" href=Wed_Aug_19_16_28_20_IST_2020.jpg>Screenshot</a>
                                <br>
                                <br>
                                <a target="_blank" href=Wed_Aug_19_16_28_20_IST_2020.jpg><img src=Wed_Aug_19_16_28_20_IST_2020.jpg height=200 width=200></img></a>
                  </div>
    

      </td>
</tr>
<tr>
  <td class="method">
                  <span class="description" title="Verify the presence of Steel And Concrete Restoration">verifyPresenceSteelAndConcreteRestorationCard</span>
      </td>
  <td class="duration">
    0.031s
  </td>
  <td class="result">
        
    
            <div class="testOutput">
                        Click to see Screenshot
                                <a target="_blank" href=Wed_Aug_19_16_28_21_IST_2020.jpg>Screenshot</a>
                                <br>
                                <br>
                                <a target="_blank" href=Wed_Aug_19_16_28_21_IST_2020.jpg><img src=Wed_Aug_19_16_28_21_IST_2020.jpg height=200 width=200></img></a>
                  </div>
    

      </td>
</tr>
<tr>
  <td class="method">
                  <span class="description" title="Verify the presence of Suggested Contents Card">verifyPresenceSuggestedContentsCard</span>
      </td>
  <td class="duration">
    0.032s
  </td>
  <td class="result">
        
    
            <div class="testOutput">
                        Click to see Screenshot
                                <a target="_blank" href=Wed_Aug_19_16_28_24_IST_2020.jpg>Screenshot</a>
                                <br>
                                <br>
                                <a target="_blank" href=Wed_Aug_19_16_28_24_IST_2020.jpg><img src=Wed_Aug_19_16_28_24_IST_2020.jpg height=200 width=200></img></a>
                  </div>
    

      </td>
</tr>
<tr>
  <td class="method">
                  <span class="description" title="Verify the presence of What's wrong with this Picture? Card">verifyPresenceWhatswrongwiththisPictureCard</span>
      </td>
  <td class="duration">
    0.032s
  </td>
  <td class="result">
        
    
            <div class="testOutput">
                        Click to see Screenshot
                                <a target="_blank" href=Wed_Aug_19_16_28_24_IST_2020.jpg>Screenshot</a>
                                <br>
                                <br>
                                <a target="_blank" href=Wed_Aug_19_16_28_24_IST_2020.jpg><img src=Wed_Aug_19_16_28_24_IST_2020.jpg height=200 width=200></img></a>
                  </div>
    

      </td>
</tr>
<tr>
  <td class="method">
                  <span class="description" title="Verify the presence of Wood Inspection And Treatment Card">verifyPresenceWoodInspectionAndTreatmentCard</span>
      </td>
  <td class="duration">
    0.031s
  </td>
  <td class="result">
        
    
            <div class="testOutput">
                        Click to see Screenshot
                                <a target="_blank" href=Wed_Aug_19_16_28_21_IST_2020.jpg>Screenshot</a>
                                <br>
                                <br>
                                <a target="_blank" href=Wed_Aug_19_16_28_21_IST_2020.jpg><img src=Wed_Aug_19_16_28_21_IST_2020.jpg height=200 width=200></img></a>
                  </div>
    

      </td>
</tr>
<tr>
  <td class="method">
                  <span class="description" title="Verify the presence of Wood Restoration Card">verifyPresenceWoodRestorationCard</span>
      </td>
  <td class="duration">
    0.032s
  </td>
  <td class="result">
        
    
            <div class="testOutput">
                        Click to see Screenshot
                                <a target="_blank" href=Wed_Aug_19_16_28_22_IST_2020.jpg>Screenshot</a>
                                <br>
                                <br>
                                <a target="_blank" href=Wed_Aug_19_16_28_22_IST_2020.jpg><img src=Wed_Aug_19_16_28_22_IST_2020.jpg height=200 width=200></img></a>
                  </div>
    

      </td>
</tr>
      </table>
  
</body>
</html>
