<?xml version="1.0" encoding="UTF-8"?>
<!-- Generated by org.testng.reporters.JUnitXMLReporter -->
<testsuite hostname="5CG6323N27" ignored="14" name="JointUse_ts_submitter" tests="3" failures="1" timestamp="2021-01-12T12:52:03 IST" time="95.835" errors="0">
  <testcase name="jointUseloginTestSubmitter" time="16.811" classname="com.OSMOSE.testcases.JointUse_Submitter"/>
  <testcase name="verifyJointUseNavigationClick" time="25.778" classname="com.OSMOSE.testcases.JointUse_Submitter"/>
  <testcase name="verifyAddingCommentsToTheApplication" time="50.813" classname="com.OSMOSE.testcases.JointUse_Submitter">
    <failure type="org.openqa.selenium.NoSuchElementException" message="no such element: Unable to locate element: {&amp;quot;method&amp;quot;:&amp;quot;xpath&amp;quot;,&amp;quot;selector&amp;quot;:&amp;quot;//body[@spellcheck=&amp;apos;false&amp;apos;]/p&amp;quot;}
  (Session info: chrome=87.0.4280.88)
For documentation on this error, please visit: http://seleniumhq.org/exceptions/no_such_element.html
Build info: version: &amp;apos;3.14.0&amp;apos;, revision: &amp;apos;aacccce0&amp;apos;, time: &amp;apos;2018-08-02T20:19:58.91Z&amp;apos;
System info: host: &amp;apos;5CG6323N27&amp;apos;, ip: &amp;apos;192.168.0.12&amp;apos;, os.name: &amp;apos;Windows 10&amp;apos;, os.arch: &amp;apos;amd64&amp;apos;, os.version: &amp;apos;10.0&amp;apos;, java.version: &amp;apos;1.8.0_191&amp;apos;
Driver info: org.openqa.selenium.chrome.ChromeDriver
Capabilities {acceptInsecureCerts: false, browserName: chrome, browserVersion: 87.0.4280.88, chrome: {chromedriverVersion: 87.0.4280.88 (89e2380a3e36c..., userDataDir: C:\Windows\Temp\scoped_dir6...}, goog:chromeOptions: {debuggerAddress: localhost:61287}, javascriptEnabled: true, networkConnectionEnabled: false, pageLoadStrategy: none, platform: WINDOWS, platformName: WINDOWS, proxy: Proxy(), setWindowRect: true, strictFileInteractability: false, timeouts: {implicit: 0, pageLoad: 300000, script: 30000}, unhandledPromptBehavior: dismiss and notify, webauthn:virtualAuthenticators: true}
Session ID: cd981e13cce4061f304db066bdcfee60
*** Element info: {Using=xpath, value=//body[@spellcheck=&amp;apos;false&amp;apos;]/p}">
      <![CDATA[org.openqa.selenium.NoSuchElementException: no such element: Unable to locate element: {"method":"xpath","selector":"//body[@spellcheck='false']/p"}
  (Session info: chrome=87.0.4280.88)
For documentation on this error, please visit: http://seleniumhq.org/exceptions/no_such_element.html
Build info: version: '3.14.0', revision: 'aacccce0', time: '2018-08-02T20:19:58.91Z'
System info: host: '5CG6323N27', ip: '192.168.0.12', os.name: 'Windows 10', os.arch: 'amd64', os.version: '10.0', java.version: '1.8.0_191'
Driver info: org.openqa.selenium.chrome.ChromeDriver
Capabilities {acceptInsecureCerts: false, browserName: chrome, browserVersion: 87.0.4280.88, chrome: {chromedriverVersion: 87.0.4280.88 (89e2380a3e36c..., userDataDir: C:\Windows\Temp\scoped_dir6...}, goog:chromeOptions: {debuggerAddress: localhost:61287}, javascriptEnabled: true, networkConnectionEnabled: false, pageLoadStrategy: none, platform: WINDOWS, platformName: WINDOWS, proxy: Proxy(), setWindowRect: true, strictFileInteractability: false, timeouts: {implicit: 0, pageLoad: 300000, script: 30000}, unhandledPromptBehavior: dismiss and notify, webauthn:virtualAuthenticators: true}
Session ID: cd981e13cce4061f304db066bdcfee60
*** Element info: {Using=xpath, value=//body[@spellcheck='false']/p}
at org.openqa.selenium.remote.http.W3CHttpResponseCodec.createException(W3CHttpResponseCodec.java:187)
at org.openqa.selenium.remote.http.W3CHttpResponseCodec.decode(W3CHttpResponseCodec.java:122)
at org.openqa.selenium.remote.http.W3CHttpResponseCodec.decode(W3CHttpResponseCodec.java:49)
at org.openqa.selenium.remote.HttpCommandExecutor.execute(HttpCommandExecutor.java:158)
at org.openqa.selenium.remote.service.DriverCommandExecutor.execute(DriverCommandExecutor.java:83)
at org.openqa.selenium.remote.RemoteWebDriver.execute(RemoteWebDriver.java:548)
at org.openqa.selenium.remote.RemoteWebDriver.findElement(RemoteWebDriver.java:322)
at org.openqa.selenium.remote.RemoteWebDriver.findElementByXPath(RemoteWebDriver.java:424)
at org.openqa.selenium.By$ByXPath.findElement(By.java:353)
at org.openqa.selenium.remote.RemoteWebDriver.findElement(RemoteWebDriver.java:314)
at com.OSMOSE.base.Page.type(Page.java:213)
at com.OSMOSE.testcases.JointUse_Submitter.verifyAddingCommentsToTheApplication(JointUse_Submitter.java:266)
at java.util.ArrayList.forEach(Unknown Source)
... Removed 31 stack frames]]>
    </failure>
  </testcase> <!-- verifyAddingCommentsToTheApplication -->
  <testcase name="verifyHorizontalCollapseFunctionality" time="0.0" classname="com.OSMOSE.testcases.JointUse_Submitter">
    <ignored/>
  </testcase> <!-- verifyHorizontalCollapseFunctionality -->
  <testcase name="verifyEditWidgetClick" time="0.0" classname="com.OSMOSE.testcases.JointUse_Submitter">
    <ignored/>
  </testcase> <!-- verifyEditWidgetClick -->
  <testcase name="verifyEditLayout" time="0.0" classname="com.OSMOSE.testcases.JointUse_Submitter">
    <ignored/>
  </testcase> <!-- verifyEditLayout -->
  <testcase name="verifyNewApplication" time="0.0" classname="com.OSMOSE.testcases.JointUse_Submitter">
    <ignored/>
  </testcase> <!-- verifyNewApplication -->
  <testcase name="verifyVerticalCollapseFunctionality" time="0.0" classname="com.OSMOSE.testcases.JointUse_Submitter">
    <ignored/>
  </testcase> <!-- verifyVerticalCollapseFunctionality -->
  <testcase name="verifyAddWidgets" time="0.0" classname="com.OSMOSE.testcases.JointUse_Submitter">
    <ignored/>
  </testcase> <!-- verifyAddWidgets -->
  <testcase name="verifyRefreshBtn" time="0.0" classname="com.OSMOSE.testcases.JointUse_Submitter">
    <ignored/>
  </testcase> <!-- verifyRefreshBtn -->
  <testcase name="verifySelectAllFunctionality" time="0.0" classname="com.OSMOSE.testcases.JointUse_Submitter">
    <ignored/>
  </testcase> <!-- verifySelectAllFunctionality -->
  <testcase name="verifyColumns" time="0.0" classname="com.OSMOSE.testcases.JointUse_Submitter">
    <ignored/>
  </testcase> <!-- verifyColumns -->
  <testcase name="verifyExportOptions" time="0.0" classname="com.OSMOSE.testcases.JointUse_Submitter">
    <ignored/>
  </testcase> <!-- verifyExportOptions -->
  <testcase name="verifyAddWidgetClick" time="0.0" classname="com.OSMOSE.testcases.JointUse_Submitter">
    <ignored/>
  </testcase> <!-- verifyAddWidgetClick -->
  <testcase name="verifySearchBox" time="0.0" classname="com.OSMOSE.testcases.JointUse_Submitter">
    <ignored/>
  </testcase> <!-- verifySearchBox -->
  <testcase name="verifyRowsCount" time="0.0" classname="com.OSMOSE.testcases.JointUse_Submitter">
    <ignored/>
  </testcase> <!-- verifyRowsCount -->
  <testcase name="verifyAddWiredNewAttachment" time="0.0" classname="com.OSMOSE.testcases.JointUse_Submitter">
    <ignored/>
  </testcase> <!-- verifyAddWiredNewAttachment -->
</testsuite> <!-- JointUse_ts_submitter -->
