<html>
<head>
<title>TestNG:  MyOsmoseServices</title>
<link href="../testng.css" rel="stylesheet" type="text/css" />
<link href="../my-testng.css" rel="stylesheet" type="text/css" />

<style type="text/css">
.log { display: none;} 
.stack-trace { display: none;} 
</style>
<script type="text/javascript">
<!--
function flip(e) {
  current = e.style.display;
  if (current == 'block') {
    e.style.display = 'none';
    return 0;
  }
  else {
    e.style.display = 'block';
    return 1;
  }
}

function toggleBox(szDivId, elem, msg1, msg2)
{
  var res = -1;  if (document.getElementById) {
    res = flip(document.getElementById(szDivId));
  }
  else if (document.all) {
    // this is the way old msie versions work
    res = flip(document.all[szDivId]);
  }
  if(elem) {
    if(res == 0) elem.innerHTML = msg1; else elem.innerHTML = msg2;
  }

}

function toggleAllBoxes() {
  if (document.getElementsByTagName) {
    d = document.getElementsByTagName('div');
    for (i = 0; i < d.length; i++) {
      if (d[i].className == 'log') {
        flip(d[i]);
      }
    }
  }
}

// -->
</script>

</head>
<body>
<h2 align='center'>MyOsmoseServices</h2><table border='1' align="center">
<tr>
<td>Tests passed/Failed/Skipped:</td><td>19/6/0</td>
</tr><tr>
<td>Started on:</td><td>Mon Sep 21 20:18:47 IST 2020</td>
</tr>
<tr><td>Total time:</td><td>625 seconds (625866 ms)</td>
</tr><tr>
<td>Included groups:</td><td></td>
</tr><tr>
<td>Excluded groups:</td><td></td>
</tr>
</table><p/>
<small><i>(Hover the method name to see the test class name)</i></small><p/>
<table width='100%' border='1' class='invocation-failed'>
<tr><td colspan='4' align='center'><b>FAILED TESTS</b></td></tr>
<tr><td><b>Test method</b></td>
<td width="30%"><b>Exception</b></td>
<td width="10%"><b>Time (seconds)</b></td>
<td><b>Instance</b></td>
</tr>
<tr>
<td title='com.OSMOSE.testcases.OsmoseServices.verifyClickonUndergroundProjectProfiles()'><b>verifyClickonUndergroundProjectProfiles</b><br>Test class: com.OSMOSE.testcases.OsmoseServices<br>Test method: Verify the click on Project Profiles under Underground card<br/>
<a href="#Output-631621595" onClick='toggleBox("Output-631621595", this, "Show output", "Hide output");'>Show output</a>

<a href="#Output-631621595" onClick="toggleAllBoxes();">Show all outputs</a>
<div class='log' id="Output-631621595">
Click to see Screenshot<br/>
<a target="_blank" href=Mon_Sep_21_20_28_48_IST_2020.jpg>Screenshot</a><br/>
<br><br/>
<br><br/>
<a target="_blank" href=Mon_Sep_21_20_28_48_IST_2020.jpg><img src=Mon_Sep_21_20_28_48_IST_2020.jpg height=200 width=200></img></a><br/>
</div>
</td>
<td><div><pre>org.openqa.selenium.NoSuchElementException: no such element: Unable to locate element: {&quot;method&quot;:&quot;xpath&quot;,&quot;selector&quot;:&quot;//*[@id=&apos;contentPart5&apos;]/div/div/div/div/div/div/div[1]/div[1]/h5/a&quot;}
  (Session info: chrome=85.0.4183.102)
For documentation on this error, please visit: http://seleniumhq.org/exceptions/no_such_element.html
Build info: version: &apos;3.14.0&apos;, revision: &apos;aacccce0&apos;, time: &apos;2018-08-02T20:19:58.91Z&apos;
System info: host: &apos;5CG6323N27&apos;, ip: &apos;192.168.0.11&apos;, os.name: &apos;Windows 10&apos;, os.arch: &apos;amd64&apos;, os.version: &apos;10.0&apos;, java.version: &apos;1.8.0_191&apos;
Driver info: org.openqa.selenium.chrome.ChromeDriver
Capabilities {acceptInsecureCerts: false, browserName: chrome, browserVersion: 85.0.4183.102, chrome: {chromedriverVersion: 85.0.4183.87 (cd6713ebf92fa..., userDataDir: C:\Windows\Temp\scoped_dir1...}, goog:chromeOptions: {debuggerAddress: localhost:52647}, javascriptEnabled: true, networkConnectionEnabled: false, pageLoadStrategy: none, platform: WINDOWS, platformName: WINDOWS, proxy: Proxy(), setWindowRect: true, strictFileInteractability: false, timeouts: {implicit: 0, pageLoad: 300000, script: 30000}, unhandledPromptBehavior: dismiss and notify, webauthn:virtualAuthenticators: true}
Session ID: 5a7dee32274d3786d6df32a0d69ee424
*** Element info: {Using=xpath, value=//*[@id=&apos;contentPart5&apos;]/div/div/div/div/div/div/div[1]/div[1]/h5/a}
	at org.openqa.selenium.remote.http.W3CHttpResponseCodec.createException(W3CHttpResponseCodec.java:187)
	at org.openqa.selenium.remote.http.W3CHttpResponseCodec.decode(W3CHttpResponseCodec.java:122)
	at org.openqa.selenium.remote.http.W3CHttpResponseCodec.decode(W3CHttpResponseCodec.java:49)
	at org.openqa.selenium.remote.HttpCommandExecutor.execute(HttpCommandExecutor.java:158)
	at org.openqa.selenium.remote.service.DriverCommandExecutor.execute(DriverCommandExecutor.java:83)
	at org.openqa.selenium.remote.RemoteWebDriver.execute(RemoteWebDriver.java:548)
	at org.openqa.selenium.remote.RemoteWebDriver.findElement(RemoteWebDriver.java:322)
	at org.openqa.selenium.remote.RemoteWebDriver.findElementByXPath(RemoteWebDriver.java:424)
	at org.openqa.selenium.By$ByXPath.findElement(By.java:353)
	at org.openqa.selenium.remote.RemoteWebDriver.findElement(RemoteWebDriver.java:314)
	at com.OSMOSE.testcases.OsmoseServices.verifyClickonUndergroundProjectProfiles(OsmoseServices.java:506)
	at java.util.ArrayList.forEach(Unknown Source)
... Removed 31 stack frames</pre></div><a href='#' onClick='toggleBox("stack-trace631621595", this, "Click to show all stack frames", "Click to hide stack frames")'>Click to show all stack frames</a>
<div class='stack-trace' id='stack-trace631621595'><pre>org.openqa.selenium.NoSuchElementException: no such element: Unable to locate element: {&quot;method&quot;:&quot;xpath&quot;,&quot;selector&quot;:&quot;//*[@id=&apos;contentPart5&apos;]/div/div/div/div/div/div/div[1]/div[1]/h5/a&quot;}
  (Session info: chrome=85.0.4183.102)
For documentation on this error, please visit: http://seleniumhq.org/exceptions/no_such_element.html
Build info: version: &apos;3.14.0&apos;, revision: &apos;aacccce0&apos;, time: &apos;2018-08-02T20:19:58.91Z&apos;
System info: host: &apos;5CG6323N27&apos;, ip: &apos;192.168.0.11&apos;, os.name: &apos;Windows 10&apos;, os.arch: &apos;amd64&apos;, os.version: &apos;10.0&apos;, java.version: &apos;1.8.0_191&apos;
Driver info: org.openqa.selenium.chrome.ChromeDriver
Capabilities {acceptInsecureCerts: false, browserName: chrome, browserVersion: 85.0.4183.102, chrome: {chromedriverVersion: 85.0.4183.87 (cd6713ebf92fa..., userDataDir: C:\Windows\Temp\scoped_dir1...}, goog:chromeOptions: {debuggerAddress: localhost:52647}, javascriptEnabled: true, networkConnectionEnabled: false, pageLoadStrategy: none, platform: WINDOWS, platformName: WINDOWS, proxy: Proxy(), setWindowRect: true, strictFileInteractability: false, timeouts: {implicit: 0, pageLoad: 300000, script: 30000}, unhandledPromptBehavior: dismiss and notify, webauthn:virtualAuthenticators: true}
Session ID: 5a7dee32274d3786d6df32a0d69ee424
*** Element info: {Using=xpath, value=//*[@id=&apos;contentPart5&apos;]/div/div/div/div/div/div/div[1]/div[1]/h5/a}
	at sun.reflect.NativeConstructorAccessorImpl.newInstance0(Native Method)
	at sun.reflect.NativeConstructorAccessorImpl.newInstance(Unknown Source)
	at sun.reflect.DelegatingConstructorAccessorImpl.newInstance(Unknown Source)
	at java.lang.reflect.Constructor.newInstance(Unknown Source)
	at org.openqa.selenium.remote.http.W3CHttpResponseCodec.createException(W3CHttpResponseCodec.java:187)
	at org.openqa.selenium.remote.http.W3CHttpResponseCodec.decode(W3CHttpResponseCodec.java:122)
	at org.openqa.selenium.remote.http.W3CHttpResponseCodec.decode(W3CHttpResponseCodec.java:49)
	at org.openqa.selenium.remote.HttpCommandExecutor.execute(HttpCommandExecutor.java:158)
	at org.openqa.selenium.remote.service.DriverCommandExecutor.execute(DriverCommandExecutor.java:83)
	at org.openqa.selenium.remote.RemoteWebDriver.execute(RemoteWebDriver.java:548)
	at org.openqa.selenium.remote.RemoteWebDriver.findElement(RemoteWebDriver.java:322)
	at org.openqa.selenium.remote.RemoteWebDriver.findElementByXPath(RemoteWebDriver.java:424)
	at org.openqa.selenium.By$ByXPath.findElement(By.java:353)
	at org.openqa.selenium.remote.RemoteWebDriver.findElement(RemoteWebDriver.java:314)
	at com.OSMOSE.testcases.OsmoseServices.verifyClickonUndergroundProjectProfiles(OsmoseServices.java:506)
	at sun.reflect.NativeMethodAccessorImpl.invoke0(Native Method)
	at sun.reflect.NativeMethodAccessorImpl.invoke(Unknown Source)
	at sun.reflect.DelegatingMethodAccessorImpl.invoke(Unknown Source)
	at java.lang.reflect.Method.invoke(Unknown Source)
	at org.testng.internal.MethodInvocationHelper.invokeMethod(MethodInvocationHelper.java:134)
	at org.testng.internal.TestInvoker.invokeMethod(TestInvoker.java:597)
	at org.testng.internal.TestInvoker.invokeTestMethod(TestInvoker.java:173)
	at org.testng.internal.MethodRunner.runInSequence(MethodRunner.java:46)
	at org.testng.internal.TestInvoker$MethodInvocationAgent.invoke(TestInvoker.java:816)
	at org.testng.internal.TestInvoker.invokeTestMethods(TestInvoker.java:146)
	at org.testng.internal.TestMethodWorker.invokeTestMethods(TestMethodWorker.java:146)
	at org.testng.internal.TestMethodWorker.run(TestMethodWorker.java:128)
	at java.util.ArrayList.forEach(Unknown Source)
	at org.testng.TestRunner.privateRun(TestRunner.java:766)
	at org.testng.TestRunner.run(TestRunner.java:587)
	at org.testng.SuiteRunner.runTest(SuiteRunner.java:384)
	at org.testng.SuiteRunner.runSequentially(SuiteRunner.java:378)
	at org.testng.SuiteRunner.privateRun(SuiteRunner.java:337)
	at org.testng.SuiteRunner.run(SuiteRunner.java:286)
	at org.testng.SuiteRunnerWorker.runSuite(SuiteRunnerWorker.java:53)
	at org.testng.SuiteRunnerWorker.run(SuiteRunnerWorker.java:96)
	at org.testng.TestNG.runSuitesSequentially(TestNG.java:1187)
	at org.testng.TestNG.runSuitesLocally(TestNG.java:1109)
	at org.testng.TestNG.runSuites(TestNG.java:1039)
	at org.testng.TestNG.run(TestNG.java:1007)
	at org.testng.remote.AbstractRemoteTestNG.run(AbstractRemoteTestNG.java:115)
	at org.testng.remote.RemoteTestNG.initAndRun(RemoteTestNG.java:251)
	at org.testng.remote.RemoteTestNG.main(RemoteTestNG.java:77)
</pre></div></td>
<td>70</td>
<td>com.OSMOSE.testcases.OsmoseServices@7e22550a</td></tr>
<tr>
<td title='com.OSMOSE.testcases.OsmoseServices.verifyClickonUndergroundVideos()'><b>verifyClickonUndergroundVideos</b><br>Test class: com.OSMOSE.testcases.OsmoseServices<br>Test method: Verify the click on Videos under Underground card<br/>
<a href="#Output-1875532039" onClick='toggleBox("Output-1875532039", this, "Show output", "Hide output");'>Show output</a>

<a href="#Output-1875532039" onClick="toggleAllBoxes();">Show all outputs</a>
<div class='log' id="Output-1875532039">
Click to see Screenshot<br/>
<a target="_blank" href=Mon_Sep_21_20_27_37_IST_2020.jpg>Screenshot</a><br/>
<br><br/>
<br><br/>
<a target="_blank" href=Mon_Sep_21_20_27_37_IST_2020.jpg><img src=Mon_Sep_21_20_27_37_IST_2020.jpg height=200 width=200></img></a><br/>
</div>
</td>
<td><div><pre>org.openqa.selenium.NoSuchElementException: no such element: Unable to locate element: {&quot;method&quot;:&quot;xpath&quot;,&quot;selector&quot;:&quot;//*[@id=&apos;contentPart3&apos;]/div/div/div/div/div/div/div[1]/div/h5/a&quot;}
  (Session info: chrome=85.0.4183.102)
For documentation on this error, please visit: http://seleniumhq.org/exceptions/no_such_element.html
Build info: version: &apos;3.14.0&apos;, revision: &apos;aacccce0&apos;, time: &apos;2018-08-02T20:19:58.91Z&apos;
System info: host: &apos;5CG6323N27&apos;, ip: &apos;192.168.0.11&apos;, os.name: &apos;Windows 10&apos;, os.arch: &apos;amd64&apos;, os.version: &apos;10.0&apos;, java.version: &apos;1.8.0_191&apos;
Driver info: org.openqa.selenium.chrome.ChromeDriver
Capabilities {acceptInsecureCerts: false, browserName: chrome, browserVersion: 85.0.4183.102, chrome: {chromedriverVersion: 85.0.4183.87 (cd6713ebf92fa..., userDataDir: C:\Windows\Temp\scoped_dir1...}, goog:chromeOptions: {debuggerAddress: localhost:52647}, javascriptEnabled: true, networkConnectionEnabled: false, pageLoadStrategy: none, platform: WINDOWS, platformName: WINDOWS, proxy: Proxy(), setWindowRect: true, strictFileInteractability: false, timeouts: {implicit: 0, pageLoad: 300000, script: 30000}, unhandledPromptBehavior: dismiss and notify, webauthn:virtualAuthenticators: true}
Session ID: 5a7dee32274d3786d6df32a0d69ee424
*** Element info: {Using=xpath, value=//*[@id=&apos;contentPart3&apos;]/div/div/div/div/div/div/div[1]/div/h5/a}
	at org.openqa.selenium.remote.http.W3CHttpResponseCodec.createException(W3CHttpResponseCodec.java:187)
	at org.openqa.selenium.remote.http.W3CHttpResponseCodec.decode(W3CHttpResponseCodec.java:122)
	at org.openqa.selenium.remote.http.W3CHttpResponseCodec.decode(W3CHttpResponseCodec.java:49)
	at org.openqa.selenium.remote.HttpCommandExecutor.execute(HttpCommandExecutor.java:158)
	at org.openqa.selenium.remote.service.DriverCommandExecutor.execute(DriverCommandExecutor.java:83)
	at org.openqa.selenium.remote.RemoteWebDriver.execute(RemoteWebDriver.java:548)
	at org.openqa.selenium.remote.RemoteWebDriver.findElement(RemoteWebDriver.java:322)
	at org.openqa.selenium.remote.RemoteWebDriver.findElementByXPath(RemoteWebDriver.java:424)
	at org.openqa.selenium.By$ByXPath.findElement(By.java:353)
	at org.openqa.selenium.remote.RemoteWebDriver.findElement(RemoteWebDriver.java:314)
	at com.OSMOSE.testcases.OsmoseServices.verifyClickonUndergroundVideos(OsmoseServices.java:477)
	at java.util.ArrayList.forEach(Unknown Source)
... Removed 31 stack frames</pre></div><a href='#' onClick='toggleBox("stack-trace1875532039", this, "Click to show all stack frames", "Click to hide stack frames")'>Click to show all stack frames</a>
<div class='stack-trace' id='stack-trace1875532039'><pre>org.openqa.selenium.NoSuchElementException: no such element: Unable to locate element: {&quot;method&quot;:&quot;xpath&quot;,&quot;selector&quot;:&quot;//*[@id=&apos;contentPart3&apos;]/div/div/div/div/div/div/div[1]/div/h5/a&quot;}
  (Session info: chrome=85.0.4183.102)
For documentation on this error, please visit: http://seleniumhq.org/exceptions/no_such_element.html
Build info: version: &apos;3.14.0&apos;, revision: &apos;aacccce0&apos;, time: &apos;2018-08-02T20:19:58.91Z&apos;
System info: host: &apos;5CG6323N27&apos;, ip: &apos;192.168.0.11&apos;, os.name: &apos;Windows 10&apos;, os.arch: &apos;amd64&apos;, os.version: &apos;10.0&apos;, java.version: &apos;1.8.0_191&apos;
Driver info: org.openqa.selenium.chrome.ChromeDriver
Capabilities {acceptInsecureCerts: false, browserName: chrome, browserVersion: 85.0.4183.102, chrome: {chromedriverVersion: 85.0.4183.87 (cd6713ebf92fa..., userDataDir: C:\Windows\Temp\scoped_dir1...}, goog:chromeOptions: {debuggerAddress: localhost:52647}, javascriptEnabled: true, networkConnectionEnabled: false, pageLoadStrategy: none, platform: WINDOWS, platformName: WINDOWS, proxy: Proxy(), setWindowRect: true, strictFileInteractability: false, timeouts: {implicit: 0, pageLoad: 300000, script: 30000}, unhandledPromptBehavior: dismiss and notify, webauthn:virtualAuthenticators: true}
Session ID: 5a7dee32274d3786d6df32a0d69ee424
*** Element info: {Using=xpath, value=//*[@id=&apos;contentPart3&apos;]/div/div/div/div/div/div/div[1]/div/h5/a}
	at sun.reflect.NativeConstructorAccessorImpl.newInstance0(Native Method)
	at sun.reflect.NativeConstructorAccessorImpl.newInstance(Unknown Source)
	at sun.reflect.DelegatingConstructorAccessorImpl.newInstance(Unknown Source)
	at java.lang.reflect.Constructor.newInstance(Unknown Source)
	at org.openqa.selenium.remote.http.W3CHttpResponseCodec.createException(W3CHttpResponseCodec.java:187)
	at org.openqa.selenium.remote.http.W3CHttpResponseCodec.decode(W3CHttpResponseCodec.java:122)
	at org.openqa.selenium.remote.http.W3CHttpResponseCodec.decode(W3CHttpResponseCodec.java:49)
	at org.openqa.selenium.remote.HttpCommandExecutor.execute(HttpCommandExecutor.java:158)
	at org.openqa.selenium.remote.service.DriverCommandExecutor.execute(DriverCommandExecutor.java:83)
	at org.openqa.selenium.remote.RemoteWebDriver.execute(RemoteWebDriver.java:548)
	at org.openqa.selenium.remote.RemoteWebDriver.findElement(RemoteWebDriver.java:322)
	at org.openqa.selenium.remote.RemoteWebDriver.findElementByXPath(RemoteWebDriver.java:424)
	at org.openqa.selenium.By$ByXPath.findElement(By.java:353)
	at org.openqa.selenium.remote.RemoteWebDriver.findElement(RemoteWebDriver.java:314)
	at com.OSMOSE.testcases.OsmoseServices.verifyClickonUndergroundVideos(OsmoseServices.java:477)
	at sun.reflect.NativeMethodAccessorImpl.invoke0(Native Method)
	at sun.reflect.NativeMethodAccessorImpl.invoke(Unknown Source)
	at sun.reflect.DelegatingMethodAccessorImpl.invoke(Unknown Source)
	at java.lang.reflect.Method.invoke(Unknown Source)
	at org.testng.internal.MethodInvocationHelper.invokeMethod(MethodInvocationHelper.java:134)
	at org.testng.internal.TestInvoker.invokeMethod(TestInvoker.java:597)
	at org.testng.internal.TestInvoker.invokeTestMethod(TestInvoker.java:173)
	at org.testng.internal.MethodRunner.runInSequence(MethodRunner.java:46)
	at org.testng.internal.TestInvoker$MethodInvocationAgent.invoke(TestInvoker.java:816)
	at org.testng.internal.TestInvoker.invokeTestMethods(TestInvoker.java:146)
	at org.testng.internal.TestMethodWorker.invokeTestMethods(TestMethodWorker.java:146)
	at org.testng.internal.TestMethodWorker.run(TestMethodWorker.java:128)
	at java.util.ArrayList.forEach(Unknown Source)
	at org.testng.TestRunner.privateRun(TestRunner.java:766)
	at org.testng.TestRunner.run(TestRunner.java:587)
	at org.testng.SuiteRunner.runTest(SuiteRunner.java:384)
	at org.testng.SuiteRunner.runSequentially(SuiteRunner.java:378)
	at org.testng.SuiteRunner.privateRun(SuiteRunner.java:337)
	at org.testng.SuiteRunner.run(SuiteRunner.java:286)
	at org.testng.SuiteRunnerWorker.runSuite(SuiteRunnerWorker.java:53)
	at org.testng.SuiteRunnerWorker.run(SuiteRunnerWorker.java:96)
	at org.testng.TestNG.runSuitesSequentially(TestNG.java:1187)
	at org.testng.TestNG.runSuitesLocally(TestNG.java:1109)
	at org.testng.TestNG.runSuites(TestNG.java:1039)
	at org.testng.TestNG.run(TestNG.java:1007)
	at org.testng.remote.AbstractRemoteTestNG.run(AbstractRemoteTestNG.java:115)
	at org.testng.remote.RemoteTestNG.initAndRun(RemoteTestNG.java:251)
	at org.testng.remote.RemoteTestNG.main(RemoteTestNG.java:77)
</pre></div></td>
<td>70</td>
<td>com.OSMOSE.testcases.OsmoseServices@7e22550a</td></tr>
<tr>
<td title='com.OSMOSE.testcases.OsmoseServices.verifyClickonWoodRestorationProjectProfiles()'><b>verifyClickonWoodRestorationProjectProfiles</b><br>Test class: com.OSMOSE.testcases.OsmoseServices<br>Test method: Verify the click on Project Profiles under Wood Restoration card<br/>
<a href="#Output-745966298" onClick='toggleBox("Output-745966298", this, "Show output", "Hide output");'>Show output</a>

<a href="#Output-745966298" onClick="toggleAllBoxes();">Show all outputs</a>
<div class='log' id="Output-745966298">
Click to see Screenshot<br/>
<a target="_blank" href=Mon_Sep_21_20_26_26_IST_2020.jpg>Screenshot</a><br/>
<br><br/>
<br><br/>
<a target="_blank" href=Mon_Sep_21_20_26_26_IST_2020.jpg><img src=Mon_Sep_21_20_26_26_IST_2020.jpg height=200 width=200></img></a><br/>
</div>
</td>
<td><div><pre>org.openqa.selenium.NoSuchElementException: no such element: Unable to locate element: {&quot;method&quot;:&quot;xpath&quot;,&quot;selector&quot;:&quot;//*[@id=&apos;contentPart5&apos;]/div/div/div/div/div/div/div[1]/div[1]/h5/a&quot;}
  (Session info: chrome=85.0.4183.102)
For documentation on this error, please visit: http://seleniumhq.org/exceptions/no_such_element.html
Build info: version: &apos;3.14.0&apos;, revision: &apos;aacccce0&apos;, time: &apos;2018-08-02T20:19:58.91Z&apos;
System info: host: &apos;5CG6323N27&apos;, ip: &apos;192.168.0.11&apos;, os.name: &apos;Windows 10&apos;, os.arch: &apos;amd64&apos;, os.version: &apos;10.0&apos;, java.version: &apos;1.8.0_191&apos;
Driver info: org.openqa.selenium.chrome.ChromeDriver
Capabilities {acceptInsecureCerts: false, browserName: chrome, browserVersion: 85.0.4183.102, chrome: {chromedriverVersion: 85.0.4183.87 (cd6713ebf92fa..., userDataDir: C:\Windows\Temp\scoped_dir1...}, goog:chromeOptions: {debuggerAddress: localhost:52647}, javascriptEnabled: true, networkConnectionEnabled: false, pageLoadStrategy: none, platform: WINDOWS, platformName: WINDOWS, proxy: Proxy(), setWindowRect: true, strictFileInteractability: false, timeouts: {implicit: 0, pageLoad: 300000, script: 30000}, unhandledPromptBehavior: dismiss and notify, webauthn:virtualAuthenticators: true}
Session ID: 5a7dee32274d3786d6df32a0d69ee424
*** Element info: {Using=xpath, value=//*[@id=&apos;contentPart5&apos;]/div/div/div/div/div/div/div[1]/div[1]/h5/a}
	at org.openqa.selenium.remote.http.W3CHttpResponseCodec.createException(W3CHttpResponseCodec.java:187)
	at org.openqa.selenium.remote.http.W3CHttpResponseCodec.decode(W3CHttpResponseCodec.java:122)
	at org.openqa.selenium.remote.http.W3CHttpResponseCodec.decode(W3CHttpResponseCodec.java:49)
	at org.openqa.selenium.remote.HttpCommandExecutor.execute(HttpCommandExecutor.java:158)
	at org.openqa.selenium.remote.service.DriverCommandExecutor.execute(DriverCommandExecutor.java:83)
	at org.openqa.selenium.remote.RemoteWebDriver.execute(RemoteWebDriver.java:548)
	at org.openqa.selenium.remote.RemoteWebDriver.findElement(RemoteWebDriver.java:322)
	at org.openqa.selenium.remote.RemoteWebDriver.findElementByXPath(RemoteWebDriver.java:424)
	at org.openqa.selenium.By$ByXPath.findElement(By.java:353)
	at org.openqa.selenium.remote.RemoteWebDriver.findElement(RemoteWebDriver.java:314)
	at com.OSMOSE.testcases.OsmoseServices.verifyClickonWoodRestorationProjectProfiles(OsmoseServices.java:448)
	at java.util.ArrayList.forEach(Unknown Source)
... Removed 31 stack frames</pre></div><a href='#' onClick='toggleBox("stack-trace745966298", this, "Click to show all stack frames", "Click to hide stack frames")'>Click to show all stack frames</a>
<div class='stack-trace' id='stack-trace745966298'><pre>org.openqa.selenium.NoSuchElementException: no such element: Unable to locate element: {&quot;method&quot;:&quot;xpath&quot;,&quot;selector&quot;:&quot;//*[@id=&apos;contentPart5&apos;]/div/div/div/div/div/div/div[1]/div[1]/h5/a&quot;}
  (Session info: chrome=85.0.4183.102)
For documentation on this error, please visit: http://seleniumhq.org/exceptions/no_such_element.html
Build info: version: &apos;3.14.0&apos;, revision: &apos;aacccce0&apos;, time: &apos;2018-08-02T20:19:58.91Z&apos;
System info: host: &apos;5CG6323N27&apos;, ip: &apos;192.168.0.11&apos;, os.name: &apos;Windows 10&apos;, os.arch: &apos;amd64&apos;, os.version: &apos;10.0&apos;, java.version: &apos;1.8.0_191&apos;
Driver info: org.openqa.selenium.chrome.ChromeDriver
Capabilities {acceptInsecureCerts: false, browserName: chrome, browserVersion: 85.0.4183.102, chrome: {chromedriverVersion: 85.0.4183.87 (cd6713ebf92fa..., userDataDir: C:\Windows\Temp\scoped_dir1...}, goog:chromeOptions: {debuggerAddress: localhost:52647}, javascriptEnabled: true, networkConnectionEnabled: false, pageLoadStrategy: none, platform: WINDOWS, platformName: WINDOWS, proxy: Proxy(), setWindowRect: true, strictFileInteractability: false, timeouts: {implicit: 0, pageLoad: 300000, script: 30000}, unhandledPromptBehavior: dismiss and notify, webauthn:virtualAuthenticators: true}
Session ID: 5a7dee32274d3786d6df32a0d69ee424
*** Element info: {Using=xpath, value=//*[@id=&apos;contentPart5&apos;]/div/div/div/div/div/div/div[1]/div[1]/h5/a}
	at sun.reflect.NativeConstructorAccessorImpl.newInstance0(Native Method)
	at sun.reflect.NativeConstructorAccessorImpl.newInstance(Unknown Source)
	at sun.reflect.DelegatingConstructorAccessorImpl.newInstance(Unknown Source)
	at java.lang.reflect.Constructor.newInstance(Unknown Source)
	at org.openqa.selenium.remote.http.W3CHttpResponseCodec.createException(W3CHttpResponseCodec.java:187)
	at org.openqa.selenium.remote.http.W3CHttpResponseCodec.decode(W3CHttpResponseCodec.java:122)
	at org.openqa.selenium.remote.http.W3CHttpResponseCodec.decode(W3CHttpResponseCodec.java:49)
	at org.openqa.selenium.remote.HttpCommandExecutor.execute(HttpCommandExecutor.java:158)
	at org.openqa.selenium.remote.service.DriverCommandExecutor.execute(DriverCommandExecutor.java:83)
	at org.openqa.selenium.remote.RemoteWebDriver.execute(RemoteWebDriver.java:548)
	at org.openqa.selenium.remote.RemoteWebDriver.findElement(RemoteWebDriver.java:322)
	at org.openqa.selenium.remote.RemoteWebDriver.findElementByXPath(RemoteWebDriver.java:424)
	at org.openqa.selenium.By$ByXPath.findElement(By.java:353)
	at org.openqa.selenium.remote.RemoteWebDriver.findElement(RemoteWebDriver.java:314)
	at com.OSMOSE.testcases.OsmoseServices.verifyClickonWoodRestorationProjectProfiles(OsmoseServices.java:448)
	at sun.reflect.NativeMethodAccessorImpl.invoke0(Native Method)
	at sun.reflect.NativeMethodAccessorImpl.invoke(Unknown Source)
	at sun.reflect.DelegatingMethodAccessorImpl.invoke(Unknown Source)
	at java.lang.reflect.Method.invoke(Unknown Source)
	at org.testng.internal.MethodInvocationHelper.invokeMethod(MethodInvocationHelper.java:134)
	at org.testng.internal.TestInvoker.invokeMethod(TestInvoker.java:597)
	at org.testng.internal.TestInvoker.invokeTestMethod(TestInvoker.java:173)
	at org.testng.internal.MethodRunner.runInSequence(MethodRunner.java:46)
	at org.testng.internal.TestInvoker$MethodInvocationAgent.invoke(TestInvoker.java:816)
	at org.testng.internal.TestInvoker.invokeTestMethods(TestInvoker.java:146)
	at org.testng.internal.TestMethodWorker.invokeTestMethods(TestMethodWorker.java:146)
	at org.testng.internal.TestMethodWorker.run(TestMethodWorker.java:128)
	at java.util.ArrayList.forEach(Unknown Source)
	at org.testng.TestRunner.privateRun(TestRunner.java:766)
	at org.testng.TestRunner.run(TestRunner.java:587)
	at org.testng.SuiteRunner.runTest(SuiteRunner.java:384)
	at org.testng.SuiteRunner.runSequentially(SuiteRunner.java:378)
	at org.testng.SuiteRunner.privateRun(SuiteRunner.java:337)
	at org.testng.SuiteRunner.run(SuiteRunner.java:286)
	at org.testng.SuiteRunnerWorker.runSuite(SuiteRunnerWorker.java:53)
	at org.testng.SuiteRunnerWorker.run(SuiteRunnerWorker.java:96)
	at org.testng.TestNG.runSuitesSequentially(TestNG.java:1187)
	at org.testng.TestNG.runSuitesLocally(TestNG.java:1109)
	at org.testng.TestNG.runSuites(TestNG.java:1039)
	at org.testng.TestNG.run(TestNG.java:1007)
	at org.testng.remote.AbstractRemoteTestNG.run(AbstractRemoteTestNG.java:115)
	at org.testng.remote.RemoteTestNG.initAndRun(RemoteTestNG.java:251)
	at org.testng.remote.RemoteTestNG.main(RemoteTestNG.java:77)
</pre></div></td>
<td>70</td>
<td>com.OSMOSE.testcases.OsmoseServices@7e22550a</td></tr>
<tr>
<td title='com.OSMOSE.testcases.OsmoseServices.verifyClickonWoodRestorationVideos()'><b>verifyClickonWoodRestorationVideos</b><br>Test class: com.OSMOSE.testcases.OsmoseServices<br>Test method: Verify the click on Videos under Wood Restoration card<br/>
<a href="#Output-1002410023" onClick='toggleBox("Output-1002410023", this, "Show output", "Hide output");'>Show output</a>

<a href="#Output-1002410023" onClick="toggleAllBoxes();">Show all outputs</a>
<div class='log' id="Output-1002410023">
Click to see Screenshot<br/>
<a target="_blank" href=Mon_Sep_21_20_25_14_IST_2020.jpg>Screenshot</a><br/>
<br><br/>
<br><br/>
<a target="_blank" href=Mon_Sep_21_20_25_14_IST_2020.jpg><img src=Mon_Sep_21_20_25_14_IST_2020.jpg height=200 width=200></img></a><br/>
</div>
</td>
<td><div><pre>org.openqa.selenium.NoSuchElementException: no such element: Unable to locate element: {&quot;method&quot;:&quot;xpath&quot;,&quot;selector&quot;:&quot;//*[@id=&apos;contentPart3&apos;]/div/div/div/div/div/div/div[1]/div/h5/a&quot;}
  (Session info: chrome=85.0.4183.102)
For documentation on this error, please visit: http://seleniumhq.org/exceptions/no_such_element.html
Build info: version: &apos;3.14.0&apos;, revision: &apos;aacccce0&apos;, time: &apos;2018-08-02T20:19:58.91Z&apos;
System info: host: &apos;5CG6323N27&apos;, ip: &apos;192.168.0.11&apos;, os.name: &apos;Windows 10&apos;, os.arch: &apos;amd64&apos;, os.version: &apos;10.0&apos;, java.version: &apos;1.8.0_191&apos;
Driver info: org.openqa.selenium.chrome.ChromeDriver
Capabilities {acceptInsecureCerts: false, browserName: chrome, browserVersion: 85.0.4183.102, chrome: {chromedriverVersion: 85.0.4183.87 (cd6713ebf92fa..., userDataDir: C:\Windows\Temp\scoped_dir1...}, goog:chromeOptions: {debuggerAddress: localhost:52647}, javascriptEnabled: true, networkConnectionEnabled: false, pageLoadStrategy: none, platform: WINDOWS, platformName: WINDOWS, proxy: Proxy(), setWindowRect: true, strictFileInteractability: false, timeouts: {implicit: 0, pageLoad: 300000, script: 30000}, unhandledPromptBehavior: dismiss and notify, webauthn:virtualAuthenticators: true}
Session ID: 5a7dee32274d3786d6df32a0d69ee424
*** Element info: {Using=xpath, value=//*[@id=&apos;contentPart3&apos;]/div/div/div/div/div/div/div[1]/div/h5/a}
	at org.openqa.selenium.remote.http.W3CHttpResponseCodec.createException(W3CHttpResponseCodec.java:187)
	at org.openqa.selenium.remote.http.W3CHttpResponseCodec.decode(W3CHttpResponseCodec.java:122)
	at org.openqa.selenium.remote.http.W3CHttpResponseCodec.decode(W3CHttpResponseCodec.java:49)
	at org.openqa.selenium.remote.HttpCommandExecutor.execute(HttpCommandExecutor.java:158)
	at org.openqa.selenium.remote.service.DriverCommandExecutor.execute(DriverCommandExecutor.java:83)
	at org.openqa.selenium.remote.RemoteWebDriver.execute(RemoteWebDriver.java:548)
	at org.openqa.selenium.remote.RemoteWebDriver.findElement(RemoteWebDriver.java:322)
	at org.openqa.selenium.remote.RemoteWebDriver.findElementByXPath(RemoteWebDriver.java:424)
	at org.openqa.selenium.By$ByXPath.findElement(By.java:353)
	at org.openqa.selenium.remote.RemoteWebDriver.findElement(RemoteWebDriver.java:314)
	at com.OSMOSE.testcases.OsmoseServices.verifyClickonWoodRestorationVideos(OsmoseServices.java:419)
	at java.util.ArrayList.forEach(Unknown Source)
... Removed 31 stack frames</pre></div><a href='#' onClick='toggleBox("stack-trace1002410023", this, "Click to show all stack frames", "Click to hide stack frames")'>Click to show all stack frames</a>
<div class='stack-trace' id='stack-trace1002410023'><pre>org.openqa.selenium.NoSuchElementException: no such element: Unable to locate element: {&quot;method&quot;:&quot;xpath&quot;,&quot;selector&quot;:&quot;//*[@id=&apos;contentPart3&apos;]/div/div/div/div/div/div/div[1]/div/h5/a&quot;}
  (Session info: chrome=85.0.4183.102)
For documentation on this error, please visit: http://seleniumhq.org/exceptions/no_such_element.html
Build info: version: &apos;3.14.0&apos;, revision: &apos;aacccce0&apos;, time: &apos;2018-08-02T20:19:58.91Z&apos;
System info: host: &apos;5CG6323N27&apos;, ip: &apos;192.168.0.11&apos;, os.name: &apos;Windows 10&apos;, os.arch: &apos;amd64&apos;, os.version: &apos;10.0&apos;, java.version: &apos;1.8.0_191&apos;
Driver info: org.openqa.selenium.chrome.ChromeDriver
Capabilities {acceptInsecureCerts: false, browserName: chrome, browserVersion: 85.0.4183.102, chrome: {chromedriverVersion: 85.0.4183.87 (cd6713ebf92fa..., userDataDir: C:\Windows\Temp\scoped_dir1...}, goog:chromeOptions: {debuggerAddress: localhost:52647}, javascriptEnabled: true, networkConnectionEnabled: false, pageLoadStrategy: none, platform: WINDOWS, platformName: WINDOWS, proxy: Proxy(), setWindowRect: true, strictFileInteractability: false, timeouts: {implicit: 0, pageLoad: 300000, script: 30000}, unhandledPromptBehavior: dismiss and notify, webauthn:virtualAuthenticators: true}
Session ID: 5a7dee32274d3786d6df32a0d69ee424
*** Element info: {Using=xpath, value=//*[@id=&apos;contentPart3&apos;]/div/div/div/div/div/div/div[1]/div/h5/a}
	at sun.reflect.NativeConstructorAccessorImpl.newInstance0(Native Method)
	at sun.reflect.NativeConstructorAccessorImpl.newInstance(Unknown Source)
	at sun.reflect.DelegatingConstructorAccessorImpl.newInstance(Unknown Source)
	at java.lang.reflect.Constructor.newInstance(Unknown Source)
	at org.openqa.selenium.remote.http.W3CHttpResponseCodec.createException(W3CHttpResponseCodec.java:187)
	at org.openqa.selenium.remote.http.W3CHttpResponseCodec.decode(W3CHttpResponseCodec.java:122)
	at org.openqa.selenium.remote.http.W3CHttpResponseCodec.decode(W3CHttpResponseCodec.java:49)
	at org.openqa.selenium.remote.HttpCommandExecutor.execute(HttpCommandExecutor.java:158)
	at org.openqa.selenium.remote.service.DriverCommandExecutor.execute(DriverCommandExecutor.java:83)
	at org.openqa.selenium.remote.RemoteWebDriver.execute(RemoteWebDriver.java:548)
	at org.openqa.selenium.remote.RemoteWebDriver.findElement(RemoteWebDriver.java:322)
	at org.openqa.selenium.remote.RemoteWebDriver.findElementByXPath(RemoteWebDriver.java:424)
	at org.openqa.selenium.By$ByXPath.findElement(By.java:353)
	at org.openqa.selenium.remote.RemoteWebDriver.findElement(RemoteWebDriver.java:314)
	at com.OSMOSE.testcases.OsmoseServices.verifyClickonWoodRestorationVideos(OsmoseServices.java:419)
	at sun.reflect.NativeMethodAccessorImpl.invoke0(Native Method)
	at sun.reflect.NativeMethodAccessorImpl.invoke(Unknown Source)
	at sun.reflect.DelegatingMethodAccessorImpl.invoke(Unknown Source)
	at java.lang.reflect.Method.invoke(Unknown Source)
	at org.testng.internal.MethodInvocationHelper.invokeMethod(MethodInvocationHelper.java:134)
	at org.testng.internal.TestInvoker.invokeMethod(TestInvoker.java:597)
	at org.testng.internal.TestInvoker.invokeTestMethod(TestInvoker.java:173)
	at org.testng.internal.MethodRunner.runInSequence(MethodRunner.java:46)
	at org.testng.internal.TestInvoker$MethodInvocationAgent.invoke(TestInvoker.java:816)
	at org.testng.internal.TestInvoker.invokeTestMethods(TestInvoker.java:146)
	at org.testng.internal.TestMethodWorker.invokeTestMethods(TestMethodWorker.java:146)
	at org.testng.internal.TestMethodWorker.run(TestMethodWorker.java:128)
	at java.util.ArrayList.forEach(Unknown Source)
	at org.testng.TestRunner.privateRun(TestRunner.java:766)
	at org.testng.TestRunner.run(TestRunner.java:587)
	at org.testng.SuiteRunner.runTest(SuiteRunner.java:384)
	at org.testng.SuiteRunner.runSequentially(SuiteRunner.java:378)
	at org.testng.SuiteRunner.privateRun(SuiteRunner.java:337)
	at org.testng.SuiteRunner.run(SuiteRunner.java:286)
	at org.testng.SuiteRunnerWorker.runSuite(SuiteRunnerWorker.java:53)
	at org.testng.SuiteRunnerWorker.run(SuiteRunnerWorker.java:96)
	at org.testng.TestNG.runSuitesSequentially(TestNG.java:1187)
	at org.testng.TestNG.runSuitesLocally(TestNG.java:1109)
	at org.testng.TestNG.runSuites(TestNG.java:1039)
	at org.testng.TestNG.run(TestNG.java:1007)
	at org.testng.remote.AbstractRemoteTestNG.run(AbstractRemoteTestNG.java:115)
	at org.testng.remote.RemoteTestNG.initAndRun(RemoteTestNG.java:251)
	at org.testng.remote.RemoteTestNG.main(RemoteTestNG.java:77)
</pre></div></td>
<td>77</td>
<td>com.OSMOSE.testcases.OsmoseServices@7e22550a</td></tr>
<tr>
<td title='com.OSMOSE.testcases.OsmoseServices.verifyClickonWoodTreatmentProjectProfiles()'><b>verifyClickonWoodTreatmentProjectProfiles</b><br>Test class: com.OSMOSE.testcases.OsmoseServices<br>Test method: Verify the click on Project Profiles under Wood Inspection and Treatment card<br/>
<a href="#Output-150950036" onClick='toggleBox("Output-150950036", this, "Show output", "Hide output");'>Show output</a>

<a href="#Output-150950036" onClick="toggleAllBoxes();">Show all outputs</a>
<div class='log' id="Output-150950036">
Click to see Screenshot<br/>
<a target="_blank" href=Mon_Sep_21_20_23_48_IST_2020.jpg>Screenshot</a><br/>
<br><br/>
<br><br/>
<a target="_blank" href=Mon_Sep_21_20_23_48_IST_2020.jpg><img src=Mon_Sep_21_20_23_48_IST_2020.jpg height=200 width=200></img></a><br/>
</div>
</td>
<td><div><pre>org.openqa.selenium.NoSuchElementException: no such element: Unable to locate element: {&quot;method&quot;:&quot;xpath&quot;,&quot;selector&quot;:&quot;//*[@id=&apos;contentPart5&apos;]/div/div/div/div/div/div/div[1]/div[1]/h5/a&quot;}
  (Session info: chrome=85.0.4183.102)
For documentation on this error, please visit: http://seleniumhq.org/exceptions/no_such_element.html
Build info: version: &apos;3.14.0&apos;, revision: &apos;aacccce0&apos;, time: &apos;2018-08-02T20:19:58.91Z&apos;
System info: host: &apos;5CG6323N27&apos;, ip: &apos;192.168.0.11&apos;, os.name: &apos;Windows 10&apos;, os.arch: &apos;amd64&apos;, os.version: &apos;10.0&apos;, java.version: &apos;1.8.0_191&apos;
Driver info: org.openqa.selenium.chrome.ChromeDriver
Capabilities {acceptInsecureCerts: false, browserName: chrome, browserVersion: 85.0.4183.102, chrome: {chromedriverVersion: 85.0.4183.87 (cd6713ebf92fa..., userDataDir: C:\Windows\Temp\scoped_dir1...}, goog:chromeOptions: {debuggerAddress: localhost:52647}, javascriptEnabled: true, networkConnectionEnabled: false, pageLoadStrategy: none, platform: WINDOWS, platformName: WINDOWS, proxy: Proxy(), setWindowRect: true, strictFileInteractability: false, timeouts: {implicit: 0, pageLoad: 300000, script: 30000}, unhandledPromptBehavior: dismiss and notify, webauthn:virtualAuthenticators: true}
Session ID: 5a7dee32274d3786d6df32a0d69ee424
*** Element info: {Using=xpath, value=//*[@id=&apos;contentPart5&apos;]/div/div/div/div/div/div/div[1]/div[1]/h5/a}
	at org.openqa.selenium.remote.http.W3CHttpResponseCodec.createException(W3CHttpResponseCodec.java:187)
	at org.openqa.selenium.remote.http.W3CHttpResponseCodec.decode(W3CHttpResponseCodec.java:122)
	at org.openqa.selenium.remote.http.W3CHttpResponseCodec.decode(W3CHttpResponseCodec.java:49)
	at org.openqa.selenium.remote.HttpCommandExecutor.execute(HttpCommandExecutor.java:158)
	at org.openqa.selenium.remote.service.DriverCommandExecutor.execute(DriverCommandExecutor.java:83)
	at org.openqa.selenium.remote.RemoteWebDriver.execute(RemoteWebDriver.java:548)
	at org.openqa.selenium.remote.RemoteWebDriver.findElement(RemoteWebDriver.java:322)
	at org.openqa.selenium.remote.RemoteWebDriver.findElementByXPath(RemoteWebDriver.java:424)
	at org.openqa.selenium.By$ByXPath.findElement(By.java:353)
	at org.openqa.selenium.remote.RemoteWebDriver.findElement(RemoteWebDriver.java:314)
	at com.OSMOSE.testcases.OsmoseServices.verifyClickonWoodTreatmentProjectProfiles(OsmoseServices.java:373)
	at java.util.ArrayList.forEach(Unknown Source)
... Removed 31 stack frames</pre></div><a href='#' onClick='toggleBox("stack-trace150950036", this, "Click to show all stack frames", "Click to hide stack frames")'>Click to show all stack frames</a>
<div class='stack-trace' id='stack-trace150950036'><pre>org.openqa.selenium.NoSuchElementException: no such element: Unable to locate element: {&quot;method&quot;:&quot;xpath&quot;,&quot;selector&quot;:&quot;//*[@id=&apos;contentPart5&apos;]/div/div/div/div/div/div/div[1]/div[1]/h5/a&quot;}
  (Session info: chrome=85.0.4183.102)
For documentation on this error, please visit: http://seleniumhq.org/exceptions/no_such_element.html
Build info: version: &apos;3.14.0&apos;, revision: &apos;aacccce0&apos;, time: &apos;2018-08-02T20:19:58.91Z&apos;
System info: host: &apos;5CG6323N27&apos;, ip: &apos;192.168.0.11&apos;, os.name: &apos;Windows 10&apos;, os.arch: &apos;amd64&apos;, os.version: &apos;10.0&apos;, java.version: &apos;1.8.0_191&apos;
Driver info: org.openqa.selenium.chrome.ChromeDriver
Capabilities {acceptInsecureCerts: false, browserName: chrome, browserVersion: 85.0.4183.102, chrome: {chromedriverVersion: 85.0.4183.87 (cd6713ebf92fa..., userDataDir: C:\Windows\Temp\scoped_dir1...}, goog:chromeOptions: {debuggerAddress: localhost:52647}, javascriptEnabled: true, networkConnectionEnabled: false, pageLoadStrategy: none, platform: WINDOWS, platformName: WINDOWS, proxy: Proxy(), setWindowRect: true, strictFileInteractability: false, timeouts: {implicit: 0, pageLoad: 300000, script: 30000}, unhandledPromptBehavior: dismiss and notify, webauthn:virtualAuthenticators: true}
Session ID: 5a7dee32274d3786d6df32a0d69ee424
*** Element info: {Using=xpath, value=//*[@id=&apos;contentPart5&apos;]/div/div/div/div/div/div/div[1]/div[1]/h5/a}
	at sun.reflect.NativeConstructorAccessorImpl.newInstance0(Native Method)
	at sun.reflect.NativeConstructorAccessorImpl.newInstance(Unknown Source)
	at sun.reflect.DelegatingConstructorAccessorImpl.newInstance(Unknown Source)
	at java.lang.reflect.Constructor.newInstance(Unknown Source)
	at org.openqa.selenium.remote.http.W3CHttpResponseCodec.createException(W3CHttpResponseCodec.java:187)
	at org.openqa.selenium.remote.http.W3CHttpResponseCodec.decode(W3CHttpResponseCodec.java:122)
	at org.openqa.selenium.remote.http.W3CHttpResponseCodec.decode(W3CHttpResponseCodec.java:49)
	at org.openqa.selenium.remote.HttpCommandExecutor.execute(HttpCommandExecutor.java:158)
	at org.openqa.selenium.remote.service.DriverCommandExecutor.execute(DriverCommandExecutor.java:83)
	at org.openqa.selenium.remote.RemoteWebDriver.execute(RemoteWebDriver.java:548)
	at org.openqa.selenium.remote.RemoteWebDriver.findElement(RemoteWebDriver.java:322)
	at org.openqa.selenium.remote.RemoteWebDriver.findElementByXPath(RemoteWebDriver.java:424)
	at org.openqa.selenium.By$ByXPath.findElement(By.java:353)
	at org.openqa.selenium.remote.RemoteWebDriver.findElement(RemoteWebDriver.java:314)
	at com.OSMOSE.testcases.OsmoseServices.verifyClickonWoodTreatmentProjectProfiles(OsmoseServices.java:373)
	at sun.reflect.NativeMethodAccessorImpl.invoke0(Native Method)
	at sun.reflect.NativeMethodAccessorImpl.invoke(Unknown Source)
	at sun.reflect.DelegatingMethodAccessorImpl.invoke(Unknown Source)
	at java.lang.reflect.Method.invoke(Unknown Source)
	at org.testng.internal.MethodInvocationHelper.invokeMethod(MethodInvocationHelper.java:134)
	at org.testng.internal.TestInvoker.invokeMethod(TestInvoker.java:597)
	at org.testng.internal.TestInvoker.invokeTestMethod(TestInvoker.java:173)
	at org.testng.internal.MethodRunner.runInSequence(MethodRunner.java:46)
	at org.testng.internal.TestInvoker$MethodInvocationAgent.invoke(TestInvoker.java:816)
	at org.testng.internal.TestInvoker.invokeTestMethods(TestInvoker.java:146)
	at org.testng.internal.TestMethodWorker.invokeTestMethods(TestMethodWorker.java:146)
	at org.testng.internal.TestMethodWorker.run(TestMethodWorker.java:128)
	at java.util.ArrayList.forEach(Unknown Source)
	at org.testng.TestRunner.privateRun(TestRunner.java:766)
	at org.testng.TestRunner.run(TestRunner.java:587)
	at org.testng.SuiteRunner.runTest(SuiteRunner.java:384)
	at org.testng.SuiteRunner.runSequentially(SuiteRunner.java:378)
	at org.testng.SuiteRunner.privateRun(SuiteRunner.java:337)
	at org.testng.SuiteRunner.run(SuiteRunner.java:286)
	at org.testng.SuiteRunnerWorker.runSuite(SuiteRunnerWorker.java:53)
	at org.testng.SuiteRunnerWorker.run(SuiteRunnerWorker.java:96)
	at org.testng.TestNG.runSuitesSequentially(TestNG.java:1187)
	at org.testng.TestNG.runSuitesLocally(TestNG.java:1109)
	at org.testng.TestNG.runSuites(TestNG.java:1039)
	at org.testng.TestNG.run(TestNG.java:1007)
	at org.testng.remote.AbstractRemoteTestNG.run(AbstractRemoteTestNG.java:115)
	at org.testng.remote.RemoteTestNG.initAndRun(RemoteTestNG.java:251)
	at org.testng.remote.RemoteTestNG.main(RemoteTestNG.java:77)
</pre></div></td>
<td>70</td>
<td>com.OSMOSE.testcases.OsmoseServices@7e22550a</td></tr>
<tr>
<td title='com.OSMOSE.testcases.OsmoseServices.verifyClickonWoodTreatmentVideos()'><b>verifyClickonWoodTreatmentVideos</b><br>Test class: com.OSMOSE.testcases.OsmoseServices<br>Test method: Verify the click on Videos under Wood Inspection and Treatment card<br/>
<a href="#Output-1280263013" onClick='toggleBox("Output-1280263013", this, "Show output", "Hide output");'>Show output</a>

<a href="#Output-1280263013" onClick="toggleAllBoxes();">Show all outputs</a>
<div class='log' id="Output-1280263013">
Click to see Screenshot<br/>
<a target="_blank" href=Mon_Sep_21_20_22_36_IST_2020.jpg>Screenshot</a><br/>
<br><br/>
<br><br/>
<a target="_blank" href=Mon_Sep_21_20_22_36_IST_2020.jpg><img src=Mon_Sep_21_20_22_36_IST_2020.jpg height=200 width=200></img></a><br/>
</div>
</td>
<td><div><pre>org.openqa.selenium.NoSuchElementException: no such element: Unable to locate element: {&quot;method&quot;:&quot;xpath&quot;,&quot;selector&quot;:&quot;//*[@id=&apos;contentPart3&apos;]/div/div/div/div/div/div/div[1]/div/h5/a&quot;}
  (Session info: chrome=85.0.4183.102)
For documentation on this error, please visit: http://seleniumhq.org/exceptions/no_such_element.html
Build info: version: &apos;3.14.0&apos;, revision: &apos;aacccce0&apos;, time: &apos;2018-08-02T20:19:58.91Z&apos;
System info: host: &apos;5CG6323N27&apos;, ip: &apos;192.168.0.11&apos;, os.name: &apos;Windows 10&apos;, os.arch: &apos;amd64&apos;, os.version: &apos;10.0&apos;, java.version: &apos;1.8.0_191&apos;
Driver info: org.openqa.selenium.chrome.ChromeDriver
Capabilities {acceptInsecureCerts: false, browserName: chrome, browserVersion: 85.0.4183.102, chrome: {chromedriverVersion: 85.0.4183.87 (cd6713ebf92fa..., userDataDir: C:\Windows\Temp\scoped_dir1...}, goog:chromeOptions: {debuggerAddress: localhost:52647}, javascriptEnabled: true, networkConnectionEnabled: false, pageLoadStrategy: none, platform: WINDOWS, platformName: WINDOWS, proxy: Proxy(), setWindowRect: true, strictFileInteractability: false, timeouts: {implicit: 0, pageLoad: 300000, script: 30000}, unhandledPromptBehavior: dismiss and notify, webauthn:virtualAuthenticators: true}
Session ID: 5a7dee32274d3786d6df32a0d69ee424
*** Element info: {Using=xpath, value=//*[@id=&apos;contentPart3&apos;]/div/div/div/div/div/div/div[1]/div/h5/a}
	at org.openqa.selenium.remote.http.W3CHttpResponseCodec.createException(W3CHttpResponseCodec.java:187)
	at org.openqa.selenium.remote.http.W3CHttpResponseCodec.decode(W3CHttpResponseCodec.java:122)
	at org.openqa.selenium.remote.http.W3CHttpResponseCodec.decode(W3CHttpResponseCodec.java:49)
	at org.openqa.selenium.remote.HttpCommandExecutor.execute(HttpCommandExecutor.java:158)
	at org.openqa.selenium.remote.service.DriverCommandExecutor.execute(DriverCommandExecutor.java:83)
	at org.openqa.selenium.remote.RemoteWebDriver.execute(RemoteWebDriver.java:548)
	at org.openqa.selenium.remote.RemoteWebDriver.findElement(RemoteWebDriver.java:322)
	at org.openqa.selenium.remote.RemoteWebDriver.findElementByXPath(RemoteWebDriver.java:424)
	at org.openqa.selenium.By$ByXPath.findElement(By.java:353)
	at org.openqa.selenium.remote.RemoteWebDriver.findElement(RemoteWebDriver.java:314)
	at com.OSMOSE.testcases.OsmoseServices.verifyClickonWoodTreatmentVideos(OsmoseServices.java:344)
	at java.util.ArrayList.forEach(Unknown Source)
... Removed 31 stack frames</pre></div><a href='#' onClick='toggleBox("stack-trace1280263013", this, "Click to show all stack frames", "Click to hide stack frames")'>Click to show all stack frames</a>
<div class='stack-trace' id='stack-trace1280263013'><pre>org.openqa.selenium.NoSuchElementException: no such element: Unable to locate element: {&quot;method&quot;:&quot;xpath&quot;,&quot;selector&quot;:&quot;//*[@id=&apos;contentPart3&apos;]/div/div/div/div/div/div/div[1]/div/h5/a&quot;}
  (Session info: chrome=85.0.4183.102)
For documentation on this error, please visit: http://seleniumhq.org/exceptions/no_such_element.html
Build info: version: &apos;3.14.0&apos;, revision: &apos;aacccce0&apos;, time: &apos;2018-08-02T20:19:58.91Z&apos;
System info: host: &apos;5CG6323N27&apos;, ip: &apos;192.168.0.11&apos;, os.name: &apos;Windows 10&apos;, os.arch: &apos;amd64&apos;, os.version: &apos;10.0&apos;, java.version: &apos;1.8.0_191&apos;
Driver info: org.openqa.selenium.chrome.ChromeDriver
Capabilities {acceptInsecureCerts: false, browserName: chrome, browserVersion: 85.0.4183.102, chrome: {chromedriverVersion: 85.0.4183.87 (cd6713ebf92fa..., userDataDir: C:\Windows\Temp\scoped_dir1...}, goog:chromeOptions: {debuggerAddress: localhost:52647}, javascriptEnabled: true, networkConnectionEnabled: false, pageLoadStrategy: none, platform: WINDOWS, platformName: WINDOWS, proxy: Proxy(), setWindowRect: true, strictFileInteractability: false, timeouts: {implicit: 0, pageLoad: 300000, script: 30000}, unhandledPromptBehavior: dismiss and notify, webauthn:virtualAuthenticators: true}
Session ID: 5a7dee32274d3786d6df32a0d69ee424
*** Element info: {Using=xpath, value=//*[@id=&apos;contentPart3&apos;]/div/div/div/div/div/div/div[1]/div/h5/a}
	at sun.reflect.NativeConstructorAccessorImpl.newInstance0(Native Method)
	at sun.reflect.NativeConstructorAccessorImpl.newInstance(Unknown Source)
	at sun.reflect.DelegatingConstructorAccessorImpl.newInstance(Unknown Source)
	at java.lang.reflect.Constructor.newInstance(Unknown Source)
	at org.openqa.selenium.remote.http.W3CHttpResponseCodec.createException(W3CHttpResponseCodec.java:187)
	at org.openqa.selenium.remote.http.W3CHttpResponseCodec.decode(W3CHttpResponseCodec.java:122)
	at org.openqa.selenium.remote.http.W3CHttpResponseCodec.decode(W3CHttpResponseCodec.java:49)
	at org.openqa.selenium.remote.HttpCommandExecutor.execute(HttpCommandExecutor.java:158)
	at org.openqa.selenium.remote.service.DriverCommandExecutor.execute(DriverCommandExecutor.java:83)
	at org.openqa.selenium.remote.RemoteWebDriver.execute(RemoteWebDriver.java:548)
	at org.openqa.selenium.remote.RemoteWebDriver.findElement(RemoteWebDriver.java:322)
	at org.openqa.selenium.remote.RemoteWebDriver.findElementByXPath(RemoteWebDriver.java:424)
	at org.openqa.selenium.By$ByXPath.findElement(By.java:353)
	at org.openqa.selenium.remote.RemoteWebDriver.findElement(RemoteWebDriver.java:314)
	at com.OSMOSE.testcases.OsmoseServices.verifyClickonWoodTreatmentVideos(OsmoseServices.java:344)
	at sun.reflect.NativeMethodAccessorImpl.invoke0(Native Method)
	at sun.reflect.NativeMethodAccessorImpl.invoke(Unknown Source)
	at sun.reflect.DelegatingMethodAccessorImpl.invoke(Unknown Source)
	at java.lang.reflect.Method.invoke(Unknown Source)
	at org.testng.internal.MethodInvocationHelper.invokeMethod(MethodInvocationHelper.java:134)
	at org.testng.internal.TestInvoker.invokeMethod(TestInvoker.java:597)
	at org.testng.internal.TestInvoker.invokeTestMethod(TestInvoker.java:173)
	at org.testng.internal.MethodRunner.runInSequence(MethodRunner.java:46)
	at org.testng.internal.TestInvoker$MethodInvocationAgent.invoke(TestInvoker.java:816)
	at org.testng.internal.TestInvoker.invokeTestMethods(TestInvoker.java:146)
	at org.testng.internal.TestMethodWorker.invokeTestMethods(TestMethodWorker.java:146)
	at org.testng.internal.TestMethodWorker.run(TestMethodWorker.java:128)
	at java.util.ArrayList.forEach(Unknown Source)
	at org.testng.TestRunner.privateRun(TestRunner.java:766)
	at org.testng.TestRunner.run(TestRunner.java:587)
	at org.testng.SuiteRunner.runTest(SuiteRunner.java:384)
	at org.testng.SuiteRunner.runSequentially(SuiteRunner.java:378)
	at org.testng.SuiteRunner.privateRun(SuiteRunner.java:337)
	at org.testng.SuiteRunner.run(SuiteRunner.java:286)
	at org.testng.SuiteRunnerWorker.runSuite(SuiteRunnerWorker.java:53)
	at org.testng.SuiteRunnerWorker.run(SuiteRunnerWorker.java:96)
	at org.testng.TestNG.runSuitesSequentially(TestNG.java:1187)
	at org.testng.TestNG.runSuitesLocally(TestNG.java:1109)
	at org.testng.TestNG.runSuites(TestNG.java:1039)
	at org.testng.TestNG.run(TestNG.java:1007)
	at org.testng.remote.AbstractRemoteTestNG.run(AbstractRemoteTestNG.java:115)
	at org.testng.remote.RemoteTestNG.initAndRun(RemoteTestNG.java:251)
	at org.testng.remote.RemoteTestNG.main(RemoteTestNG.java:77)
</pre></div></td>
<td>80</td>
<td>com.OSMOSE.testcases.OsmoseServices@7e22550a</td></tr>
</table><p>
<table width='100%' border='1' class='invocation-passed'>
<tr><td colspan='4' align='center'><b>PASSED TESTS</b></td></tr>
<tr><td><b>Test method</b></td>
<td width="30%"><b>Exception</b></td>
<td width="10%"><b>Time (seconds)</b></td>
<td><b>Instance</b></td>
</tr>
<tr>
<td title='com.OSMOSE.testcases.OsmoseServices.VerifyProductclick()'><b>VerifyProductclick</b><br>Test class: com.OSMOSE.testcases.OsmoseServices<br>Test method: Verification of the click on Products in products card<br/>
<a href="#Output-27053221" onClick='toggleBox("Output-27053221", this, "Show output", "Hide output");'>Show output</a>

<a href="#Output-27053221" onClick="toggleAllBoxes();">Show all outputs</a>
<div class='log' id="Output-27053221">
Click to see Screenshot<br/>
<a target="_blank" href=Mon_Sep_21_20_20_49_IST_2020.jpg>Screenshot</a><br/>
<br><br/>
<br><br/>
<a target="_blank" href=Mon_Sep_21_20_20_49_IST_2020.jpg><img src=Mon_Sep_21_20_20_49_IST_2020.jpg height=200 width=200></img></a><br/>
</div>
</td>
<td></td>
<td>43</td>
<td>com.OSMOSE.testcases.OsmoseServices@7e22550a</td></tr>
<tr>
<td title='com.OSMOSE.testcases.OsmoseServices.VerifyViewMapclick()'><b>VerifyViewMapclick</b><br>Test class: com.OSMOSE.testcases.OsmoseServices<br>Test method: Verification of the click on View Map card<br/>
<a href="#Output-1929661663" onClick='toggleBox("Output-1929661663", this, "Show output", "Hide output");'>Show output</a>

<a href="#Output-1929661663" onClick="toggleAllBoxes();">Show all outputs</a>
<div class='log' id="Output-1929661663">
Click to see Screenshot<br/>
<a target="_blank" href=Mon_Sep_21_20_21_07_IST_2020.jpg>Screenshot</a><br/>
<br><br/>
<br><br/>
<a target="_blank" href=Mon_Sep_21_20_21_07_IST_2020.jpg><img src=Mon_Sep_21_20_21_07_IST_2020.jpg height=200 width=200></img></a><br/>
</div>
</td>
<td></td>
<td>17</td>
<td>com.OSMOSE.testcases.OsmoseServices@7e22550a</td></tr>
<tr>
<td title='com.OSMOSE.testcases.OsmoseServices.VerifyWoodInspectionAndTreatmentclick()'><b>VerifyWoodInspectionAndTreatmentclick</b><br>Test class: com.OSMOSE.testcases.OsmoseServices<br>Test method: Verification of the click on Wood Inspection and Treatment card<br/>
<a href="#Output-1155399955" onClick='toggleBox("Output-1155399955", this, "Show output", "Hide output");'>Show output</a>

<a href="#Output-1155399955" onClick="toggleAllBoxes();">Show all outputs</a>
<div class='log' id="Output-1155399955">
Click to see Screenshot<br/>
<a target="_blank" href=Mon_Sep_21_20_21_15_IST_2020.jpg>Screenshot</a><br/>
<br><br/>
<br><br/>
<a target="_blank" href=Mon_Sep_21_20_21_15_IST_2020.jpg><img src=Mon_Sep_21_20_21_15_IST_2020.jpg height=200 width=200></img></a><br/>
</div>
</td>
<td></td>
<td>7</td>
<td>com.OSMOSE.testcases.OsmoseServices@7e22550a</td></tr>
<tr>
<td title='com.OSMOSE.testcases.OsmoseServices.VerifyWoodRestorationclick()'><b>VerifyWoodRestorationclick</b><br>Test class: com.OSMOSE.testcases.OsmoseServices<br>Test method: Verification of the click on Wood Restoration card<br/>
<a href="#Output-90096982" onClick='toggleBox("Output-90096982", this, "Show output", "Hide output");'>Show output</a>

<a href="#Output-90096982" onClick="toggleAllBoxes();">Show all outputs</a>
<div class='log' id="Output-90096982">
Click to see Screenshot<br/>
<a target="_blank" href=Mon_Sep_21_20_23_56_IST_2020.jpg>Screenshot</a><br/>
<br><br/>
<br><br/>
<a target="_blank" href=Mon_Sep_21_20_23_56_IST_2020.jpg><img src=Mon_Sep_21_20_23_56_IST_2020.jpg height=200 width=200></img></a><br/>
</div>
</td>
<td></td>
<td>7</td>
<td>com.OSMOSE.testcases.OsmoseServices@7e22550a</td></tr>
<tr>
<td title='com.OSMOSE.testcases.LoginTest.loginTest()'><b>loginTest</b><br>Test class: com.OSMOSE.testcases.LoginTest<br>Test method: Verify the login functionality<br>Parameters: {password=Hyde@2317, runmode=Y, username=rajesh.yadav@centurylink.com}<br/>
<a href="#Output-690822257" onClick='toggleBox("Output-690822257", this, "Show output", "Hide output");'>Show output</a>

<a href="#Output-690822257" onClick="toggleAllBoxes();">Show all outputs</a>
<div class='log' id="Output-690822257">
Click to see Screenshot<br/>
<a target="_blank" href=Mon_Sep_21_20_18_47_IST_2020.jpg>Screenshot</a><br/>
<br><br/>
<br><br/>
<a target="_blank" href=Mon_Sep_21_20_18_47_IST_2020.jpg><img src=Mon_Sep_21_20_18_47_IST_2020.jpg height=200 width=200></img></a><br/>
</div>
</td>
<td></td>
<td>15</td>
<td>com.OSMOSE.testcases.LoginTest@5b1f29fa</td></tr>
<tr>
<td title='com.OSMOSE.testcases.OsmoseServices.verifyCancelClickOnPopUpUnderground()'><b>verifyCancelClickOnPopUpUnderground</b><br>Test class: com.OSMOSE.testcases.OsmoseServices<br>Test method: Verify the click on Cancel button on the pop-up after click on Underground card<br/>
<a href="#Output-1223399478" onClick='toggleBox("Output-1223399478", this, "Show output", "Hide output");'>Show output</a>

<a href="#Output-1223399478" onClick="toggleAllBoxes();">Show all outputs</a>
<div class='log' id="Output-1223399478">
Click to see Screenshot<br/>
<a target="_blank" href=Mon_Sep_21_20_29_08_IST_2020.jpg>Screenshot</a><br/>
<br><br/>
<br><br/>
<a target="_blank" href=Mon_Sep_21_20_29_08_IST_2020.jpg><img src=Mon_Sep_21_20_29_08_IST_2020.jpg height=200 width=200></img></a><br/>
</div>
</td>
<td></td>
<td>3</td>
<td>com.OSMOSE.testcases.OsmoseServices@7e22550a</td></tr>
<tr>
<td title='com.OSMOSE.testcases.OsmoseServices.verifyJointUseLearnMoreClick()'><b>verifyJointUseLearnMoreClick</b><br>Test class: com.OSMOSE.testcases.OsmoseServices<br>Test method: Verify the presence of JointUse and click on Learn More button<br/>
<a href="#Output-1923810797" onClick='toggleBox("Output-1923810797", this, "Show output", "Hide output");'>Show output</a>

<a href="#Output-1923810797" onClick="toggleAllBoxes();">Show all outputs</a>
<div class='log' id="Output-1923810797">
Click to see Screenshot<br/>
<a target="_blank" href=Mon_Sep_21_20_19_48_IST_2020.jpg>Screenshot</a><br/>
<br><br/>
<br><br/>
<a target="_blank" href=Mon_Sep_21_20_19_48_IST_2020.jpg><img src=Mon_Sep_21_20_19_48_IST_2020.jpg height=200 width=200></img></a><br/>
</div>
</td>
<td></td>
<td>5</td>
<td>com.OSMOSE.testcases.OsmoseServices@7e22550a</td></tr>
<tr>
<td title='com.OSMOSE.testcases.OsmoseServices.verifyMapViewLearnMoreClick()'><b>verifyMapViewLearnMoreClick</b><br>Test class: com.OSMOSE.testcases.OsmoseServices<br>Test method: Verify the presence of Map View and click on Learn More button<br/>
<a href="#Output-1808527451" onClick='toggleBox("Output-1808527451", this, "Show output", "Hide output");'>Show output</a>

<a href="#Output-1808527451" onClick="toggleAllBoxes();">Show all outputs</a>
<div class='log' id="Output-1808527451">
Click to see Screenshot<br/>
<a target="_blank" href=Mon_Sep_21_20_20_05_IST_2020.jpg>Screenshot</a><br/>
<br><br/>
<br><br/>
<a target="_blank" href=Mon_Sep_21_20_20_05_IST_2020.jpg><img src=Mon_Sep_21_20_20_05_IST_2020.jpg height=200 width=200></img></a><br/>
</div>
</td>
<td></td>
<td>5</td>
<td>com.OSMOSE.testcases.OsmoseServices@7e22550a</td></tr>
<tr>
<td title='com.OSMOSE.testcases.OsmoseServices.verifyMyOsmoseServicesCardClick()'><b>verifyMyOsmoseServicesCardClick</b><br>Test class: com.OSMOSE.testcases.OsmoseServices<br>Test method: Verify the presence of My Osmose Services Card on Home Page<br/>
<a href="#Output-1372137902" onClick='toggleBox("Output-1372137902", this, "Show output", "Hide output");'>Show output</a>

<a href="#Output-1372137902" onClick="toggleAllBoxes();">Show all outputs</a>
<div class='log' id="Output-1372137902">
Click to see Screenshot<br/>
<a target="_blank" href=Mon_Sep_21_20_18_57_IST_2020.jpg>Screenshot</a><br/>
<br><br/>
<br><br/>
<a target="_blank" href=Mon_Sep_21_20_18_57_IST_2020.jpg><img src=Mon_Sep_21_20_18_57_IST_2020.jpg height=200 width=200></img></a><br/>
</div>
</td>
<td></td>
<td>8</td>
<td>com.OSMOSE.testcases.OsmoseServices@7e22550a</td></tr>
<tr>
<td title='com.OSMOSE.testcases.OsmoseServices.verifyOcalcProLearnMoreClick()'><b>verifyOcalcProLearnMoreClick</b><br>Test class: com.OSMOSE.testcases.OsmoseServices<br>Test method: Verify the presence of OCalc Pro and click on Learn More button<br/>
<a href="#Output-1079190991" onClick='toggleBox("Output-1079190991", this, "Show output", "Hide output");'>Show output</a>

<a href="#Output-1079190991" onClick="toggleAllBoxes();">Show all outputs</a>
<div class='log' id="Output-1079190991">
Click to see Screenshot<br/>
<a target="_blank" href=Mon_Sep_21_20_19_19_IST_2020.jpg>Screenshot</a><br/>
<br><br/>
<br><br/>
<a target="_blank" href=Mon_Sep_21_20_19_19_IST_2020.jpg><img src=Mon_Sep_21_20_19_19_IST_2020.jpg height=200 width=200></img></a><br/>
</div>
</td>
<td></td>
<td>5</td>
<td>com.OSMOSE.testcases.OsmoseServices@7e22550a</td></tr>
<tr>
<td title='com.OSMOSE.testcases.OsmoseServices.verifyOkClickOnPopUpUnderground()'><b>verifyOkClickOnPopUpUnderground</b><br>Test class: com.OSMOSE.testcases.OsmoseServices<br>Test method: Verify the click on ok button on the pop-up after click on Underground card<br/>
<a href="#Output-271514713" onClick='toggleBox("Output-271514713", this, "Show output", "Hide output");'>Show output</a>

<a href="#Output-271514713" onClick="toggleAllBoxes();">Show all outputs</a>
<div class='log' id="Output-271514713">
Click to see Screenshot<br/>
<a target="_blank" href=Mon_Sep_21_20_29_13_IST_2020.jpg>Screenshot</a><br/>
<br><br/>
<br><br/>
<a target="_blank" href=Mon_Sep_21_20_29_13_IST_2020.jpg><img src=Mon_Sep_21_20_29_13_IST_2020.jpg height=200 width=200></img></a><br/>
</div>
</td>
<td></td>
<td>5</td>
<td>com.OSMOSE.testcases.OsmoseServices@7e22550a</td></tr>
<tr>
<td title='com.OSMOSE.testcases.OsmoseServices.verifyOverheadLearnMoreClick()'><b>verifyOverheadLearnMoreClick</b><br>Test class: com.OSMOSE.testcases.OsmoseServices<br>Test method: Verify the presence of Overhead and click on Learn More button<br/>
<a href="#Output-223975178" onClick='toggleBox("Output-223975178", this, "Show output", "Hide output");'>Show output</a>

<a href="#Output-223975178" onClick="toggleAllBoxes();">Show all outputs</a>
<div class='log' id="Output-223975178">
Click to see Screenshot<br/>
<a target="_blank" href=Mon_Sep_21_20_19_37_IST_2020.jpg>Screenshot</a><br/>
<br><br/>
<br><br/>
<a target="_blank" href=Mon_Sep_21_20_19_37_IST_2020.jpg><img src=Mon_Sep_21_20_19_37_IST_2020.jpg height=200 width=200></img></a><br/>
</div>
</td>
<td></td>
<td>5</td>
<td>com.OSMOSE.testcases.OsmoseServices@7e22550a</td></tr>
<tr>
<td title='com.OSMOSE.testcases.OsmoseServices.verifyPopUpUnderground()'><b>verifyPopUpUnderground</b><br>Test class: com.OSMOSE.testcases.OsmoseServices<br>Test method: Verify the pop-up after click on Underground card<br/>
<a href="#Output-1198426006" onClick='toggleBox("Output-1198426006", this, "Show output", "Hide output");'>Show output</a>

<a href="#Output-1198426006" onClick="toggleAllBoxes();">Show all outputs</a>
<div class='log' id="Output-1198426006">
Click to see Screenshot<br/>
<a target="_blank" href=Mon_Sep_21_20_29_04_IST_2020.jpg>Screenshot</a><br/>
<br><br/>
<br><br/>
<a target="_blank" href=Mon_Sep_21_20_29_04_IST_2020.jpg><img src=Mon_Sep_21_20_29_04_IST_2020.jpg height=200 width=200></img></a><br/>
</div>
</td>
<td></td>
<td>15</td>
<td>com.OSMOSE.testcases.OsmoseServices@7e22550a</td></tr>
<tr>
<td title='com.OSMOSE.testcases.OsmoseServices.verifySteelandConcreteAssessmentLearnMoreClick()'><b>verifySteelandConcreteAssessmentLearnMoreClick</b><br>Test class: com.OSMOSE.testcases.OsmoseServices<br>Test method: Verify the presence of Steel & Concrete | Assessment and click on Learn More button<br/>
<a href="#Output-173259631" onClick='toggleBox("Output-173259631", this, "Show output", "Hide output");'>Show output</a>

<a href="#Output-173259631" onClick="toggleAllBoxes();">Show all outputs</a>
<div class='log' id="Output-173259631">
Click to see Screenshot<br/>
<a target="_blank" href=Mon_Sep_21_20_19_25_IST_2020.jpg>Screenshot</a><br/>
<br><br/>
<br><br/>
<a target="_blank" href=Mon_Sep_21_20_19_25_IST_2020.jpg><img src=Mon_Sep_21_20_19_25_IST_2020.jpg height=200 width=200></img></a><br/>
</div>
</td>
<td></td>
<td>5</td>
<td>com.OSMOSE.testcases.OsmoseServices@7e22550a</td></tr>
<tr>
<td title='com.OSMOSE.testcases.OsmoseServices.verifySteelandConcreteRestorationLearnMoreClick()'><b>verifySteelandConcreteRestorationLearnMoreClick</b><br>Test class: com.OSMOSE.testcases.OsmoseServices<br>Test method: Verify the presence of Steel & Concrete | Restoration and click on Learn More button<br/>
<a href="#Output-75356024" onClick='toggleBox("Output-75356024", this, "Show output", "Hide output");'>Show output</a>

<a href="#Output-75356024" onClick="toggleAllBoxes();">Show all outputs</a>
<div class='log' id="Output-75356024">
Click to see Screenshot<br/>
<a target="_blank" href=Mon_Sep_21_20_19_31_IST_2020.jpg>Screenshot</a><br/>
<br><br/>
<br><br/>
<a target="_blank" href=Mon_Sep_21_20_19_31_IST_2020.jpg><img src=Mon_Sep_21_20_19_31_IST_2020.jpg height=200 width=200></img></a><br/>
</div>
</td>
<td></td>
<td>5</td>
<td>com.OSMOSE.testcases.OsmoseServices@7e22550a</td></tr>
<tr>
<td title='com.OSMOSE.testcases.OsmoseServices.verifyStrayVoltageLearnMoreClick()'><b>verifyStrayVoltageLearnMoreClick</b><br>Test class: com.OSMOSE.testcases.OsmoseServices<br>Test method: Verify the presence of StrayVoltage and click on Learn More button<br/>
<a href="#Output-116184677" onClick='toggleBox("Output-116184677", this, "Show output", "Hide output");'>Show output</a>

<a href="#Output-116184677" onClick="toggleAllBoxes();">Show all outputs</a>
<div class='log' id="Output-116184677">
Click to see Screenshot<br/>
<a target="_blank" href=Mon_Sep_21_20_19_54_IST_2020.jpg>Screenshot</a><br/>
<br><br/>
<br><br/>
<a target="_blank" href=Mon_Sep_21_20_19_54_IST_2020.jpg><img src=Mon_Sep_21_20_19_54_IST_2020.jpg height=200 width=200></img></a><br/>
</div>
</td>
<td></td>
<td>5</td>
<td>com.OSMOSE.testcases.OsmoseServices@7e22550a</td></tr>
<tr>
<td title='com.OSMOSE.testcases.OsmoseServices.verifyTechnicalServicesLearnMoreClick()'><b>verifyTechnicalServicesLearnMoreClick</b><br>Test class: com.OSMOSE.testcases.OsmoseServices<br>Test method: Verify the presence of Technical Services and click on Learn More button<br/>
<a href="#Output-397309480" onClick='toggleBox("Output-397309480", this, "Show output", "Hide output");'>Show output</a>

<a href="#Output-397309480" onClick="toggleAllBoxes();">Show all outputs</a>
<div class='log' id="Output-397309480">
Click to see Screenshot<br/>
<a target="_blank" href=Mon_Sep_21_20_20_00_IST_2020.jpg>Screenshot</a><br/>
<br><br/>
<br><br/>
<a target="_blank" href=Mon_Sep_21_20_20_00_IST_2020.jpg><img src=Mon_Sep_21_20_20_00_IST_2020.jpg height=200 width=200></img></a><br/>
</div>
</td>
<td></td>
<td>5</td>
<td>com.OSMOSE.testcases.OsmoseServices@7e22550a</td></tr>
<tr>
<td title='com.OSMOSE.testcases.OsmoseServices.verifyUndergroundLearnMoreClick()'><b>verifyUndergroundLearnMoreClick</b><br>Test class: com.OSMOSE.testcases.OsmoseServices<br>Test method: Verify the presence of Underground and click on Learn More button<br/>
<a href="#Output-817490653" onClick='toggleBox("Output-817490653", this, "Show output", "Hide output");'>Show output</a>

<a href="#Output-817490653" onClick="toggleAllBoxes();">Show all outputs</a>
<div class='log' id="Output-817490653">
Click to see Screenshot<br/>
<a target="_blank" href=Mon_Sep_21_20_19_42_IST_2020.jpg>Screenshot</a><br/>
<br><br/>
<br><br/>
<a target="_blank" href=Mon_Sep_21_20_19_42_IST_2020.jpg><img src=Mon_Sep_21_20_19_42_IST_2020.jpg height=200 width=200></img></a><br/>
</div>
</td>
<td></td>
<td>5</td>
<td>com.OSMOSE.testcases.OsmoseServices@7e22550a</td></tr>
<tr>
<td title='com.OSMOSE.testcases.OsmoseServices.verifyWoodInspectionandTreatmentLearnMoreClick()'><b>verifyWoodInspectionandTreatmentLearnMoreClick</b><br>Test class: com.OSMOSE.testcases.OsmoseServices<br>Test method: Verify the presence of Wood Inspection and Treatment and click on Learn More button<br/>
<a href="#Output-1599566873" onClick='toggleBox("Output-1599566873", this, "Show output", "Hide output");'>Show output</a>

<a href="#Output-1599566873" onClick="toggleAllBoxes();">Show all outputs</a>
<div class='log' id="Output-1599566873">
Click to see Screenshot<br/>
<a target="_blank" href=Mon_Sep_21_20_19_08_IST_2020.jpg>Screenshot</a><br/>
<br><br/>
<br><br/>
<a target="_blank" href=Mon_Sep_21_20_19_08_IST_2020.jpg><img src=Mon_Sep_21_20_19_08_IST_2020.jpg height=200 width=200></img></a><br/>
</div>
</td>
<td></td>
<td>10</td>
<td>com.OSMOSE.testcases.OsmoseServices@7e22550a</td></tr>
<tr>
<td title='com.OSMOSE.testcases.OsmoseServices.verifyWoodRestorationLearnMoreClick()'><b>verifyWoodRestorationLearnMoreClick</b><br>Test class: com.OSMOSE.testcases.OsmoseServices<br>Test method: Verify the presence of Wood Restoration and click on Learn More button<br/>
<a href="#Output-823758059" onClick='toggleBox("Output-823758059", this, "Show output", "Hide output");'>Show output</a>

<a href="#Output-823758059" onClick="toggleAllBoxes();">Show all outputs</a>
<div class='log' id="Output-823758059">
Click to see Screenshot<br/>
<a target="_blank" href=Mon_Sep_21_20_19_14_IST_2020.jpg>Screenshot</a><br/>
<br><br/>
<br><br/>
<a target="_blank" href=Mon_Sep_21_20_19_14_IST_2020.jpg><img src=Mon_Sep_21_20_19_14_IST_2020.jpg height=200 width=200></img></a><br/>
</div>
</td>
<td></td>
<td>5</td>
<td>com.OSMOSE.testcases.OsmoseServices@7e22550a</td></tr>
</table><p>
</body>
</html>