<?xml version="1.0" encoding="UTF-8"?>
<!-- Generated by org.testng.reporters.JUnitXMLReporter -->
<testsuite hostname="5CG6323N27" ignored="0" name="OCalcPro" tests="58" failures="1" timestamp="2020-11-17T21:42:25 IST" time="690.864" errors="0">
  <testcase name="verifyoCalcProNavigationClick" time="16.881" classname="com.OSMOSE.testcases.oCalcPro"/>
  <testcase name="verifyPresenceOfLicenseMgmtCard" time="0.047" classname="com.OSMOSE.testcases.oCalcPro"/>
  <testcase name="verifyPresenceOfProductsCardLicensedUser" time="0.034" classname="com.OSMOSE.testcases.oCalcPro"/>
  <testcase name="verifyPresenceOfKnowledgeBaseCardLicensedUser" time="0.043" classname="com.OSMOSE.testcases.oCalcPro"/>
  <testcase name="verifyPresenceOfAnnouncementsCardLicensedUser" time="0.054" classname="com.OSMOSE.testcases.oCalcPro"/>
  <testcase name="verifyPresenceOfTrainingOptionsCardLicensedUser" time="0.037" classname="com.OSMOSE.testcases.oCalcPro"/>
  <testcase name="verifyPresenceOfTutorialLiveDemoCardLicensedUser" time="0.05" classname="com.OSMOSE.testcases.oCalcPro"/>
  <testcase name="verifyContentsOfTrainingOptionsLicensedUser" time="0.124" classname="com.OSMOSE.testcases.oCalcPro"/>
  <testcase name="verifyContentsOfProductsCardLicensedUser" time="0.221" classname="com.OSMOSE.testcases.oCalcPro"/>
  <testcase name="verifyContentsOfKBCardLicensedUser" time="0.098" classname="com.OSMOSE.testcases.oCalcPro"/>
  <testcase name="verifyContentsOfAnnouncementsLicensedUser" time="0.472" classname="com.OSMOSE.testcases.oCalcPro"/>
  <testcase name="verifyContentsOfLicenseMgmtLicensedUser" time="0.223" classname="com.OSMOSE.testcases.oCalcPro"/>
  <testcase name="verifyContentsOfTutorialLiveDemoLicensedUser" time="0.285" classname="com.OSMOSE.testcases.oCalcPro"/>
  <testcase name="verifyProductsClickLicensedUser" time="2.191" classname="com.OSMOSE.testcases.oCalcPro"/>
  <testcase name="verifyRequestLicenseQuoteClickLicensedUser" time="8.919" classname="com.OSMOSE.testcases.oCalcPro"/>
  <testcase name="verifyRequestCVTQuoteClickLicensedUser" time="9.325" classname="com.OSMOSE.testcases.oCalcPro"/>
  <testcase name="verifyRequestTrainingQuoteClickLicensedUser" time="8.202" classname="com.OSMOSE.testcases.oCalcPro"/>
  <testcase name="verify30daysbtnClickLicensedUser" time="5.896" classname="com.OSMOSE.testcases.oCalcPro"/>
  <testcase name="verifyRequstDemoClickLicensedUser" time="4.524" classname="com.OSMOSE.testcases.oCalcPro"/>
  <testcase name="verifyocalcSupportClickLicensedUser" time="2.259" classname="com.OSMOSE.testcases.oCalcPro"/>
  <testcase name="verifyDifferentProductsQuoteCreate" time="14.666" classname="com.OSMOSE.testcases.oCalcPro"/>
  <testcase name="verifyPresenceOfCreditCardOptions" time="75.347" classname="com.OSMOSE.testcases.oCalcPro"/>
  <testcase name="verifyClickOnPaywithCCBtn" time="27.447" classname="com.OSMOSE.testcases.oCalcPro"/>
  <testcase name="verifyClickMakePaymentBtn" time="7.449" classname="com.OSMOSE.testcases.oCalcPro"/>
  <testcase name="verifyClickIhaveCopiedMyReceiptChkBox" time="3.561" classname="com.OSMOSE.testcases.oCalcPro"/>
  <testcase name="verifyCCDetailsForNonOCalcProduct" time="116.851" classname="com.OSMOSE.testcases.oCalcPro"/>
  <testcase name="verifyPresenceOfCCReceipt" time="116.304" classname="com.OSMOSE.testcases.oCalcPro"/>
  <testcase name="verifyCurrentPublicClassesClickLicensedUser" time="17.508" classname="com.OSMOSE.testcases.oCalcPro"/>
  <testcase name="verifyRequestQuoteForPrivateTrainingClassesClickLicensedUser" time="11.334" classname="com.OSMOSE.testcases.oCalcPro"/>
  <testcase name="verifyClickOnAnAnnouncementLicensedUser" time="1.098" classname="com.OSMOSE.testcases.oCalcPro">
    <failure type="org.openqa.selenium.ElementClickInterceptedException" message="element click intercepted: Element &amp;lt;a data-v-7c7cce93=&amp;quot;&amp;quot; id=&amp;quot;OCalProSeminar&amp;quot; href=&amp;quot;javascript:void(0);&amp;quot;&amp;gt;...&amp;lt;/a&amp;gt; is not clickable at point (290, 433). Other element would receive the click: &amp;lt;div data-v-7c7cce93=&amp;quot;&amp;quot; class=&amp;quot;Oloader&amp;quot;&amp;gt;...&amp;lt;/div&amp;gt;
  (Session info: chrome=86.0.4240.75)
Build info: version: &amp;apos;3.14.0&amp;apos;, revision: &amp;apos;aacccce0&amp;apos;, time: &amp;apos;2018-08-02T20:19:58.91Z&amp;apos;
System info: host: &amp;apos;5CG6323N27&amp;apos;, ip: &amp;apos;192.168.0.12&amp;apos;, os.name: &amp;apos;Windows 10&amp;apos;, os.arch: &amp;apos;amd64&amp;apos;, os.version: &amp;apos;10.0&amp;apos;, java.version: &amp;apos;1.8.0_191&amp;apos;
Driver info: org.openqa.selenium.chrome.ChromeDriver
Capabilities {acceptInsecureCerts: false, browserName: chrome, browserVersion: 86.0.4240.75, chrome: {chromedriverVersion: 85.0.4183.87 (cd6713ebf92fa..., userDataDir: C:\Windows\Temp\scoped_dir1...}, goog:chromeOptions: {debuggerAddress: localhost:60141}, javascriptEnabled: true, networkConnectionEnabled: false, pageLoadStrategy: none, platform: WINDOWS, platformName: WINDOWS, proxy: Proxy(), setWindowRect: true, strictFileInteractability: false, timeouts: {implicit: 0, pageLoad: 300000, script: 30000}, unhandledPromptBehavior: dismiss and notify, webauthn:virtualAuthenticators: true}
Session ID: 7c47cf17605c0041376f57870d31efef">
      <![CDATA[org.openqa.selenium.ElementClickInterceptedException: element click intercepted: Element <a data-v-7c7cce93="" id="OCalProSeminar" href="javascript:void(0);">...</a> is not clickable at point (290, 433). Other element would receive the click: <div data-v-7c7cce93="" class="Oloader">...</div>
  (Session info: chrome=86.0.4240.75)
Build info: version: '3.14.0', revision: 'aacccce0', time: '2018-08-02T20:19:58.91Z'
System info: host: '5CG6323N27', ip: '192.168.0.12', os.name: 'Windows 10', os.arch: 'amd64', os.version: '10.0', java.version: '1.8.0_191'
Driver info: org.openqa.selenium.chrome.ChromeDriver
Capabilities {acceptInsecureCerts: false, browserName: chrome, browserVersion: 86.0.4240.75, chrome: {chromedriverVersion: 85.0.4183.87 (cd6713ebf92fa..., userDataDir: C:\Windows\Temp\scoped_dir1...}, goog:chromeOptions: {debuggerAddress: localhost:60141}, javascriptEnabled: true, networkConnectionEnabled: false, pageLoadStrategy: none, platform: WINDOWS, platformName: WINDOWS, proxy: Proxy(), setWindowRect: true, strictFileInteractability: false, timeouts: {implicit: 0, pageLoad: 300000, script: 30000}, unhandledPromptBehavior: dismiss and notify, webauthn:virtualAuthenticators: true}
Session ID: 7c47cf17605c0041376f57870d31efef
at org.openqa.selenium.remote.http.W3CHttpResponseCodec.createException(W3CHttpResponseCodec.java:187)
at org.openqa.selenium.remote.http.W3CHttpResponseCodec.decode(W3CHttpResponseCodec.java:122)
at org.openqa.selenium.remote.http.W3CHttpResponseCodec.decode(W3CHttpResponseCodec.java:49)
at org.openqa.selenium.remote.HttpCommandExecutor.execute(HttpCommandExecutor.java:158)
at org.openqa.selenium.remote.service.DriverCommandExecutor.execute(DriverCommandExecutor.java:83)
at org.openqa.selenium.remote.RemoteWebDriver.execute(RemoteWebDriver.java:548)
at org.openqa.selenium.remote.RemoteWebElement.execute(RemoteWebElement.java:276)
at org.openqa.selenium.remote.RemoteWebElement.click(RemoteWebElement.java:83)
at com.OSMOSE.base.Page.click(Page.java:183)
at com.OSMOSE.testcases.oCalcPro.verifyClickOnAnAnnouncementLicensedUser(oCalcPro.java:728)
at java.util.ArrayList.forEach(Unknown Source)
... Removed 31 stack frames]]>
    </failure>
  </testcase> <!-- verifyClickOnAnAnnouncementLicensedUser -->
  <testcase name="verifyContentsOfFAQLicensedUser" time="6.646" classname="com.OSMOSE.testcases.oCalcPro"/>
  <testcase name="verifyFAQClickLicensedUser" time="18.067" classname="com.OSMOSE.testcases.oCalcPro"/>
  <testcase name="verifySubmitIssueClickLicensedUser" time="0.36" classname="com.OSMOSE.testcases.oCalcPro"/>
  <testcase name="verifyKBClickLicensedUser" time="24.452" classname="com.OSMOSE.testcases.oCalcPro"/>
  <testcase name="verifyKBTrainingVideosClickLicensedUser" time="15.626" classname="com.OSMOSE.testcases.oCalcPro"/>
  <testcase name="verifyKBWikiPageClickLicensedUser" time="28.813" classname="com.OSMOSE.testcases.oCalcPro"/>
  <testcase name="verifySearchResultsAreGroupedLicensedUser" time="19.754" classname="com.OSMOSE.testcases.oCalcPro"/>
  <testcase name="verifyTrainingVideosAreGroupedLicensedUser" time="15.532" classname="com.OSMOSE.testcases.oCalcPro"/>
  <testcase name="verifyContentsLicenseManagementPopUp" time="5.352" classname="com.OSMOSE.testcases.oCalcPro"/>
  <testcase name="verifyPresenceOfSkipTourNextPreviousExitTour" time="4.153" classname="com.OSMOSE.testcases.oCalcPro"/>
  <testcase name="verifyClickOnNextPreviousbtns" time="2.165" classname="com.OSMOSE.testcases.oCalcPro"/>
  <testcase name="verifyClickOnSkipTourExitTourbtns" time="4.374" classname="com.OSMOSE.testcases.oCalcPro"/>
  <testcase name="verifyOnlyRenewBtnIsEnabledOnMultipleRecordSelection" time="6.507" classname="com.OSMOSE.testcases.oCalcPro"/>
  <testcase name="verifyFilterContactName" time="3.519" classname="com.OSMOSE.testcases.oCalcPro"/>
  <testcase name="verifyFilterLicenseKey" time="1.559" classname="com.OSMOSE.testcases.oCalcPro"/>
  <testcase name="verifyFilterStatus" time="2.644" classname="com.OSMOSE.testcases.oCalcPro"/>
  <testcase name="verifyFilterExpToken" time="1.538" classname="com.OSMOSE.testcases.oCalcPro"/>
  <testcase name="verifyFilterLicenseType" time="2.679" classname="com.OSMOSE.testcases.oCalcPro"/>
  <testcase name="verifyFilterLicenseTypeSite" time="2.831" classname="com.OSMOSE.testcases.oCalcPro"/>
  <testcase name="verifyFilterPurchaseDate" time="2.802" classname="com.OSMOSE.testcases.oCalcPro"/>
  <testcase name="verifyFilterExpirationDate" time="2.789" classname="com.OSMOSE.testcases.oCalcPro"/>
  <testcase name="verifyTransferBtn" time="13.552" classname="com.OSMOSE.testcases.oCalcPro"/>
  <testcase name="verifyTransferErrorMsg" time="0.185" classname="com.OSMOSE.testcases.oCalcPro"/>
  <testcase name="verifyClickTransferLicenseBtn" time="2.66" classname="com.OSMOSE.testcases.oCalcPro"/>
  <testcase name="verifyClickResend" time="4.368" classname="com.OSMOSE.testcases.oCalcPro"/>
  <testcase name="verifyUpdateContactBtn" time="12.461" classname="com.OSMOSE.testcases.oCalcPro"/>
  <testcase name="verifyClickUpdateContactBtn" time="2.213" classname="com.OSMOSE.testcases.oCalcPro"/>
  <testcase name="verifyClickRenewBtn" time="7.299" classname="com.OSMOSE.testcases.oCalcPro"/>
</testsuite> <!-- OCalcPro -->
