<?xml version="1.0" encoding="UTF-8"?>
<!-- Generated by org.testng.reporters.JUnitXMLReporter -->
<testsuite hostname="5CG6323N27" ignored="0" name="OCalcPro_Nor" tests="29" failures="1" timestamp="2020-11-25T16:32:13 IST" time="259.5" errors="0">
  <testcase name="ocalcloginTestNormal" time="17.921" classname="com.OSMOSE.testcases.oCalcPro_Nor"/>
  <testcase name="verifyoCalcProNavigationClick" time="18.254" classname="com.OSMOSE.testcases.oCalcPro_Nor"/>
  <testcase name="verifyPresenceOfGetStartedWithOcalcPro" time="0.056" classname="com.OSMOSE.testcases.oCalcPro_Nor"/>
  <testcase name="verifyPresenceOfProductsCard" time="0.034" classname="com.OSMOSE.testcases.oCalcPro_Nor"/>
  <testcase name="verifyPresenceOfKnowledgeBaseCard" time="0.032" classname="com.OSMOSE.testcases.oCalcPro_Nor"/>
  <testcase name="verifyPresenceOfAnnouncementsCard" time="0.06" classname="com.OSMOSE.testcases.oCalcPro_Nor"/>
  <testcase name="verifyPresenceOfTrainingOptionsCard" time="0.036" classname="com.OSMOSE.testcases.oCalcPro_Nor"/>
  <testcase name="verifyContentsOfGetStartedWithOcalcPro" time="0.247" classname="com.OSMOSE.testcases.oCalcPro_Nor"/>
  <testcase name="verifyContentsOfProductsCard" time="0.16" classname="com.OSMOSE.testcases.oCalcPro_Nor"/>
  <testcase name="verifyContentsOfKBCard" time="0.142" classname="com.OSMOSE.testcases.oCalcPro_Nor"/>
  <testcase name="verifyContentsOfAnnouncements" time="0.597" classname="com.OSMOSE.testcases.oCalcPro_Nor"/>
  <testcase name="verifyContentsOfTrainingOptions" time="0.125" classname="com.OSMOSE.testcases.oCalcPro_Nor"/>
  <testcase name="verifyLearnMoreClickonGetStartedWithOcalcProcard" time="13.705" classname="com.OSMOSE.testcases.oCalcPro_Nor"/>
  <testcase name="verify30daysbtnClickonGetStartedWithOcalcProcard" time="3.766" classname="com.OSMOSE.testcases.oCalcPro_Nor"/>
  <testcase name="verifyRequstDemoClickonGetStartedWithOcalcProcard" time="4.052" classname="com.OSMOSE.testcases.oCalcPro_Nor"/>
  <testcase name="verifyocalcSupportClickonGetStartedWithOcalcProcard" time="3.392" classname="com.OSMOSE.testcases.oCalcPro_Nor"/>
  <testcase name="verifyProductsClick" time="5.629" classname="com.OSMOSE.testcases.oCalcPro_Nor"/>
  <testcase name="verifyRequestLicenseQuoteClick" time="8.991" classname="com.OSMOSE.testcases.oCalcPro_Nor"/>
  <testcase name="verifyRequestCVTQuoteClick" time="8.268" classname="com.OSMOSE.testcases.oCalcPro_Nor"/>
  <testcase name="verifyRequestTrainingQuoteClick" time="8.21" classname="com.OSMOSE.testcases.oCalcPro_Nor"/>
  <testcase name="verifyCurrentPublicClassesClick" time="10.305" classname="com.OSMOSE.testcases.oCalcPro_Nor"/>
  <testcase name="verifyRequestQuoteForPrivateTrainingClassesClick" time="11.662" classname="com.OSMOSE.testcases.oCalcPro_Nor"/>
  <testcase name="verifyClickOnAnAnnouncement" time="3.817" classname="com.OSMOSE.testcases.oCalcPro_Nor"/>
  <testcase name="verifyKBClick" time="25.516" classname="com.OSMOSE.testcases.oCalcPro_Nor"/>
  <testcase name="verifyKBTrainingVideosClick" time="11.813" classname="com.OSMOSE.testcases.oCalcPro_Nor"/>
  <testcase name="verifyKBWikiPageClick" time="23.506" classname="com.OSMOSE.testcases.oCalcPro_Nor"/>
  <testcase name="verifySearchResultsAreGrouped" time="1.093" classname="com.OSMOSE.testcases.oCalcPro_Nor">
    <failure type="org.openqa.selenium.ElementClickInterceptedException" message="element click intercepted: Element &amp;lt;h5 data-v-0550c00d=&amp;quot;&amp;quot; class=&amp;quot;m-0 crspointer&amp;quot;&amp;gt;...&amp;lt;/h5&amp;gt; is not clickable at point (1073, 213). Other element would receive the click: &amp;lt;div data-v-0550c00d=&amp;quot;&amp;quot; class=&amp;quot;Oloader&amp;quot;&amp;gt;...&amp;lt;/div&amp;gt;
  (Session info: chrome=86.0.4240.198)
Build info: version: &amp;apos;3.14.0&amp;apos;, revision: &amp;apos;aacccce0&amp;apos;, time: &amp;apos;2018-08-02T20:19:58.91Z&amp;apos;
System info: host: &amp;apos;5CG6323N27&amp;apos;, ip: &amp;apos;192.168.0.12&amp;apos;, os.name: &amp;apos;Windows 10&amp;apos;, os.arch: &amp;apos;amd64&amp;apos;, os.version: &amp;apos;10.0&amp;apos;, java.version: &amp;apos;1.8.0_191&amp;apos;
Driver info: org.openqa.selenium.chrome.ChromeDriver
Capabilities {acceptInsecureCerts: false, browserName: chrome, browserVersion: 86.0.4240.198, chrome: {chromedriverVersion: 85.0.4183.87 (cd6713ebf92fa..., userDataDir: C:\Windows\Temp\scoped_dir1...}, goog:chromeOptions: {debuggerAddress: localhost:62483}, javascriptEnabled: true, networkConnectionEnabled: false, pageLoadStrategy: none, platform: WINDOWS, platformName: WINDOWS, proxy: Proxy(), setWindowRect: true, strictFileInteractability: false, timeouts: {implicit: 0, pageLoad: 300000, script: 30000}, unhandledPromptBehavior: dismiss and notify, webauthn:virtualAuthenticators: true}
Session ID: 43085a901659200de5880c45fbb1752b">
      <![CDATA[org.openqa.selenium.ElementClickInterceptedException: element click intercepted: Element <h5 data-v-0550c00d="" class="m-0 crspointer">...</h5> is not clickable at point (1073, 213). Other element would receive the click: <div data-v-0550c00d="" class="Oloader">...</div>
  (Session info: chrome=86.0.4240.198)
Build info: version: '3.14.0', revision: 'aacccce0', time: '2018-08-02T20:19:58.91Z'
System info: host: '5CG6323N27', ip: '192.168.0.12', os.name: 'Windows 10', os.arch: 'amd64', os.version: '10.0', java.version: '1.8.0_191'
Driver info: org.openqa.selenium.chrome.ChromeDriver
Capabilities {acceptInsecureCerts: false, browserName: chrome, browserVersion: 86.0.4240.198, chrome: {chromedriverVersion: 85.0.4183.87 (cd6713ebf92fa..., userDataDir: C:\Windows\Temp\scoped_dir1...}, goog:chromeOptions: {debuggerAddress: localhost:62483}, javascriptEnabled: true, networkConnectionEnabled: false, pageLoadStrategy: none, platform: WINDOWS, platformName: WINDOWS, proxy: Proxy(), setWindowRect: true, strictFileInteractability: false, timeouts: {implicit: 0, pageLoad: 300000, script: 30000}, unhandledPromptBehavior: dismiss and notify, webauthn:virtualAuthenticators: true}
Session ID: 43085a901659200de5880c45fbb1752b
at org.openqa.selenium.remote.http.W3CHttpResponseCodec.createException(W3CHttpResponseCodec.java:187)
at org.openqa.selenium.remote.http.W3CHttpResponseCodec.decode(W3CHttpResponseCodec.java:122)
at org.openqa.selenium.remote.http.W3CHttpResponseCodec.decode(W3CHttpResponseCodec.java:49)
at org.openqa.selenium.remote.HttpCommandExecutor.execute(HttpCommandExecutor.java:158)
at org.openqa.selenium.remote.service.DriverCommandExecutor.execute(DriverCommandExecutor.java:83)
at org.openqa.selenium.remote.RemoteWebDriver.execute(RemoteWebDriver.java:548)
at org.openqa.selenium.remote.RemoteWebElement.execute(RemoteWebElement.java:276)
at org.openqa.selenium.remote.RemoteWebElement.click(RemoteWebElement.java:83)
at com.OSMOSE.base.Page.click(Page.java:183)
at com.OSMOSE.pages.OU.oCalcProPage.clickKnowledgeBase(oCalcProPage.java:59)
at com.OSMOSE.testcases.oCalcPro_Nor.verifySearchResultsAreGrouped(oCalcPro_Nor.java:579)
at java.util.ArrayList.forEach(Unknown Source)
... Removed 31 stack frames]]>
    </failure>
  </testcase> <!-- verifySearchResultsAreGrouped -->
  <testcase name="verifyTrainingVideosAreGrouped" time="15.365" classname="com.OSMOSE.testcases.oCalcPro_Nor"/>
  <testcase name="verifyPresenceOfLicenseManagementPerspective" time="50.023" classname="com.OSMOSE.testcases.oCalcPro_Nor"/>
</testsuite> <!-- OCalcPro_Nor -->
