<html>
<head>
<title>TestNG:  OCalcPro_Licensed</title>
<link href="../testng.css" rel="stylesheet" type="text/css" />
<link href="../my-testng.css" rel="stylesheet" type="text/css" />

<style type="text/css">
.log { display: none;} 
.stack-trace { display: none;} 
</style>
<script type="text/javascript">
<!--
function flip(e) {
  current = e.style.display;
  if (current == 'block') {
    e.style.display = 'none';
    return 0;
  }
  else {
    e.style.display = 'block';
    return 1;
  }
}

function toggleBox(szDivId, elem, msg1, msg2)
{
  var res = -1;  if (document.getElementById) {
    res = flip(document.getElementById(szDivId));
  }
  else if (document.all) {
    // this is the way old msie versions work
    res = flip(document.all[szDivId]);
  }
  if(elem) {
    if(res == 0) elem.innerHTML = msg1; else elem.innerHTML = msg2;
  }

}

function toggleAllBoxes() {
  if (document.getElementsByTagName) {
    d = document.getElementsByTagName('div');
    for (i = 0; i < d.length; i++) {
      if (d[i].className == 'log') {
        flip(d[i]);
      }
    }
  }
}

// -->
</script>

</head>
<body>
<h2 align='center'>OCalcPro_Licensed</h2><table border='1' align="center">
<tr>
<td>Tests passed/Failed/Skipped:</td><td>34/24/0</td>
</tr><tr>
<td>Started on:</td><td>Wed Dec 09 17:25:50 IST 2020</td>
</tr>
<tr><td>Total time:</td><td>843 seconds (843989 ms)</td>
</tr><tr>
<td>Included groups:</td><td></td>
</tr><tr>
<td>Excluded groups:</td><td></td>
</tr>
</table><p/>
<small><i>(Hover the method name to see the test class name)</i></small><p/>
<table width='100%' border='1' class='invocation-failed'>
<tr><td colspan='4' align='center'><b>FAILED TESTS</b></td></tr>
<tr><td><b>Test method</b></td>
<td width="30%"><b>Exception</b></td>
<td width="10%"><b>Time (seconds)</b></td>
<td><b>Instance</b></td>
</tr>
<tr>
<td title='com.OSMOSE.testcases.oCalcPro_Licensed.verifyClickOnNextPreviousbtns()'><b>verifyClickOnNextPreviousbtns</b><br>Test class: com.OSMOSE.testcases.oCalcPro_Licensed<br>Test method: Verify the Click on Next and Previous buttons<br/>
<a href="#Output-508122132" onClick='toggleBox("Output-508122132", this, "Show output", "Hide output");'>Show output</a>

<a href="#Output-508122132" onClick="toggleAllBoxes();">Show all outputs</a>
<div class='log' id="Output-508122132">
Click to see Screenshot<br/>
<a target="_blank" href=Wed_Dec_09_17_36_30_IST_2020.jpg>Screenshot</a><br/>
<br><br/>
<br><br/>
<a target="_blank" href=Wed_Dec_09_17_36_30_IST_2020.jpg><img src=Wed_Dec_09_17_36_30_IST_2020.jpg height=200 width=200></img></a><br/>
</div>
</td>
<td><div><pre>java.lang.AssertionError: expected [true] but found [false]
	at com.OSMOSE.testcases.oCalcPro_Licensed.verifyClickOnNextPreviousbtns(oCalcPro_Licensed.java:889)
	at java.util.ArrayList.forEach(Unknown Source)
... Removed 31 stack frames</pre></div><a href='#' onClick='toggleBox("stack-trace508122132", this, "Click to show all stack frames", "Click to hide stack frames")'>Click to show all stack frames</a>
<div class='stack-trace' id='stack-trace508122132'><pre>java.lang.AssertionError: expected [true] but found [false]
	at org.testng.Assert.fail(Assert.java:97)
	at org.testng.Assert.failNotEquals(Assert.java:969)
	at org.testng.Assert.assertTrue(Assert.java:43)
	at org.testng.Assert.assertTrue(Assert.java:53)
	at com.OSMOSE.testcases.oCalcPro_Licensed.verifyClickOnNextPreviousbtns(oCalcPro_Licensed.java:889)
	at sun.reflect.NativeMethodAccessorImpl.invoke0(Native Method)
	at sun.reflect.NativeMethodAccessorImpl.invoke(Unknown Source)
	at sun.reflect.DelegatingMethodAccessorImpl.invoke(Unknown Source)
	at java.lang.reflect.Method.invoke(Unknown Source)
	at org.testng.internal.MethodInvocationHelper.invokeMethod(MethodInvocationHelper.java:134)
	at org.testng.internal.TestInvoker.invokeMethod(TestInvoker.java:597)
	at org.testng.internal.TestInvoker.invokeTestMethod(TestInvoker.java:173)
	at org.testng.internal.MethodRunner.runInSequence(MethodRunner.java:46)
	at org.testng.internal.TestInvoker$MethodInvocationAgent.invoke(TestInvoker.java:816)
	at org.testng.internal.TestInvoker.invokeTestMethods(TestInvoker.java:146)
	at org.testng.internal.TestMethodWorker.invokeTestMethods(TestMethodWorker.java:146)
	at org.testng.internal.TestMethodWorker.run(TestMethodWorker.java:128)
	at java.util.ArrayList.forEach(Unknown Source)
	at org.testng.TestRunner.privateRun(TestRunner.java:766)
	at org.testng.TestRunner.run(TestRunner.java:587)
	at org.testng.SuiteRunner.runTest(SuiteRunner.java:384)
	at org.testng.SuiteRunner.runSequentially(SuiteRunner.java:378)
	at org.testng.SuiteRunner.privateRun(SuiteRunner.java:337)
	at org.testng.SuiteRunner.run(SuiteRunner.java:286)
	at org.testng.SuiteRunnerWorker.runSuite(SuiteRunnerWorker.java:53)
	at org.testng.SuiteRunnerWorker.run(SuiteRunnerWorker.java:96)
	at org.testng.TestNG.runSuitesSequentially(TestNG.java:1187)
	at org.testng.TestNG.runSuitesLocally(TestNG.java:1109)
	at org.testng.TestNG.runSuites(TestNG.java:1039)
	at org.testng.TestNG.run(TestNG.java:1007)
	at org.testng.remote.AbstractRemoteTestNG.run(AbstractRemoteTestNG.java:115)
	at org.testng.remote.RemoteTestNG.initAndRun(RemoteTestNG.java:251)
	at org.testng.remote.RemoteTestNG.main(RemoteTestNG.java:77)
</pre></div></td>
<td>50</td>
<td>com.OSMOSE.testcases.oCalcPro_Licensed@6035b93b</td></tr>
<tr>
<td title='com.OSMOSE.testcases.oCalcPro_Licensed.verifyClickOnSkipTourExitTourbtns()'><b>verifyClickOnSkipTourExitTourbtns</b><br>Test class: com.OSMOSE.testcases.oCalcPro_Licensed<br>Test method: Verify the Click on Skip Tour and Exit Tour buttons<br/>
<a href="#Output-350703813" onClick='toggleBox("Output-350703813", this, "Show output", "Hide output");'>Show output</a>

<a href="#Output-350703813" onClick="toggleAllBoxes();">Show all outputs</a>
<div class='log' id="Output-350703813">
Click to see Screenshot<br/>
<a target="_blank" href=Wed_Dec_09_17_37_21_IST_2020.jpg>Screenshot</a><br/>
<br><br/>
<br><br/>
<a target="_blank" href=Wed_Dec_09_17_37_21_IST_2020.jpg><img src=Wed_Dec_09_17_37_21_IST_2020.jpg height=200 width=200></img></a><br/>
</div>
</td>
<td><div><pre>java.lang.AssertionError: expected [true] but found [false]
	at com.OSMOSE.testcases.oCalcPro_Licensed.verifyClickOnSkipTourExitTourbtns(oCalcPro_Licensed.java:901)
	at java.util.ArrayList.forEach(Unknown Source)
... Removed 31 stack frames</pre></div><a href='#' onClick='toggleBox("stack-trace350703813", this, "Click to show all stack frames", "Click to hide stack frames")'>Click to show all stack frames</a>
<div class='stack-trace' id='stack-trace350703813'><pre>java.lang.AssertionError: expected [true] but found [false]
	at org.testng.Assert.fail(Assert.java:97)
	at org.testng.Assert.failNotEquals(Assert.java:969)
	at org.testng.Assert.assertTrue(Assert.java:43)
	at org.testng.Assert.assertTrue(Assert.java:53)
	at com.OSMOSE.testcases.oCalcPro_Licensed.verifyClickOnSkipTourExitTourbtns(oCalcPro_Licensed.java:901)
	at sun.reflect.NativeMethodAccessorImpl.invoke0(Native Method)
	at sun.reflect.NativeMethodAccessorImpl.invoke(Unknown Source)
	at sun.reflect.DelegatingMethodAccessorImpl.invoke(Unknown Source)
	at java.lang.reflect.Method.invoke(Unknown Source)
	at org.testng.internal.MethodInvocationHelper.invokeMethod(MethodInvocationHelper.java:134)
	at org.testng.internal.TestInvoker.invokeMethod(TestInvoker.java:597)
	at org.testng.internal.TestInvoker.invokeTestMethod(TestInvoker.java:173)
	at org.testng.internal.MethodRunner.runInSequence(MethodRunner.java:46)
	at org.testng.internal.TestInvoker$MethodInvocationAgent.invoke(TestInvoker.java:816)
	at org.testng.internal.TestInvoker.invokeTestMethods(TestInvoker.java:146)
	at org.testng.internal.TestMethodWorker.invokeTestMethods(TestMethodWorker.java:146)
	at org.testng.internal.TestMethodWorker.run(TestMethodWorker.java:128)
	at java.util.ArrayList.forEach(Unknown Source)
	at org.testng.TestRunner.privateRun(TestRunner.java:766)
	at org.testng.TestRunner.run(TestRunner.java:587)
	at org.testng.SuiteRunner.runTest(SuiteRunner.java:384)
	at org.testng.SuiteRunner.runSequentially(SuiteRunner.java:378)
	at org.testng.SuiteRunner.privateRun(SuiteRunner.java:337)
	at org.testng.SuiteRunner.run(SuiteRunner.java:286)
	at org.testng.SuiteRunnerWorker.runSuite(SuiteRunnerWorker.java:53)
	at org.testng.SuiteRunnerWorker.run(SuiteRunnerWorker.java:96)
	at org.testng.TestNG.runSuitesSequentially(TestNG.java:1187)
	at org.testng.TestNG.runSuitesLocally(TestNG.java:1109)
	at org.testng.TestNG.runSuites(TestNG.java:1039)
	at org.testng.TestNG.run(TestNG.java:1007)
	at org.testng.remote.AbstractRemoteTestNG.run(AbstractRemoteTestNG.java:115)
	at org.testng.remote.RemoteTestNG.initAndRun(RemoteTestNG.java:251)
	at org.testng.remote.RemoteTestNG.main(RemoteTestNG.java:77)
</pre></div></td>
<td>50</td>
<td>com.OSMOSE.testcases.oCalcPro_Licensed@6035b93b</td></tr>
<tr>
<td title='com.OSMOSE.testcases.oCalcPro_Licensed.verifyClickRenewBtn()'><b>verifyClickRenewBtn</b><br>Test class: com.OSMOSE.testcases.oCalcPro_Licensed<br>Test method: Verify click on Renew Button functionality<br/>
<a href="#Output-1842482889" onClick='toggleBox("Output-1842482889", this, "Show output", "Hide output");'>Show output</a>

<a href="#Output-1842482889" onClick="toggleAllBoxes();">Show all outputs</a>
<div class='log' id="Output-1842482889">
Click to see Screenshot<br/>
<a target="_blank" href=Wed_Dec_09_17_39_54_IST_2020.jpg>Screenshot</a><br/>
<br><br/>
<br><br/>
<a target="_blank" href=Wed_Dec_09_17_39_54_IST_2020.jpg><img src=Wed_Dec_09_17_39_54_IST_2020.jpg height=200 width=200></img></a><br/>
</div>
</td>
<td><div><pre>org.openqa.selenium.ElementClickInterceptedException: element click intercepted: Element &lt;input ref=&quot;eInput&quot; class=&quot;ag-input-field-input ag-checkbox-input&quot; type=&quot;checkbox&quot; id=&quot;ag-input-id-3051&quot; aria-label=&quot;Toggle Row Selection&quot;&gt; is not clickable at point (152, 447). Other element would receive the click: &lt;div id=&quot;tranferLicense&quot; role=&quot;dialog&quot; aria-describedby=&quot;tranferLicense___BV_modal_body_&quot; class=&quot;modal fade show&quot; aria-modal=&quot;true&quot; style=&quot;display: block;&quot;&gt;...&lt;/div&gt;
  (Session info: chrome=86.0.4240.198)
Build info: version: &apos;3.14.0&apos;, revision: &apos;aacccce0&apos;, time: &apos;2018-08-02T20:19:58.91Z&apos;
System info: host: &apos;5CG6323N27&apos;, ip: &apos;192.168.0.12&apos;, os.name: &apos;Windows 10&apos;, os.arch: &apos;amd64&apos;, os.version: &apos;10.0&apos;, java.version: &apos;1.8.0_191&apos;
Driver info: org.openqa.selenium.chrome.ChromeDriver
Capabilities {acceptInsecureCerts: false, browserName: chrome, browserVersion: 86.0.4240.198, chrome: {chromedriverVersion: 85.0.4183.87 (cd6713ebf92fa..., userDataDir: C:\Windows\Temp\scoped_dir1...}, goog:chromeOptions: {debuggerAddress: localhost:58551}, javascriptEnabled: true, networkConnectionEnabled: false, pageLoadStrategy: none, platform: WINDOWS, platformName: WINDOWS, proxy: Proxy(), setWindowRect: true, strictFileInteractability: false, timeouts: {implicit: 0, pageLoad: 300000, script: 30000}, unhandledPromptBehavior: dismiss and notify, webauthn:virtualAuthenticators: true}
Session ID: 84f6fecc9037269586a89f1e5fd08017
	at org.openqa.selenium.remote.http.W3CHttpResponseCodec.createException(W3CHttpResponseCodec.java:187)
	at org.openqa.selenium.remote.http.W3CHttpResponseCodec.decode(W3CHttpResponseCodec.java:122)
	at org.openqa.selenium.remote.http.W3CHttpResponseCodec.decode(W3CHttpResponseCodec.java:49)
	at org.openqa.selenium.remote.HttpCommandExecutor.execute(HttpCommandExecutor.java:158)
	at org.openqa.selenium.remote.service.DriverCommandExecutor.execute(DriverCommandExecutor.java:83)
	at org.openqa.selenium.remote.RemoteWebDriver.execute(RemoteWebDriver.java:548)
	at org.openqa.selenium.remote.RemoteWebElement.execute(RemoteWebElement.java:276)
	at org.openqa.selenium.remote.RemoteWebElement.click(RemoteWebElement.java:83)
	at com.OSMOSE.base.Page.click(Page.java:183)
	at com.OSMOSE.testcases.oCalcPro_Licensed.verifyClickRenewBtn(oCalcPro_Licensed.java:1215)
	at java.util.ArrayList.forEach(Unknown Source)
... Removed 31 stack frames</pre></div><a href='#' onClick='toggleBox("stack-trace1842482889", this, "Click to show all stack frames", "Click to hide stack frames")'>Click to show all stack frames</a>
<div class='stack-trace' id='stack-trace1842482889'><pre>org.openqa.selenium.ElementClickInterceptedException: element click intercepted: Element &lt;input ref=&quot;eInput&quot; class=&quot;ag-input-field-input ag-checkbox-input&quot; type=&quot;checkbox&quot; id=&quot;ag-input-id-3051&quot; aria-label=&quot;Toggle Row Selection&quot;&gt; is not clickable at point (152, 447). Other element would receive the click: &lt;div id=&quot;tranferLicense&quot; role=&quot;dialog&quot; aria-describedby=&quot;tranferLicense___BV_modal_body_&quot; class=&quot;modal fade show&quot; aria-modal=&quot;true&quot; style=&quot;display: block;&quot;&gt;...&lt;/div&gt;
  (Session info: chrome=86.0.4240.198)
Build info: version: &apos;3.14.0&apos;, revision: &apos;aacccce0&apos;, time: &apos;2018-08-02T20:19:58.91Z&apos;
System info: host: &apos;5CG6323N27&apos;, ip: &apos;192.168.0.12&apos;, os.name: &apos;Windows 10&apos;, os.arch: &apos;amd64&apos;, os.version: &apos;10.0&apos;, java.version: &apos;1.8.0_191&apos;
Driver info: org.openqa.selenium.chrome.ChromeDriver
Capabilities {acceptInsecureCerts: false, browserName: chrome, browserVersion: 86.0.4240.198, chrome: {chromedriverVersion: 85.0.4183.87 (cd6713ebf92fa..., userDataDir: C:\Windows\Temp\scoped_dir1...}, goog:chromeOptions: {debuggerAddress: localhost:58551}, javascriptEnabled: true, networkConnectionEnabled: false, pageLoadStrategy: none, platform: WINDOWS, platformName: WINDOWS, proxy: Proxy(), setWindowRect: true, strictFileInteractability: false, timeouts: {implicit: 0, pageLoad: 300000, script: 30000}, unhandledPromptBehavior: dismiss and notify, webauthn:virtualAuthenticators: true}
Session ID: 84f6fecc9037269586a89f1e5fd08017
	at sun.reflect.NativeConstructorAccessorImpl.newInstance0(Native Method)
	at sun.reflect.NativeConstructorAccessorImpl.newInstance(Unknown Source)
	at sun.reflect.DelegatingConstructorAccessorImpl.newInstance(Unknown Source)
	at java.lang.reflect.Constructor.newInstance(Unknown Source)
	at org.openqa.selenium.remote.http.W3CHttpResponseCodec.createException(W3CHttpResponseCodec.java:187)
	at org.openqa.selenium.remote.http.W3CHttpResponseCodec.decode(W3CHttpResponseCodec.java:122)
	at org.openqa.selenium.remote.http.W3CHttpResponseCodec.decode(W3CHttpResponseCodec.java:49)
	at org.openqa.selenium.remote.HttpCommandExecutor.execute(HttpCommandExecutor.java:158)
	at org.openqa.selenium.remote.service.DriverCommandExecutor.execute(DriverCommandExecutor.java:83)
	at org.openqa.selenium.remote.RemoteWebDriver.execute(RemoteWebDriver.java:548)
	at org.openqa.selenium.remote.RemoteWebElement.execute(RemoteWebElement.java:276)
	at org.openqa.selenium.remote.RemoteWebElement.click(RemoteWebElement.java:83)
	at com.OSMOSE.base.Page.click(Page.java:183)
	at com.OSMOSE.testcases.oCalcPro_Licensed.verifyClickRenewBtn(oCalcPro_Licensed.java:1215)
	at sun.reflect.NativeMethodAccessorImpl.invoke0(Native Method)
	at sun.reflect.NativeMethodAccessorImpl.invoke(Unknown Source)
	at sun.reflect.DelegatingMethodAccessorImpl.invoke(Unknown Source)
	at java.lang.reflect.Method.invoke(Unknown Source)
	at org.testng.internal.MethodInvocationHelper.invokeMethod(MethodInvocationHelper.java:134)
	at org.testng.internal.TestInvoker.invokeMethod(TestInvoker.java:597)
	at org.testng.internal.TestInvoker.invokeTestMethod(TestInvoker.java:173)
	at org.testng.internal.MethodRunner.runInSequence(MethodRunner.java:46)
	at org.testng.internal.TestInvoker$MethodInvocationAgent.invoke(TestInvoker.java:816)
	at org.testng.internal.TestInvoker.invokeTestMethods(TestInvoker.java:146)
	at org.testng.internal.TestMethodWorker.invokeTestMethods(TestMethodWorker.java:146)
	at org.testng.internal.TestMethodWorker.run(TestMethodWorker.java:128)
	at java.util.ArrayList.forEach(Unknown Source)
	at org.testng.TestRunner.privateRun(TestRunner.java:766)
	at org.testng.TestRunner.run(TestRunner.java:587)
	at org.testng.SuiteRunner.runTest(SuiteRunner.java:384)
	at org.testng.SuiteRunner.runSequentially(SuiteRunner.java:378)
	at org.testng.SuiteRunner.privateRun(SuiteRunner.java:337)
	at org.testng.SuiteRunner.run(SuiteRunner.java:286)
	at org.testng.SuiteRunnerWorker.runSuite(SuiteRunnerWorker.java:53)
	at org.testng.SuiteRunnerWorker.run(SuiteRunnerWorker.java:96)
	at org.testng.TestNG.runSuitesSequentially(TestNG.java:1187)
	at org.testng.TestNG.runSuitesLocally(TestNG.java:1109)
	at org.testng.TestNG.runSuites(TestNG.java:1039)
	at org.testng.TestNG.run(TestNG.java:1007)
	at org.testng.remote.AbstractRemoteTestNG.run(AbstractRemoteTestNG.java:115)
	at org.testng.remote.RemoteTestNG.initAndRun(RemoteTestNG.java:251)
	at org.testng.remote.RemoteTestNG.main(RemoteTestNG.java:77)
</pre></div></td>
<td>1</td>
<td>com.OSMOSE.testcases.oCalcPro_Licensed@6035b93b</td></tr>
<tr>
<td title='com.OSMOSE.testcases.oCalcPro_Licensed.verifyClickResend()'><b>verifyClickResend</b><br>Test class: com.OSMOSE.testcases.oCalcPro_Licensed<br>Test method: Verify Resend button functionality<br/>
<a href="#Output-1087332948" onClick='toggleBox("Output-1087332948", this, "Show output", "Hide output");'>Show output</a>

<a href="#Output-1087332948" onClick="toggleAllBoxes();">Show all outputs</a>
<div class='log' id="Output-1087332948">
Click to see Screenshot<br/>
<a target="_blank" href=Wed_Dec_09_17_39_50_IST_2020.jpg>Screenshot</a><br/>
<br><br/>
<br><br/>
<a target="_blank" href=Wed_Dec_09_17_39_50_IST_2020.jpg><img src=Wed_Dec_09_17_39_50_IST_2020.jpg height=200 width=200></img></a><br/>
</div>
</td>
<td><div><pre>org.openqa.selenium.ElementClickInterceptedException: element click intercepted: Element &lt;input ref=&quot;eInput&quot; class=&quot;ag-input-field-input ag-checkbox-input&quot; type=&quot;checkbox&quot; id=&quot;ag-input-id-3051&quot; aria-label=&quot;Toggle Row Selection&quot;&gt; is not clickable at point (152, 447). Other element would receive the click: &lt;div id=&quot;tranferLicense&quot; role=&quot;dialog&quot; aria-describedby=&quot;tranferLicense___BV_modal_body_&quot; class=&quot;modal fade show&quot; aria-modal=&quot;true&quot; style=&quot;display: block;&quot;&gt;...&lt;/div&gt;
  (Session info: chrome=86.0.4240.198)
Build info: version: &apos;3.14.0&apos;, revision: &apos;aacccce0&apos;, time: &apos;2018-08-02T20:19:58.91Z&apos;
System info: host: &apos;5CG6323N27&apos;, ip: &apos;192.168.0.12&apos;, os.name: &apos;Windows 10&apos;, os.arch: &apos;amd64&apos;, os.version: &apos;10.0&apos;, java.version: &apos;1.8.0_191&apos;
Driver info: org.openqa.selenium.chrome.ChromeDriver
Capabilities {acceptInsecureCerts: false, browserName: chrome, browserVersion: 86.0.4240.198, chrome: {chromedriverVersion: 85.0.4183.87 (cd6713ebf92fa..., userDataDir: C:\Windows\Temp\scoped_dir1...}, goog:chromeOptions: {debuggerAddress: localhost:58551}, javascriptEnabled: true, networkConnectionEnabled: false, pageLoadStrategy: none, platform: WINDOWS, platformName: WINDOWS, proxy: Proxy(), setWindowRect: true, strictFileInteractability: false, timeouts: {implicit: 0, pageLoad: 300000, script: 30000}, unhandledPromptBehavior: dismiss and notify, webauthn:virtualAuthenticators: true}
Session ID: 84f6fecc9037269586a89f1e5fd08017
	at org.openqa.selenium.remote.http.W3CHttpResponseCodec.createException(W3CHttpResponseCodec.java:187)
	at org.openqa.selenium.remote.http.W3CHttpResponseCodec.decode(W3CHttpResponseCodec.java:122)
	at org.openqa.selenium.remote.http.W3CHttpResponseCodec.decode(W3CHttpResponseCodec.java:49)
	at org.openqa.selenium.remote.HttpCommandExecutor.execute(HttpCommandExecutor.java:158)
	at org.openqa.selenium.remote.service.DriverCommandExecutor.execute(DriverCommandExecutor.java:83)
	at org.openqa.selenium.remote.RemoteWebDriver.execute(RemoteWebDriver.java:548)
	at org.openqa.selenium.remote.RemoteWebElement.execute(RemoteWebElement.java:276)
	at org.openqa.selenium.remote.RemoteWebElement.click(RemoteWebElement.java:83)
	at com.OSMOSE.base.Page.click(Page.java:183)
	at com.OSMOSE.testcases.oCalcPro_Licensed.verifyClickResend(oCalcPro_Licensed.java:1155)
	at java.util.ArrayList.forEach(Unknown Source)
... Removed 31 stack frames</pre></div><a href='#' onClick='toggleBox("stack-trace1087332948", this, "Click to show all stack frames", "Click to hide stack frames")'>Click to show all stack frames</a>
<div class='stack-trace' id='stack-trace1087332948'><pre>org.openqa.selenium.ElementClickInterceptedException: element click intercepted: Element &lt;input ref=&quot;eInput&quot; class=&quot;ag-input-field-input ag-checkbox-input&quot; type=&quot;checkbox&quot; id=&quot;ag-input-id-3051&quot; aria-label=&quot;Toggle Row Selection&quot;&gt; is not clickable at point (152, 447). Other element would receive the click: &lt;div id=&quot;tranferLicense&quot; role=&quot;dialog&quot; aria-describedby=&quot;tranferLicense___BV_modal_body_&quot; class=&quot;modal fade show&quot; aria-modal=&quot;true&quot; style=&quot;display: block;&quot;&gt;...&lt;/div&gt;
  (Session info: chrome=86.0.4240.198)
Build info: version: &apos;3.14.0&apos;, revision: &apos;aacccce0&apos;, time: &apos;2018-08-02T20:19:58.91Z&apos;
System info: host: &apos;5CG6323N27&apos;, ip: &apos;192.168.0.12&apos;, os.name: &apos;Windows 10&apos;, os.arch: &apos;amd64&apos;, os.version: &apos;10.0&apos;, java.version: &apos;1.8.0_191&apos;
Driver info: org.openqa.selenium.chrome.ChromeDriver
Capabilities {acceptInsecureCerts: false, browserName: chrome, browserVersion: 86.0.4240.198, chrome: {chromedriverVersion: 85.0.4183.87 (cd6713ebf92fa..., userDataDir: C:\Windows\Temp\scoped_dir1...}, goog:chromeOptions: {debuggerAddress: localhost:58551}, javascriptEnabled: true, networkConnectionEnabled: false, pageLoadStrategy: none, platform: WINDOWS, platformName: WINDOWS, proxy: Proxy(), setWindowRect: true, strictFileInteractability: false, timeouts: {implicit: 0, pageLoad: 300000, script: 30000}, unhandledPromptBehavior: dismiss and notify, webauthn:virtualAuthenticators: true}
Session ID: 84f6fecc9037269586a89f1e5fd08017
	at sun.reflect.NativeConstructorAccessorImpl.newInstance0(Native Method)
	at sun.reflect.NativeConstructorAccessorImpl.newInstance(Unknown Source)
	at sun.reflect.DelegatingConstructorAccessorImpl.newInstance(Unknown Source)
	at java.lang.reflect.Constructor.newInstance(Unknown Source)
	at org.openqa.selenium.remote.http.W3CHttpResponseCodec.createException(W3CHttpResponseCodec.java:187)
	at org.openqa.selenium.remote.http.W3CHttpResponseCodec.decode(W3CHttpResponseCodec.java:122)
	at org.openqa.selenium.remote.http.W3CHttpResponseCodec.decode(W3CHttpResponseCodec.java:49)
	at org.openqa.selenium.remote.HttpCommandExecutor.execute(HttpCommandExecutor.java:158)
	at org.openqa.selenium.remote.service.DriverCommandExecutor.execute(DriverCommandExecutor.java:83)
	at org.openqa.selenium.remote.RemoteWebDriver.execute(RemoteWebDriver.java:548)
	at org.openqa.selenium.remote.RemoteWebElement.execute(RemoteWebElement.java:276)
	at org.openqa.selenium.remote.RemoteWebElement.click(RemoteWebElement.java:83)
	at com.OSMOSE.base.Page.click(Page.java:183)
	at com.OSMOSE.testcases.oCalcPro_Licensed.verifyClickResend(oCalcPro_Licensed.java:1155)
	at sun.reflect.NativeMethodAccessorImpl.invoke0(Native Method)
	at sun.reflect.NativeMethodAccessorImpl.invoke(Unknown Source)
	at sun.reflect.DelegatingMethodAccessorImpl.invoke(Unknown Source)
	at java.lang.reflect.Method.invoke(Unknown Source)
	at org.testng.internal.MethodInvocationHelper.invokeMethod(MethodInvocationHelper.java:134)
	at org.testng.internal.TestInvoker.invokeMethod(TestInvoker.java:597)
	at org.testng.internal.TestInvoker.invokeTestMethod(TestInvoker.java:173)
	at org.testng.internal.MethodRunner.runInSequence(MethodRunner.java:46)
	at org.testng.internal.TestInvoker$MethodInvocationAgent.invoke(TestInvoker.java:816)
	at org.testng.internal.TestInvoker.invokeTestMethods(TestInvoker.java:146)
	at org.testng.internal.TestMethodWorker.invokeTestMethods(TestMethodWorker.java:146)
	at org.testng.internal.TestMethodWorker.run(TestMethodWorker.java:128)
	at java.util.ArrayList.forEach(Unknown Source)
	at org.testng.TestRunner.privateRun(TestRunner.java:766)
	at org.testng.TestRunner.run(TestRunner.java:587)
	at org.testng.SuiteRunner.runTest(SuiteRunner.java:384)
	at org.testng.SuiteRunner.runSequentially(SuiteRunner.java:378)
	at org.testng.SuiteRunner.privateRun(SuiteRunner.java:337)
	at org.testng.SuiteRunner.run(SuiteRunner.java:286)
	at org.testng.SuiteRunnerWorker.runSuite(SuiteRunnerWorker.java:53)
	at org.testng.SuiteRunnerWorker.run(SuiteRunnerWorker.java:96)
	at org.testng.TestNG.runSuitesSequentially(TestNG.java:1187)
	at org.testng.TestNG.runSuitesLocally(TestNG.java:1109)
	at org.testng.TestNG.runSuites(TestNG.java:1039)
	at org.testng.TestNG.run(TestNG.java:1007)
	at org.testng.remote.AbstractRemoteTestNG.run(AbstractRemoteTestNG.java:115)
	at org.testng.remote.RemoteTestNG.initAndRun(RemoteTestNG.java:251)
	at org.testng.remote.RemoteTestNG.main(RemoteTestNG.java:77)
</pre></div></td>
<td>1</td>
<td>com.OSMOSE.testcases.oCalcPro_Licensed@6035b93b</td></tr>
<tr>
<td title='com.OSMOSE.testcases.oCalcPro_Licensed.verifyClickTransferLicenseBtn()'><b>verifyClickTransferLicenseBtn</b><br>Test class: com.OSMOSE.testcases.oCalcPro_Licensed<br>Test method: Verify click on Transfer License Button<br/>
<a href="#Output-1824379333" onClick='toggleBox("Output-1824379333", this, "Show output", "Hide output");'>Show output</a>

<a href="#Output-1824379333" onClick="toggleAllBoxes();">Show all outputs</a>
<div class='log' id="Output-1824379333">
Click to see Screenshot<br/>
<a target="_blank" href=Wed_Dec_09_17_39_48_IST_2020.jpg>Screenshot</a><br/>
<br><br/>
<br><br/>
<a target="_blank" href=Wed_Dec_09_17_39_48_IST_2020.jpg><img src=Wed_Dec_09_17_39_48_IST_2020.jpg height=200 width=200></img></a><br/>
</div>
</td>
<td><div><pre>org.openqa.selenium.ElementClickInterceptedException: element click intercepted: Element &lt;button data-v-69dd4fdc=&quot;&quot; id=&quot;OCalTranfBtn&quot; class=&quot;btnRoundedMid&quot;&gt;...&lt;/button&gt; is not clickable at point (907, 60). Other element would receive the click: &lt;div id=&quot;tranferLicense&quot; role=&quot;dialog&quot; aria-describedby=&quot;tranferLicense___BV_modal_body_&quot; class=&quot;modal fade show&quot; aria-modal=&quot;true&quot; style=&quot;display: block;&quot;&gt;...&lt;/div&gt;
  (Session info: chrome=86.0.4240.198)
Build info: version: &apos;3.14.0&apos;, revision: &apos;aacccce0&apos;, time: &apos;2018-08-02T20:19:58.91Z&apos;
System info: host: &apos;5CG6323N27&apos;, ip: &apos;192.168.0.12&apos;, os.name: &apos;Windows 10&apos;, os.arch: &apos;amd64&apos;, os.version: &apos;10.0&apos;, java.version: &apos;1.8.0_191&apos;
Driver info: org.openqa.selenium.chrome.ChromeDriver
Capabilities {acceptInsecureCerts: false, browserName: chrome, browserVersion: 86.0.4240.198, chrome: {chromedriverVersion: 85.0.4183.87 (cd6713ebf92fa..., userDataDir: C:\Windows\Temp\scoped_dir1...}, goog:chromeOptions: {debuggerAddress: localhost:58551}, javascriptEnabled: true, networkConnectionEnabled: false, pageLoadStrategy: none, platform: WINDOWS, platformName: WINDOWS, proxy: Proxy(), setWindowRect: true, strictFileInteractability: false, timeouts: {implicit: 0, pageLoad: 300000, script: 30000}, unhandledPromptBehavior: dismiss and notify, webauthn:virtualAuthenticators: true}
Session ID: 84f6fecc9037269586a89f1e5fd08017
	at org.openqa.selenium.remote.http.W3CHttpResponseCodec.createException(W3CHttpResponseCodec.java:187)
	at org.openqa.selenium.remote.http.W3CHttpResponseCodec.decode(W3CHttpResponseCodec.java:122)
	at org.openqa.selenium.remote.http.W3CHttpResponseCodec.decode(W3CHttpResponseCodec.java:49)
	at org.openqa.selenium.remote.HttpCommandExecutor.execute(HttpCommandExecutor.java:158)
	at org.openqa.selenium.remote.service.DriverCommandExecutor.execute(DriverCommandExecutor.java:83)
	at org.openqa.selenium.remote.RemoteWebDriver.execute(RemoteWebDriver.java:548)
	at org.openqa.selenium.remote.RemoteWebElement.execute(RemoteWebElement.java:276)
	at org.openqa.selenium.remote.RemoteWebElement.click(RemoteWebElement.java:83)
	at com.OSMOSE.base.Page.click(Page.java:183)
	at com.OSMOSE.testcases.oCalcPro_Licensed.verifyClickTransferLicenseBtn(oCalcPro_Licensed.java:1141)
	at java.util.ArrayList.forEach(Unknown Source)
... Removed 31 stack frames</pre></div><a href='#' onClick='toggleBox("stack-trace1824379333", this, "Click to show all stack frames", "Click to hide stack frames")'>Click to show all stack frames</a>
<div class='stack-trace' id='stack-trace1824379333'><pre>org.openqa.selenium.ElementClickInterceptedException: element click intercepted: Element &lt;button data-v-69dd4fdc=&quot;&quot; id=&quot;OCalTranfBtn&quot; class=&quot;btnRoundedMid&quot;&gt;...&lt;/button&gt; is not clickable at point (907, 60). Other element would receive the click: &lt;div id=&quot;tranferLicense&quot; role=&quot;dialog&quot; aria-describedby=&quot;tranferLicense___BV_modal_body_&quot; class=&quot;modal fade show&quot; aria-modal=&quot;true&quot; style=&quot;display: block;&quot;&gt;...&lt;/div&gt;
  (Session info: chrome=86.0.4240.198)
Build info: version: &apos;3.14.0&apos;, revision: &apos;aacccce0&apos;, time: &apos;2018-08-02T20:19:58.91Z&apos;
System info: host: &apos;5CG6323N27&apos;, ip: &apos;192.168.0.12&apos;, os.name: &apos;Windows 10&apos;, os.arch: &apos;amd64&apos;, os.version: &apos;10.0&apos;, java.version: &apos;1.8.0_191&apos;
Driver info: org.openqa.selenium.chrome.ChromeDriver
Capabilities {acceptInsecureCerts: false, browserName: chrome, browserVersion: 86.0.4240.198, chrome: {chromedriverVersion: 85.0.4183.87 (cd6713ebf92fa..., userDataDir: C:\Windows\Temp\scoped_dir1...}, goog:chromeOptions: {debuggerAddress: localhost:58551}, javascriptEnabled: true, networkConnectionEnabled: false, pageLoadStrategy: none, platform: WINDOWS, platformName: WINDOWS, proxy: Proxy(), setWindowRect: true, strictFileInteractability: false, timeouts: {implicit: 0, pageLoad: 300000, script: 30000}, unhandledPromptBehavior: dismiss and notify, webauthn:virtualAuthenticators: true}
Session ID: 84f6fecc9037269586a89f1e5fd08017
	at sun.reflect.NativeConstructorAccessorImpl.newInstance0(Native Method)
	at sun.reflect.NativeConstructorAccessorImpl.newInstance(Unknown Source)
	at sun.reflect.DelegatingConstructorAccessorImpl.newInstance(Unknown Source)
	at java.lang.reflect.Constructor.newInstance(Unknown Source)
	at org.openqa.selenium.remote.http.W3CHttpResponseCodec.createException(W3CHttpResponseCodec.java:187)
	at org.openqa.selenium.remote.http.W3CHttpResponseCodec.decode(W3CHttpResponseCodec.java:122)
	at org.openqa.selenium.remote.http.W3CHttpResponseCodec.decode(W3CHttpResponseCodec.java:49)
	at org.openqa.selenium.remote.HttpCommandExecutor.execute(HttpCommandExecutor.java:158)
	at org.openqa.selenium.remote.service.DriverCommandExecutor.execute(DriverCommandExecutor.java:83)
	at org.openqa.selenium.remote.RemoteWebDriver.execute(RemoteWebDriver.java:548)
	at org.openqa.selenium.remote.RemoteWebElement.execute(RemoteWebElement.java:276)
	at org.openqa.selenium.remote.RemoteWebElement.click(RemoteWebElement.java:83)
	at com.OSMOSE.base.Page.click(Page.java:183)
	at com.OSMOSE.testcases.oCalcPro_Licensed.verifyClickTransferLicenseBtn(oCalcPro_Licensed.java:1141)
	at sun.reflect.NativeMethodAccessorImpl.invoke0(Native Method)
	at sun.reflect.NativeMethodAccessorImpl.invoke(Unknown Source)
	at sun.reflect.DelegatingMethodAccessorImpl.invoke(Unknown Source)
	at java.lang.reflect.Method.invoke(Unknown Source)
	at org.testng.internal.MethodInvocationHelper.invokeMethod(MethodInvocationHelper.java:134)
	at org.testng.internal.TestInvoker.invokeMethod(TestInvoker.java:597)
	at org.testng.internal.TestInvoker.invokeTestMethod(TestInvoker.java:173)
	at org.testng.internal.MethodRunner.runInSequence(MethodRunner.java:46)
	at org.testng.internal.TestInvoker$MethodInvocationAgent.invoke(TestInvoker.java:816)
	at org.testng.internal.TestInvoker.invokeTestMethods(TestInvoker.java:146)
	at org.testng.internal.TestMethodWorker.invokeTestMethods(TestMethodWorker.java:146)
	at org.testng.internal.TestMethodWorker.run(TestMethodWorker.java:128)
	at java.util.ArrayList.forEach(Unknown Source)
	at org.testng.TestRunner.privateRun(TestRunner.java:766)
	at org.testng.TestRunner.run(TestRunner.java:587)
	at org.testng.SuiteRunner.runTest(SuiteRunner.java:384)
	at org.testng.SuiteRunner.runSequentially(SuiteRunner.java:378)
	at org.testng.SuiteRunner.privateRun(SuiteRunner.java:337)
	at org.testng.SuiteRunner.run(SuiteRunner.java:286)
	at org.testng.SuiteRunnerWorker.runSuite(SuiteRunnerWorker.java:53)
	at org.testng.SuiteRunnerWorker.run(SuiteRunnerWorker.java:96)
	at org.testng.TestNG.runSuitesSequentially(TestNG.java:1187)
	at org.testng.TestNG.runSuitesLocally(TestNG.java:1109)
	at org.testng.TestNG.runSuites(TestNG.java:1039)
	at org.testng.TestNG.run(TestNG.java:1007)
	at org.testng.remote.AbstractRemoteTestNG.run(AbstractRemoteTestNG.java:115)
	at org.testng.remote.RemoteTestNG.initAndRun(RemoteTestNG.java:251)
	at org.testng.remote.RemoteTestNG.main(RemoteTestNG.java:77)
</pre></div></td>
<td>1</td>
<td>com.OSMOSE.testcases.oCalcPro_Licensed@6035b93b</td></tr>
<tr>
<td title='com.OSMOSE.testcases.oCalcPro_Licensed.verifyClickUpdateContactBtn()'><b>verifyClickUpdateContactBtn</b><br>Test class: com.OSMOSE.testcases.oCalcPro_Licensed<br>Test method: Verify click on Update Contact Button<br/>
<a href="#Output-367575104" onClick='toggleBox("Output-367575104", this, "Show output", "Hide output");'>Show output</a>

<a href="#Output-367575104" onClick="toggleAllBoxes();">Show all outputs</a>
<div class='log' id="Output-367575104">
Click to see Screenshot<br/>
<a target="_blank" href=Wed_Dec_09_17_39_52_IST_2020.jpg>Screenshot</a><br/>
<br><br/>
<br><br/>
<a target="_blank" href=Wed_Dec_09_17_39_52_IST_2020.jpg><img src=Wed_Dec_09_17_39_52_IST_2020.jpg height=200 width=200></img></a><br/>
</div>
</td>
<td><div><pre>org.openqa.selenium.ElementClickInterceptedException: element click intercepted: Element &lt;button data-v-69dd4fdc=&quot;&quot; id=&quot;OCalUpdContactBtn&quot; class=&quot;btnRoundedMid&quot;&gt;...&lt;/button&gt; is not clickable at point (1126, 60). Other element would receive the click: &lt;div id=&quot;tranferLicense&quot; role=&quot;dialog&quot; aria-describedby=&quot;tranferLicense___BV_modal_body_&quot; class=&quot;modal fade show&quot; aria-modal=&quot;true&quot; style=&quot;display: block;&quot;&gt;...&lt;/div&gt;
  (Session info: chrome=86.0.4240.198)
Build info: version: &apos;3.14.0&apos;, revision: &apos;aacccce0&apos;, time: &apos;2018-08-02T20:19:58.91Z&apos;
System info: host: &apos;5CG6323N27&apos;, ip: &apos;192.168.0.12&apos;, os.name: &apos;Windows 10&apos;, os.arch: &apos;amd64&apos;, os.version: &apos;10.0&apos;, java.version: &apos;1.8.0_191&apos;
Driver info: org.openqa.selenium.chrome.ChromeDriver
Capabilities {acceptInsecureCerts: false, browserName: chrome, browserVersion: 86.0.4240.198, chrome: {chromedriverVersion: 85.0.4183.87 (cd6713ebf92fa..., userDataDir: C:\Windows\Temp\scoped_dir1...}, goog:chromeOptions: {debuggerAddress: localhost:58551}, javascriptEnabled: true, networkConnectionEnabled: false, pageLoadStrategy: none, platform: WINDOWS, platformName: WINDOWS, proxy: Proxy(), setWindowRect: true, strictFileInteractability: false, timeouts: {implicit: 0, pageLoad: 300000, script: 30000}, unhandledPromptBehavior: dismiss and notify, webauthn:virtualAuthenticators: true}
Session ID: 84f6fecc9037269586a89f1e5fd08017
	at org.openqa.selenium.remote.http.W3CHttpResponseCodec.createException(W3CHttpResponseCodec.java:187)
	at org.openqa.selenium.remote.http.W3CHttpResponseCodec.decode(W3CHttpResponseCodec.java:122)
	at org.openqa.selenium.remote.http.W3CHttpResponseCodec.decode(W3CHttpResponseCodec.java:49)
	at org.openqa.selenium.remote.HttpCommandExecutor.execute(HttpCommandExecutor.java:158)
	at org.openqa.selenium.remote.service.DriverCommandExecutor.execute(DriverCommandExecutor.java:83)
	at org.openqa.selenium.remote.RemoteWebDriver.execute(RemoteWebDriver.java:548)
	at org.openqa.selenium.remote.RemoteWebElement.execute(RemoteWebElement.java:276)
	at org.openqa.selenium.remote.RemoteWebElement.click(RemoteWebElement.java:83)
	at com.OSMOSE.base.Page.click(Page.java:183)
	at com.OSMOSE.testcases.oCalcPro_Licensed.verifyClickUpdateContactBtn(oCalcPro_Licensed.java:1202)
	at java.util.ArrayList.forEach(Unknown Source)
... Removed 31 stack frames</pre></div><a href='#' onClick='toggleBox("stack-trace367575104", this, "Click to show all stack frames", "Click to hide stack frames")'>Click to show all stack frames</a>
<div class='stack-trace' id='stack-trace367575104'><pre>org.openqa.selenium.ElementClickInterceptedException: element click intercepted: Element &lt;button data-v-69dd4fdc=&quot;&quot; id=&quot;OCalUpdContactBtn&quot; class=&quot;btnRoundedMid&quot;&gt;...&lt;/button&gt; is not clickable at point (1126, 60). Other element would receive the click: &lt;div id=&quot;tranferLicense&quot; role=&quot;dialog&quot; aria-describedby=&quot;tranferLicense___BV_modal_body_&quot; class=&quot;modal fade show&quot; aria-modal=&quot;true&quot; style=&quot;display: block;&quot;&gt;...&lt;/div&gt;
  (Session info: chrome=86.0.4240.198)
Build info: version: &apos;3.14.0&apos;, revision: &apos;aacccce0&apos;, time: &apos;2018-08-02T20:19:58.91Z&apos;
System info: host: &apos;5CG6323N27&apos;, ip: &apos;192.168.0.12&apos;, os.name: &apos;Windows 10&apos;, os.arch: &apos;amd64&apos;, os.version: &apos;10.0&apos;, java.version: &apos;1.8.0_191&apos;
Driver info: org.openqa.selenium.chrome.ChromeDriver
Capabilities {acceptInsecureCerts: false, browserName: chrome, browserVersion: 86.0.4240.198, chrome: {chromedriverVersion: 85.0.4183.87 (cd6713ebf92fa..., userDataDir: C:\Windows\Temp\scoped_dir1...}, goog:chromeOptions: {debuggerAddress: localhost:58551}, javascriptEnabled: true, networkConnectionEnabled: false, pageLoadStrategy: none, platform: WINDOWS, platformName: WINDOWS, proxy: Proxy(), setWindowRect: true, strictFileInteractability: false, timeouts: {implicit: 0, pageLoad: 300000, script: 30000}, unhandledPromptBehavior: dismiss and notify, webauthn:virtualAuthenticators: true}
Session ID: 84f6fecc9037269586a89f1e5fd08017
	at sun.reflect.NativeConstructorAccessorImpl.newInstance0(Native Method)
	at sun.reflect.NativeConstructorAccessorImpl.newInstance(Unknown Source)
	at sun.reflect.DelegatingConstructorAccessorImpl.newInstance(Unknown Source)
	at java.lang.reflect.Constructor.newInstance(Unknown Source)
	at org.openqa.selenium.remote.http.W3CHttpResponseCodec.createException(W3CHttpResponseCodec.java:187)
	at org.openqa.selenium.remote.http.W3CHttpResponseCodec.decode(W3CHttpResponseCodec.java:122)
	at org.openqa.selenium.remote.http.W3CHttpResponseCodec.decode(W3CHttpResponseCodec.java:49)
	at org.openqa.selenium.remote.HttpCommandExecutor.execute(HttpCommandExecutor.java:158)
	at org.openqa.selenium.remote.service.DriverCommandExecutor.execute(DriverCommandExecutor.java:83)
	at org.openqa.selenium.remote.RemoteWebDriver.execute(RemoteWebDriver.java:548)
	at org.openqa.selenium.remote.RemoteWebElement.execute(RemoteWebElement.java:276)
	at org.openqa.selenium.remote.RemoteWebElement.click(RemoteWebElement.java:83)
	at com.OSMOSE.base.Page.click(Page.java:183)
	at com.OSMOSE.testcases.oCalcPro_Licensed.verifyClickUpdateContactBtn(oCalcPro_Licensed.java:1202)
	at sun.reflect.NativeMethodAccessorImpl.invoke0(Native Method)
	at sun.reflect.NativeMethodAccessorImpl.invoke(Unknown Source)
	at sun.reflect.DelegatingMethodAccessorImpl.invoke(Unknown Source)
	at java.lang.reflect.Method.invoke(Unknown Source)
	at org.testng.internal.MethodInvocationHelper.invokeMethod(MethodInvocationHelper.java:134)
	at org.testng.internal.TestInvoker.invokeMethod(TestInvoker.java:597)
	at org.testng.internal.TestInvoker.invokeTestMethod(TestInvoker.java:173)
	at org.testng.internal.MethodRunner.runInSequence(MethodRunner.java:46)
	at org.testng.internal.TestInvoker$MethodInvocationAgent.invoke(TestInvoker.java:816)
	at org.testng.internal.TestInvoker.invokeTestMethods(TestInvoker.java:146)
	at org.testng.internal.TestMethodWorker.invokeTestMethods(TestMethodWorker.java:146)
	at org.testng.internal.TestMethodWorker.run(TestMethodWorker.java:128)
	at java.util.ArrayList.forEach(Unknown Source)
	at org.testng.TestRunner.privateRun(TestRunner.java:766)
	at org.testng.TestRunner.run(TestRunner.java:587)
	at org.testng.SuiteRunner.runTest(SuiteRunner.java:384)
	at org.testng.SuiteRunner.runSequentially(SuiteRunner.java:378)
	at org.testng.SuiteRunner.privateRun(SuiteRunner.java:337)
	at org.testng.SuiteRunner.run(SuiteRunner.java:286)
	at org.testng.SuiteRunnerWorker.runSuite(SuiteRunnerWorker.java:53)
	at org.testng.SuiteRunnerWorker.run(SuiteRunnerWorker.java:96)
	at org.testng.TestNG.runSuitesSequentially(TestNG.java:1187)
	at org.testng.TestNG.runSuitesLocally(TestNG.java:1109)
	at org.testng.TestNG.runSuites(TestNG.java:1039)
	at org.testng.TestNG.run(TestNG.java:1007)
	at org.testng.remote.AbstractRemoteTestNG.run(AbstractRemoteTestNG.java:115)
	at org.testng.remote.RemoteTestNG.initAndRun(RemoteTestNG.java:251)
	at org.testng.remote.RemoteTestNG.main(RemoteTestNG.java:77)
</pre></div></td>
<td>1</td>
<td>com.OSMOSE.testcases.oCalcPro_Licensed@6035b93b</td></tr>
<tr>
<td title='com.OSMOSE.testcases.oCalcPro_Licensed.verifyContentsLicenseManagementPopUp()'><b>verifyContentsLicenseManagementPopUp</b><br>Test class: com.OSMOSE.testcases.oCalcPro_Licensed<br>Test method: Verify the Contents of License Management Pop-up<br/>
<a href="#Output-1891535340" onClick='toggleBox("Output-1891535340", this, "Show output", "Hide output");'>Show output</a>

<a href="#Output-1891535340" onClick="toggleAllBoxes();">Show all outputs</a>
<div class='log' id="Output-1891535340">
Click to see Screenshot<br/>
<a target="_blank" href=Wed_Dec_09_17_34_49_IST_2020.jpg>Screenshot</a><br/>
<br><br/>
<br><br/>
<a target="_blank" href=Wed_Dec_09_17_34_49_IST_2020.jpg><img src=Wed_Dec_09_17_34_49_IST_2020.jpg height=200 width=200></img></a><br/>
</div>
</td>
<td><div><pre>org.openqa.selenium.ElementClickInterceptedException: element click intercepted: Element &lt;img data-v-0550c00d=&quot;&quot; src=&quot;/img/logo-o-calc-pro.69dd2eae.png&quot; id=&quot;logoOcalProWelcom&quot; alt=&quot;&quot; class=&quot;ocalcLogo&quot;&gt; is not clickable at point (683, 135). Other element would receive the click: &lt;a data-v-e5dcffde=&quot;&quot; href=&quot;javascript:void(0);&quot; class=&quot;d-block mainCatHeader collapsed&quot; aria-expanded=&quot;false&quot; aria-controls=&quot;Category-0&quot;&gt;...&lt;/a&gt;
  (Session info: chrome=86.0.4240.198)
Build info: version: &apos;3.14.0&apos;, revision: &apos;aacccce0&apos;, time: &apos;2018-08-02T20:19:58.91Z&apos;
System info: host: &apos;5CG6323N27&apos;, ip: &apos;192.168.0.12&apos;, os.name: &apos;Windows 10&apos;, os.arch: &apos;amd64&apos;, os.version: &apos;10.0&apos;, java.version: &apos;1.8.0_191&apos;
Driver info: org.openqa.selenium.chrome.ChromeDriver
Capabilities {acceptInsecureCerts: false, browserName: chrome, browserVersion: 86.0.4240.198, chrome: {chromedriverVersion: 85.0.4183.87 (cd6713ebf92fa..., userDataDir: C:\Windows\Temp\scoped_dir1...}, goog:chromeOptions: {debuggerAddress: localhost:58551}, javascriptEnabled: true, networkConnectionEnabled: false, pageLoadStrategy: none, platform: WINDOWS, platformName: WINDOWS, proxy: Proxy(), setWindowRect: true, strictFileInteractability: false, timeouts: {implicit: 0, pageLoad: 300000, script: 30000}, unhandledPromptBehavior: dismiss and notify, webauthn:virtualAuthenticators: true}
Session ID: 84f6fecc9037269586a89f1e5fd08017
	at org.openqa.selenium.remote.http.W3CHttpResponseCodec.createException(W3CHttpResponseCodec.java:187)
	at org.openqa.selenium.remote.http.W3CHttpResponseCodec.decode(W3CHttpResponseCodec.java:122)
	at org.openqa.selenium.remote.http.W3CHttpResponseCodec.decode(W3CHttpResponseCodec.java:49)
	at org.openqa.selenium.remote.HttpCommandExecutor.execute(HttpCommandExecutor.java:158)
	at org.openqa.selenium.remote.service.DriverCommandExecutor.execute(DriverCommandExecutor.java:83)
	at org.openqa.selenium.remote.RemoteWebDriver.execute(RemoteWebDriver.java:548)
	at org.openqa.selenium.remote.RemoteWebElement.execute(RemoteWebElement.java:276)
	at org.openqa.selenium.remote.RemoteWebElement.click(RemoteWebElement.java:83)
	at com.OSMOSE.base.Page.click(Page.java:183)
	at com.OSMOSE.pages.OU.oCalcProPage.clickoCalcProLogoForLicensedUser(oCalcProPage.java:108)
	at com.OSMOSE.testcases.oCalcPro_Licensed.verifyContentsLicenseManagementPopUp(oCalcPro_Licensed.java:844)
	at java.util.ArrayList.forEach(Unknown Source)
... Removed 31 stack frames</pre></div><a href='#' onClick='toggleBox("stack-trace1891535340", this, "Click to show all stack frames", "Click to hide stack frames")'>Click to show all stack frames</a>
<div class='stack-trace' id='stack-trace1891535340'><pre>org.openqa.selenium.ElementClickInterceptedException: element click intercepted: Element &lt;img data-v-0550c00d=&quot;&quot; src=&quot;/img/logo-o-calc-pro.69dd2eae.png&quot; id=&quot;logoOcalProWelcom&quot; alt=&quot;&quot; class=&quot;ocalcLogo&quot;&gt; is not clickable at point (683, 135). Other element would receive the click: &lt;a data-v-e5dcffde=&quot;&quot; href=&quot;javascript:void(0);&quot; class=&quot;d-block mainCatHeader collapsed&quot; aria-expanded=&quot;false&quot; aria-controls=&quot;Category-0&quot;&gt;...&lt;/a&gt;
  (Session info: chrome=86.0.4240.198)
Build info: version: &apos;3.14.0&apos;, revision: &apos;aacccce0&apos;, time: &apos;2018-08-02T20:19:58.91Z&apos;
System info: host: &apos;5CG6323N27&apos;, ip: &apos;192.168.0.12&apos;, os.name: &apos;Windows 10&apos;, os.arch: &apos;amd64&apos;, os.version: &apos;10.0&apos;, java.version: &apos;1.8.0_191&apos;
Driver info: org.openqa.selenium.chrome.ChromeDriver
Capabilities {acceptInsecureCerts: false, browserName: chrome, browserVersion: 86.0.4240.198, chrome: {chromedriverVersion: 85.0.4183.87 (cd6713ebf92fa..., userDataDir: C:\Windows\Temp\scoped_dir1...}, goog:chromeOptions: {debuggerAddress: localhost:58551}, javascriptEnabled: true, networkConnectionEnabled: false, pageLoadStrategy: none, platform: WINDOWS, platformName: WINDOWS, proxy: Proxy(), setWindowRect: true, strictFileInteractability: false, timeouts: {implicit: 0, pageLoad: 300000, script: 30000}, unhandledPromptBehavior: dismiss and notify, webauthn:virtualAuthenticators: true}
Session ID: 84f6fecc9037269586a89f1e5fd08017
	at sun.reflect.NativeConstructorAccessorImpl.newInstance0(Native Method)
	at sun.reflect.NativeConstructorAccessorImpl.newInstance(Unknown Source)
	at sun.reflect.DelegatingConstructorAccessorImpl.newInstance(Unknown Source)
	at java.lang.reflect.Constructor.newInstance(Unknown Source)
	at org.openqa.selenium.remote.http.W3CHttpResponseCodec.createException(W3CHttpResponseCodec.java:187)
	at org.openqa.selenium.remote.http.W3CHttpResponseCodec.decode(W3CHttpResponseCodec.java:122)
	at org.openqa.selenium.remote.http.W3CHttpResponseCodec.decode(W3CHttpResponseCodec.java:49)
	at org.openqa.selenium.remote.HttpCommandExecutor.execute(HttpCommandExecutor.java:158)
	at org.openqa.selenium.remote.service.DriverCommandExecutor.execute(DriverCommandExecutor.java:83)
	at org.openqa.selenium.remote.RemoteWebDriver.execute(RemoteWebDriver.java:548)
	at org.openqa.selenium.remote.RemoteWebElement.execute(RemoteWebElement.java:276)
	at org.openqa.selenium.remote.RemoteWebElement.click(RemoteWebElement.java:83)
	at com.OSMOSE.base.Page.click(Page.java:183)
	at com.OSMOSE.pages.OU.oCalcProPage.clickoCalcProLogoForLicensedUser(oCalcProPage.java:108)
	at com.OSMOSE.testcases.oCalcPro_Licensed.verifyContentsLicenseManagementPopUp(oCalcPro_Licensed.java:844)
	at sun.reflect.NativeMethodAccessorImpl.invoke0(Native Method)
	at sun.reflect.NativeMethodAccessorImpl.invoke(Unknown Source)
	at sun.reflect.DelegatingMethodAccessorImpl.invoke(Unknown Source)
	at java.lang.reflect.Method.invoke(Unknown Source)
	at org.testng.internal.MethodInvocationHelper.invokeMethod(MethodInvocationHelper.java:134)
	at org.testng.internal.TestInvoker.invokeMethod(TestInvoker.java:597)
	at org.testng.internal.TestInvoker.invokeTestMethod(TestInvoker.java:173)
	at org.testng.internal.MethodRunner.runInSequence(MethodRunner.java:46)
	at org.testng.internal.TestInvoker$MethodInvocationAgent.invoke(TestInvoker.java:816)
	at org.testng.internal.TestInvoker.invokeTestMethods(TestInvoker.java:146)
	at org.testng.internal.TestMethodWorker.invokeTestMethods(TestMethodWorker.java:146)
	at org.testng.internal.TestMethodWorker.run(TestMethodWorker.java:128)
	at java.util.ArrayList.forEach(Unknown Source)
	at org.testng.TestRunner.privateRun(TestRunner.java:766)
	at org.testng.TestRunner.run(TestRunner.java:587)
	at org.testng.SuiteRunner.runTest(SuiteRunner.java:384)
	at org.testng.SuiteRunner.runSequentially(SuiteRunner.java:378)
	at org.testng.SuiteRunner.privateRun(SuiteRunner.java:337)
	at org.testng.SuiteRunner.run(SuiteRunner.java:286)
	at org.testng.SuiteRunnerWorker.runSuite(SuiteRunnerWorker.java:53)
	at org.testng.SuiteRunnerWorker.run(SuiteRunnerWorker.java:96)
	at org.testng.TestNG.runSuitesSequentially(TestNG.java:1187)
	at org.testng.TestNG.runSuitesLocally(TestNG.java:1109)
	at org.testng.TestNG.runSuites(TestNG.java:1039)
	at org.testng.TestNG.run(TestNG.java:1007)
	at org.testng.remote.AbstractRemoteTestNG.run(AbstractRemoteTestNG.java:115)
	at org.testng.remote.RemoteTestNG.initAndRun(RemoteTestNG.java:251)
	at org.testng.remote.RemoteTestNG.main(RemoteTestNG.java:77)
</pre></div></td>
<td>1</td>
<td>com.OSMOSE.testcases.oCalcPro_Licensed@6035b93b</td></tr>
<tr>
<td title='com.OSMOSE.testcases.oCalcPro_Licensed.verifyContentsOfFAQLicensedUser()'><b>verifyContentsOfFAQLicensedUser</b><br>Test class: com.OSMOSE.testcases.oCalcPro_Licensed<br>Test method: Verify Contents of FAQ for Licensed User<br/>
<a href="#Output-1954507866" onClick='toggleBox("Output-1954507866", this, "Show output", "Hide output");'>Show output</a>

<a href="#Output-1954507866" onClick="toggleAllBoxes();">Show all outputs</a>
<div class='log' id="Output-1954507866">
Click to see Screenshot<br/>
<a target="_blank" href=Wed_Dec_09_17_34_25_IST_2020.jpg>Screenshot</a><br/>
<br><br/>
<br><br/>
<a target="_blank" href=Wed_Dec_09_17_34_25_IST_2020.jpg><img src=Wed_Dec_09_17_34_25_IST_2020.jpg height=200 width=200></img></a><br/>
</div>
</td>
<td><div><pre>java.lang.AssertionError: expected [false] but found [true]
	at com.OSMOSE.testcases.oCalcPro_Licensed.verifyContentsOfFAQLicensedUser(oCalcPro_Licensed.java:670)
	at java.util.ArrayList.forEach(Unknown Source)
... Removed 31 stack frames</pre></div><a href='#' onClick='toggleBox("stack-trace1954507866", this, "Click to show all stack frames", "Click to hide stack frames")'>Click to show all stack frames</a>
<div class='stack-trace' id='stack-trace1954507866'><pre>java.lang.AssertionError: expected [false] but found [true]
	at org.testng.Assert.fail(Assert.java:97)
	at org.testng.Assert.failNotEquals(Assert.java:969)
	at org.testng.Assert.assertFalse(Assert.java:65)
	at org.testng.Assert.assertFalse(Assert.java:75)
	at com.OSMOSE.testcases.oCalcPro_Licensed.verifyContentsOfFAQLicensedUser(oCalcPro_Licensed.java:670)
	at sun.reflect.NativeMethodAccessorImpl.invoke0(Native Method)
	at sun.reflect.NativeMethodAccessorImpl.invoke(Unknown Source)
	at sun.reflect.DelegatingMethodAccessorImpl.invoke(Unknown Source)
	at java.lang.reflect.Method.invoke(Unknown Source)
	at org.testng.internal.MethodInvocationHelper.invokeMethod(MethodInvocationHelper.java:134)
	at org.testng.internal.TestInvoker.invokeMethod(TestInvoker.java:597)
	at org.testng.internal.TestInvoker.invokeTestMethod(TestInvoker.java:173)
	at org.testng.internal.MethodRunner.runInSequence(MethodRunner.java:46)
	at org.testng.internal.TestInvoker$MethodInvocationAgent.invoke(TestInvoker.java:816)
	at org.testng.internal.TestInvoker.invokeTestMethods(TestInvoker.java:146)
	at org.testng.internal.TestMethodWorker.invokeTestMethods(TestMethodWorker.java:146)
	at org.testng.internal.TestMethodWorker.run(TestMethodWorker.java:128)
	at java.util.ArrayList.forEach(Unknown Source)
	at org.testng.TestRunner.privateRun(TestRunner.java:766)
	at org.testng.TestRunner.run(TestRunner.java:587)
	at org.testng.SuiteRunner.runTest(SuiteRunner.java:384)
	at org.testng.SuiteRunner.runSequentially(SuiteRunner.java:378)
	at org.testng.SuiteRunner.privateRun(SuiteRunner.java:337)
	at org.testng.SuiteRunner.run(SuiteRunner.java:286)
	at org.testng.SuiteRunnerWorker.runSuite(SuiteRunnerWorker.java:53)
	at org.testng.SuiteRunnerWorker.run(SuiteRunnerWorker.java:96)
	at org.testng.TestNG.runSuitesSequentially(TestNG.java:1187)
	at org.testng.TestNG.runSuitesLocally(TestNG.java:1109)
	at org.testng.TestNG.runSuites(TestNG.java:1039)
	at org.testng.TestNG.run(TestNG.java:1007)
	at org.testng.remote.AbstractRemoteTestNG.run(AbstractRemoteTestNG.java:115)
	at org.testng.remote.RemoteTestNG.initAndRun(RemoteTestNG.java:251)
	at org.testng.remote.RemoteTestNG.main(RemoteTestNG.java:77)
</pre></div></td>
<td>6</td>
<td>com.OSMOSE.testcases.oCalcPro_Licensed@6035b93b</td></tr>
<tr>
<td title='com.OSMOSE.testcases.oCalcPro_Licensed.verifyCurrentPublicClassesClickLicensedUser()'><b>verifyCurrentPublicClassesClickLicensedUser</b><br>Test class: com.OSMOSE.testcases.oCalcPro_Licensed<br>Test method: Verify click on Current Public classes on Training Options for a licensed User<br/>
<a href="#Output-676060909" onClick='toggleBox("Output-676060909", this, "Show output", "Hide output");'>Show output</a>

<a href="#Output-676060909" onClick="toggleAllBoxes();">Show all outputs</a>
<div class='log' id="Output-676060909">
Click to see Screenshot<br/>
<a target="_blank" href=Wed_Dec_09_17_34_10_IST_2020.jpg>Screenshot</a><br/>
<br><br/>
<br><br/>
<a target="_blank" href=Wed_Dec_09_17_34_10_IST_2020.jpg><img src=Wed_Dec_09_17_34_10_IST_2020.jpg height=200 width=200></img></a><br/>
</div>
</td>
<td><div><pre>org.openqa.selenium.NoSuchElementException: no such element: Unable to locate element: {&quot;method&quot;:&quot;xpath&quot;,&quot;selector&quot;:&quot;(//a[@class=&apos;btn btn-default&apos;])[1]&quot;}
  (Session info: chrome=86.0.4240.198)
For documentation on this error, please visit: http://seleniumhq.org/exceptions/no_such_element.html
Build info: version: &apos;3.14.0&apos;, revision: &apos;aacccce0&apos;, time: &apos;2018-08-02T20:19:58.91Z&apos;
System info: host: &apos;5CG6323N27&apos;, ip: &apos;192.168.0.12&apos;, os.name: &apos;Windows 10&apos;, os.arch: &apos;amd64&apos;, os.version: &apos;10.0&apos;, java.version: &apos;1.8.0_191&apos;
Driver info: org.openqa.selenium.chrome.ChromeDriver
Capabilities {acceptInsecureCerts: false, browserName: chrome, browserVersion: 86.0.4240.198, chrome: {chromedriverVersion: 85.0.4183.87 (cd6713ebf92fa..., userDataDir: C:\Windows\Temp\scoped_dir1...}, goog:chromeOptions: {debuggerAddress: localhost:58551}, javascriptEnabled: true, networkConnectionEnabled: false, pageLoadStrategy: none, platform: WINDOWS, platformName: WINDOWS, proxy: Proxy(), setWindowRect: true, strictFileInteractability: false, timeouts: {implicit: 0, pageLoad: 300000, script: 30000}, unhandledPromptBehavior: dismiss and notify, webauthn:virtualAuthenticators: true}
Session ID: 84f6fecc9037269586a89f1e5fd08017
*** Element info: {Using=xpath, value=(//a[@class=&apos;btn btn-default&apos;])[1]}
	at org.openqa.selenium.remote.http.W3CHttpResponseCodec.createException(W3CHttpResponseCodec.java:187)
	at org.openqa.selenium.remote.http.W3CHttpResponseCodec.decode(W3CHttpResponseCodec.java:122)
	at org.openqa.selenium.remote.http.W3CHttpResponseCodec.decode(W3CHttpResponseCodec.java:49)
	at org.openqa.selenium.remote.HttpCommandExecutor.execute(HttpCommandExecutor.java:158)
	at org.openqa.selenium.remote.service.DriverCommandExecutor.execute(DriverCommandExecutor.java:83)
	at org.openqa.selenium.remote.RemoteWebDriver.execute(RemoteWebDriver.java:548)
	at org.openqa.selenium.remote.RemoteWebDriver.findElement(RemoteWebDriver.java:322)
	at org.openqa.selenium.remote.RemoteWebDriver.findElementByXPath(RemoteWebDriver.java:424)
	at org.openqa.selenium.By$ByXPath.findElement(By.java:353)
	at org.openqa.selenium.remote.RemoteWebDriver.findElement(RemoteWebDriver.java:314)
	at com.OSMOSE.base.Page.click(Page.java:183)
	at com.OSMOSE.testcases.oCalcPro_Licensed.verifyCurrentPublicClassesClickLicensedUser(oCalcPro_Licensed.java:604)
	at java.util.ArrayList.forEach(Unknown Source)
... Removed 31 stack frames</pre></div><a href='#' onClick='toggleBox("stack-trace676060909", this, "Click to show all stack frames", "Click to hide stack frames")'>Click to show all stack frames</a>
<div class='stack-trace' id='stack-trace676060909'><pre>org.openqa.selenium.NoSuchElementException: no such element: Unable to locate element: {&quot;method&quot;:&quot;xpath&quot;,&quot;selector&quot;:&quot;(//a[@class=&apos;btn btn-default&apos;])[1]&quot;}
  (Session info: chrome=86.0.4240.198)
For documentation on this error, please visit: http://seleniumhq.org/exceptions/no_such_element.html
Build info: version: &apos;3.14.0&apos;, revision: &apos;aacccce0&apos;, time: &apos;2018-08-02T20:19:58.91Z&apos;
System info: host: &apos;5CG6323N27&apos;, ip: &apos;192.168.0.12&apos;, os.name: &apos;Windows 10&apos;, os.arch: &apos;amd64&apos;, os.version: &apos;10.0&apos;, java.version: &apos;1.8.0_191&apos;
Driver info: org.openqa.selenium.chrome.ChromeDriver
Capabilities {acceptInsecureCerts: false, browserName: chrome, browserVersion: 86.0.4240.198, chrome: {chromedriverVersion: 85.0.4183.87 (cd6713ebf92fa..., userDataDir: C:\Windows\Temp\scoped_dir1...}, goog:chromeOptions: {debuggerAddress: localhost:58551}, javascriptEnabled: true, networkConnectionEnabled: false, pageLoadStrategy: none, platform: WINDOWS, platformName: WINDOWS, proxy: Proxy(), setWindowRect: true, strictFileInteractability: false, timeouts: {implicit: 0, pageLoad: 300000, script: 30000}, unhandledPromptBehavior: dismiss and notify, webauthn:virtualAuthenticators: true}
Session ID: 84f6fecc9037269586a89f1e5fd08017
*** Element info: {Using=xpath, value=(//a[@class=&apos;btn btn-default&apos;])[1]}
	at sun.reflect.NativeConstructorAccessorImpl.newInstance0(Native Method)
	at sun.reflect.NativeConstructorAccessorImpl.newInstance(Unknown Source)
	at sun.reflect.DelegatingConstructorAccessorImpl.newInstance(Unknown Source)
	at java.lang.reflect.Constructor.newInstance(Unknown Source)
	at org.openqa.selenium.remote.http.W3CHttpResponseCodec.createException(W3CHttpResponseCodec.java:187)
	at org.openqa.selenium.remote.http.W3CHttpResponseCodec.decode(W3CHttpResponseCodec.java:122)
	at org.openqa.selenium.remote.http.W3CHttpResponseCodec.decode(W3CHttpResponseCodec.java:49)
	at org.openqa.selenium.remote.HttpCommandExecutor.execute(HttpCommandExecutor.java:158)
	at org.openqa.selenium.remote.service.DriverCommandExecutor.execute(DriverCommandExecutor.java:83)
	at org.openqa.selenium.remote.RemoteWebDriver.execute(RemoteWebDriver.java:548)
	at org.openqa.selenium.remote.RemoteWebDriver.findElement(RemoteWebDriver.java:322)
	at org.openqa.selenium.remote.RemoteWebDriver.findElementByXPath(RemoteWebDriver.java:424)
	at org.openqa.selenium.By$ByXPath.findElement(By.java:353)
	at org.openqa.selenium.remote.RemoteWebDriver.findElement(RemoteWebDriver.java:314)
	at com.OSMOSE.base.Page.click(Page.java:183)
	at com.OSMOSE.testcases.oCalcPro_Licensed.verifyCurrentPublicClassesClickLicensedUser(oCalcPro_Licensed.java:604)
	at sun.reflect.NativeMethodAccessorImpl.invoke0(Native Method)
	at sun.reflect.NativeMethodAccessorImpl.invoke(Unknown Source)
	at sun.reflect.DelegatingMethodAccessorImpl.invoke(Unknown Source)
	at java.lang.reflect.Method.invoke(Unknown Source)
	at org.testng.internal.MethodInvocationHelper.invokeMethod(MethodInvocationHelper.java:134)
	at org.testng.internal.TestInvoker.invokeMethod(TestInvoker.java:597)
	at org.testng.internal.TestInvoker.invokeTestMethod(TestInvoker.java:173)
	at org.testng.internal.MethodRunner.runInSequence(MethodRunner.java:46)
	at org.testng.internal.TestInvoker$MethodInvocationAgent.invoke(TestInvoker.java:816)
	at org.testng.internal.TestInvoker.invokeTestMethods(TestInvoker.java:146)
	at org.testng.internal.TestMethodWorker.invokeTestMethods(TestMethodWorker.java:146)
	at org.testng.internal.TestMethodWorker.run(TestMethodWorker.java:128)
	at java.util.ArrayList.forEach(Unknown Source)
	at org.testng.TestRunner.privateRun(TestRunner.java:766)
	at org.testng.TestRunner.run(TestRunner.java:587)
	at org.testng.SuiteRunner.runTest(SuiteRunner.java:384)
	at org.testng.SuiteRunner.runSequentially(SuiteRunner.java:378)
	at org.testng.SuiteRunner.privateRun(SuiteRunner.java:337)
	at org.testng.SuiteRunner.run(SuiteRunner.java:286)
	at org.testng.SuiteRunnerWorker.runSuite(SuiteRunnerWorker.java:53)
	at org.testng.SuiteRunnerWorker.run(SuiteRunnerWorker.java:96)
	at org.testng.TestNG.runSuitesSequentially(TestNG.java:1187)
	at org.testng.TestNG.runSuitesLocally(TestNG.java:1109)
	at org.testng.TestNG.runSuites(TestNG.java:1039)
	at org.testng.TestNG.run(TestNG.java:1007)
	at org.testng.remote.AbstractRemoteTestNG.run(AbstractRemoteTestNG.java:115)
	at org.testng.remote.RemoteTestNG.initAndRun(RemoteTestNG.java:251)
	at org.testng.remote.RemoteTestNG.main(RemoteTestNG.java:77)
</pre></div></td>
<td>59</td>
<td>com.OSMOSE.testcases.oCalcPro_Licensed@6035b93b</td></tr>
<tr>
<td title='com.OSMOSE.testcases.oCalcPro_Licensed.verifyFAQClickLicensedUser()'><b>verifyFAQClickLicensedUser</b><br>Test class: com.OSMOSE.testcases.oCalcPro_Licensed<br>Test method: Verify clicking on an FAQ for Licensed User<br/>
<a href="#Output-1864344016" onClick='toggleBox("Output-1864344016", this, "Show output", "Hide output");'>Show output</a>

<a href="#Output-1864344016" onClick="toggleAllBoxes();">Show all outputs</a>
<div class='log' id="Output-1864344016">
Click to see Screenshot<br/>
<a target="_blank" href=Wed_Dec_09_17_34_27_IST_2020.jpg>Screenshot</a><br/>
<br><br/>
<br><br/>
<a target="_blank" href=Wed_Dec_09_17_34_27_IST_2020.jpg><img src=Wed_Dec_09_17_34_27_IST_2020.jpg height=200 width=200></img></a><br/>
</div>
</td>
<td><div><pre>org.openqa.selenium.ElementClickInterceptedException: element click intercepted: Element &lt;a data-v-0550c00d=&quot;&quot; id=&quot;OCal...Link&quot; href=&quot;javascript:void(0);&quot;&gt;FAQ&lt;/a&gt; is not clickable at point (1072, 439). Other element would receive the click: &lt;div id=&quot;freeTrail___BV_modal_body_&quot; class=&quot;modal-body&quot;&gt;...&lt;/div&gt;
  (Session info: chrome=86.0.4240.198)
Build info: version: &apos;3.14.0&apos;, revision: &apos;aacccce0&apos;, time: &apos;2018-08-02T20:19:58.91Z&apos;
System info: host: &apos;5CG6323N27&apos;, ip: &apos;192.168.0.12&apos;, os.name: &apos;Windows 10&apos;, os.arch: &apos;amd64&apos;, os.version: &apos;10.0&apos;, java.version: &apos;1.8.0_191&apos;
Driver info: org.openqa.selenium.chrome.ChromeDriver
Capabilities {acceptInsecureCerts: false, browserName: chrome, browserVersion: 86.0.4240.198, chrome: {chromedriverVersion: 85.0.4183.87 (cd6713ebf92fa..., userDataDir: C:\Windows\Temp\scoped_dir1...}, goog:chromeOptions: {debuggerAddress: localhost:58551}, javascriptEnabled: true, networkConnectionEnabled: false, pageLoadStrategy: none, platform: WINDOWS, platformName: WINDOWS, proxy: Proxy(), setWindowRect: true, strictFileInteractability: false, timeouts: {implicit: 0, pageLoad: 300000, script: 30000}, unhandledPromptBehavior: dismiss and notify, webauthn:virtualAuthenticators: true}
Session ID: 84f6fecc9037269586a89f1e5fd08017
	at org.openqa.selenium.remote.http.W3CHttpResponseCodec.createException(W3CHttpResponseCodec.java:187)
	at org.openqa.selenium.remote.http.W3CHttpResponseCodec.decode(W3CHttpResponseCodec.java:122)
	at org.openqa.selenium.remote.http.W3CHttpResponseCodec.decode(W3CHttpResponseCodec.java:49)
	at org.openqa.selenium.remote.HttpCommandExecutor.execute(HttpCommandExecutor.java:158)
	at org.openqa.selenium.remote.service.DriverCommandExecutor.execute(DriverCommandExecutor.java:83)
	at org.openqa.selenium.remote.RemoteWebDriver.execute(RemoteWebDriver.java:548)
	at org.openqa.selenium.remote.RemoteWebElement.execute(RemoteWebElement.java:276)
	at org.openqa.selenium.remote.RemoteWebElement.click(RemoteWebElement.java:83)
	at com.OSMOSE.base.Page.click(Page.java:183)
	at com.OSMOSE.pages.OU.oCalcProPage.clickFAQ(oCalcProPage.java:221)
	at com.OSMOSE.testcases.oCalcPro_Licensed.verifyFAQClickLicensedUser(oCalcPro_Licensed.java:679)
	at java.util.ArrayList.forEach(Unknown Source)
... Removed 31 stack frames</pre></div><a href='#' onClick='toggleBox("stack-trace1864344016", this, "Click to show all stack frames", "Click to hide stack frames")'>Click to show all stack frames</a>
<div class='stack-trace' id='stack-trace1864344016'><pre>org.openqa.selenium.ElementClickInterceptedException: element click intercepted: Element &lt;a data-v-0550c00d=&quot;&quot; id=&quot;OCal...Link&quot; href=&quot;javascript:void(0);&quot;&gt;FAQ&lt;/a&gt; is not clickable at point (1072, 439). Other element would receive the click: &lt;div id=&quot;freeTrail___BV_modal_body_&quot; class=&quot;modal-body&quot;&gt;...&lt;/div&gt;
  (Session info: chrome=86.0.4240.198)
Build info: version: &apos;3.14.0&apos;, revision: &apos;aacccce0&apos;, time: &apos;2018-08-02T20:19:58.91Z&apos;
System info: host: &apos;5CG6323N27&apos;, ip: &apos;192.168.0.12&apos;, os.name: &apos;Windows 10&apos;, os.arch: &apos;amd64&apos;, os.version: &apos;10.0&apos;, java.version: &apos;1.8.0_191&apos;
Driver info: org.openqa.selenium.chrome.ChromeDriver
Capabilities {acceptInsecureCerts: false, browserName: chrome, browserVersion: 86.0.4240.198, chrome: {chromedriverVersion: 85.0.4183.87 (cd6713ebf92fa..., userDataDir: C:\Windows\Temp\scoped_dir1...}, goog:chromeOptions: {debuggerAddress: localhost:58551}, javascriptEnabled: true, networkConnectionEnabled: false, pageLoadStrategy: none, platform: WINDOWS, platformName: WINDOWS, proxy: Proxy(), setWindowRect: true, strictFileInteractability: false, timeouts: {implicit: 0, pageLoad: 300000, script: 30000}, unhandledPromptBehavior: dismiss and notify, webauthn:virtualAuthenticators: true}
Session ID: 84f6fecc9037269586a89f1e5fd08017
	at sun.reflect.NativeConstructorAccessorImpl.newInstance0(Native Method)
	at sun.reflect.NativeConstructorAccessorImpl.newInstance(Unknown Source)
	at sun.reflect.DelegatingConstructorAccessorImpl.newInstance(Unknown Source)
	at java.lang.reflect.Constructor.newInstance(Unknown Source)
	at org.openqa.selenium.remote.http.W3CHttpResponseCodec.createException(W3CHttpResponseCodec.java:187)
	at org.openqa.selenium.remote.http.W3CHttpResponseCodec.decode(W3CHttpResponseCodec.java:122)
	at org.openqa.selenium.remote.http.W3CHttpResponseCodec.decode(W3CHttpResponseCodec.java:49)
	at org.openqa.selenium.remote.HttpCommandExecutor.execute(HttpCommandExecutor.java:158)
	at org.openqa.selenium.remote.service.DriverCommandExecutor.execute(DriverCommandExecutor.java:83)
	at org.openqa.selenium.remote.RemoteWebDriver.execute(RemoteWebDriver.java:548)
	at org.openqa.selenium.remote.RemoteWebElement.execute(RemoteWebElement.java:276)
	at org.openqa.selenium.remote.RemoteWebElement.click(RemoteWebElement.java:83)
	at com.OSMOSE.base.Page.click(Page.java:183)
	at com.OSMOSE.pages.OU.oCalcProPage.clickFAQ(oCalcProPage.java:221)
	at com.OSMOSE.testcases.oCalcPro_Licensed.verifyFAQClickLicensedUser(oCalcPro_Licensed.java:679)
	at sun.reflect.NativeMethodAccessorImpl.invoke0(Native Method)
	at sun.reflect.NativeMethodAccessorImpl.invoke(Unknown Source)
	at sun.reflect.DelegatingMethodAccessorImpl.invoke(Unknown Source)
	at java.lang.reflect.Method.invoke(Unknown Source)
	at org.testng.internal.MethodInvocationHelper.invokeMethod(MethodInvocationHelper.java:134)
	at org.testng.internal.TestInvoker.invokeMethod(TestInvoker.java:597)
	at org.testng.internal.TestInvoker.invokeTestMethod(TestInvoker.java:173)
	at org.testng.internal.MethodRunner.runInSequence(MethodRunner.java:46)
	at org.testng.internal.TestInvoker$MethodInvocationAgent.invoke(TestInvoker.java:816)
	at org.testng.internal.TestInvoker.invokeTestMethods(TestInvoker.java:146)
	at org.testng.internal.TestMethodWorker.invokeTestMethods(TestMethodWorker.java:146)
	at org.testng.internal.TestMethodWorker.run(TestMethodWorker.java:128)
	at java.util.ArrayList.forEach(Unknown Source)
	at org.testng.TestRunner.privateRun(TestRunner.java:766)
	at org.testng.TestRunner.run(TestRunner.java:587)
	at org.testng.SuiteRunner.runTest(SuiteRunner.java:384)
	at org.testng.SuiteRunner.runSequentially(SuiteRunner.java:378)
	at org.testng.SuiteRunner.privateRun(SuiteRunner.java:337)
	at org.testng.SuiteRunner.run(SuiteRunner.java:286)
	at org.testng.SuiteRunnerWorker.runSuite(SuiteRunnerWorker.java:53)
	at org.testng.SuiteRunnerWorker.run(SuiteRunnerWorker.java:96)
	at org.testng.TestNG.runSuitesSequentially(TestNG.java:1187)
	at org.testng.TestNG.runSuitesLocally(TestNG.java:1109)
	at org.testng.TestNG.runSuites(TestNG.java:1039)
	at org.testng.TestNG.run(TestNG.java:1007)
	at org.testng.remote.AbstractRemoteTestNG.run(AbstractRemoteTestNG.java:115)
	at org.testng.remote.RemoteTestNG.initAndRun(RemoteTestNG.java:251)
	at org.testng.remote.RemoteTestNG.main(RemoteTestNG.java:77)
</pre></div></td>
<td>1</td>
<td>com.OSMOSE.testcases.oCalcPro_Licensed@6035b93b</td></tr>
<tr>
<td title='com.OSMOSE.testcases.oCalcPro_Licensed.verifyFilterLicenseTypeSite()'><b>verifyFilterLicenseTypeSite</b><br>Test class: com.OSMOSE.testcases.oCalcPro_Licensed<br>Test method: Verify the Filter functionality of License Type column when Site is selected as license type<br/>
<a href="#Output-1590842898" onClick='toggleBox("Output-1590842898", this, "Show output", "Hide output");'>Show output</a>

<a href="#Output-1590842898" onClick="toggleAllBoxes();">Show all outputs</a>
<div class='log' id="Output-1590842898">
Click to see Screenshot<br/>
<a target="_blank" href=Wed_Dec_09_17_38_39_IST_2020.jpg>Screenshot</a><br/>
<br><br/>
<br><br/>
<a target="_blank" href=Wed_Dec_09_17_38_39_IST_2020.jpg><img src=Wed_Dec_09_17_38_39_IST_2020.jpg height=200 width=200></img></a><br/>
</div>
</td>
<td><div><pre>java.lang.AssertionError: expected [true] but found [false]
	at com.OSMOSE.testcases.oCalcPro_Licensed.verifyFilterLicenseTypeSite(oCalcPro_Licensed.java:1033)
	at java.util.ArrayList.forEach(Unknown Source)
... Removed 31 stack frames</pre></div><a href='#' onClick='toggleBox("stack-trace1590842898", this, "Click to show all stack frames", "Click to hide stack frames")'>Click to show all stack frames</a>
<div class='stack-trace' id='stack-trace1590842898'><pre>java.lang.AssertionError: expected [true] but found [false]
	at org.testng.Assert.fail(Assert.java:97)
	at org.testng.Assert.failNotEquals(Assert.java:969)
	at org.testng.Assert.assertTrue(Assert.java:43)
	at org.testng.Assert.assertTrue(Assert.java:53)
	at com.OSMOSE.testcases.oCalcPro_Licensed.verifyFilterLicenseTypeSite(oCalcPro_Licensed.java:1033)
	at sun.reflect.NativeMethodAccessorImpl.invoke0(Native Method)
	at sun.reflect.NativeMethodAccessorImpl.invoke(Unknown Source)
	at sun.reflect.DelegatingMethodAccessorImpl.invoke(Unknown Source)
	at java.lang.reflect.Method.invoke(Unknown Source)
	at org.testng.internal.MethodInvocationHelper.invokeMethod(MethodInvocationHelper.java:134)
	at org.testng.internal.TestInvoker.invokeMethod(TestInvoker.java:597)
	at org.testng.internal.TestInvoker.invokeTestMethod(TestInvoker.java:173)
	at org.testng.internal.MethodRunner.runInSequence(MethodRunner.java:46)
	at org.testng.internal.TestInvoker$MethodInvocationAgent.invoke(TestInvoker.java:816)
	at org.testng.internal.TestInvoker.invokeTestMethods(TestInvoker.java:146)
	at org.testng.internal.TestMethodWorker.invokeTestMethods(TestMethodWorker.java:146)
	at org.testng.internal.TestMethodWorker.run(TestMethodWorker.java:128)
	at java.util.ArrayList.forEach(Unknown Source)
	at org.testng.TestRunner.privateRun(TestRunner.java:766)
	at org.testng.TestRunner.run(TestRunner.java:587)
	at org.testng.SuiteRunner.runTest(SuiteRunner.java:384)
	at org.testng.SuiteRunner.runSequentially(SuiteRunner.java:378)
	at org.testng.SuiteRunner.privateRun(SuiteRunner.java:337)
	at org.testng.SuiteRunner.run(SuiteRunner.java:286)
	at org.testng.SuiteRunnerWorker.runSuite(SuiteRunnerWorker.java:53)
	at org.testng.SuiteRunnerWorker.run(SuiteRunnerWorker.java:96)
	at org.testng.TestNG.runSuitesSequentially(TestNG.java:1187)
	at org.testng.TestNG.runSuitesLocally(TestNG.java:1109)
	at org.testng.TestNG.runSuites(TestNG.java:1039)
	at org.testng.TestNG.run(TestNG.java:1007)
	at org.testng.remote.AbstractRemoteTestNG.run(AbstractRemoteTestNG.java:115)
	at org.testng.remote.RemoteTestNG.initAndRun(RemoteTestNG.java:251)
	at org.testng.remote.RemoteTestNG.main(RemoteTestNG.java:77)
</pre></div></td>
<td>52</td>
<td>com.OSMOSE.testcases.oCalcPro_Licensed@6035b93b</td></tr>
<tr>
<td title='com.OSMOSE.testcases.oCalcPro_Licensed.verifyFilterStatus()'><b>verifyFilterStatus</b><br>Test class: com.OSMOSE.testcases.oCalcPro_Licensed<br>Test method: Verify the Filter functionality of Status column<br/>
<a href="#Output-510793091" onClick='toggleBox("Output-510793091", this, "Show output", "Hide output");'>Show output</a>

<a href="#Output-510793091" onClick="toggleAllBoxes();">Show all outputs</a>
<div class='log' id="Output-510793091">
Click to see Screenshot<br/>
<a target="_blank" href=Wed_Dec_09_17_37_34_IST_2020.jpg>Screenshot</a><br/>
<br><br/>
<br><br/>
<a target="_blank" href=Wed_Dec_09_17_37_34_IST_2020.jpg><img src=Wed_Dec_09_17_37_34_IST_2020.jpg height=200 width=200></img></a><br/>
</div>
</td>
<td><div><pre>org.openqa.selenium.InvalidSelectorException: invalid selector: Unable to locate an element with the xpath expression (&quot;//span[@class=&apos;rag-element&apos;] because of the following error:
SyntaxError: Failed to execute &apos;evaluate&apos; on &apos;Document&apos;: The string &apos;(&quot;//span[@class=&apos;rag-element&apos;]&apos; is not a valid XPath expression.
  (Session info: chrome=86.0.4240.198)
For documentation on this error, please visit: http://seleniumhq.org/exceptions/invalid_selector_exception.html
Build info: version: &apos;3.14.0&apos;, revision: &apos;aacccce0&apos;, time: &apos;2018-08-02T20:19:58.91Z&apos;
System info: host: &apos;5CG6323N27&apos;, ip: &apos;192.168.0.12&apos;, os.name: &apos;Windows 10&apos;, os.arch: &apos;amd64&apos;, os.version: &apos;10.0&apos;, java.version: &apos;1.8.0_191&apos;
Driver info: org.openqa.selenium.chrome.ChromeDriver
Capabilities {acceptInsecureCerts: false, browserName: chrome, browserVersion: 86.0.4240.198, chrome: {chromedriverVersion: 85.0.4183.87 (cd6713ebf92fa..., userDataDir: C:\Windows\Temp\scoped_dir1...}, goog:chromeOptions: {debuggerAddress: localhost:58551}, javascriptEnabled: true, networkConnectionEnabled: false, pageLoadStrategy: none, platform: WINDOWS, platformName: WINDOWS, proxy: Proxy(), setWindowRect: true, strictFileInteractability: false, timeouts: {implicit: 0, pageLoad: 300000, script: 30000}, unhandledPromptBehavior: dismiss and notify, webauthn:virtualAuthenticators: true}
Session ID: 84f6fecc9037269586a89f1e5fd08017
*** Element info: {Using=xpath, value=(&quot;//span[@class=&apos;rag-element&apos;]}
	at org.openqa.selenium.remote.http.W3CHttpResponseCodec.createException(W3CHttpResponseCodec.java:187)
	at org.openqa.selenium.remote.http.W3CHttpResponseCodec.decode(W3CHttpResponseCodec.java:122)
	at org.openqa.selenium.remote.http.W3CHttpResponseCodec.decode(W3CHttpResponseCodec.java:49)
	at org.openqa.selenium.remote.HttpCommandExecutor.execute(HttpCommandExecutor.java:158)
	at org.openqa.selenium.remote.service.DriverCommandExecutor.execute(DriverCommandExecutor.java:83)
	at org.openqa.selenium.remote.RemoteWebDriver.execute(RemoteWebDriver.java:548)
	at org.openqa.selenium.remote.RemoteWebDriver.findElement(RemoteWebDriver.java:322)
	at org.openqa.selenium.remote.RemoteWebDriver.findElementByXPath(RemoteWebDriver.java:424)
	at org.openqa.selenium.By$ByXPath.findElement(By.java:353)
	at org.openqa.selenium.remote.RemoteWebDriver.findElement(RemoteWebDriver.java:314)
	at com.OSMOSE.base.Page.getText(Page.java:318)
	at com.OSMOSE.testcases.oCalcPro_Licensed.verifyFilterStatus(oCalcPro_Licensed.java:984)
	at java.util.ArrayList.forEach(Unknown Source)
... Removed 31 stack frames</pre></div><a href='#' onClick='toggleBox("stack-trace510793091", this, "Click to show all stack frames", "Click to hide stack frames")'>Click to show all stack frames</a>
<div class='stack-trace' id='stack-trace510793091'><pre>org.openqa.selenium.InvalidSelectorException: invalid selector: Unable to locate an element with the xpath expression (&quot;//span[@class=&apos;rag-element&apos;] because of the following error:
SyntaxError: Failed to execute &apos;evaluate&apos; on &apos;Document&apos;: The string &apos;(&quot;//span[@class=&apos;rag-element&apos;]&apos; is not a valid XPath expression.
  (Session info: chrome=86.0.4240.198)
For documentation on this error, please visit: http://seleniumhq.org/exceptions/invalid_selector_exception.html
Build info: version: &apos;3.14.0&apos;, revision: &apos;aacccce0&apos;, time: &apos;2018-08-02T20:19:58.91Z&apos;
System info: host: &apos;5CG6323N27&apos;, ip: &apos;192.168.0.12&apos;, os.name: &apos;Windows 10&apos;, os.arch: &apos;amd64&apos;, os.version: &apos;10.0&apos;, java.version: &apos;1.8.0_191&apos;
Driver info: org.openqa.selenium.chrome.ChromeDriver
Capabilities {acceptInsecureCerts: false, browserName: chrome, browserVersion: 86.0.4240.198, chrome: {chromedriverVersion: 85.0.4183.87 (cd6713ebf92fa..., userDataDir: C:\Windows\Temp\scoped_dir1...}, goog:chromeOptions: {debuggerAddress: localhost:58551}, javascriptEnabled: true, networkConnectionEnabled: false, pageLoadStrategy: none, platform: WINDOWS, platformName: WINDOWS, proxy: Proxy(), setWindowRect: true, strictFileInteractability: false, timeouts: {implicit: 0, pageLoad: 300000, script: 30000}, unhandledPromptBehavior: dismiss and notify, webauthn:virtualAuthenticators: true}
Session ID: 84f6fecc9037269586a89f1e5fd08017
*** Element info: {Using=xpath, value=(&quot;//span[@class=&apos;rag-element&apos;]}
	at sun.reflect.NativeConstructorAccessorImpl.newInstance0(Native Method)
	at sun.reflect.NativeConstructorAccessorImpl.newInstance(Unknown Source)
	at sun.reflect.DelegatingConstructorAccessorImpl.newInstance(Unknown Source)
	at java.lang.reflect.Constructor.newInstance(Unknown Source)
	at org.openqa.selenium.remote.http.W3CHttpResponseCodec.createException(W3CHttpResponseCodec.java:187)
	at org.openqa.selenium.remote.http.W3CHttpResponseCodec.decode(W3CHttpResponseCodec.java:122)
	at org.openqa.selenium.remote.http.W3CHttpResponseCodec.decode(W3CHttpResponseCodec.java:49)
	at org.openqa.selenium.remote.HttpCommandExecutor.execute(HttpCommandExecutor.java:158)
	at org.openqa.selenium.remote.service.DriverCommandExecutor.execute(DriverCommandExecutor.java:83)
	at org.openqa.selenium.remote.RemoteWebDriver.execute(RemoteWebDriver.java:548)
	at org.openqa.selenium.remote.RemoteWebDriver.findElement(RemoteWebDriver.java:322)
	at org.openqa.selenium.remote.RemoteWebDriver.findElementByXPath(RemoteWebDriver.java:424)
	at org.openqa.selenium.By$ByXPath.findElement(By.java:353)
	at org.openqa.selenium.remote.RemoteWebDriver.findElement(RemoteWebDriver.java:314)
	at com.OSMOSE.base.Page.getText(Page.java:318)
	at com.OSMOSE.testcases.oCalcPro_Licensed.verifyFilterStatus(oCalcPro_Licensed.java:984)
	at sun.reflect.NativeMethodAccessorImpl.invoke0(Native Method)
	at sun.reflect.NativeMethodAccessorImpl.invoke(Unknown Source)
	at sun.reflect.DelegatingMethodAccessorImpl.invoke(Unknown Source)
	at java.lang.reflect.Method.invoke(Unknown Source)
	at org.testng.internal.MethodInvocationHelper.invokeMethod(MethodInvocationHelper.java:134)
	at org.testng.internal.TestInvoker.invokeMethod(TestInvoker.java:597)
	at org.testng.internal.TestInvoker.invokeTestMethod(TestInvoker.java:173)
	at org.testng.internal.MethodRunner.runInSequence(MethodRunner.java:46)
	at org.testng.internal.TestInvoker$MethodInvocationAgent.invoke(TestInvoker.java:816)
	at org.testng.internal.TestInvoker.invokeTestMethods(TestInvoker.java:146)
	at org.testng.internal.TestMethodWorker.invokeTestMethods(TestMethodWorker.java:146)
	at org.testng.internal.TestMethodWorker.run(TestMethodWorker.java:128)
	at java.util.ArrayList.forEach(Unknown Source)
	at org.testng.TestRunner.privateRun(TestRunner.java:766)
	at org.testng.TestRunner.run(TestRunner.java:587)
	at org.testng.SuiteRunner.runTest(SuiteRunner.java:384)
	at org.testng.SuiteRunner.runSequentially(SuiteRunner.java:378)
	at org.testng.SuiteRunner.privateRun(SuiteRunner.java:337)
	at org.testng.SuiteRunner.run(SuiteRunner.java:286)
	at org.testng.SuiteRunnerWorker.runSuite(SuiteRunnerWorker.java:53)
	at org.testng.SuiteRunnerWorker.run(SuiteRunnerWorker.java:96)
	at org.testng.TestNG.runSuitesSequentially(TestNG.java:1187)
	at org.testng.TestNG.runSuitesLocally(TestNG.java:1109)
	at org.testng.TestNG.runSuites(TestNG.java:1039)
	at org.testng.TestNG.run(TestNG.java:1007)
	at org.testng.remote.AbstractRemoteTestNG.run(AbstractRemoteTestNG.java:115)
	at org.testng.remote.RemoteTestNG.initAndRun(RemoteTestNG.java:251)
	at org.testng.remote.RemoteTestNG.main(RemoteTestNG.java:77)
</pre></div></td>
<td>2</td>
<td>com.OSMOSE.testcases.oCalcPro_Licensed@6035b93b</td></tr>
<tr>
<td title='com.OSMOSE.testcases.oCalcPro_Licensed.verifyKBClickLicensedUser()'><b>verifyKBClickLicensedUser</b><br>Test class: com.OSMOSE.testcases.oCalcPro_Licensed<br>Test method: Verify click on Knowledge Base card for Licensed User<br/>
<a href="#Output-2034385122" onClick='toggleBox("Output-2034385122", this, "Show output", "Hide output");'>Show output</a>

<a href="#Output-2034385122" onClick="toggleAllBoxes();">Show all outputs</a>
<div class='log' id="Output-2034385122">
Click to see Screenshot<br/>
<a target="_blank" href=Wed_Dec_09_17_34_30_IST_2020.jpg>Screenshot</a><br/>
<br><br/>
<br><br/>
<a target="_blank" href=Wed_Dec_09_17_34_30_IST_2020.jpg><img src=Wed_Dec_09_17_34_30_IST_2020.jpg height=200 width=200></img></a><br/>
</div>
</td>
<td><div><pre>org.openqa.selenium.ElementClickInterceptedException: element click intercepted: Element &lt;h5 data-v-0550c00d=&quot;&quot; class=&quot;m-0 crspointer&quot;&gt;...&lt;/h5&gt; is not clickable at point (1075, 213). Other element would receive the click: &lt;div id=&quot;freeTrail___BV_modal_body_&quot; class=&quot;modal-body&quot;&gt;...&lt;/div&gt;
  (Session info: chrome=86.0.4240.198)
Build info: version: &apos;3.14.0&apos;, revision: &apos;aacccce0&apos;, time: &apos;2018-08-02T20:19:58.91Z&apos;
System info: host: &apos;5CG6323N27&apos;, ip: &apos;192.168.0.12&apos;, os.name: &apos;Windows 10&apos;, os.arch: &apos;amd64&apos;, os.version: &apos;10.0&apos;, java.version: &apos;1.8.0_191&apos;
Driver info: org.openqa.selenium.chrome.ChromeDriver
Capabilities {acceptInsecureCerts: false, browserName: chrome, browserVersion: 86.0.4240.198, chrome: {chromedriverVersion: 85.0.4183.87 (cd6713ebf92fa..., userDataDir: C:\Windows\Temp\scoped_dir1...}, goog:chromeOptions: {debuggerAddress: localhost:58551}, javascriptEnabled: true, networkConnectionEnabled: false, pageLoadStrategy: none, platform: WINDOWS, platformName: WINDOWS, proxy: Proxy(), setWindowRect: true, strictFileInteractability: false, timeouts: {implicit: 0, pageLoad: 300000, script: 30000}, unhandledPromptBehavior: dismiss and notify, webauthn:virtualAuthenticators: true}
Session ID: 84f6fecc9037269586a89f1e5fd08017
	at org.openqa.selenium.remote.http.W3CHttpResponseCodec.createException(W3CHttpResponseCodec.java:187)
	at org.openqa.selenium.remote.http.W3CHttpResponseCodec.decode(W3CHttpResponseCodec.java:122)
	at org.openqa.selenium.remote.http.W3CHttpResponseCodec.decode(W3CHttpResponseCodec.java:49)
	at org.openqa.selenium.remote.HttpCommandExecutor.execute(HttpCommandExecutor.java:158)
	at org.openqa.selenium.remote.service.DriverCommandExecutor.execute(DriverCommandExecutor.java:83)
	at org.openqa.selenium.remote.RemoteWebDriver.execute(RemoteWebDriver.java:548)
	at org.openqa.selenium.remote.RemoteWebElement.execute(RemoteWebElement.java:276)
	at org.openqa.selenium.remote.RemoteWebElement.click(RemoteWebElement.java:83)
	at com.OSMOSE.base.Page.click(Page.java:183)
	at com.OSMOSE.pages.OU.oCalcProPage.clickKnowledgeBase(oCalcProPage.java:59)
	at com.OSMOSE.testcases.oCalcPro_Licensed.verifyKBClickLicensedUser(oCalcPro_Licensed.java:721)
	at java.util.ArrayList.forEach(Unknown Source)
... Removed 31 stack frames</pre></div><a href='#' onClick='toggleBox("stack-trace2034385122", this, "Click to show all stack frames", "Click to hide stack frames")'>Click to show all stack frames</a>
<div class='stack-trace' id='stack-trace2034385122'><pre>org.openqa.selenium.ElementClickInterceptedException: element click intercepted: Element &lt;h5 data-v-0550c00d=&quot;&quot; class=&quot;m-0 crspointer&quot;&gt;...&lt;/h5&gt; is not clickable at point (1075, 213). Other element would receive the click: &lt;div id=&quot;freeTrail___BV_modal_body_&quot; class=&quot;modal-body&quot;&gt;...&lt;/div&gt;
  (Session info: chrome=86.0.4240.198)
Build info: version: &apos;3.14.0&apos;, revision: &apos;aacccce0&apos;, time: &apos;2018-08-02T20:19:58.91Z&apos;
System info: host: &apos;5CG6323N27&apos;, ip: &apos;192.168.0.12&apos;, os.name: &apos;Windows 10&apos;, os.arch: &apos;amd64&apos;, os.version: &apos;10.0&apos;, java.version: &apos;1.8.0_191&apos;
Driver info: org.openqa.selenium.chrome.ChromeDriver
Capabilities {acceptInsecureCerts: false, browserName: chrome, browserVersion: 86.0.4240.198, chrome: {chromedriverVersion: 85.0.4183.87 (cd6713ebf92fa..., userDataDir: C:\Windows\Temp\scoped_dir1...}, goog:chromeOptions: {debuggerAddress: localhost:58551}, javascriptEnabled: true, networkConnectionEnabled: false, pageLoadStrategy: none, platform: WINDOWS, platformName: WINDOWS, proxy: Proxy(), setWindowRect: true, strictFileInteractability: false, timeouts: {implicit: 0, pageLoad: 300000, script: 30000}, unhandledPromptBehavior: dismiss and notify, webauthn:virtualAuthenticators: true}
Session ID: 84f6fecc9037269586a89f1e5fd08017
	at sun.reflect.NativeConstructorAccessorImpl.newInstance0(Native Method)
	at sun.reflect.NativeConstructorAccessorImpl.newInstance(Unknown Source)
	at sun.reflect.DelegatingConstructorAccessorImpl.newInstance(Unknown Source)
	at java.lang.reflect.Constructor.newInstance(Unknown Source)
	at org.openqa.selenium.remote.http.W3CHttpResponseCodec.createException(W3CHttpResponseCodec.java:187)
	at org.openqa.selenium.remote.http.W3CHttpResponseCodec.decode(W3CHttpResponseCodec.java:122)
	at org.openqa.selenium.remote.http.W3CHttpResponseCodec.decode(W3CHttpResponseCodec.java:49)
	at org.openqa.selenium.remote.HttpCommandExecutor.execute(HttpCommandExecutor.java:158)
	at org.openqa.selenium.remote.service.DriverCommandExecutor.execute(DriverCommandExecutor.java:83)
	at org.openqa.selenium.remote.RemoteWebDriver.execute(RemoteWebDriver.java:548)
	at org.openqa.selenium.remote.RemoteWebElement.execute(RemoteWebElement.java:276)
	at org.openqa.selenium.remote.RemoteWebElement.click(RemoteWebElement.java:83)
	at com.OSMOSE.base.Page.click(Page.java:183)
	at com.OSMOSE.pages.OU.oCalcProPage.clickKnowledgeBase(oCalcProPage.java:59)
	at com.OSMOSE.testcases.oCalcPro_Licensed.verifyKBClickLicensedUser(oCalcPro_Licensed.java:721)
	at sun.reflect.NativeMethodAccessorImpl.invoke0(Native Method)
	at sun.reflect.NativeMethodAccessorImpl.invoke(Unknown Source)
	at sun.reflect.DelegatingMethodAccessorImpl.invoke(Unknown Source)
	at java.lang.reflect.Method.invoke(Unknown Source)
	at org.testng.internal.MethodInvocationHelper.invokeMethod(MethodInvocationHelper.java:134)
	at org.testng.internal.TestInvoker.invokeMethod(TestInvoker.java:597)
	at org.testng.internal.TestInvoker.invokeTestMethod(TestInvoker.java:173)
	at org.testng.internal.MethodRunner.runInSequence(MethodRunner.java:46)
	at org.testng.internal.TestInvoker$MethodInvocationAgent.invoke(TestInvoker.java:816)
	at org.testng.internal.TestInvoker.invokeTestMethods(TestInvoker.java:146)
	at org.testng.internal.TestMethodWorker.invokeTestMethods(TestMethodWorker.java:146)
	at org.testng.internal.TestMethodWorker.run(TestMethodWorker.java:128)
	at java.util.ArrayList.forEach(Unknown Source)
	at org.testng.TestRunner.privateRun(TestRunner.java:766)
	at org.testng.TestRunner.run(TestRunner.java:587)
	at org.testng.SuiteRunner.runTest(SuiteRunner.java:384)
	at org.testng.SuiteRunner.runSequentially(SuiteRunner.java:378)
	at org.testng.SuiteRunner.privateRun(SuiteRunner.java:337)
	at org.testng.SuiteRunner.run(SuiteRunner.java:286)
	at org.testng.SuiteRunnerWorker.runSuite(SuiteRunnerWorker.java:53)
	at org.testng.SuiteRunnerWorker.run(SuiteRunnerWorker.java:96)
	at org.testng.TestNG.runSuitesSequentially(TestNG.java:1187)
	at org.testng.TestNG.runSuitesLocally(TestNG.java:1109)
	at org.testng.TestNG.runSuites(TestNG.java:1039)
	at org.testng.TestNG.run(TestNG.java:1007)
	at org.testng.remote.AbstractRemoteTestNG.run(AbstractRemoteTestNG.java:115)
	at org.testng.remote.RemoteTestNG.initAndRun(RemoteTestNG.java:251)
	at org.testng.remote.RemoteTestNG.main(RemoteTestNG.java:77)
</pre></div></td>
<td>1</td>
<td>com.OSMOSE.testcases.oCalcPro_Licensed@6035b93b</td></tr>
<tr>
<td title='com.OSMOSE.testcases.oCalcPro_Licensed.verifyKBTrainingVideosClickLicensedUser()'><b>verifyKBTrainingVideosClickLicensedUser</b><br>Test class: com.OSMOSE.testcases.oCalcPro_Licensed<br>Test method: Verify click on Training Videos link on Knowledge Base card for Licensed User<br/>
<a href="#Output-663824117" onClick='toggleBox("Output-663824117", this, "Show output", "Hide output");'>Show output</a>

<a href="#Output-663824117" onClick="toggleAllBoxes();">Show all outputs</a>
<div class='log' id="Output-663824117">
Click to see Screenshot<br/>
<a target="_blank" href=Wed_Dec_09_17_34_35_IST_2020.jpg>Screenshot</a><br/>
<br><br/>
<br><br/>
<a target="_blank" href=Wed_Dec_09_17_34_35_IST_2020.jpg><img src=Wed_Dec_09_17_34_35_IST_2020.jpg height=200 width=200></img></a><br/>
</div>
</td>
<td><div><pre>org.openqa.selenium.ElementClickInterceptedException: element click intercepted: Element &lt;a data-v-0550c00d=&quot;&quot; id=&quot;OCalTrainingVideos&quot; href=&quot;javascript:void(0);&quot;&gt;...&lt;/a&gt; is not clickable at point (946, 256). Other element would receive the click: &lt;header data-v-e5dcffde=&quot;&quot; class=&quot;card-header&quot;&gt;...&lt;/header&gt;
  (Session info: chrome=86.0.4240.198)
Build info: version: &apos;3.14.0&apos;, revision: &apos;aacccce0&apos;, time: &apos;2018-08-02T20:19:58.91Z&apos;
System info: host: &apos;5CG6323N27&apos;, ip: &apos;192.168.0.12&apos;, os.name: &apos;Windows 10&apos;, os.arch: &apos;amd64&apos;, os.version: &apos;10.0&apos;, java.version: &apos;1.8.0_191&apos;
Driver info: org.openqa.selenium.chrome.ChromeDriver
Capabilities {acceptInsecureCerts: false, browserName: chrome, browserVersion: 86.0.4240.198, chrome: {chromedriverVersion: 85.0.4183.87 (cd6713ebf92fa..., userDataDir: C:\Windows\Temp\scoped_dir1...}, goog:chromeOptions: {debuggerAddress: localhost:58551}, javascriptEnabled: true, networkConnectionEnabled: false, pageLoadStrategy: none, platform: WINDOWS, platformName: WINDOWS, proxy: Proxy(), setWindowRect: true, strictFileInteractability: false, timeouts: {implicit: 0, pageLoad: 300000, script: 30000}, unhandledPromptBehavior: dismiss and notify, webauthn:virtualAuthenticators: true}
Session ID: 84f6fecc9037269586a89f1e5fd08017
	at org.openqa.selenium.remote.http.W3CHttpResponseCodec.createException(W3CHttpResponseCodec.java:187)
	at org.openqa.selenium.remote.http.W3CHttpResponseCodec.decode(W3CHttpResponseCodec.java:122)
	at org.openqa.selenium.remote.http.W3CHttpResponseCodec.decode(W3CHttpResponseCodec.java:49)
	at org.openqa.selenium.remote.HttpCommandExecutor.execute(HttpCommandExecutor.java:158)
	at org.openqa.selenium.remote.service.DriverCommandExecutor.execute(DriverCommandExecutor.java:83)
	at org.openqa.selenium.remote.RemoteWebDriver.execute(RemoteWebDriver.java:548)
	at org.openqa.selenium.remote.RemoteWebElement.execute(RemoteWebElement.java:276)
	at org.openqa.selenium.remote.RemoteWebElement.click(RemoteWebElement.java:83)
	at com.OSMOSE.base.Page.click(Page.java:183)
	at com.OSMOSE.pages.OU.oCalcProPage.clickKBTrainingVideos(oCalcProPage.java:249)
	at com.OSMOSE.testcases.oCalcPro_Licensed.verifyKBTrainingVideosClickLicensedUser(oCalcPro_Licensed.java:751)
	at java.util.ArrayList.forEach(Unknown Source)
... Removed 31 stack frames</pre></div><a href='#' onClick='toggleBox("stack-trace663824117", this, "Click to show all stack frames", "Click to hide stack frames")'>Click to show all stack frames</a>
<div class='stack-trace' id='stack-trace663824117'><pre>org.openqa.selenium.ElementClickInterceptedException: element click intercepted: Element &lt;a data-v-0550c00d=&quot;&quot; id=&quot;OCalTrainingVideos&quot; href=&quot;javascript:void(0);&quot;&gt;...&lt;/a&gt; is not clickable at point (946, 256). Other element would receive the click: &lt;header data-v-e5dcffde=&quot;&quot; class=&quot;card-header&quot;&gt;...&lt;/header&gt;
  (Session info: chrome=86.0.4240.198)
Build info: version: &apos;3.14.0&apos;, revision: &apos;aacccce0&apos;, time: &apos;2018-08-02T20:19:58.91Z&apos;
System info: host: &apos;5CG6323N27&apos;, ip: &apos;192.168.0.12&apos;, os.name: &apos;Windows 10&apos;, os.arch: &apos;amd64&apos;, os.version: &apos;10.0&apos;, java.version: &apos;1.8.0_191&apos;
Driver info: org.openqa.selenium.chrome.ChromeDriver
Capabilities {acceptInsecureCerts: false, browserName: chrome, browserVersion: 86.0.4240.198, chrome: {chromedriverVersion: 85.0.4183.87 (cd6713ebf92fa..., userDataDir: C:\Windows\Temp\scoped_dir1...}, goog:chromeOptions: {debuggerAddress: localhost:58551}, javascriptEnabled: true, networkConnectionEnabled: false, pageLoadStrategy: none, platform: WINDOWS, platformName: WINDOWS, proxy: Proxy(), setWindowRect: true, strictFileInteractability: false, timeouts: {implicit: 0, pageLoad: 300000, script: 30000}, unhandledPromptBehavior: dismiss and notify, webauthn:virtualAuthenticators: true}
Session ID: 84f6fecc9037269586a89f1e5fd08017
	at sun.reflect.NativeConstructorAccessorImpl.newInstance0(Native Method)
	at sun.reflect.NativeConstructorAccessorImpl.newInstance(Unknown Source)
	at sun.reflect.DelegatingConstructorAccessorImpl.newInstance(Unknown Source)
	at java.lang.reflect.Constructor.newInstance(Unknown Source)
	at org.openqa.selenium.remote.http.W3CHttpResponseCodec.createException(W3CHttpResponseCodec.java:187)
	at org.openqa.selenium.remote.http.W3CHttpResponseCodec.decode(W3CHttpResponseCodec.java:122)
	at org.openqa.selenium.remote.http.W3CHttpResponseCodec.decode(W3CHttpResponseCodec.java:49)
	at org.openqa.selenium.remote.HttpCommandExecutor.execute(HttpCommandExecutor.java:158)
	at org.openqa.selenium.remote.service.DriverCommandExecutor.execute(DriverCommandExecutor.java:83)
	at org.openqa.selenium.remote.RemoteWebDriver.execute(RemoteWebDriver.java:548)
	at org.openqa.selenium.remote.RemoteWebElement.execute(RemoteWebElement.java:276)
	at org.openqa.selenium.remote.RemoteWebElement.click(RemoteWebElement.java:83)
	at com.OSMOSE.base.Page.click(Page.java:183)
	at com.OSMOSE.pages.OU.oCalcProPage.clickKBTrainingVideos(oCalcProPage.java:249)
	at com.OSMOSE.testcases.oCalcPro_Licensed.verifyKBTrainingVideosClickLicensedUser(oCalcPro_Licensed.java:751)
	at sun.reflect.NativeMethodAccessorImpl.invoke0(Native Method)
	at sun.reflect.NativeMethodAccessorImpl.invoke(Unknown Source)
	at sun.reflect.DelegatingMethodAccessorImpl.invoke(Unknown Source)
	at java.lang.reflect.Method.invoke(Unknown Source)
	at org.testng.internal.MethodInvocationHelper.invokeMethod(MethodInvocationHelper.java:134)
	at org.testng.internal.TestInvoker.invokeMethod(TestInvoker.java:597)
	at org.testng.internal.TestInvoker.invokeTestMethod(TestInvoker.java:173)
	at org.testng.internal.MethodRunner.runInSequence(MethodRunner.java:46)
	at org.testng.internal.TestInvoker$MethodInvocationAgent.invoke(TestInvoker.java:816)
	at org.testng.internal.TestInvoker.invokeTestMethods(TestInvoker.java:146)
	at org.testng.internal.TestMethodWorker.invokeTestMethods(TestMethodWorker.java:146)
	at org.testng.internal.TestMethodWorker.run(TestMethodWorker.java:128)
	at java.util.ArrayList.forEach(Unknown Source)
	at org.testng.TestRunner.privateRun(TestRunner.java:766)
	at org.testng.TestRunner.run(TestRunner.java:587)
	at org.testng.SuiteRunner.runTest(SuiteRunner.java:384)
	at org.testng.SuiteRunner.runSequentially(SuiteRunner.java:378)
	at org.testng.SuiteRunner.privateRun(SuiteRunner.java:337)
	at org.testng.SuiteRunner.run(SuiteRunner.java:286)
	at org.testng.SuiteRunnerWorker.runSuite(SuiteRunnerWorker.java:53)
	at org.testng.SuiteRunnerWorker.run(SuiteRunnerWorker.java:96)
	at org.testng.TestNG.runSuitesSequentially(TestNG.java:1187)
	at org.testng.TestNG.runSuitesLocally(TestNG.java:1109)
	at org.testng.TestNG.runSuites(TestNG.java:1039)
	at org.testng.TestNG.run(TestNG.java:1007)
	at org.testng.remote.AbstractRemoteTestNG.run(AbstractRemoteTestNG.java:115)
	at org.testng.remote.RemoteTestNG.initAndRun(RemoteTestNG.java:251)
	at org.testng.remote.RemoteTestNG.main(RemoteTestNG.java:77)
</pre></div></td>
<td>5</td>
<td>com.OSMOSE.testcases.oCalcPro_Licensed@6035b93b</td></tr>
<tr>
<td title='com.OSMOSE.testcases.oCalcPro_Licensed.verifyKBWikiPageClickLicensedUser()'><b>verifyKBWikiPageClickLicensedUser</b><br>Test class: com.OSMOSE.testcases.oCalcPro_Licensed<br>Test method: Verify click on Wiki Page on Knowledge Base card for Licensed User<br/>
<a href="#Output-375918615" onClick='toggleBox("Output-375918615", this, "Show output", "Hide output");'>Show output</a>

<a href="#Output-375918615" onClick="toggleAllBoxes();">Show all outputs</a>
<div class='log' id="Output-375918615">
Click to see Screenshot<br/>
<a target="_blank" href=Wed_Dec_09_17_34_41_IST_2020.jpg>Screenshot</a><br/>
<br><br/>
<br><br/>
<a target="_blank" href=Wed_Dec_09_17_34_41_IST_2020.jpg><img src=Wed_Dec_09_17_34_41_IST_2020.jpg height=200 width=200></img></a><br/>
</div>
</td>
<td><div><pre>org.openqa.selenium.ElementClickInterceptedException: element click intercepted: Element &lt;a data-v-0550c00d=&quot;&quot; id=&quot;OCalWikiPage&quot; href=&quot;javascript:void(0);&quot;&gt;...&lt;/a&gt; is not clickable at point (929, 280). Other element would receive the click: &lt;div data-v-e5dcffde=&quot;&quot; class=&quot;card-body&quot;&gt;...&lt;/div&gt;
  (Session info: chrome=86.0.4240.198)
Build info: version: &apos;3.14.0&apos;, revision: &apos;aacccce0&apos;, time: &apos;2018-08-02T20:19:58.91Z&apos;
System info: host: &apos;5CG6323N27&apos;, ip: &apos;192.168.0.12&apos;, os.name: &apos;Windows 10&apos;, os.arch: &apos;amd64&apos;, os.version: &apos;10.0&apos;, java.version: &apos;1.8.0_191&apos;
Driver info: org.openqa.selenium.chrome.ChromeDriver
Capabilities {acceptInsecureCerts: false, browserName: chrome, browserVersion: 86.0.4240.198, chrome: {chromedriverVersion: 85.0.4183.87 (cd6713ebf92fa..., userDataDir: C:\Windows\Temp\scoped_dir1...}, goog:chromeOptions: {debuggerAddress: localhost:58551}, javascriptEnabled: true, networkConnectionEnabled: false, pageLoadStrategy: none, platform: WINDOWS, platformName: WINDOWS, proxy: Proxy(), setWindowRect: true, strictFileInteractability: false, timeouts: {implicit: 0, pageLoad: 300000, script: 30000}, unhandledPromptBehavior: dismiss and notify, webauthn:virtualAuthenticators: true}
Session ID: 84f6fecc9037269586a89f1e5fd08017
	at org.openqa.selenium.remote.http.W3CHttpResponseCodec.createException(W3CHttpResponseCodec.java:187)
	at org.openqa.selenium.remote.http.W3CHttpResponseCodec.decode(W3CHttpResponseCodec.java:122)
	at org.openqa.selenium.remote.http.W3CHttpResponseCodec.decode(W3CHttpResponseCodec.java:49)
	at org.openqa.selenium.remote.HttpCommandExecutor.execute(HttpCommandExecutor.java:158)
	at org.openqa.selenium.remote.service.DriverCommandExecutor.execute(DriverCommandExecutor.java:83)
	at org.openqa.selenium.remote.RemoteWebDriver.execute(RemoteWebDriver.java:548)
	at org.openqa.selenium.remote.RemoteWebElement.execute(RemoteWebElement.java:276)
	at org.openqa.selenium.remote.RemoteWebElement.click(RemoteWebElement.java:83)
	at com.OSMOSE.base.Page.click(Page.java:183)
	at com.OSMOSE.pages.OU.oCalcProPage.clickKBWikiPage(oCalcProPage.java:253)
	at com.OSMOSE.testcases.oCalcPro_Licensed.verifyKBWikiPageClickLicensedUser(oCalcPro_Licensed.java:772)
	at java.util.ArrayList.forEach(Unknown Source)
... Removed 31 stack frames</pre></div><a href='#' onClick='toggleBox("stack-trace375918615", this, "Click to show all stack frames", "Click to hide stack frames")'>Click to show all stack frames</a>
<div class='stack-trace' id='stack-trace375918615'><pre>org.openqa.selenium.ElementClickInterceptedException: element click intercepted: Element &lt;a data-v-0550c00d=&quot;&quot; id=&quot;OCalWikiPage&quot; href=&quot;javascript:void(0);&quot;&gt;...&lt;/a&gt; is not clickable at point (929, 280). Other element would receive the click: &lt;div data-v-e5dcffde=&quot;&quot; class=&quot;card-body&quot;&gt;...&lt;/div&gt;
  (Session info: chrome=86.0.4240.198)
Build info: version: &apos;3.14.0&apos;, revision: &apos;aacccce0&apos;, time: &apos;2018-08-02T20:19:58.91Z&apos;
System info: host: &apos;5CG6323N27&apos;, ip: &apos;192.168.0.12&apos;, os.name: &apos;Windows 10&apos;, os.arch: &apos;amd64&apos;, os.version: &apos;10.0&apos;, java.version: &apos;1.8.0_191&apos;
Driver info: org.openqa.selenium.chrome.ChromeDriver
Capabilities {acceptInsecureCerts: false, browserName: chrome, browserVersion: 86.0.4240.198, chrome: {chromedriverVersion: 85.0.4183.87 (cd6713ebf92fa..., userDataDir: C:\Windows\Temp\scoped_dir1...}, goog:chromeOptions: {debuggerAddress: localhost:58551}, javascriptEnabled: true, networkConnectionEnabled: false, pageLoadStrategy: none, platform: WINDOWS, platformName: WINDOWS, proxy: Proxy(), setWindowRect: true, strictFileInteractability: false, timeouts: {implicit: 0, pageLoad: 300000, script: 30000}, unhandledPromptBehavior: dismiss and notify, webauthn:virtualAuthenticators: true}
Session ID: 84f6fecc9037269586a89f1e5fd08017
	at sun.reflect.NativeConstructorAccessorImpl.newInstance0(Native Method)
	at sun.reflect.NativeConstructorAccessorImpl.newInstance(Unknown Source)
	at sun.reflect.DelegatingConstructorAccessorImpl.newInstance(Unknown Source)
	at java.lang.reflect.Constructor.newInstance(Unknown Source)
	at org.openqa.selenium.remote.http.W3CHttpResponseCodec.createException(W3CHttpResponseCodec.java:187)
	at org.openqa.selenium.remote.http.W3CHttpResponseCodec.decode(W3CHttpResponseCodec.java:122)
	at org.openqa.selenium.remote.http.W3CHttpResponseCodec.decode(W3CHttpResponseCodec.java:49)
	at org.openqa.selenium.remote.HttpCommandExecutor.execute(HttpCommandExecutor.java:158)
	at org.openqa.selenium.remote.service.DriverCommandExecutor.execute(DriverCommandExecutor.java:83)
	at org.openqa.selenium.remote.RemoteWebDriver.execute(RemoteWebDriver.java:548)
	at org.openqa.selenium.remote.RemoteWebElement.execute(RemoteWebElement.java:276)
	at org.openqa.selenium.remote.RemoteWebElement.click(RemoteWebElement.java:83)
	at com.OSMOSE.base.Page.click(Page.java:183)
	at com.OSMOSE.pages.OU.oCalcProPage.clickKBWikiPage(oCalcProPage.java:253)
	at com.OSMOSE.testcases.oCalcPro_Licensed.verifyKBWikiPageClickLicensedUser(oCalcPro_Licensed.java:772)
	at sun.reflect.NativeMethodAccessorImpl.invoke0(Native Method)
	at sun.reflect.NativeMethodAccessorImpl.invoke(Unknown Source)
	at sun.reflect.DelegatingMethodAccessorImpl.invoke(Unknown Source)
	at java.lang.reflect.Method.invoke(Unknown Source)
	at org.testng.internal.MethodInvocationHelper.invokeMethod(MethodInvocationHelper.java:134)
	at org.testng.internal.TestInvoker.invokeMethod(TestInvoker.java:597)
	at org.testng.internal.TestInvoker.invokeTestMethod(TestInvoker.java:173)
	at org.testng.internal.MethodRunner.runInSequence(MethodRunner.java:46)
	at org.testng.internal.TestInvoker$MethodInvocationAgent.invoke(TestInvoker.java:816)
	at org.testng.internal.TestInvoker.invokeTestMethods(TestInvoker.java:146)
	at org.testng.internal.TestMethodWorker.invokeTestMethods(TestMethodWorker.java:146)
	at org.testng.internal.TestMethodWorker.run(TestMethodWorker.java:128)
	at java.util.ArrayList.forEach(Unknown Source)
	at org.testng.TestRunner.privateRun(TestRunner.java:766)
	at org.testng.TestRunner.run(TestRunner.java:587)
	at org.testng.SuiteRunner.runTest(SuiteRunner.java:384)
	at org.testng.SuiteRunner.runSequentially(SuiteRunner.java:378)
	at org.testng.SuiteRunner.privateRun(SuiteRunner.java:337)
	at org.testng.SuiteRunner.run(SuiteRunner.java:286)
	at org.testng.SuiteRunnerWorker.runSuite(SuiteRunnerWorker.java:53)
	at org.testng.SuiteRunnerWorker.run(SuiteRunnerWorker.java:96)
	at org.testng.TestNG.runSuitesSequentially(TestNG.java:1187)
	at org.testng.TestNG.runSuitesLocally(TestNG.java:1109)
	at org.testng.TestNG.runSuites(TestNG.java:1039)
	at org.testng.TestNG.run(TestNG.java:1007)
	at org.testng.remote.AbstractRemoteTestNG.run(AbstractRemoteTestNG.java:115)
	at org.testng.remote.RemoteTestNG.initAndRun(RemoteTestNG.java:251)
	at org.testng.remote.RemoteTestNG.main(RemoteTestNG.java:77)
</pre></div></td>
<td>5</td>
<td>com.OSMOSE.testcases.oCalcPro_Licensed@6035b93b</td></tr>
<tr>
<td title='com.OSMOSE.testcases.oCalcPro_Licensed.verifyOnlyRenewBtnIsEnabledOnMultipleRecordSelection()'><b>verifyOnlyRenewBtnIsEnabledOnMultipleRecordSelection</b><br>Test class: com.OSMOSE.testcases.oCalcPro_Licensed<br>Test method: verify that only Renew Button is Enabled On multiple record selection<br/>
<a href="#Output-408987553" onClick='toggleBox("Output-408987553", this, "Show output", "Hide output");'>Show output</a>

<a href="#Output-408987553" onClick="toggleAllBoxes();">Show all outputs</a>
<div class='log' id="Output-408987553">
Click to see Screenshot<br/>
<a target="_blank" href=Wed_Dec_09_17_37_25_IST_2020.jpg>Screenshot</a><br/>
<br><br/>
<br><br/>
<a target="_blank" href=Wed_Dec_09_17_37_25_IST_2020.jpg><img src=Wed_Dec_09_17_37_25_IST_2020.jpg height=200 width=200></img></a><br/>
</div>
</td>
<td><div><pre>java.lang.AssertionError: expected [false] but found [true]
	at com.OSMOSE.testcases.oCalcPro_Licensed.verifyOnlyRenewBtnIsEnabledOnMultipleRecordSelection(oCalcPro_Licensed.java:930)
	at java.util.ArrayList.forEach(Unknown Source)
... Removed 31 stack frames</pre></div><a href='#' onClick='toggleBox("stack-trace408987553", this, "Click to show all stack frames", "Click to hide stack frames")'>Click to show all stack frames</a>
<div class='stack-trace' id='stack-trace408987553'><pre>java.lang.AssertionError: expected [false] but found [true]
	at org.testng.Assert.fail(Assert.java:97)
	at org.testng.Assert.failNotEquals(Assert.java:969)
	at org.testng.Assert.assertFalse(Assert.java:65)
	at org.testng.Assert.assertFalse(Assert.java:75)
	at com.OSMOSE.testcases.oCalcPro_Licensed.verifyOnlyRenewBtnIsEnabledOnMultipleRecordSelection(oCalcPro_Licensed.java:930)
	at sun.reflect.NativeMethodAccessorImpl.invoke0(Native Method)
	at sun.reflect.NativeMethodAccessorImpl.invoke(Unknown Source)
	at sun.reflect.DelegatingMethodAccessorImpl.invoke(Unknown Source)
	at java.lang.reflect.Method.invoke(Unknown Source)
	at org.testng.internal.MethodInvocationHelper.invokeMethod(MethodInvocationHelper.java:134)
	at org.testng.internal.TestInvoker.invokeMethod(TestInvoker.java:597)
	at org.testng.internal.TestInvoker.invokeTestMethod(TestInvoker.java:173)
	at org.testng.internal.MethodRunner.runInSequence(MethodRunner.java:46)
	at org.testng.internal.TestInvoker$MethodInvocationAgent.invoke(TestInvoker.java:816)
	at org.testng.internal.TestInvoker.invokeTestMethods(TestInvoker.java:146)
	at org.testng.internal.TestMethodWorker.invokeTestMethods(TestMethodWorker.java:146)
	at org.testng.internal.TestMethodWorker.run(TestMethodWorker.java:128)
	at java.util.ArrayList.forEach(Unknown Source)
	at org.testng.TestRunner.privateRun(TestRunner.java:766)
	at org.testng.TestRunner.run(TestRunner.java:587)
	at org.testng.SuiteRunner.runTest(SuiteRunner.java:384)
	at org.testng.SuiteRunner.runSequentially(SuiteRunner.java:378)
	at org.testng.SuiteRunner.privateRun(SuiteRunner.java:337)
	at org.testng.SuiteRunner.run(SuiteRunner.java:286)
	at org.testng.SuiteRunnerWorker.runSuite(SuiteRunnerWorker.java:53)
	at org.testng.SuiteRunnerWorker.run(SuiteRunnerWorker.java:96)
	at org.testng.TestNG.runSuitesSequentially(TestNG.java:1187)
	at org.testng.TestNG.runSuitesLocally(TestNG.java:1109)
	at org.testng.TestNG.runSuites(TestNG.java:1039)
	at org.testng.TestNG.run(TestNG.java:1007)
	at org.testng.remote.AbstractRemoteTestNG.run(AbstractRemoteTestNG.java:115)
	at org.testng.remote.RemoteTestNG.initAndRun(RemoteTestNG.java:251)
	at org.testng.remote.RemoteTestNG.main(RemoteTestNG.java:77)
</pre></div></td>
<td>4</td>
<td>com.OSMOSE.testcases.oCalcPro_Licensed@6035b93b</td></tr>
<tr>
<td title='com.OSMOSE.testcases.oCalcPro_Licensed.verifyPresenceOfSkipTourNextPreviousExitTour()'><b>verifyPresenceOfSkipTourNextPreviousExitTour</b><br>Test class: com.OSMOSE.testcases.oCalcPro_Licensed<br>Test method: Verify the presence of SkipTour, Next, Previous, ExitTour buttons<br/>
<a href="#Output-517991921" onClick='toggleBox("Output-517991921", this, "Show output", "Hide output");'>Show output</a>

<a href="#Output-517991921" onClick="toggleAllBoxes();">Show all outputs</a>
<div class='log' id="Output-517991921">
Click to see Screenshot<br/>
<a target="_blank" href=Wed_Dec_09_17_35_40_IST_2020.jpg>Screenshot</a><br/>
<br><br/>
<br><br/>
<a target="_blank" href=Wed_Dec_09_17_35_40_IST_2020.jpg><img src=Wed_Dec_09_17_35_40_IST_2020.jpg height=200 width=200></img></a><br/>
</div>
</td>
<td><div><pre>org.openqa.selenium.NoSuchElementException: no such element: Unable to locate element: {&quot;method&quot;:&quot;xpath&quot;,&quot;selector&quot;:&quot;//button[@id=&apos;OCalShowTourBtn&apos; and text()=&apos; SHOW TOUR &apos;]&quot;}
  (Session info: chrome=86.0.4240.198)
For documentation on this error, please visit: http://seleniumhq.org/exceptions/no_such_element.html
Build info: version: &apos;3.14.0&apos;, revision: &apos;aacccce0&apos;, time: &apos;2018-08-02T20:19:58.91Z&apos;
System info: host: &apos;5CG6323N27&apos;, ip: &apos;192.168.0.12&apos;, os.name: &apos;Windows 10&apos;, os.arch: &apos;amd64&apos;, os.version: &apos;10.0&apos;, java.version: &apos;1.8.0_191&apos;
Driver info: org.openqa.selenium.chrome.ChromeDriver
Capabilities {acceptInsecureCerts: false, browserName: chrome, browserVersion: 86.0.4240.198, chrome: {chromedriverVersion: 85.0.4183.87 (cd6713ebf92fa..., userDataDir: C:\Windows\Temp\scoped_dir1...}, goog:chromeOptions: {debuggerAddress: localhost:58551}, javascriptEnabled: true, networkConnectionEnabled: false, pageLoadStrategy: none, platform: WINDOWS, platformName: WINDOWS, proxy: Proxy(), setWindowRect: true, strictFileInteractability: false, timeouts: {implicit: 0, pageLoad: 300000, script: 30000}, unhandledPromptBehavior: dismiss and notify, webauthn:virtualAuthenticators: true}
Session ID: 84f6fecc9037269586a89f1e5fd08017
*** Element info: {Using=xpath, value=//button[@id=&apos;OCalShowTourBtn&apos; and text()=&apos; SHOW TOUR &apos;]}
	at org.openqa.selenium.remote.http.W3CHttpResponseCodec.createException(W3CHttpResponseCodec.java:187)
	at org.openqa.selenium.remote.http.W3CHttpResponseCodec.decode(W3CHttpResponseCodec.java:122)
	at org.openqa.selenium.remote.http.W3CHttpResponseCodec.decode(W3CHttpResponseCodec.java:49)
	at org.openqa.selenium.remote.HttpCommandExecutor.execute(HttpCommandExecutor.java:158)
	at org.openqa.selenium.remote.service.DriverCommandExecutor.execute(DriverCommandExecutor.java:83)
	at org.openqa.selenium.remote.RemoteWebDriver.execute(RemoteWebDriver.java:548)
	at org.openqa.selenium.remote.RemoteWebDriver.findElement(RemoteWebDriver.java:322)
	at org.openqa.selenium.remote.RemoteWebDriver.findElementByXPath(RemoteWebDriver.java:424)
	at org.openqa.selenium.By$ByXPath.findElement(By.java:353)
	at org.openqa.selenium.remote.RemoteWebDriver.findElement(RemoteWebDriver.java:314)
	at com.OSMOSE.base.Page.click(Page.java:183)
	at com.OSMOSE.testcases.oCalcPro_Licensed.verifyPresenceOfSkipTourNextPreviousExitTour(oCalcPro_Licensed.java:867)
	at java.util.ArrayList.forEach(Unknown Source)
... Removed 31 stack frames</pre></div><a href='#' onClick='toggleBox("stack-trace517991921", this, "Click to show all stack frames", "Click to hide stack frames")'>Click to show all stack frames</a>
<div class='stack-trace' id='stack-trace517991921'><pre>org.openqa.selenium.NoSuchElementException: no such element: Unable to locate element: {&quot;method&quot;:&quot;xpath&quot;,&quot;selector&quot;:&quot;//button[@id=&apos;OCalShowTourBtn&apos; and text()=&apos; SHOW TOUR &apos;]&quot;}
  (Session info: chrome=86.0.4240.198)
For documentation on this error, please visit: http://seleniumhq.org/exceptions/no_such_element.html
Build info: version: &apos;3.14.0&apos;, revision: &apos;aacccce0&apos;, time: &apos;2018-08-02T20:19:58.91Z&apos;
System info: host: &apos;5CG6323N27&apos;, ip: &apos;192.168.0.12&apos;, os.name: &apos;Windows 10&apos;, os.arch: &apos;amd64&apos;, os.version: &apos;10.0&apos;, java.version: &apos;1.8.0_191&apos;
Driver info: org.openqa.selenium.chrome.ChromeDriver
Capabilities {acceptInsecureCerts: false, browserName: chrome, browserVersion: 86.0.4240.198, chrome: {chromedriverVersion: 85.0.4183.87 (cd6713ebf92fa..., userDataDir: C:\Windows\Temp\scoped_dir1...}, goog:chromeOptions: {debuggerAddress: localhost:58551}, javascriptEnabled: true, networkConnectionEnabled: false, pageLoadStrategy: none, platform: WINDOWS, platformName: WINDOWS, proxy: Proxy(), setWindowRect: true, strictFileInteractability: false, timeouts: {implicit: 0, pageLoad: 300000, script: 30000}, unhandledPromptBehavior: dismiss and notify, webauthn:virtualAuthenticators: true}
Session ID: 84f6fecc9037269586a89f1e5fd08017
*** Element info: {Using=xpath, value=//button[@id=&apos;OCalShowTourBtn&apos; and text()=&apos; SHOW TOUR &apos;]}
	at sun.reflect.NativeConstructorAccessorImpl.newInstance0(Native Method)
	at sun.reflect.NativeConstructorAccessorImpl.newInstance(Unknown Source)
	at sun.reflect.DelegatingConstructorAccessorImpl.newInstance(Unknown Source)
	at java.lang.reflect.Constructor.newInstance(Unknown Source)
	at org.openqa.selenium.remote.http.W3CHttpResponseCodec.createException(W3CHttpResponseCodec.java:187)
	at org.openqa.selenium.remote.http.W3CHttpResponseCodec.decode(W3CHttpResponseCodec.java:122)
	at org.openqa.selenium.remote.http.W3CHttpResponseCodec.decode(W3CHttpResponseCodec.java:49)
	at org.openqa.selenium.remote.HttpCommandExecutor.execute(HttpCommandExecutor.java:158)
	at org.openqa.selenium.remote.service.DriverCommandExecutor.execute(DriverCommandExecutor.java:83)
	at org.openqa.selenium.remote.RemoteWebDriver.execute(RemoteWebDriver.java:548)
	at org.openqa.selenium.remote.RemoteWebDriver.findElement(RemoteWebDriver.java:322)
	at org.openqa.selenium.remote.RemoteWebDriver.findElementByXPath(RemoteWebDriver.java:424)
	at org.openqa.selenium.By$ByXPath.findElement(By.java:353)
	at org.openqa.selenium.remote.RemoteWebDriver.findElement(RemoteWebDriver.java:314)
	at com.OSMOSE.base.Page.click(Page.java:183)
	at com.OSMOSE.testcases.oCalcPro_Licensed.verifyPresenceOfSkipTourNextPreviousExitTour(oCalcPro_Licensed.java:867)
	at sun.reflect.NativeMethodAccessorImpl.invoke0(Native Method)
	at sun.reflect.NativeMethodAccessorImpl.invoke(Unknown Source)
	at sun.reflect.DelegatingMethodAccessorImpl.invoke(Unknown Source)
	at java.lang.reflect.Method.invoke(Unknown Source)
	at org.testng.internal.MethodInvocationHelper.invokeMethod(MethodInvocationHelper.java:134)
	at org.testng.internal.TestInvoker.invokeMethod(TestInvoker.java:597)
	at org.testng.internal.TestInvoker.invokeTestMethod(TestInvoker.java:173)
	at org.testng.internal.MethodRunner.runInSequence(MethodRunner.java:46)
	at org.testng.internal.TestInvoker$MethodInvocationAgent.invoke(TestInvoker.java:816)
	at org.testng.internal.TestInvoker.invokeTestMethods(TestInvoker.java:146)
	at org.testng.internal.TestMethodWorker.invokeTestMethods(TestMethodWorker.java:146)
	at org.testng.internal.TestMethodWorker.run(TestMethodWorker.java:128)
	at java.util.ArrayList.forEach(Unknown Source)
	at org.testng.TestRunner.privateRun(TestRunner.java:766)
	at org.testng.TestRunner.run(TestRunner.java:587)
	at org.testng.SuiteRunner.runTest(SuiteRunner.java:384)
	at org.testng.SuiteRunner.runSequentially(SuiteRunner.java:378)
	at org.testng.SuiteRunner.privateRun(SuiteRunner.java:337)
	at org.testng.SuiteRunner.run(SuiteRunner.java:286)
	at org.testng.SuiteRunnerWorker.runSuite(SuiteRunnerWorker.java:53)
	at org.testng.SuiteRunnerWorker.run(SuiteRunnerWorker.java:96)
	at org.testng.TestNG.runSuitesSequentially(TestNG.java:1187)
	at org.testng.TestNG.runSuitesLocally(TestNG.java:1109)
	at org.testng.TestNG.runSuites(TestNG.java:1039)
	at org.testng.TestNG.run(TestNG.java:1007)
	at org.testng.remote.AbstractRemoteTestNG.run(AbstractRemoteTestNG.java:115)
	at org.testng.remote.RemoteTestNG.initAndRun(RemoteTestNG.java:251)
	at org.testng.remote.RemoteTestNG.main(RemoteTestNG.java:77)
</pre></div></td>
<td>50</td>
<td>com.OSMOSE.testcases.oCalcPro_Licensed@6035b93b</td></tr>
<tr>
<td title='com.OSMOSE.testcases.oCalcPro_Licensed.verifyRequestQuoteForPrivateTrainingClassesClickLicensedUser()'><b>verifyRequestQuoteForPrivateTrainingClassesClickLicensedUser</b><br>Test class: com.OSMOSE.testcases.oCalcPro_Licensed<br>Test method: Verify click on Request Quote for Private Training classes on Training Options for Licensed User<br/>
<a href="#Output-1727379710" onClick='toggleBox("Output-1727379710", this, "Show output", "Hide output");'>Show output</a>

<a href="#Output-1727379710" onClick="toggleAllBoxes();">Show all outputs</a>
<div class='log' id="Output-1727379710">
Click to see Screenshot<br/>
<a target="_blank" href=Wed_Dec_09_17_34_11_IST_2020.jpg>Screenshot</a><br/>
<br><br/>
<br><br/>
<a target="_blank" href=Wed_Dec_09_17_34_11_IST_2020.jpg><img src=Wed_Dec_09_17_34_11_IST_2020.jpg height=200 width=200></img></a><br/>
</div>
</td>
<td><div><pre>org.openqa.selenium.WebDriverException: target frame detached
  (Session info: chrome=86.0.4240.198)
Build info: version: &apos;3.14.0&apos;, revision: &apos;aacccce0&apos;, time: &apos;2018-08-02T20:19:58.91Z&apos;
System info: host: &apos;5CG6323N27&apos;, ip: &apos;192.168.0.12&apos;, os.name: &apos;Windows 10&apos;, os.arch: &apos;amd64&apos;, os.version: &apos;10.0&apos;, java.version: &apos;1.8.0_191&apos;
Driver info: org.openqa.selenium.chrome.ChromeDriver
Capabilities {acceptInsecureCerts: false, browserName: chrome, browserVersion: 86.0.4240.198, chrome: {chromedriverVersion: 85.0.4183.87 (cd6713ebf92fa..., userDataDir: C:\Windows\Temp\scoped_dir1...}, goog:chromeOptions: {debuggerAddress: localhost:58551}, javascriptEnabled: true, networkConnectionEnabled: false, pageLoadStrategy: none, platform: WINDOWS, platformName: WINDOWS, proxy: Proxy(), setWindowRect: true, strictFileInteractability: false, timeouts: {implicit: 0, pageLoad: 300000, script: 30000}, unhandledPromptBehavior: dismiss and notify, webauthn:virtualAuthenticators: true}
Session ID: 84f6fecc9037269586a89f1e5fd08017
*** Element info: {Using=xpath, value=//a[@id=&apos;OCalQuoteTraining&apos; and text()=&apos;Request quote for Private Training class&apos;]}
	at org.openqa.selenium.remote.http.W3CHttpResponseCodec.createException(W3CHttpResponseCodec.java:187)
	at org.openqa.selenium.remote.http.W3CHttpResponseCodec.decode(W3CHttpResponseCodec.java:122)
	at org.openqa.selenium.remote.http.W3CHttpResponseCodec.decode(W3CHttpResponseCodec.java:49)
	at org.openqa.selenium.remote.HttpCommandExecutor.execute(HttpCommandExecutor.java:158)
	at org.openqa.selenium.remote.service.DriverCommandExecutor.execute(DriverCommandExecutor.java:83)
	at org.openqa.selenium.remote.RemoteWebDriver.execute(RemoteWebDriver.java:548)
	at org.openqa.selenium.remote.RemoteWebDriver.findElement(RemoteWebDriver.java:322)
	at org.openqa.selenium.remote.RemoteWebDriver.findElementByXPath(RemoteWebDriver.java:424)
	at org.openqa.selenium.By$ByXPath.findElement(By.java:353)
	at org.openqa.selenium.remote.RemoteWebDriver.findElement(RemoteWebDriver.java:314)
	at com.OSMOSE.base.Page.click(Page.java:183)
	at com.OSMOSE.pages.OU.oCalcProPage.clickRequestQuoteForPrivateTrainingClasses(oCalcProPage.java:217)
	at com.OSMOSE.testcases.oCalcPro_Licensed.verifyRequestQuoteForPrivateTrainingClassesClickLicensedUser(oCalcPro_Licensed.java:618)
	at java.util.ArrayList.forEach(Unknown Source)
... Removed 31 stack frames</pre></div><a href='#' onClick='toggleBox("stack-trace1727379710", this, "Click to show all stack frames", "Click to hide stack frames")'>Click to show all stack frames</a>
<div class='stack-trace' id='stack-trace1727379710'><pre>org.openqa.selenium.WebDriverException: target frame detached
  (Session info: chrome=86.0.4240.198)
Build info: version: &apos;3.14.0&apos;, revision: &apos;aacccce0&apos;, time: &apos;2018-08-02T20:19:58.91Z&apos;
System info: host: &apos;5CG6323N27&apos;, ip: &apos;192.168.0.12&apos;, os.name: &apos;Windows 10&apos;, os.arch: &apos;amd64&apos;, os.version: &apos;10.0&apos;, java.version: &apos;1.8.0_191&apos;
Driver info: org.openqa.selenium.chrome.ChromeDriver
Capabilities {acceptInsecureCerts: false, browserName: chrome, browserVersion: 86.0.4240.198, chrome: {chromedriverVersion: 85.0.4183.87 (cd6713ebf92fa..., userDataDir: C:\Windows\Temp\scoped_dir1...}, goog:chromeOptions: {debuggerAddress: localhost:58551}, javascriptEnabled: true, networkConnectionEnabled: false, pageLoadStrategy: none, platform: WINDOWS, platformName: WINDOWS, proxy: Proxy(), setWindowRect: true, strictFileInteractability: false, timeouts: {implicit: 0, pageLoad: 300000, script: 30000}, unhandledPromptBehavior: dismiss and notify, webauthn:virtualAuthenticators: true}
Session ID: 84f6fecc9037269586a89f1e5fd08017
*** Element info: {Using=xpath, value=//a[@id=&apos;OCalQuoteTraining&apos; and text()=&apos;Request quote for Private Training class&apos;]}
	at sun.reflect.NativeConstructorAccessorImpl.newInstance0(Native Method)
	at sun.reflect.NativeConstructorAccessorImpl.newInstance(Unknown Source)
	at sun.reflect.DelegatingConstructorAccessorImpl.newInstance(Unknown Source)
	at java.lang.reflect.Constructor.newInstance(Unknown Source)
	at org.openqa.selenium.remote.http.W3CHttpResponseCodec.createException(W3CHttpResponseCodec.java:187)
	at org.openqa.selenium.remote.http.W3CHttpResponseCodec.decode(W3CHttpResponseCodec.java:122)
	at org.openqa.selenium.remote.http.W3CHttpResponseCodec.decode(W3CHttpResponseCodec.java:49)
	at org.openqa.selenium.remote.HttpCommandExecutor.execute(HttpCommandExecutor.java:158)
	at org.openqa.selenium.remote.service.DriverCommandExecutor.execute(DriverCommandExecutor.java:83)
	at org.openqa.selenium.remote.RemoteWebDriver.execute(RemoteWebDriver.java:548)
	at org.openqa.selenium.remote.RemoteWebDriver.findElement(RemoteWebDriver.java:322)
	at org.openqa.selenium.remote.RemoteWebDriver.findElementByXPath(RemoteWebDriver.java:424)
	at org.openqa.selenium.By$ByXPath.findElement(By.java:353)
	at org.openqa.selenium.remote.RemoteWebDriver.findElement(RemoteWebDriver.java:314)
	at com.OSMOSE.base.Page.click(Page.java:183)
	at com.OSMOSE.pages.OU.oCalcProPage.clickRequestQuoteForPrivateTrainingClasses(oCalcProPage.java:217)
	at com.OSMOSE.testcases.oCalcPro_Licensed.verifyRequestQuoteForPrivateTrainingClassesClickLicensedUser(oCalcPro_Licensed.java:618)
	at sun.reflect.NativeMethodAccessorImpl.invoke0(Native Method)
	at sun.reflect.NativeMethodAccessorImpl.invoke(Unknown Source)
	at sun.reflect.DelegatingMethodAccessorImpl.invoke(Unknown Source)
	at java.lang.reflect.Method.invoke(Unknown Source)
	at org.testng.internal.MethodInvocationHelper.invokeMethod(MethodInvocationHelper.java:134)
	at org.testng.internal.TestInvoker.invokeMethod(TestInvoker.java:597)
	at org.testng.internal.TestInvoker.invokeTestMethod(TestInvoker.java:173)
	at org.testng.internal.MethodRunner.runInSequence(MethodRunner.java:46)
	at org.testng.internal.TestInvoker$MethodInvocationAgent.invoke(TestInvoker.java:816)
	at org.testng.internal.TestInvoker.invokeTestMethods(TestInvoker.java:146)
	at org.testng.internal.TestMethodWorker.invokeTestMethods(TestMethodWorker.java:146)
	at org.testng.internal.TestMethodWorker.run(TestMethodWorker.java:128)
	at java.util.ArrayList.forEach(Unknown Source)
	at org.testng.TestRunner.privateRun(TestRunner.java:766)
	at org.testng.TestRunner.run(TestRunner.java:587)
	at org.testng.SuiteRunner.runTest(SuiteRunner.java:384)
	at org.testng.SuiteRunner.runSequentially(SuiteRunner.java:378)
	at org.testng.SuiteRunner.privateRun(SuiteRunner.java:337)
	at org.testng.SuiteRunner.run(SuiteRunner.java:286)
	at org.testng.SuiteRunnerWorker.runSuite(SuiteRunnerWorker.java:53)
	at org.testng.SuiteRunnerWorker.run(SuiteRunnerWorker.java:96)
	at org.testng.TestNG.runSuitesSequentially(TestNG.java:1187)
	at org.testng.TestNG.runSuitesLocally(TestNG.java:1109)
	at org.testng.TestNG.runSuites(TestNG.java:1039)
	at org.testng.TestNG.run(TestNG.java:1007)
	at org.testng.remote.AbstractRemoteTestNG.run(AbstractRemoteTestNG.java:115)
	at org.testng.remote.RemoteTestNG.initAndRun(RemoteTestNG.java:251)
	at org.testng.remote.RemoteTestNG.main(RemoteTestNG.java:77)
</pre></div></td>
<td>0</td>
<td>com.OSMOSE.testcases.oCalcPro_Licensed@6035b93b</td></tr>
<tr>
<td title='com.OSMOSE.testcases.oCalcPro_Licensed.verifySearchResultsAreGroupedLicensedUser()'><b>verifySearchResultsAreGroupedLicensedUser</b><br>Test class: com.OSMOSE.testcases.oCalcPro_Licensed<br>Test method: Verify that Search results section will be organized into separate grouped based on the popular query selected for licensed user<br/>
<a href="#Output-1641418296" onClick='toggleBox("Output-1641418296", this, "Show output", "Hide output");'>Show output</a>

<a href="#Output-1641418296" onClick="toggleAllBoxes();">Show all outputs</a>
<div class='log' id="Output-1641418296">
Click to see Screenshot<br/>
<a target="_blank" href=Wed_Dec_09_17_34_46_IST_2020.jpg>Screenshot</a><br/>
<br><br/>
<br><br/>
<a target="_blank" href=Wed_Dec_09_17_34_46_IST_2020.jpg><img src=Wed_Dec_09_17_34_46_IST_2020.jpg height=200 width=200></img></a><br/>
</div>
</td>
<td><div><pre>org.openqa.selenium.ElementClickInterceptedException: element click intercepted: Element &lt;h5 data-v-0550c00d=&quot;&quot; class=&quot;m-0 crspointer&quot;&gt;...&lt;/h5&gt; is not clickable at point (1075, 213). Other element would receive the click: &lt;div id=&quot;freeTrail___BV_modal_body_&quot; class=&quot;modal-body&quot;&gt;...&lt;/div&gt;
  (Session info: chrome=86.0.4240.198)
Build info: version: &apos;3.14.0&apos;, revision: &apos;aacccce0&apos;, time: &apos;2018-08-02T20:19:58.91Z&apos;
System info: host: &apos;5CG6323N27&apos;, ip: &apos;192.168.0.12&apos;, os.name: &apos;Windows 10&apos;, os.arch: &apos;amd64&apos;, os.version: &apos;10.0&apos;, java.version: &apos;1.8.0_191&apos;
Driver info: org.openqa.selenium.chrome.ChromeDriver
Capabilities {acceptInsecureCerts: false, browserName: chrome, browserVersion: 86.0.4240.198, chrome: {chromedriverVersion: 85.0.4183.87 (cd6713ebf92fa..., userDataDir: C:\Windows\Temp\scoped_dir1...}, goog:chromeOptions: {debuggerAddress: localhost:58551}, javascriptEnabled: true, networkConnectionEnabled: false, pageLoadStrategy: none, platform: WINDOWS, platformName: WINDOWS, proxy: Proxy(), setWindowRect: true, strictFileInteractability: false, timeouts: {implicit: 0, pageLoad: 300000, script: 30000}, unhandledPromptBehavior: dismiss and notify, webauthn:virtualAuthenticators: true}
Session ID: 84f6fecc9037269586a89f1e5fd08017
	at org.openqa.selenium.remote.http.W3CHttpResponseCodec.createException(W3CHttpResponseCodec.java:187)
	at org.openqa.selenium.remote.http.W3CHttpResponseCodec.decode(W3CHttpResponseCodec.java:122)
	at org.openqa.selenium.remote.http.W3CHttpResponseCodec.decode(W3CHttpResponseCodec.java:49)
	at org.openqa.selenium.remote.HttpCommandExecutor.execute(HttpCommandExecutor.java:158)
	at org.openqa.selenium.remote.service.DriverCommandExecutor.execute(DriverCommandExecutor.java:83)
	at org.openqa.selenium.remote.RemoteWebDriver.execute(RemoteWebDriver.java:548)
	at org.openqa.selenium.remote.RemoteWebElement.execute(RemoteWebElement.java:276)
	at org.openqa.selenium.remote.RemoteWebElement.click(RemoteWebElement.java:83)
	at com.OSMOSE.base.Page.click(Page.java:183)
	at com.OSMOSE.pages.OU.oCalcProPage.clickKnowledgeBase(oCalcProPage.java:59)
	at com.OSMOSE.testcases.oCalcPro_Licensed.verifySearchResultsAreGroupedLicensedUser(oCalcPro_Licensed.java:801)
	at java.util.ArrayList.forEach(Unknown Source)
... Removed 31 stack frames</pre></div><a href='#' onClick='toggleBox("stack-trace1641418296", this, "Click to show all stack frames", "Click to hide stack frames")'>Click to show all stack frames</a>
<div class='stack-trace' id='stack-trace1641418296'><pre>org.openqa.selenium.ElementClickInterceptedException: element click intercepted: Element &lt;h5 data-v-0550c00d=&quot;&quot; class=&quot;m-0 crspointer&quot;&gt;...&lt;/h5&gt; is not clickable at point (1075, 213). Other element would receive the click: &lt;div id=&quot;freeTrail___BV_modal_body_&quot; class=&quot;modal-body&quot;&gt;...&lt;/div&gt;
  (Session info: chrome=86.0.4240.198)
Build info: version: &apos;3.14.0&apos;, revision: &apos;aacccce0&apos;, time: &apos;2018-08-02T20:19:58.91Z&apos;
System info: host: &apos;5CG6323N27&apos;, ip: &apos;192.168.0.12&apos;, os.name: &apos;Windows 10&apos;, os.arch: &apos;amd64&apos;, os.version: &apos;10.0&apos;, java.version: &apos;1.8.0_191&apos;
Driver info: org.openqa.selenium.chrome.ChromeDriver
Capabilities {acceptInsecureCerts: false, browserName: chrome, browserVersion: 86.0.4240.198, chrome: {chromedriverVersion: 85.0.4183.87 (cd6713ebf92fa..., userDataDir: C:\Windows\Temp\scoped_dir1...}, goog:chromeOptions: {debuggerAddress: localhost:58551}, javascriptEnabled: true, networkConnectionEnabled: false, pageLoadStrategy: none, platform: WINDOWS, platformName: WINDOWS, proxy: Proxy(), setWindowRect: true, strictFileInteractability: false, timeouts: {implicit: 0, pageLoad: 300000, script: 30000}, unhandledPromptBehavior: dismiss and notify, webauthn:virtualAuthenticators: true}
Session ID: 84f6fecc9037269586a89f1e5fd08017
	at sun.reflect.NativeConstructorAccessorImpl.newInstance0(Native Method)
	at sun.reflect.NativeConstructorAccessorImpl.newInstance(Unknown Source)
	at sun.reflect.DelegatingConstructorAccessorImpl.newInstance(Unknown Source)
	at java.lang.reflect.Constructor.newInstance(Unknown Source)
	at org.openqa.selenium.remote.http.W3CHttpResponseCodec.createException(W3CHttpResponseCodec.java:187)
	at org.openqa.selenium.remote.http.W3CHttpResponseCodec.decode(W3CHttpResponseCodec.java:122)
	at org.openqa.selenium.remote.http.W3CHttpResponseCodec.decode(W3CHttpResponseCodec.java:49)
	at org.openqa.selenium.remote.HttpCommandExecutor.execute(HttpCommandExecutor.java:158)
	at org.openqa.selenium.remote.service.DriverCommandExecutor.execute(DriverCommandExecutor.java:83)
	at org.openqa.selenium.remote.RemoteWebDriver.execute(RemoteWebDriver.java:548)
	at org.openqa.selenium.remote.RemoteWebElement.execute(RemoteWebElement.java:276)
	at org.openqa.selenium.remote.RemoteWebElement.click(RemoteWebElement.java:83)
	at com.OSMOSE.base.Page.click(Page.java:183)
	at com.OSMOSE.pages.OU.oCalcProPage.clickKnowledgeBase(oCalcProPage.java:59)
	at com.OSMOSE.testcases.oCalcPro_Licensed.verifySearchResultsAreGroupedLicensedUser(oCalcPro_Licensed.java:801)
	at sun.reflect.NativeMethodAccessorImpl.invoke0(Native Method)
	at sun.reflect.NativeMethodAccessorImpl.invoke(Unknown Source)
	at sun.reflect.DelegatingMethodAccessorImpl.invoke(Unknown Source)
	at java.lang.reflect.Method.invoke(Unknown Source)
	at org.testng.internal.MethodInvocationHelper.invokeMethod(MethodInvocationHelper.java:134)
	at org.testng.internal.TestInvoker.invokeMethod(TestInvoker.java:597)
	at org.testng.internal.TestInvoker.invokeTestMethod(TestInvoker.java:173)
	at org.testng.internal.MethodRunner.runInSequence(MethodRunner.java:46)
	at org.testng.internal.TestInvoker$MethodInvocationAgent.invoke(TestInvoker.java:816)
	at org.testng.internal.TestInvoker.invokeTestMethods(TestInvoker.java:146)
	at org.testng.internal.TestMethodWorker.invokeTestMethods(TestMethodWorker.java:146)
	at org.testng.internal.TestMethodWorker.run(TestMethodWorker.java:128)
	at java.util.ArrayList.forEach(Unknown Source)
	at org.testng.TestRunner.privateRun(TestRunner.java:766)
	at org.testng.TestRunner.run(TestRunner.java:587)
	at org.testng.SuiteRunner.runTest(SuiteRunner.java:384)
	at org.testng.SuiteRunner.runSequentially(SuiteRunner.java:378)
	at org.testng.SuiteRunner.privateRun(SuiteRunner.java:337)
	at org.testng.SuiteRunner.run(SuiteRunner.java:286)
	at org.testng.SuiteRunnerWorker.runSuite(SuiteRunnerWorker.java:53)
	at org.testng.SuiteRunnerWorker.run(SuiteRunnerWorker.java:96)
	at org.testng.TestNG.runSuitesSequentially(TestNG.java:1187)
	at org.testng.TestNG.runSuitesLocally(TestNG.java:1109)
	at org.testng.TestNG.runSuites(TestNG.java:1039)
	at org.testng.TestNG.run(TestNG.java:1007)
	at org.testng.remote.AbstractRemoteTestNG.run(AbstractRemoteTestNG.java:115)
	at org.testng.remote.RemoteTestNG.initAndRun(RemoteTestNG.java:251)
	at org.testng.remote.RemoteTestNG.main(RemoteTestNG.java:77)
</pre></div></td>
<td>5</td>
<td>com.OSMOSE.testcases.oCalcPro_Licensed@6035b93b</td></tr>
<tr>
<td title='com.OSMOSE.testcases.oCalcPro_Licensed.verifySubmitIssueClickLicensedUser()'><b>verifySubmitIssueClickLicensedUser</b><br>Test class: com.OSMOSE.testcases.oCalcPro_Licensed<br>Test method: Verify clicking on Submit Issue / Feature Request for Licensed User<br/>
<a href="#Output-742969054" onClick='toggleBox("Output-742969054", this, "Show output", "Hide output");'>Show output</a>

<a href="#Output-742969054" onClick="toggleAllBoxes();">Show all outputs</a>
<div class='log' id="Output-742969054">
Click to see Screenshot<br/>
<a target="_blank" href=Wed_Dec_09_17_34_28_IST_2020.jpg>Screenshot</a><br/>
<br><br/>
<br><br/>
<a target="_blank" href=Wed_Dec_09_17_34_28_IST_2020.jpg><img src=Wed_Dec_09_17_34_28_IST_2020.jpg height=200 width=200></img></a><br/>
</div>
</td>
<td><div><pre>org.openqa.selenium.ElementClickInterceptedException: element click intercepted: Element &lt;a data-v-0550c00d=&quot;&quot; id=&quot;OCalSubIssueLink&quot; href=&quot;javascript:void(0);&quot;&gt;...&lt;/a&gt; is not clickable at point (1155, 463). Other element would receive the click: &lt;div id=&quot;freeTrail&quot; role=&quot;dialog&quot; aria-labelledby=&quot;freeTrail___BV_modal_title_&quot; aria-describedby=&quot;freeTrail___BV_modal_body_&quot; class=&quot;modal fade show&quot; aria-modal=&quot;true&quot; style=&quot;display: block;&quot;&gt;...&lt;/div&gt;
  (Session info: chrome=86.0.4240.198)
Build info: version: &apos;3.14.0&apos;, revision: &apos;aacccce0&apos;, time: &apos;2018-08-02T20:19:58.91Z&apos;
System info: host: &apos;5CG6323N27&apos;, ip: &apos;192.168.0.12&apos;, os.name: &apos;Windows 10&apos;, os.arch: &apos;amd64&apos;, os.version: &apos;10.0&apos;, java.version: &apos;1.8.0_191&apos;
Driver info: org.openqa.selenium.chrome.ChromeDriver
Capabilities {acceptInsecureCerts: false, browserName: chrome, browserVersion: 86.0.4240.198, chrome: {chromedriverVersion: 85.0.4183.87 (cd6713ebf92fa..., userDataDir: C:\Windows\Temp\scoped_dir1...}, goog:chromeOptions: {debuggerAddress: localhost:58551}, javascriptEnabled: true, networkConnectionEnabled: false, pageLoadStrategy: none, platform: WINDOWS, platformName: WINDOWS, proxy: Proxy(), setWindowRect: true, strictFileInteractability: false, timeouts: {implicit: 0, pageLoad: 300000, script: 30000}, unhandledPromptBehavior: dismiss and notify, webauthn:virtualAuthenticators: true}
Session ID: 84f6fecc9037269586a89f1e5fd08017
	at org.openqa.selenium.remote.http.W3CHttpResponseCodec.createException(W3CHttpResponseCodec.java:187)
	at org.openqa.selenium.remote.http.W3CHttpResponseCodec.decode(W3CHttpResponseCodec.java:122)
	at org.openqa.selenium.remote.http.W3CHttpResponseCodec.decode(W3CHttpResponseCodec.java:49)
	at org.openqa.selenium.remote.HttpCommandExecutor.execute(HttpCommandExecutor.java:158)
	at org.openqa.selenium.remote.service.DriverCommandExecutor.execute(DriverCommandExecutor.java:83)
	at org.openqa.selenium.remote.RemoteWebDriver.execute(RemoteWebDriver.java:548)
	at org.openqa.selenium.remote.RemoteWebElement.execute(RemoteWebElement.java:276)
	at org.openqa.selenium.remote.RemoteWebElement.click(RemoteWebElement.java:83)
	at com.OSMOSE.base.Page.click(Page.java:183)
	at com.OSMOSE.pages.OU.oCalcProPage.clickSubmitIssue(oCalcProPage.java:225)
	at com.OSMOSE.testcases.oCalcPro_Licensed.verifySubmitIssueClickLicensedUser(oCalcPro_Licensed.java:704)
	at java.util.ArrayList.forEach(Unknown Source)
... Removed 31 stack frames</pre></div><a href='#' onClick='toggleBox("stack-trace742969054", this, "Click to show all stack frames", "Click to hide stack frames")'>Click to show all stack frames</a>
<div class='stack-trace' id='stack-trace742969054'><pre>org.openqa.selenium.ElementClickInterceptedException: element click intercepted: Element &lt;a data-v-0550c00d=&quot;&quot; id=&quot;OCalSubIssueLink&quot; href=&quot;javascript:void(0);&quot;&gt;...&lt;/a&gt; is not clickable at point (1155, 463). Other element would receive the click: &lt;div id=&quot;freeTrail&quot; role=&quot;dialog&quot; aria-labelledby=&quot;freeTrail___BV_modal_title_&quot; aria-describedby=&quot;freeTrail___BV_modal_body_&quot; class=&quot;modal fade show&quot; aria-modal=&quot;true&quot; style=&quot;display: block;&quot;&gt;...&lt;/div&gt;
  (Session info: chrome=86.0.4240.198)
Build info: version: &apos;3.14.0&apos;, revision: &apos;aacccce0&apos;, time: &apos;2018-08-02T20:19:58.91Z&apos;
System info: host: &apos;5CG6323N27&apos;, ip: &apos;192.168.0.12&apos;, os.name: &apos;Windows 10&apos;, os.arch: &apos;amd64&apos;, os.version: &apos;10.0&apos;, java.version: &apos;1.8.0_191&apos;
Driver info: org.openqa.selenium.chrome.ChromeDriver
Capabilities {acceptInsecureCerts: false, browserName: chrome, browserVersion: 86.0.4240.198, chrome: {chromedriverVersion: 85.0.4183.87 (cd6713ebf92fa..., userDataDir: C:\Windows\Temp\scoped_dir1...}, goog:chromeOptions: {debuggerAddress: localhost:58551}, javascriptEnabled: true, networkConnectionEnabled: false, pageLoadStrategy: none, platform: WINDOWS, platformName: WINDOWS, proxy: Proxy(), setWindowRect: true, strictFileInteractability: false, timeouts: {implicit: 0, pageLoad: 300000, script: 30000}, unhandledPromptBehavior: dismiss and notify, webauthn:virtualAuthenticators: true}
Session ID: 84f6fecc9037269586a89f1e5fd08017
	at sun.reflect.NativeConstructorAccessorImpl.newInstance0(Native Method)
	at sun.reflect.NativeConstructorAccessorImpl.newInstance(Unknown Source)
	at sun.reflect.DelegatingConstructorAccessorImpl.newInstance(Unknown Source)
	at java.lang.reflect.Constructor.newInstance(Unknown Source)
	at org.openqa.selenium.remote.http.W3CHttpResponseCodec.createException(W3CHttpResponseCodec.java:187)
	at org.openqa.selenium.remote.http.W3CHttpResponseCodec.decode(W3CHttpResponseCodec.java:122)
	at org.openqa.selenium.remote.http.W3CHttpResponseCodec.decode(W3CHttpResponseCodec.java:49)
	at org.openqa.selenium.remote.HttpCommandExecutor.execute(HttpCommandExecutor.java:158)
	at org.openqa.selenium.remote.service.DriverCommandExecutor.execute(DriverCommandExecutor.java:83)
	at org.openqa.selenium.remote.RemoteWebDriver.execute(RemoteWebDriver.java:548)
	at org.openqa.selenium.remote.RemoteWebElement.execute(RemoteWebElement.java:276)
	at org.openqa.selenium.remote.RemoteWebElement.click(RemoteWebElement.java:83)
	at com.OSMOSE.base.Page.click(Page.java:183)
	at com.OSMOSE.pages.OU.oCalcProPage.clickSubmitIssue(oCalcProPage.java:225)
	at com.OSMOSE.testcases.oCalcPro_Licensed.verifySubmitIssueClickLicensedUser(oCalcPro_Licensed.java:704)
	at sun.reflect.NativeMethodAccessorImpl.invoke0(Native Method)
	at sun.reflect.NativeMethodAccessorImpl.invoke(Unknown Source)
	at sun.reflect.DelegatingMethodAccessorImpl.invoke(Unknown Source)
	at java.lang.reflect.Method.invoke(Unknown Source)
	at org.testng.internal.MethodInvocationHelper.invokeMethod(MethodInvocationHelper.java:134)
	at org.testng.internal.TestInvoker.invokeMethod(TestInvoker.java:597)
	at org.testng.internal.TestInvoker.invokeTestMethod(TestInvoker.java:173)
	at org.testng.internal.MethodRunner.runInSequence(MethodRunner.java:46)
	at org.testng.internal.TestInvoker$MethodInvocationAgent.invoke(TestInvoker.java:816)
	at org.testng.internal.TestInvoker.invokeTestMethods(TestInvoker.java:146)
	at org.testng.internal.TestMethodWorker.invokeTestMethods(TestMethodWorker.java:146)
	at org.testng.internal.TestMethodWorker.run(TestMethodWorker.java:128)
	at java.util.ArrayList.forEach(Unknown Source)
	at org.testng.TestRunner.privateRun(TestRunner.java:766)
	at org.testng.TestRunner.run(TestRunner.java:587)
	at org.testng.SuiteRunner.runTest(SuiteRunner.java:384)
	at org.testng.SuiteRunner.runSequentially(SuiteRunner.java:378)
	at org.testng.SuiteRunner.privateRun(SuiteRunner.java:337)
	at org.testng.SuiteRunner.run(SuiteRunner.java:286)
	at org.testng.SuiteRunnerWorker.runSuite(SuiteRunnerWorker.java:53)
	at org.testng.SuiteRunnerWorker.run(SuiteRunnerWorker.java:96)
	at org.testng.TestNG.runSuitesSequentially(TestNG.java:1187)
	at org.testng.TestNG.runSuitesLocally(TestNG.java:1109)
	at org.testng.TestNG.runSuites(TestNG.java:1039)
	at org.testng.TestNG.run(TestNG.java:1007)
	at org.testng.remote.AbstractRemoteTestNG.run(AbstractRemoteTestNG.java:115)
	at org.testng.remote.RemoteTestNG.initAndRun(RemoteTestNG.java:251)
	at org.testng.remote.RemoteTestNG.main(RemoteTestNG.java:77)
</pre></div></td>
<td>1</td>
<td>com.OSMOSE.testcases.oCalcPro_Licensed@6035b93b</td></tr>
<tr>
<td title='com.OSMOSE.testcases.oCalcPro_Licensed.verifyTrainingVideosAreGroupedLicensedUser()'><b>verifyTrainingVideosAreGroupedLicensedUser</b><br>Test class: com.OSMOSE.testcases.oCalcPro_Licensed<br>Test method: Verify that Search results section will be organized into separate grouped based on the popular query selected for licensed user<br/>
<a href="#Output-873134840" onClick='toggleBox("Output-873134840", this, "Show output", "Hide output");'>Show output</a>

<a href="#Output-873134840" onClick="toggleAllBoxes();">Show all outputs</a>
<div class='log' id="Output-873134840">
Click to see Screenshot<br/>
<a target="_blank" href=Wed_Dec_09_17_34_48_IST_2020.jpg>Screenshot</a><br/>
<br><br/>
<br><br/>
<a target="_blank" href=Wed_Dec_09_17_34_48_IST_2020.jpg><img src=Wed_Dec_09_17_34_48_IST_2020.jpg height=200 width=200></img></a><br/>
</div>
</td>
<td><div><pre>org.openqa.selenium.ElementClickInterceptedException: element click intercepted: Element &lt;a data-v-0550c00d=&quot;&quot; id=&quot;OCalTrainingVideos&quot; href=&quot;javascript:void(0);&quot;&gt;...&lt;/a&gt; is not clickable at point (946, 256). Other element would receive the click: &lt;header data-v-e5dcffde=&quot;&quot; class=&quot;card-header&quot;&gt;...&lt;/header&gt;
  (Session info: chrome=86.0.4240.198)
Build info: version: &apos;3.14.0&apos;, revision: &apos;aacccce0&apos;, time: &apos;2018-08-02T20:19:58.91Z&apos;
System info: host: &apos;5CG6323N27&apos;, ip: &apos;192.168.0.12&apos;, os.name: &apos;Windows 10&apos;, os.arch: &apos;amd64&apos;, os.version: &apos;10.0&apos;, java.version: &apos;1.8.0_191&apos;
Driver info: org.openqa.selenium.chrome.ChromeDriver
Capabilities {acceptInsecureCerts: false, browserName: chrome, browserVersion: 86.0.4240.198, chrome: {chromedriverVersion: 85.0.4183.87 (cd6713ebf92fa..., userDataDir: C:\Windows\Temp\scoped_dir1...}, goog:chromeOptions: {debuggerAddress: localhost:58551}, javascriptEnabled: true, networkConnectionEnabled: false, pageLoadStrategy: none, platform: WINDOWS, platformName: WINDOWS, proxy: Proxy(), setWindowRect: true, strictFileInteractability: false, timeouts: {implicit: 0, pageLoad: 300000, script: 30000}, unhandledPromptBehavior: dismiss and notify, webauthn:virtualAuthenticators: true}
Session ID: 84f6fecc9037269586a89f1e5fd08017
	at org.openqa.selenium.remote.http.W3CHttpResponseCodec.createException(W3CHttpResponseCodec.java:187)
	at org.openqa.selenium.remote.http.W3CHttpResponseCodec.decode(W3CHttpResponseCodec.java:122)
	at org.openqa.selenium.remote.http.W3CHttpResponseCodec.decode(W3CHttpResponseCodec.java:49)
	at org.openqa.selenium.remote.HttpCommandExecutor.execute(HttpCommandExecutor.java:158)
	at org.openqa.selenium.remote.service.DriverCommandExecutor.execute(DriverCommandExecutor.java:83)
	at org.openqa.selenium.remote.RemoteWebDriver.execute(RemoteWebDriver.java:548)
	at org.openqa.selenium.remote.RemoteWebElement.execute(RemoteWebElement.java:276)
	at org.openqa.selenium.remote.RemoteWebElement.click(RemoteWebElement.java:83)
	at com.OSMOSE.base.Page.click(Page.java:183)
	at com.OSMOSE.pages.OU.oCalcProPage.clickKBTrainingVideos(oCalcProPage.java:249)
	at com.OSMOSE.testcases.oCalcPro_Licensed.verifyTrainingVideosAreGroupedLicensedUser(oCalcPro_Licensed.java:823)
	at java.util.ArrayList.forEach(Unknown Source)
... Removed 31 stack frames</pre></div><a href='#' onClick='toggleBox("stack-trace873134840", this, "Click to show all stack frames", "Click to hide stack frames")'>Click to show all stack frames</a>
<div class='stack-trace' id='stack-trace873134840'><pre>org.openqa.selenium.ElementClickInterceptedException: element click intercepted: Element &lt;a data-v-0550c00d=&quot;&quot; id=&quot;OCalTrainingVideos&quot; href=&quot;javascript:void(0);&quot;&gt;...&lt;/a&gt; is not clickable at point (946, 256). Other element would receive the click: &lt;header data-v-e5dcffde=&quot;&quot; class=&quot;card-header&quot;&gt;...&lt;/header&gt;
  (Session info: chrome=86.0.4240.198)
Build info: version: &apos;3.14.0&apos;, revision: &apos;aacccce0&apos;, time: &apos;2018-08-02T20:19:58.91Z&apos;
System info: host: &apos;5CG6323N27&apos;, ip: &apos;192.168.0.12&apos;, os.name: &apos;Windows 10&apos;, os.arch: &apos;amd64&apos;, os.version: &apos;10.0&apos;, java.version: &apos;1.8.0_191&apos;
Driver info: org.openqa.selenium.chrome.ChromeDriver
Capabilities {acceptInsecureCerts: false, browserName: chrome, browserVersion: 86.0.4240.198, chrome: {chromedriverVersion: 85.0.4183.87 (cd6713ebf92fa..., userDataDir: C:\Windows\Temp\scoped_dir1...}, goog:chromeOptions: {debuggerAddress: localhost:58551}, javascriptEnabled: true, networkConnectionEnabled: false, pageLoadStrategy: none, platform: WINDOWS, platformName: WINDOWS, proxy: Proxy(), setWindowRect: true, strictFileInteractability: false, timeouts: {implicit: 0, pageLoad: 300000, script: 30000}, unhandledPromptBehavior: dismiss and notify, webauthn:virtualAuthenticators: true}
Session ID: 84f6fecc9037269586a89f1e5fd08017
	at sun.reflect.NativeConstructorAccessorImpl.newInstance0(Native Method)
	at sun.reflect.NativeConstructorAccessorImpl.newInstance(Unknown Source)
	at sun.reflect.DelegatingConstructorAccessorImpl.newInstance(Unknown Source)
	at java.lang.reflect.Constructor.newInstance(Unknown Source)
	at org.openqa.selenium.remote.http.W3CHttpResponseCodec.createException(W3CHttpResponseCodec.java:187)
	at org.openqa.selenium.remote.http.W3CHttpResponseCodec.decode(W3CHttpResponseCodec.java:122)
	at org.openqa.selenium.remote.http.W3CHttpResponseCodec.decode(W3CHttpResponseCodec.java:49)
	at org.openqa.selenium.remote.HttpCommandExecutor.execute(HttpCommandExecutor.java:158)
	at org.openqa.selenium.remote.service.DriverCommandExecutor.execute(DriverCommandExecutor.java:83)
	at org.openqa.selenium.remote.RemoteWebDriver.execute(RemoteWebDriver.java:548)
	at org.openqa.selenium.remote.RemoteWebElement.execute(RemoteWebElement.java:276)
	at org.openqa.selenium.remote.RemoteWebElement.click(RemoteWebElement.java:83)
	at com.OSMOSE.base.Page.click(Page.java:183)
	at com.OSMOSE.pages.OU.oCalcProPage.clickKBTrainingVideos(oCalcProPage.java:249)
	at com.OSMOSE.testcases.oCalcPro_Licensed.verifyTrainingVideosAreGroupedLicensedUser(oCalcPro_Licensed.java:823)
	at sun.reflect.NativeMethodAccessorImpl.invoke0(Native Method)
	at sun.reflect.NativeMethodAccessorImpl.invoke(Unknown Source)
	at sun.reflect.DelegatingMethodAccessorImpl.invoke(Unknown Source)
	at java.lang.reflect.Method.invoke(Unknown Source)
	at org.testng.internal.MethodInvocationHelper.invokeMethod(MethodInvocationHelper.java:134)
	at org.testng.internal.TestInvoker.invokeMethod(TestInvoker.java:597)
	at org.testng.internal.TestInvoker.invokeTestMethod(TestInvoker.java:173)
	at org.testng.internal.MethodRunner.runInSequence(MethodRunner.java:46)
	at org.testng.internal.TestInvoker$MethodInvocationAgent.invoke(TestInvoker.java:816)
	at org.testng.internal.TestInvoker.invokeTestMethods(TestInvoker.java:146)
	at org.testng.internal.TestMethodWorker.invokeTestMethods(TestMethodWorker.java:146)
	at org.testng.internal.TestMethodWorker.run(TestMethodWorker.java:128)
	at java.util.ArrayList.forEach(Unknown Source)
	at org.testng.TestRunner.privateRun(TestRunner.java:766)
	at org.testng.TestRunner.run(TestRunner.java:587)
	at org.testng.SuiteRunner.runTest(SuiteRunner.java:384)
	at org.testng.SuiteRunner.runSequentially(SuiteRunner.java:378)
	at org.testng.SuiteRunner.privateRun(SuiteRunner.java:337)
	at org.testng.SuiteRunner.run(SuiteRunner.java:286)
	at org.testng.SuiteRunnerWorker.runSuite(SuiteRunnerWorker.java:53)
	at org.testng.SuiteRunnerWorker.run(SuiteRunnerWorker.java:96)
	at org.testng.TestNG.runSuitesSequentially(TestNG.java:1187)
	at org.testng.TestNG.runSuitesLocally(TestNG.java:1109)
	at org.testng.TestNG.runSuites(TestNG.java:1039)
	at org.testng.TestNG.run(TestNG.java:1007)
	at org.testng.remote.AbstractRemoteTestNG.run(AbstractRemoteTestNG.java:115)
	at org.testng.remote.RemoteTestNG.initAndRun(RemoteTestNG.java:251)
	at org.testng.remote.RemoteTestNG.main(RemoteTestNG.java:77)
</pre></div></td>
<td>1</td>
<td>com.OSMOSE.testcases.oCalcPro_Licensed@6035b93b</td></tr>
<tr>
<td title='com.OSMOSE.testcases.oCalcPro_Licensed.verifyTransferBtn()'><b>verifyTransferBtn</b><br>Test class: com.OSMOSE.testcases.oCalcPro_Licensed<br>Test method: Verify transfer button pop up UI<br/>
<a href="#Output-1104285446" onClick='toggleBox("Output-1104285446", this, "Show output", "Hide output");'>Show output</a>

<a href="#Output-1104285446" onClick="toggleAllBoxes();">Show all outputs</a>
<div class='log' id="Output-1104285446">
Click to see Screenshot<br/>
<a target="_blank" href=Wed_Dec_09_17_39_45_IST_2020.jpg>Screenshot</a><br/>
<br><br/>
<br><br/>
<a target="_blank" href=Wed_Dec_09_17_39_45_IST_2020.jpg><img src=Wed_Dec_09_17_39_45_IST_2020.jpg height=200 width=200></img></a><br/>
</div>
</td>
<td><div><pre>java.lang.AssertionError: expected [true] but found [false]
	at com.OSMOSE.testcases.oCalcPro_Licensed.verifyTransferBtn(oCalcPro_Licensed.java:1114)
	at java.util.ArrayList.forEach(Unknown Source)
... Removed 31 stack frames</pre></div><a href='#' onClick='toggleBox("stack-trace1104285446", this, "Click to show all stack frames", "Click to hide stack frames")'>Click to show all stack frames</a>
<div class='stack-trace' id='stack-trace1104285446'><pre>java.lang.AssertionError: expected [true] but found [false]
	at org.testng.Assert.fail(Assert.java:97)
	at org.testng.Assert.failNotEquals(Assert.java:969)
	at org.testng.Assert.assertTrue(Assert.java:43)
	at org.testng.Assert.assertTrue(Assert.java:53)
	at com.OSMOSE.testcases.oCalcPro_Licensed.verifyTransferBtn(oCalcPro_Licensed.java:1114)
	at sun.reflect.NativeMethodAccessorImpl.invoke0(Native Method)
	at sun.reflect.NativeMethodAccessorImpl.invoke(Unknown Source)
	at sun.reflect.DelegatingMethodAccessorImpl.invoke(Unknown Source)
	at java.lang.reflect.Method.invoke(Unknown Source)
	at org.testng.internal.MethodInvocationHelper.invokeMethod(MethodInvocationHelper.java:134)
	at org.testng.internal.TestInvoker.invokeMethod(TestInvoker.java:597)
	at org.testng.internal.TestInvoker.invokeTestMethod(TestInvoker.java:173)
	at org.testng.internal.MethodRunner.runInSequence(MethodRunner.java:46)
	at org.testng.internal.TestInvoker$MethodInvocationAgent.invoke(TestInvoker.java:816)
	at org.testng.internal.TestInvoker.invokeTestMethods(TestInvoker.java:146)
	at org.testng.internal.TestMethodWorker.invokeTestMethods(TestMethodWorker.java:146)
	at org.testng.internal.TestMethodWorker.run(TestMethodWorker.java:128)
	at java.util.ArrayList.forEach(Unknown Source)
	at org.testng.TestRunner.privateRun(TestRunner.java:766)
	at org.testng.TestRunner.run(TestRunner.java:587)
	at org.testng.SuiteRunner.runTest(SuiteRunner.java:384)
	at org.testng.SuiteRunner.runSequentially(SuiteRunner.java:378)
	at org.testng.SuiteRunner.privateRun(SuiteRunner.java:337)
	at org.testng.SuiteRunner.run(SuiteRunner.java:286)
	at org.testng.SuiteRunnerWorker.runSuite(SuiteRunnerWorker.java:53)
	at org.testng.SuiteRunnerWorker.run(SuiteRunnerWorker.java:96)
	at org.testng.TestNG.runSuitesSequentially(TestNG.java:1187)
	at org.testng.TestNG.runSuitesLocally(TestNG.java:1109)
	at org.testng.TestNG.runSuites(TestNG.java:1039)
	at org.testng.TestNG.run(TestNG.java:1007)
	at org.testng.remote.AbstractRemoteTestNG.run(AbstractRemoteTestNG.java:115)
	at org.testng.remote.RemoteTestNG.initAndRun(RemoteTestNG.java:251)
	at org.testng.remote.RemoteTestNG.main(RemoteTestNG.java:77)
</pre></div></td>
<td>59</td>
<td>com.OSMOSE.testcases.oCalcPro_Licensed@6035b93b</td></tr>
<tr>
<td title='com.OSMOSE.testcases.oCalcPro_Licensed.verifyTransferErrorMsg()'><b>verifyTransferErrorMsg</b><br>Test class: com.OSMOSE.testcases.oCalcPro_Licensed<br>Test method: Verify that error message is displayed on clicking on Transfer License without filling the details<br/>
<a href="#Output-1649566957" onClick='toggleBox("Output-1649566957", this, "Show output", "Hide output");'>Show output</a>

<a href="#Output-1649566957" onClick="toggleAllBoxes();">Show all outputs</a>
<div class='log' id="Output-1649566957">
Click to see Screenshot<br/>
<a target="_blank" href=Wed_Dec_09_17_39_47_IST_2020.jpg>Screenshot</a><br/>
<br><br/>
<br><br/>
<a target="_blank" href=Wed_Dec_09_17_39_47_IST_2020.jpg><img src=Wed_Dec_09_17_39_47_IST_2020.jpg height=200 width=200></img></a><br/>
</div>
</td>
<td><div><pre>org.openqa.selenium.ElementClickInterceptedException: element click intercepted: Element &lt;button data-v-69dd4fdc=&quot;&quot; id=&quot;OCalTranfBtn&quot; class=&quot;btnRoundedMid&quot;&gt;...&lt;/button&gt; is not clickable at point (907, 60). Other element would receive the click: &lt;div id=&quot;tranferLicense&quot; role=&quot;dialog&quot; aria-describedby=&quot;tranferLicense___BV_modal_body_&quot; class=&quot;modal fade show&quot; aria-modal=&quot;true&quot; style=&quot;display: block;&quot;&gt;...&lt;/div&gt;
  (Session info: chrome=86.0.4240.198)
Build info: version: &apos;3.14.0&apos;, revision: &apos;aacccce0&apos;, time: &apos;2018-08-02T20:19:58.91Z&apos;
System info: host: &apos;5CG6323N27&apos;, ip: &apos;192.168.0.12&apos;, os.name: &apos;Windows 10&apos;, os.arch: &apos;amd64&apos;, os.version: &apos;10.0&apos;, java.version: &apos;1.8.0_191&apos;
Driver info: org.openqa.selenium.chrome.ChromeDriver
Capabilities {acceptInsecureCerts: false, browserName: chrome, browserVersion: 86.0.4240.198, chrome: {chromedriverVersion: 85.0.4183.87 (cd6713ebf92fa..., userDataDir: C:\Windows\Temp\scoped_dir1...}, goog:chromeOptions: {debuggerAddress: localhost:58551}, javascriptEnabled: true, networkConnectionEnabled: false, pageLoadStrategy: none, platform: WINDOWS, platformName: WINDOWS, proxy: Proxy(), setWindowRect: true, strictFileInteractability: false, timeouts: {implicit: 0, pageLoad: 300000, script: 30000}, unhandledPromptBehavior: dismiss and notify, webauthn:virtualAuthenticators: true}
Session ID: 84f6fecc9037269586a89f1e5fd08017
	at org.openqa.selenium.remote.http.W3CHttpResponseCodec.createException(W3CHttpResponseCodec.java:187)
	at org.openqa.selenium.remote.http.W3CHttpResponseCodec.decode(W3CHttpResponseCodec.java:122)
	at org.openqa.selenium.remote.http.W3CHttpResponseCodec.decode(W3CHttpResponseCodec.java:49)
	at org.openqa.selenium.remote.HttpCommandExecutor.execute(HttpCommandExecutor.java:158)
	at org.openqa.selenium.remote.service.DriverCommandExecutor.execute(DriverCommandExecutor.java:83)
	at org.openqa.selenium.remote.RemoteWebDriver.execute(RemoteWebDriver.java:548)
	at org.openqa.selenium.remote.RemoteWebElement.execute(RemoteWebElement.java:276)
	at org.openqa.selenium.remote.RemoteWebElement.click(RemoteWebElement.java:83)
	at com.OSMOSE.base.Page.click(Page.java:183)
	at com.OSMOSE.testcases.oCalcPro_Licensed.verifyTransferErrorMsg(oCalcPro_Licensed.java:1131)
	at java.util.ArrayList.forEach(Unknown Source)
... Removed 31 stack frames</pre></div><a href='#' onClick='toggleBox("stack-trace1649566957", this, "Click to show all stack frames", "Click to hide stack frames")'>Click to show all stack frames</a>
<div class='stack-trace' id='stack-trace1649566957'><pre>org.openqa.selenium.ElementClickInterceptedException: element click intercepted: Element &lt;button data-v-69dd4fdc=&quot;&quot; id=&quot;OCalTranfBtn&quot; class=&quot;btnRoundedMid&quot;&gt;...&lt;/button&gt; is not clickable at point (907, 60). Other element would receive the click: &lt;div id=&quot;tranferLicense&quot; role=&quot;dialog&quot; aria-describedby=&quot;tranferLicense___BV_modal_body_&quot; class=&quot;modal fade show&quot; aria-modal=&quot;true&quot; style=&quot;display: block;&quot;&gt;...&lt;/div&gt;
  (Session info: chrome=86.0.4240.198)
Build info: version: &apos;3.14.0&apos;, revision: &apos;aacccce0&apos;, time: &apos;2018-08-02T20:19:58.91Z&apos;
System info: host: &apos;5CG6323N27&apos;, ip: &apos;192.168.0.12&apos;, os.name: &apos;Windows 10&apos;, os.arch: &apos;amd64&apos;, os.version: &apos;10.0&apos;, java.version: &apos;1.8.0_191&apos;
Driver info: org.openqa.selenium.chrome.ChromeDriver
Capabilities {acceptInsecureCerts: false, browserName: chrome, browserVersion: 86.0.4240.198, chrome: {chromedriverVersion: 85.0.4183.87 (cd6713ebf92fa..., userDataDir: C:\Windows\Temp\scoped_dir1...}, goog:chromeOptions: {debuggerAddress: localhost:58551}, javascriptEnabled: true, networkConnectionEnabled: false, pageLoadStrategy: none, platform: WINDOWS, platformName: WINDOWS, proxy: Proxy(), setWindowRect: true, strictFileInteractability: false, timeouts: {implicit: 0, pageLoad: 300000, script: 30000}, unhandledPromptBehavior: dismiss and notify, webauthn:virtualAuthenticators: true}
Session ID: 84f6fecc9037269586a89f1e5fd08017
	at sun.reflect.NativeConstructorAccessorImpl.newInstance0(Native Method)
	at sun.reflect.NativeConstructorAccessorImpl.newInstance(Unknown Source)
	at sun.reflect.DelegatingConstructorAccessorImpl.newInstance(Unknown Source)
	at java.lang.reflect.Constructor.newInstance(Unknown Source)
	at org.openqa.selenium.remote.http.W3CHttpResponseCodec.createException(W3CHttpResponseCodec.java:187)
	at org.openqa.selenium.remote.http.W3CHttpResponseCodec.decode(W3CHttpResponseCodec.java:122)
	at org.openqa.selenium.remote.http.W3CHttpResponseCodec.decode(W3CHttpResponseCodec.java:49)
	at org.openqa.selenium.remote.HttpCommandExecutor.execute(HttpCommandExecutor.java:158)
	at org.openqa.selenium.remote.service.DriverCommandExecutor.execute(DriverCommandExecutor.java:83)
	at org.openqa.selenium.remote.RemoteWebDriver.execute(RemoteWebDriver.java:548)
	at org.openqa.selenium.remote.RemoteWebElement.execute(RemoteWebElement.java:276)
	at org.openqa.selenium.remote.RemoteWebElement.click(RemoteWebElement.java:83)
	at com.OSMOSE.base.Page.click(Page.java:183)
	at com.OSMOSE.testcases.oCalcPro_Licensed.verifyTransferErrorMsg(oCalcPro_Licensed.java:1131)
	at sun.reflect.NativeMethodAccessorImpl.invoke0(Native Method)
	at sun.reflect.NativeMethodAccessorImpl.invoke(Unknown Source)
	at sun.reflect.DelegatingMethodAccessorImpl.invoke(Unknown Source)
	at java.lang.reflect.Method.invoke(Unknown Source)
	at org.testng.internal.MethodInvocationHelper.invokeMethod(MethodInvocationHelper.java:134)
	at org.testng.internal.TestInvoker.invokeMethod(TestInvoker.java:597)
	at org.testng.internal.TestInvoker.invokeTestMethod(TestInvoker.java:173)
	at org.testng.internal.MethodRunner.runInSequence(MethodRunner.java:46)
	at org.testng.internal.TestInvoker$MethodInvocationAgent.invoke(TestInvoker.java:816)
	at org.testng.internal.TestInvoker.invokeTestMethods(TestInvoker.java:146)
	at org.testng.internal.TestMethodWorker.invokeTestMethods(TestMethodWorker.java:146)
	at org.testng.internal.TestMethodWorker.run(TestMethodWorker.java:128)
	at java.util.ArrayList.forEach(Unknown Source)
	at org.testng.TestRunner.privateRun(TestRunner.java:766)
	at org.testng.TestRunner.run(TestRunner.java:587)
	at org.testng.SuiteRunner.runTest(SuiteRunner.java:384)
	at org.testng.SuiteRunner.runSequentially(SuiteRunner.java:378)
	at org.testng.SuiteRunner.privateRun(SuiteRunner.java:337)
	at org.testng.SuiteRunner.run(SuiteRunner.java:286)
	at org.testng.SuiteRunnerWorker.runSuite(SuiteRunnerWorker.java:53)
	at org.testng.SuiteRunnerWorker.run(SuiteRunnerWorker.java:96)
	at org.testng.TestNG.runSuitesSequentially(TestNG.java:1187)
	at org.testng.TestNG.runSuitesLocally(TestNG.java:1109)
	at org.testng.TestNG.runSuites(TestNG.java:1039)
	at org.testng.TestNG.run(TestNG.java:1007)
	at org.testng.remote.AbstractRemoteTestNG.run(AbstractRemoteTestNG.java:115)
	at org.testng.remote.RemoteTestNG.initAndRun(RemoteTestNG.java:251)
	at org.testng.remote.RemoteTestNG.main(RemoteTestNG.java:77)
</pre></div></td>
<td>1</td>
<td>com.OSMOSE.testcases.oCalcPro_Licensed@6035b93b</td></tr>
<tr>
<td title='com.OSMOSE.testcases.oCalcPro_Licensed.verifyUpdateContactBtn()'><b>verifyUpdateContactBtn</b><br>Test class: com.OSMOSE.testcases.oCalcPro_Licensed<br>Test method: Verify Update Contact button pop up UI<br/>
<a href="#Output-1122813268" onClick='toggleBox("Output-1122813268", this, "Show output", "Hide output");'>Show output</a>

<a href="#Output-1122813268" onClick="toggleAllBoxes();">Show all outputs</a>
<div class='log' id="Output-1122813268">
Click to see Screenshot<br/>
<a target="_blank" href=Wed_Dec_09_17_39_51_IST_2020.jpg>Screenshot</a><br/>
<br><br/>
<br><br/>
<a target="_blank" href=Wed_Dec_09_17_39_51_IST_2020.jpg><img src=Wed_Dec_09_17_39_51_IST_2020.jpg height=200 width=200></img></a><br/>
</div>
</td>
<td><div><pre>org.openqa.selenium.ElementClickInterceptedException: element click intercepted: Element &lt;input ref=&quot;eInput&quot; class=&quot;ag-input-field-input ag-checkbox-input&quot; type=&quot;checkbox&quot; id=&quot;ag-input-id-3051&quot; aria-label=&quot;Toggle Row Selection&quot;&gt; is not clickable at point (152, 447). Other element would receive the click: &lt;div id=&quot;tranferLicense&quot; role=&quot;dialog&quot; aria-describedby=&quot;tranferLicense___BV_modal_body_&quot; class=&quot;modal fade show&quot; aria-modal=&quot;true&quot; style=&quot;display: block;&quot;&gt;...&lt;/div&gt;
  (Session info: chrome=86.0.4240.198)
Build info: version: &apos;3.14.0&apos;, revision: &apos;aacccce0&apos;, time: &apos;2018-08-02T20:19:58.91Z&apos;
System info: host: &apos;5CG6323N27&apos;, ip: &apos;192.168.0.12&apos;, os.name: &apos;Windows 10&apos;, os.arch: &apos;amd64&apos;, os.version: &apos;10.0&apos;, java.version: &apos;1.8.0_191&apos;
Driver info: org.openqa.selenium.chrome.ChromeDriver
Capabilities {acceptInsecureCerts: false, browserName: chrome, browserVersion: 86.0.4240.198, chrome: {chromedriverVersion: 85.0.4183.87 (cd6713ebf92fa..., userDataDir: C:\Windows\Temp\scoped_dir1...}, goog:chromeOptions: {debuggerAddress: localhost:58551}, javascriptEnabled: true, networkConnectionEnabled: false, pageLoadStrategy: none, platform: WINDOWS, platformName: WINDOWS, proxy: Proxy(), setWindowRect: true, strictFileInteractability: false, timeouts: {implicit: 0, pageLoad: 300000, script: 30000}, unhandledPromptBehavior: dismiss and notify, webauthn:virtualAuthenticators: true}
Session ID: 84f6fecc9037269586a89f1e5fd08017
	at org.openqa.selenium.remote.http.W3CHttpResponseCodec.createException(W3CHttpResponseCodec.java:187)
	at org.openqa.selenium.remote.http.W3CHttpResponseCodec.decode(W3CHttpResponseCodec.java:122)
	at org.openqa.selenium.remote.http.W3CHttpResponseCodec.decode(W3CHttpResponseCodec.java:49)
	at org.openqa.selenium.remote.HttpCommandExecutor.execute(HttpCommandExecutor.java:158)
	at org.openqa.selenium.remote.service.DriverCommandExecutor.execute(DriverCommandExecutor.java:83)
	at org.openqa.selenium.remote.RemoteWebDriver.execute(RemoteWebDriver.java:548)
	at org.openqa.selenium.remote.RemoteWebElement.execute(RemoteWebElement.java:276)
	at org.openqa.selenium.remote.RemoteWebElement.click(RemoteWebElement.java:83)
	at com.OSMOSE.base.Page.click(Page.java:183)
	at com.OSMOSE.testcases.oCalcPro_Licensed.verifyUpdateContactBtn(oCalcPro_Licensed.java:1171)
	at java.util.ArrayList.forEach(Unknown Source)
... Removed 31 stack frames</pre></div><a href='#' onClick='toggleBox("stack-trace1122813268", this, "Click to show all stack frames", "Click to hide stack frames")'>Click to show all stack frames</a>
<div class='stack-trace' id='stack-trace1122813268'><pre>org.openqa.selenium.ElementClickInterceptedException: element click intercepted: Element &lt;input ref=&quot;eInput&quot; class=&quot;ag-input-field-input ag-checkbox-input&quot; type=&quot;checkbox&quot; id=&quot;ag-input-id-3051&quot; aria-label=&quot;Toggle Row Selection&quot;&gt; is not clickable at point (152, 447). Other element would receive the click: &lt;div id=&quot;tranferLicense&quot; role=&quot;dialog&quot; aria-describedby=&quot;tranferLicense___BV_modal_body_&quot; class=&quot;modal fade show&quot; aria-modal=&quot;true&quot; style=&quot;display: block;&quot;&gt;...&lt;/div&gt;
  (Session info: chrome=86.0.4240.198)
Build info: version: &apos;3.14.0&apos;, revision: &apos;aacccce0&apos;, time: &apos;2018-08-02T20:19:58.91Z&apos;
System info: host: &apos;5CG6323N27&apos;, ip: &apos;192.168.0.12&apos;, os.name: &apos;Windows 10&apos;, os.arch: &apos;amd64&apos;, os.version: &apos;10.0&apos;, java.version: &apos;1.8.0_191&apos;
Driver info: org.openqa.selenium.chrome.ChromeDriver
Capabilities {acceptInsecureCerts: false, browserName: chrome, browserVersion: 86.0.4240.198, chrome: {chromedriverVersion: 85.0.4183.87 (cd6713ebf92fa..., userDataDir: C:\Windows\Temp\scoped_dir1...}, goog:chromeOptions: {debuggerAddress: localhost:58551}, javascriptEnabled: true, networkConnectionEnabled: false, pageLoadStrategy: none, platform: WINDOWS, platformName: WINDOWS, proxy: Proxy(), setWindowRect: true, strictFileInteractability: false, timeouts: {implicit: 0, pageLoad: 300000, script: 30000}, unhandledPromptBehavior: dismiss and notify, webauthn:virtualAuthenticators: true}
Session ID: 84f6fecc9037269586a89f1e5fd08017
	at sun.reflect.NativeConstructorAccessorImpl.newInstance0(Native Method)
	at sun.reflect.NativeConstructorAccessorImpl.newInstance(Unknown Source)
	at sun.reflect.DelegatingConstructorAccessorImpl.newInstance(Unknown Source)
	at java.lang.reflect.Constructor.newInstance(Unknown Source)
	at org.openqa.selenium.remote.http.W3CHttpResponseCodec.createException(W3CHttpResponseCodec.java:187)
	at org.openqa.selenium.remote.http.W3CHttpResponseCodec.decode(W3CHttpResponseCodec.java:122)
	at org.openqa.selenium.remote.http.W3CHttpResponseCodec.decode(W3CHttpResponseCodec.java:49)
	at org.openqa.selenium.remote.HttpCommandExecutor.execute(HttpCommandExecutor.java:158)
	at org.openqa.selenium.remote.service.DriverCommandExecutor.execute(DriverCommandExecutor.java:83)
	at org.openqa.selenium.remote.RemoteWebDriver.execute(RemoteWebDriver.java:548)
	at org.openqa.selenium.remote.RemoteWebElement.execute(RemoteWebElement.java:276)
	at org.openqa.selenium.remote.RemoteWebElement.click(RemoteWebElement.java:83)
	at com.OSMOSE.base.Page.click(Page.java:183)
	at com.OSMOSE.testcases.oCalcPro_Licensed.verifyUpdateContactBtn(oCalcPro_Licensed.java:1171)
	at sun.reflect.NativeMethodAccessorImpl.invoke0(Native Method)
	at sun.reflect.NativeMethodAccessorImpl.invoke(Unknown Source)
	at sun.reflect.DelegatingMethodAccessorImpl.invoke(Unknown Source)
	at java.lang.reflect.Method.invoke(Unknown Source)
	at org.testng.internal.MethodInvocationHelper.invokeMethod(MethodInvocationHelper.java:134)
	at org.testng.internal.TestInvoker.invokeMethod(TestInvoker.java:597)
	at org.testng.internal.TestInvoker.invokeTestMethod(TestInvoker.java:173)
	at org.testng.internal.MethodRunner.runInSequence(MethodRunner.java:46)
	at org.testng.internal.TestInvoker$MethodInvocationAgent.invoke(TestInvoker.java:816)
	at org.testng.internal.TestInvoker.invokeTestMethods(TestInvoker.java:146)
	at org.testng.internal.TestMethodWorker.invokeTestMethods(TestMethodWorker.java:146)
	at org.testng.internal.TestMethodWorker.run(TestMethodWorker.java:128)
	at java.util.ArrayList.forEach(Unknown Source)
	at org.testng.TestRunner.privateRun(TestRunner.java:766)
	at org.testng.TestRunner.run(TestRunner.java:587)
	at org.testng.SuiteRunner.runTest(SuiteRunner.java:384)
	at org.testng.SuiteRunner.runSequentially(SuiteRunner.java:378)
	at org.testng.SuiteRunner.privateRun(SuiteRunner.java:337)
	at org.testng.SuiteRunner.run(SuiteRunner.java:286)
	at org.testng.SuiteRunnerWorker.runSuite(SuiteRunnerWorker.java:53)
	at org.testng.SuiteRunnerWorker.run(SuiteRunnerWorker.java:96)
	at org.testng.TestNG.runSuitesSequentially(TestNG.java:1187)
	at org.testng.TestNG.runSuitesLocally(TestNG.java:1109)
	at org.testng.TestNG.runSuites(TestNG.java:1039)
	at org.testng.TestNG.run(TestNG.java:1007)
	at org.testng.remote.AbstractRemoteTestNG.run(AbstractRemoteTestNG.java:115)
	at org.testng.remote.RemoteTestNG.initAndRun(RemoteTestNG.java:251)
	at org.testng.remote.RemoteTestNG.main(RemoteTestNG.java:77)
</pre></div></td>
<td>1</td>
<td>com.OSMOSE.testcases.oCalcPro_Licensed@6035b93b</td></tr>
</table><p>
<table width='100%' border='1' class='invocation-passed'>
<tr><td colspan='4' align='center'><b>PASSED TESTS</b></td></tr>
<tr><td><b>Test method</b></td>
<td width="30%"><b>Exception</b></td>
<td width="10%"><b>Time (seconds)</b></td>
<td><b>Instance</b></td>
</tr>
<tr>
<td title='com.OSMOSE.testcases.LoginTest.loginTest()'><b>loginTest</b><br>Test class: com.OSMOSE.testcases.LoginTest<br>Test method: Verify the login functionality<br>Parameters: {password=Hyde@2317, runmode=Y, username=rajesh.yadav@centurylink.com}<br/>
<a href="#Output-1692375649" onClick='toggleBox("Output-1692375649", this, "Show output", "Hide output");'>Show output</a>

<a href="#Output-1692375649" onClick="toggleAllBoxes();">Show all outputs</a>
<div class='log' id="Output-1692375649">
Click to see Screenshot<br/>
<a target="_blank" href=Wed_Dec_09_17_25_49_IST_2020.jpg>Screenshot</a><br/>
<br><br/>
<br><br/>
<a target="_blank" href=Wed_Dec_09_17_25_49_IST_2020.jpg><img src=Wed_Dec_09_17_25_49_IST_2020.jpg height=200 width=200></img></a><br/>
</div>
</td>
<td></td>
<td>16</td>
<td>com.OSMOSE.testcases.LoginTest@2ccca26f</td></tr>
<tr>
<td title='com.OSMOSE.testcases.oCalcPro_Licensed.verify30daysbtnClickLicensedUser()'><b>verify30daysbtnClickLicensedUser</b><br>Test class: com.OSMOSE.testcases.oCalcPro_Licensed<br>Test method: Verify click on 30 days Trial button for Licensed User<br/>
<a href="#Output-279963418" onClick='toggleBox("Output-279963418", this, "Show output", "Hide output");'>Show output</a>

<a href="#Output-279963418" onClick="toggleAllBoxes();">Show all outputs</a>
<div class='log' id="Output-279963418">
Click to see Screenshot<br/>
<a target="_blank" href=Wed_Dec_09_17_26_55_IST_2020.jpg>Screenshot</a><br/>
<br><br/>
<br><br/>
<a target="_blank" href=Wed_Dec_09_17_26_55_IST_2020.jpg><img src=Wed_Dec_09_17_26_55_IST_2020.jpg height=200 width=200></img></a><br/>
</div>
</td>
<td></td>
<td>6</td>
<td>com.OSMOSE.testcases.oCalcPro_Licensed@6035b93b</td></tr>
<tr>
<td title='com.OSMOSE.testcases.oCalcPro_Licensed.verifyCCDetailsForNonOCalcProduct()'><b>verifyCCDetailsForNonOCalcProduct</b><br>Test class: com.OSMOSE.testcases.oCalcPro_Licensed<br>Test method: Verify Credit card details are not present for Non-Ocalc Product<br/>
<a href="#Output-545266875" onClick='toggleBox("Output-545266875", this, "Show output", "Hide output");'>Show output</a>

<a href="#Output-545266875" onClick="toggleAllBoxes();">Show all outputs</a>
<div class='log' id="Output-545266875">
Click to see Screenshot<br/>
<a target="_blank" href=Wed_Dec_09_17_31_13_IST_2020.jpg>Screenshot</a><br/>
<br><br/>
<br><br/>
<a target="_blank" href=Wed_Dec_09_17_31_13_IST_2020.jpg><img src=Wed_Dec_09_17_31_13_IST_2020.jpg height=200 width=200></img></a><br/>
</div>
</td>
<td></td>
<td>117</td>
<td>com.OSMOSE.testcases.oCalcPro_Licensed@6035b93b</td></tr>
<tr>
<td title='com.OSMOSE.testcases.oCalcPro_Licensed.verifyClickIhaveCopiedMyReceiptChkBox()'><b>verifyClickIhaveCopiedMyReceiptChkBox</b><br>Test class: com.OSMOSE.testcases.oCalcPro_Licensed<br>Test method: Verify click on I have copied my receipt Checkbox and Approval<br/>
<a href="#Output-1291486201" onClick='toggleBox("Output-1291486201", this, "Show output", "Hide output");'>Show output</a>

<a href="#Output-1291486201" onClick="toggleAllBoxes();">Show all outputs</a>
<div class='log' id="Output-1291486201">
Click to see Screenshot<br/>
<a target="_blank" href=Wed_Dec_09_17_29_14_IST_2020.jpg>Screenshot</a><br/>
<br><br/>
<br><br/>
<a target="_blank" href=Wed_Dec_09_17_29_14_IST_2020.jpg><img src=Wed_Dec_09_17_29_14_IST_2020.jpg height=200 width=200></img></a><br/>
</div>
</td>
<td></td>
<td>3</td>
<td>com.OSMOSE.testcases.oCalcPro_Licensed@6035b93b</td></tr>
<tr>
<td title='com.OSMOSE.testcases.oCalcPro_Licensed.verifyClickMakePaymentBtn()'><b>verifyClickMakePaymentBtn</b><br>Test class: com.OSMOSE.testcases.oCalcPro_Licensed<br>Test method: Verify click on Make Payment button and close pop-up<br/>
<a href="#Output-270313690" onClick='toggleBox("Output-270313690", this, "Show output", "Hide output");'>Show output</a>

<a href="#Output-270313690" onClick="toggleAllBoxes();">Show all outputs</a>
<div class='log' id="Output-270313690">
Click to see Screenshot<br/>
<a target="_blank" href=Wed_Dec_09_17_29_10_IST_2020.jpg>Screenshot</a><br/>
<br><br/>
<br><br/>
<a target="_blank" href=Wed_Dec_09_17_29_10_IST_2020.jpg><img src=Wed_Dec_09_17_29_10_IST_2020.jpg height=200 width=200></img></a><br/>
</div>
</td>
<td></td>
<td>7</td>
<td>com.OSMOSE.testcases.oCalcPro_Licensed@6035b93b</td></tr>
<tr>
<td title='com.OSMOSE.testcases.oCalcPro_Licensed.verifyClickOnAnAnnouncementLicensedUser()'><b>verifyClickOnAnAnnouncementLicensedUser</b><br>Test class: com.OSMOSE.testcases.oCalcPro_Licensed<br>Test method: Verify click on an Announcement for Licensed User<br/>
<a href="#Output-1519927539" onClick='toggleBox("Output-1519927539", this, "Show output", "Hide output");'>Show output</a>

<a href="#Output-1519927539" onClick="toggleAllBoxes();">Show all outputs</a>
<div class='log' id="Output-1519927539">
Click to see Screenshot<br/>
<a target="_blank" href=Wed_Dec_09_17_34_18_IST_2020.jpg>Screenshot</a><br/>
<br><br/>
<br><br/>
<a target="_blank" href=Wed_Dec_09_17_34_18_IST_2020.jpg><img src=Wed_Dec_09_17_34_18_IST_2020.jpg height=200 width=200></img></a><br/>
</div>
</td>
<td></td>
<td>6</td>
<td>com.OSMOSE.testcases.oCalcPro_Licensed@6035b93b</td></tr>
<tr>
<td title='com.OSMOSE.testcases.oCalcPro_Licensed.verifyClickOnPaywithCCBtn()'><b>verifyClickOnPaywithCCBtn</b><br>Test class: com.OSMOSE.testcases.oCalcPro_Licensed<br>Test method: Verify click on Pay with Credit Card button<br/>
<a href="#Output-789640755" onClick='toggleBox("Output-789640755", this, "Show output", "Hide output");'>Show output</a>

<a href="#Output-789640755" onClick="toggleAllBoxes();">Show all outputs</a>
<div class='log' id="Output-789640755">
Click to see Screenshot<br/>
<a target="_blank" href=Wed_Dec_09_17_29_02_IST_2020.jpg>Screenshot</a><br/>
<br><br/>
<br><br/>
<a target="_blank" href=Wed_Dec_09_17_29_02_IST_2020.jpg><img src=Wed_Dec_09_17_29_02_IST_2020.jpg height=200 width=200></img></a><br/>
</div>
</td>
<td></td>
<td>27</td>
<td>com.OSMOSE.testcases.oCalcPro_Licensed@6035b93b</td></tr>
<tr>
<td title='com.OSMOSE.testcases.oCalcPro_Licensed.verifyContentsOfAnnouncementsLicensedUser()'><b>verifyContentsOfAnnouncementsLicensedUser</b><br>Test class: com.OSMOSE.testcases.oCalcPro_Licensed<br>Test method: Verify contents on Announcements card for Licensed User<br/>
<a href="#Output-340789130" onClick='toggleBox("Output-340789130", this, "Show output", "Hide output");'>Show output</a>

<a href="#Output-340789130" onClick="toggleAllBoxes();">Show all outputs</a>
<div class='log' id="Output-340789130">
Click to see Screenshot<br/>
<a target="_blank" href=Wed_Dec_09_17_26_12_IST_2020.jpg>Screenshot</a><br/>
<br><br/>
<br><br/>
<a target="_blank" href=Wed_Dec_09_17_26_12_IST_2020.jpg><img src=Wed_Dec_09_17_26_12_IST_2020.jpg height=200 width=200></img></a><br/>
</div>
</td>
<td></td>
<td>0</td>
<td>com.OSMOSE.testcases.oCalcPro_Licensed@6035b93b</td></tr>
<tr>
<td title='com.OSMOSE.testcases.oCalcPro_Licensed.verifyContentsOfKBCardLicensedUser()'><b>verifyContentsOfKBCardLicensedUser</b><br>Test class: com.OSMOSE.testcases.oCalcPro_Licensed<br>Test method: Verify contents on Knowledge Base card for Licensed User<br/>
<a href="#Output-357653585" onClick='toggleBox("Output-357653585", this, "Show output", "Hide output");'>Show output</a>

<a href="#Output-357653585" onClick="toggleAllBoxes();">Show all outputs</a>
<div class='log' id="Output-357653585">
Click to see Screenshot<br/>
<a target="_blank" href=Wed_Dec_09_17_26_11_IST_2020.jpg>Screenshot</a><br/>
<br><br/>
<br><br/>
<a target="_blank" href=Wed_Dec_09_17_26_11_IST_2020.jpg><img src=Wed_Dec_09_17_26_11_IST_2020.jpg height=200 width=200></img></a><br/>
</div>
</td>
<td></td>
<td>0</td>
<td>com.OSMOSE.testcases.oCalcPro_Licensed@6035b93b</td></tr>
<tr>
<td title='com.OSMOSE.testcases.oCalcPro_Licensed.verifyContentsOfLicenseMgmtLicensedUser()'><b>verifyContentsOfLicenseMgmtLicensedUser</b><br>Test class: com.OSMOSE.testcases.oCalcPro_Licensed<br>Test method: Verify contents on License Management card for Licensed User<br/>
<a href="#Output-1204178174" onClick='toggleBox("Output-1204178174", this, "Show output", "Hide output");'>Show output</a>

<a href="#Output-1204178174" onClick="toggleAllBoxes();">Show all outputs</a>
<div class='log' id="Output-1204178174">
Click to see Screenshot<br/>
<a target="_blank" href=Wed_Dec_09_17_26_13_IST_2020.jpg>Screenshot</a><br/>
<br><br/>
<br><br/>
<a target="_blank" href=Wed_Dec_09_17_26_13_IST_2020.jpg><img src=Wed_Dec_09_17_26_13_IST_2020.jpg height=200 width=200></img></a><br/>
</div>
</td>
<td></td>
<td>0</td>
<td>com.OSMOSE.testcases.oCalcPro_Licensed@6035b93b</td></tr>
<tr>
<td title='com.OSMOSE.testcases.oCalcPro_Licensed.verifyContentsOfProductsCardLicensedUser()'><b>verifyContentsOfProductsCardLicensedUser</b><br>Test class: com.OSMOSE.testcases.oCalcPro_Licensed<br>Test method: Verify contents on Products card for Licensed User<br/>
<a href="#Output-7395550" onClick='toggleBox("Output-7395550", this, "Show output", "Hide output");'>Show output</a>

<a href="#Output-7395550" onClick="toggleAllBoxes();">Show all outputs</a>
<div class='log' id="Output-7395550">
Click to see Screenshot<br/>
<a target="_blank" href=Wed_Dec_09_17_26_11_IST_2020.jpg>Screenshot</a><br/>
<br><br/>
<br><br/>
<a target="_blank" href=Wed_Dec_09_17_26_11_IST_2020.jpg><img src=Wed_Dec_09_17_26_11_IST_2020.jpg height=200 width=200></img></a><br/>
</div>
</td>
<td></td>
<td>0</td>
<td>com.OSMOSE.testcases.oCalcPro_Licensed@6035b93b</td></tr>
<tr>
<td title='com.OSMOSE.testcases.oCalcPro_Licensed.verifyContentsOfTrainingOptionsLicensedUser()'><b>verifyContentsOfTrainingOptionsLicensedUser</b><br>Test class: com.OSMOSE.testcases.oCalcPro_Licensed<br>Test method: Verify contents on Training Options card for Licensed User<br/>
<a href="#Output-1107772887" onClick='toggleBox("Output-1107772887", this, "Show output", "Hide output");'>Show output</a>

<a href="#Output-1107772887" onClick="toggleAllBoxes();">Show all outputs</a>
<div class='log' id="Output-1107772887">
Click to see Screenshot<br/>
<a target="_blank" href=Wed_Dec_09_17_26_10_IST_2020.jpg>Screenshot</a><br/>
<br><br/>
<br><br/>
<a target="_blank" href=Wed_Dec_09_17_26_10_IST_2020.jpg><img src=Wed_Dec_09_17_26_10_IST_2020.jpg height=200 width=200></img></a><br/>
</div>
</td>
<td></td>
<td>0</td>
<td>com.OSMOSE.testcases.oCalcPro_Licensed@6035b93b</td></tr>
<tr>
<td title='com.OSMOSE.testcases.oCalcPro_Licensed.verifyContentsOfTutorialLiveDemoLicensedUser()'><b>verifyContentsOfTutorialLiveDemoLicensedUser</b><br>Test class: com.OSMOSE.testcases.oCalcPro_Licensed<br>Test method: Verify contents on Tutotial, Live Demo and Support card<br/>
<a href="#Output-1615873578" onClick='toggleBox("Output-1615873578", this, "Show output", "Hide output");'>Show output</a>

<a href="#Output-1615873578" onClick="toggleAllBoxes();">Show all outputs</a>
<div class='log' id="Output-1615873578">
Click to see Screenshot<br/>
<a target="_blank" href=Wed_Dec_09_17_26_14_IST_2020.jpg>Screenshot</a><br/>
<br><br/>
<br><br/>
<a target="_blank" href=Wed_Dec_09_17_26_14_IST_2020.jpg><img src=Wed_Dec_09_17_26_14_IST_2020.jpg height=200 width=200></img></a><br/>
</div>
</td>
<td></td>
<td>0</td>
<td>com.OSMOSE.testcases.oCalcPro_Licensed@6035b93b</td></tr>
<tr>
<td title='com.OSMOSE.testcases.oCalcPro_Licensed.verifyDifferentProductsQuoteCreate()'><b>verifyDifferentProductsQuoteCreate</b><br>Test class: com.OSMOSE.testcases.oCalcPro_Licensed<br>Test method: Verify adding OcalPro and other products to cart and quote submission<br/>
<a href="#Output-263382013" onClick='toggleBox("Output-263382013", this, "Show output", "Hide output");'>Show output</a>

<a href="#Output-263382013" onClick="toggleAllBoxes();">Show all outputs</a>
<div class='log' id="Output-263382013">
Click to see Screenshot<br/>
<a target="_blank" href=Wed_Dec_09_17_27_18_IST_2020.jpg>Screenshot</a><br/>
<br><br/>
<br><br/>
<a target="_blank" href=Wed_Dec_09_17_27_18_IST_2020.jpg><img src=Wed_Dec_09_17_27_18_IST_2020.jpg height=200 width=200></img></a><br/>
</div>
</td>
<td></td>
<td>14</td>
<td>com.OSMOSE.testcases.oCalcPro_Licensed@6035b93b</td></tr>
<tr>
<td title='com.OSMOSE.testcases.oCalcPro_Licensed.verifyFilterContactName()'><b>verifyFilterContactName</b><br>Test class: com.OSMOSE.testcases.oCalcPro_Licensed<br>Test method: Verify the Filter functionality of Contact Name column<br/>
<a href="#Output-1903137985" onClick='toggleBox("Output-1903137985", this, "Show output", "Hide output");'>Show output</a>

<a href="#Output-1903137985" onClick="toggleAllBoxes();">Show all outputs</a>
<div class='log' id="Output-1903137985">
Click to see Screenshot<br/>
<a target="_blank" href=Wed_Dec_09_17_37_29_IST_2020.jpg>Screenshot</a><br/>
<br><br/>
<br><br/>
<a target="_blank" href=Wed_Dec_09_17_37_29_IST_2020.jpg><img src=Wed_Dec_09_17_37_29_IST_2020.jpg height=200 width=200></img></a><br/>
</div>
</td>
<td></td>
<td>3</td>
<td>com.OSMOSE.testcases.oCalcPro_Licensed@6035b93b</td></tr>
<tr>
<td title='com.OSMOSE.testcases.oCalcPro_Licensed.verifyFilterExpToken()'><b>verifyFilterExpToken</b><br>Test class: com.OSMOSE.testcases.oCalcPro_Licensed<br>Test method: Verify the Filter functionality of Exp Token column<br/>
<a href="#Output-1833567735" onClick='toggleBox("Output-1833567735", this, "Show output", "Hide output");'>Show output</a>

<a href="#Output-1833567735" onClick="toggleAllBoxes();">Show all outputs</a>
<div class='log' id="Output-1833567735">
Click to see Screenshot<br/>
<a target="_blank" href=Wed_Dec_09_17_37_36_IST_2020.jpg>Screenshot</a><br/>
<br><br/>
<br><br/>
<a target="_blank" href=Wed_Dec_09_17_37_36_IST_2020.jpg><img src=Wed_Dec_09_17_37_36_IST_2020.jpg height=200 width=200></img></a><br/>
</div>
</td>
<td></td>
<td>1</td>
<td>com.OSMOSE.testcases.oCalcPro_Licensed@6035b93b</td></tr>
<tr>
<td title='com.OSMOSE.testcases.oCalcPro_Licensed.verifyFilterExpirationDate()'><b>verifyFilterExpirationDate</b><br>Test class: com.OSMOSE.testcases.oCalcPro_Licensed<br>Test method: Verify the Filter functionality of Expiration Date column<br/>
<a href="#Output-1864683077" onClick='toggleBox("Output-1864683077", this, "Show output", "Hide output");'>Show output</a>

<a href="#Output-1864683077" onClick="toggleAllBoxes();">Show all outputs</a>
<div class='log' id="Output-1864683077">
Click to see Screenshot<br/>
<a target="_blank" href=Wed_Dec_09_17_38_45_IST_2020.jpg>Screenshot</a><br/>
<br><br/>
<br><br/>
<a target="_blank" href=Wed_Dec_09_17_38_45_IST_2020.jpg><img src=Wed_Dec_09_17_38_45_IST_2020.jpg height=200 width=200></img></a><br/>
</div>
</td>
<td></td>
<td>2</td>
<td>com.OSMOSE.testcases.oCalcPro_Licensed@6035b93b</td></tr>
<tr>
<td title='com.OSMOSE.testcases.oCalcPro_Licensed.verifyFilterLicenseKey()'><b>verifyFilterLicenseKey</b><br>Test class: com.OSMOSE.testcases.oCalcPro_Licensed<br>Test method: Verify the Filter functionality of License key column<br/>
<a href="#Output-231055042" onClick='toggleBox("Output-231055042", this, "Show output", "Hide output");'>Show output</a>

<a href="#Output-231055042" onClick="toggleAllBoxes();">Show all outputs</a>
<div class='log' id="Output-231055042">
Click to see Screenshot<br/>
<a target="_blank" href=Wed_Dec_09_17_37_31_IST_2020.jpg>Screenshot</a><br/>
<br><br/>
<br><br/>
<a target="_blank" href=Wed_Dec_09_17_37_31_IST_2020.jpg><img src=Wed_Dec_09_17_37_31_IST_2020.jpg height=200 width=200></img></a><br/>
</div>
</td>
<td></td>
<td>1</td>
<td>com.OSMOSE.testcases.oCalcPro_Licensed@6035b93b</td></tr>
<tr>
<td title='com.OSMOSE.testcases.oCalcPro_Licensed.verifyFilterLicenseType()'><b>verifyFilterLicenseType</b><br>Test class: com.OSMOSE.testcases.oCalcPro_Licensed<br>Test method: Verify the Filter functionality of License Type column<br/>
<a href="#Output-26428217" onClick='toggleBox("Output-26428217", this, "Show output", "Hide output");'>Show output</a>

<a href="#Output-26428217" onClick="toggleAllBoxes();">Show all outputs</a>
<div class='log' id="Output-26428217">
Click to see Screenshot<br/>
<a target="_blank" href=Wed_Dec_09_17_37_46_IST_2020.jpg>Screenshot</a><br/>
<br><br/>
<br><br/>
<a target="_blank" href=Wed_Dec_09_17_37_46_IST_2020.jpg><img src=Wed_Dec_09_17_37_46_IST_2020.jpg height=200 width=200></img></a><br/>
</div>
</td>
<td></td>
<td>9</td>
<td>com.OSMOSE.testcases.oCalcPro_Licensed@6035b93b</td></tr>
<tr>
<td title='com.OSMOSE.testcases.oCalcPro_Licensed.verifyFilterPurchaseDate()'><b>verifyFilterPurchaseDate</b><br>Test class: com.OSMOSE.testcases.oCalcPro_Licensed<br>Test method: Verify the Filter functionality of Purchase Date column<br/>
<a href="#Output-265262373" onClick='toggleBox("Output-265262373", this, "Show output", "Hide output");'>Show output</a>

<a href="#Output-265262373" onClick="toggleAllBoxes();">Show all outputs</a>
<div class='log' id="Output-265262373">
Click to see Screenshot<br/>
<a target="_blank" href=Wed_Dec_09_17_38_42_IST_2020.jpg>Screenshot</a><br/>
<br><br/>
<br><br/>
<a target="_blank" href=Wed_Dec_09_17_38_42_IST_2020.jpg><img src=Wed_Dec_09_17_38_42_IST_2020.jpg height=200 width=200></img></a><br/>
</div>
</td>
<td></td>
<td>2</td>
<td>com.OSMOSE.testcases.oCalcPro_Licensed@6035b93b</td></tr>
<tr>
<td title='com.OSMOSE.testcases.oCalcPro_Licensed.verifyPresenceOfAnnouncementsCardLicensedUser()'><b>verifyPresenceOfAnnouncementsCardLicensedUser</b><br>Test class: com.OSMOSE.testcases.oCalcPro_Licensed<br>Test method: Verify presence of Announcements card on OcalcPro page for Licensed User<br/>
<a href="#Output-814377348" onClick='toggleBox("Output-814377348", this, "Show output", "Hide output");'>Show output</a>

<a href="#Output-814377348" onClick="toggleAllBoxes();">Show all outputs</a>
<div class='log' id="Output-814377348">
Click to see Screenshot<br/>
<a target="_blank" href=Wed_Dec_09_17_26_09_IST_2020.jpg>Screenshot</a><br/>
<br><br/>
<br><br/>
<a target="_blank" href=Wed_Dec_09_17_26_09_IST_2020.jpg><img src=Wed_Dec_09_17_26_09_IST_2020.jpg height=200 width=200></img></a><br/>
</div>
</td>
<td></td>
<td>0</td>
<td>com.OSMOSE.testcases.oCalcPro_Licensed@6035b93b</td></tr>
<tr>
<td title='com.OSMOSE.testcases.oCalcPro_Licensed.verifyPresenceOfCCReceipt()'><b>verifyPresenceOfCCReceipt</b><br>Test class: com.OSMOSE.testcases.oCalcPro_Licensed<br>Test method: Verify presence of CC Receipt on My Quotes Screen<br/>
<a href="#Output-1132219173" onClick='toggleBox("Output-1132219173", this, "Show output", "Hide output");'>Show output</a>

<a href="#Output-1132219173" onClick="toggleAllBoxes();">Show all outputs</a>
<div class='log' id="Output-1132219173">
Click to see Screenshot<br/>
<a target="_blank" href=Wed_Dec_09_17_33_10_IST_2020.jpg>Screenshot</a><br/>
<br><br/>
<br><br/>
<a target="_blank" href=Wed_Dec_09_17_33_10_IST_2020.jpg><img src=Wed_Dec_09_17_33_10_IST_2020.jpg height=200 width=200></img></a><br/>
</div>
</td>
<td></td>
<td>116</td>
<td>com.OSMOSE.testcases.oCalcPro_Licensed@6035b93b</td></tr>
<tr>
<td title='com.OSMOSE.testcases.oCalcPro_Licensed.verifyPresenceOfCreditCardOptions()'><b>verifyPresenceOfCreditCardOptions</b><br>Test class: com.OSMOSE.testcases.oCalcPro_Licensed<br>Test method: Verify presence of Credit Card details<br/>
<a href="#Output-1967118241" onClick='toggleBox("Output-1967118241", this, "Show output", "Hide output");'>Show output</a>

<a href="#Output-1967118241" onClick="toggleAllBoxes();">Show all outputs</a>
<div class='log' id="Output-1967118241">
Click to see Screenshot<br/>
<a target="_blank" href=Wed_Dec_09_17_28_34_IST_2020.jpg>Screenshot</a><br/>
<br><br/>
<br><br/>
<a target="_blank" href=Wed_Dec_09_17_28_34_IST_2020.jpg><img src=Wed_Dec_09_17_28_34_IST_2020.jpg height=200 width=200></img></a><br/>
</div>
</td>
<td></td>
<td>75</td>
<td>com.OSMOSE.testcases.oCalcPro_Licensed@6035b93b</td></tr>
<tr>
<td title='com.OSMOSE.testcases.oCalcPro_Licensed.verifyPresenceOfKnowledgeBaseCardLicensedUser()'><b>verifyPresenceOfKnowledgeBaseCardLicensedUser</b><br>Test class: com.OSMOSE.testcases.oCalcPro_Licensed<br>Test method: Verify presence of Knowledge Base card on OcalcPro page for Licensed User<br/>
<a href="#Output-687501326" onClick='toggleBox("Output-687501326", this, "Show output", "Hide output");'>Show output</a>

<a href="#Output-687501326" onClick="toggleAllBoxes();">Show all outputs</a>
<div class='log' id="Output-687501326">
Click to see Screenshot<br/>
<a target="_blank" href=Wed_Dec_09_17_26_08_IST_2020.jpg>Screenshot</a><br/>
<br><br/>
<br><br/>
<a target="_blank" href=Wed_Dec_09_17_26_08_IST_2020.jpg><img src=Wed_Dec_09_17_26_08_IST_2020.jpg height=200 width=200></img></a><br/>
</div>
</td>
<td></td>
<td>0</td>
<td>com.OSMOSE.testcases.oCalcPro_Licensed@6035b93b</td></tr>
<tr>
<td title='com.OSMOSE.testcases.oCalcPro_Licensed.verifyPresenceOfLicenseMgmtCard()'><b>verifyPresenceOfLicenseMgmtCard</b><br>Test class: com.OSMOSE.testcases.oCalcPro_Licensed<br>Test method: Verify presence of License Management card on OcalcPro page for Licensed User<br/>
<a href="#Output-1862674654" onClick='toggleBox("Output-1862674654", this, "Show output", "Hide output");'>Show output</a>

<a href="#Output-1862674654" onClick="toggleAllBoxes();">Show all outputs</a>
<div class='log' id="Output-1862674654">
Click to see Screenshot<br/>
<a target="_blank" href=Wed_Dec_09_17_26_07_IST_2020.jpg>Screenshot</a><br/>
<br><br/>
<br><br/>
<a target="_blank" href=Wed_Dec_09_17_26_07_IST_2020.jpg><img src=Wed_Dec_09_17_26_07_IST_2020.jpg height=200 width=200></img></a><br/>
</div>
</td>
<td></td>
<td>0</td>
<td>com.OSMOSE.testcases.oCalcPro_Licensed@6035b93b</td></tr>
<tr>
<td title='com.OSMOSE.testcases.oCalcPro_Licensed.verifyPresenceOfProductsCardLicensedUser()'><b>verifyPresenceOfProductsCardLicensedUser</b><br>Test class: com.OSMOSE.testcases.oCalcPro_Licensed<br>Test method: Verify presence of Products card on OcalcPro page for Licensed User<br/>
<a href="#Output-615853374" onClick='toggleBox("Output-615853374", this, "Show output", "Hide output");'>Show output</a>

<a href="#Output-615853374" onClick="toggleAllBoxes();">Show all outputs</a>
<div class='log' id="Output-615853374">
Click to see Screenshot<br/>
<a target="_blank" href=Wed_Dec_09_17_26_08_IST_2020.jpg>Screenshot</a><br/>
<br><br/>
<br><br/>
<a target="_blank" href=Wed_Dec_09_17_26_08_IST_2020.jpg><img src=Wed_Dec_09_17_26_08_IST_2020.jpg height=200 width=200></img></a><br/>
</div>
</td>
<td></td>
<td>0</td>
<td>com.OSMOSE.testcases.oCalcPro_Licensed@6035b93b</td></tr>
<tr>
<td title='com.OSMOSE.testcases.oCalcPro_Licensed.verifyPresenceOfTrainingOptionsCardLicensedUser()'><b>verifyPresenceOfTrainingOptionsCardLicensedUser</b><br>Test class: com.OSMOSE.testcases.oCalcPro_Licensed<br>Test method: Verify presence of Training Options card on OcalcPro page for Licensed User<br/>
<a href="#Output-22668134" onClick='toggleBox("Output-22668134", this, "Show output", "Hide output");'>Show output</a>

<a href="#Output-22668134" onClick="toggleAllBoxes();">Show all outputs</a>
<div class='log' id="Output-22668134">
Click to see Screenshot<br/>
<a target="_blank" href=Wed_Dec_09_17_26_09_IST_2020.jpg>Screenshot</a><br/>
<br><br/>
<br><br/>
<a target="_blank" href=Wed_Dec_09_17_26_09_IST_2020.jpg><img src=Wed_Dec_09_17_26_09_IST_2020.jpg height=200 width=200></img></a><br/>
</div>
</td>
<td></td>
<td>0</td>
<td>com.OSMOSE.testcases.oCalcPro_Licensed@6035b93b</td></tr>
<tr>
<td title='com.OSMOSE.testcases.oCalcPro_Licensed.verifyPresenceOfTutorialLiveDemoCardLicensedUser()'><b>verifyPresenceOfTutorialLiveDemoCardLicensedUser</b><br>Test class: com.OSMOSE.testcases.oCalcPro_Licensed<br>Test method: Verify presence of Tutorial, Live Demo & support card on OcalcPro page for Licensed User<br/>
<a href="#Output-178603358" onClick='toggleBox("Output-178603358", this, "Show output", "Hide output");'>Show output</a>

<a href="#Output-178603358" onClick="toggleAllBoxes();">Show all outputs</a>
<div class='log' id="Output-178603358">
Click to see Screenshot<br/>
<a target="_blank" href=Wed_Dec_09_17_26_10_IST_2020.jpg>Screenshot</a><br/>
<br><br/>
<br><br/>
<a target="_blank" href=Wed_Dec_09_17_26_10_IST_2020.jpg><img src=Wed_Dec_09_17_26_10_IST_2020.jpg height=200 width=200></img></a><br/>
</div>
</td>
<td></td>
<td>0</td>
<td>com.OSMOSE.testcases.oCalcPro_Licensed@6035b93b</td></tr>
<tr>
<td title='com.OSMOSE.testcases.oCalcPro_Licensed.verifyProductsClickLicensedUser()'><b>verifyProductsClickLicensedUser</b><br>Test class: com.OSMOSE.testcases.oCalcPro_Licensed<br>Test method: Verify click on Products card for Licensed User<br/>
<a href="#Output-1465179762" onClick='toggleBox("Output-1465179762", this, "Show output", "Hide output");'>Show output</a>

<a href="#Output-1465179762" onClick="toggleAllBoxes();">Show all outputs</a>
<div class='log' id="Output-1465179762">
Click to see Screenshot<br/>
<a target="_blank" href=Wed_Dec_09_17_26_17_IST_2020.jpg>Screenshot</a><br/>
<br><br/>
<br><br/>
<a target="_blank" href=Wed_Dec_09_17_26_17_IST_2020.jpg><img src=Wed_Dec_09_17_26_17_IST_2020.jpg height=200 width=200></img></a><br/>
</div>
</td>
<td></td>
<td>3</td>
<td>com.OSMOSE.testcases.oCalcPro_Licensed@6035b93b</td></tr>
<tr>
<td title='com.OSMOSE.testcases.oCalcPro_Licensed.verifyRequestCVTQuoteClickLicensedUser()'><b>verifyRequestCVTQuoteClickLicensedUser</b><br>Test class: com.OSMOSE.testcases.oCalcPro_Licensed<br>Test method: Verify click on Request CVT Quote on Products card and submit quote for Licensed User<br/>
<a href="#Output-100703210" onClick='toggleBox("Output-100703210", this, "Show output", "Hide output");'>Show output</a>

<a href="#Output-100703210" onClick="toggleAllBoxes();">Show all outputs</a>
<div class='log' id="Output-100703210">
Click to see Screenshot<br/>
<a target="_blank" href=Wed_Dec_09_17_26_38_IST_2020.jpg>Screenshot</a><br/>
<br><br/>
<br><br/>
<a target="_blank" href=Wed_Dec_09_17_26_38_IST_2020.jpg><img src=Wed_Dec_09_17_26_38_IST_2020.jpg height=200 width=200></img></a><br/>
</div>
</td>
<td></td>
<td>9</td>
<td>com.OSMOSE.testcases.oCalcPro_Licensed@6035b93b</td></tr>
<tr>
<td title='com.OSMOSE.testcases.oCalcPro_Licensed.verifyRequestLicenseQuoteClickLicensedUser()'><b>verifyRequestLicenseQuoteClickLicensedUser</b><br>Test class: com.OSMOSE.testcases.oCalcPro_Licensed<br>Test method: Verify click on Request License Quote on Products card and submit quote for Licensed User<br/>
<a href="#Output-450420562" onClick='toggleBox("Output-450420562", this, "Show output", "Hide output");'>Show output</a>

<a href="#Output-450420562" onClick="toggleAllBoxes();">Show all outputs</a>
<div class='log' id="Output-450420562">
Click to see Screenshot<br/>
<a target="_blank" href=Wed_Dec_09_17_26_27_IST_2020.jpg>Screenshot</a><br/>
<br><br/>
<br><br/>
<a target="_blank" href=Wed_Dec_09_17_26_27_IST_2020.jpg><img src=Wed_Dec_09_17_26_27_IST_2020.jpg height=200 width=200></img></a><br/>
</div>
</td>
<td></td>
<td>9</td>
<td>com.OSMOSE.testcases.oCalcPro_Licensed@6035b93b</td></tr>
<tr>
<td title='com.OSMOSE.testcases.oCalcPro_Licensed.verifyRequestTrainingQuoteClickLicensedUser()'><b>verifyRequestTrainingQuoteClickLicensedUser</b><br>Test class: com.OSMOSE.testcases.oCalcPro_Licensed<br>Test method: Verify click on Request Training Quote on Products card and submit quote for Licensed User<br/>
<a href="#Output-1638864144" onClick='toggleBox("Output-1638864144", this, "Show output", "Hide output");'>Show output</a>

<a href="#Output-1638864144" onClick="toggleAllBoxes();">Show all outputs</a>
<div class='log' id="Output-1638864144">
Click to see Screenshot<br/>
<a target="_blank" href=Wed_Dec_09_17_26_48_IST_2020.jpg>Screenshot</a><br/>
<br><br/>
<br><br/>
<a target="_blank" href=Wed_Dec_09_17_26_48_IST_2020.jpg><img src=Wed_Dec_09_17_26_48_IST_2020.jpg height=200 width=200></img></a><br/>
</div>
</td>
<td></td>
<td>9</td>
<td>com.OSMOSE.testcases.oCalcPro_Licensed@6035b93b</td></tr>
<tr>
<td title='com.OSMOSE.testcases.oCalcPro_Licensed.verifyRequstDemoClickLicensedUser()'><b>verifyRequstDemoClickLicensedUser</b><br>Test class: com.OSMOSE.testcases.oCalcPro_Licensed<br>Test method: Verify click on Request Demo button for Licensed User<br/>
<a href="#Output-125549276" onClick='toggleBox("Output-125549276", this, "Show output", "Hide output");'>Show output</a>

<a href="#Output-125549276" onClick="toggleAllBoxes();">Show all outputs</a>
<div class='log' id="Output-125549276">
Click to see Screenshot<br/>
<a target="_blank" href=Wed_Dec_09_17_27_00_IST_2020.jpg>Screenshot</a><br/>
<br><br/>
<br><br/>
<a target="_blank" href=Wed_Dec_09_17_27_00_IST_2020.jpg><img src=Wed_Dec_09_17_27_00_IST_2020.jpg height=200 width=200></img></a><br/>
</div>
</td>
<td></td>
<td>4</td>
<td>com.OSMOSE.testcases.oCalcPro_Licensed@6035b93b</td></tr>
<tr>
<td title='com.OSMOSE.testcases.oCalcPro_Licensed.verifyoCalcProNavigationClick()'><b>verifyoCalcProNavigationClick</b><br>Test class: com.OSMOSE.testcases.oCalcPro_Licensed<br>Test method: Verify the click on oCalcPro menu and card Navigation<br/>
<a href="#Output-1293252487" onClick='toggleBox("Output-1293252487", this, "Show output", "Hide output");'>Show output</a>

<a href="#Output-1293252487" onClick="toggleAllBoxes();">Show all outputs</a>
<div class='log' id="Output-1293252487">
Click to see Screenshot<br/>
<a target="_blank" href=Wed_Dec_09_17_26_07_IST_2020.jpg>Screenshot</a><br/>
<br><br/>
<br><br/>
<a target="_blank" href=Wed_Dec_09_17_26_07_IST_2020.jpg><img src=Wed_Dec_09_17_26_07_IST_2020.jpg height=200 width=200></img></a><br/>
</div>
</td>
<td></td>
<td>16</td>
<td>com.OSMOSE.testcases.oCalcPro_Licensed@6035b93b</td></tr>
<tr>
<td title='com.OSMOSE.testcases.oCalcPro_Licensed.verifyocalcSupportClickLicensedUser()'><b>verifyocalcSupportClickLicensedUser</b><br>Test class: com.OSMOSE.testcases.oCalcPro_Licensed<br>Test method: Verify click on Contact O-calc Support for Licensed User<br/>
<a href="#Output-1079167170" onClick='toggleBox("Output-1079167170", this, "Show output", "Hide output");'>Show output</a>

<a href="#Output-1079167170" onClick="toggleAllBoxes();">Show all outputs</a>
<div class='log' id="Output-1079167170">
Click to see Screenshot<br/>
<a target="_blank" href=Wed_Dec_09_17_27_03_IST_2020.jpg>Screenshot</a><br/>
<br><br/>
<br><br/>
<a target="_blank" href=Wed_Dec_09_17_27_03_IST_2020.jpg><img src=Wed_Dec_09_17_27_03_IST_2020.jpg height=200 width=200></img></a><br/>
</div>
</td>
<td></td>
<td>2</td>
<td>com.OSMOSE.testcases.oCalcPro_Licensed@6035b93b</td></tr>
</table><p>
</body>
</html>