<html>
<head>
<title>TestNG:  Project_Dashboard</title>
<link href="../testng.css" rel="stylesheet" type="text/css" />
<link href="../my-testng.css" rel="stylesheet" type="text/css" />

<style type="text/css">
.log { display: none;} 
.stack-trace { display: none;} 
</style>
<script type="text/javascript">
<!--
function flip(e) {
  current = e.style.display;
  if (current == 'block') {
    e.style.display = 'none';
    return 0;
  }
  else {
    e.style.display = 'block';
    return 1;
  }
}

function toggleBox(szDivId, elem, msg1, msg2)
{
  var res = -1;  if (document.getElementById) {
    res = flip(document.getElementById(szDivId));
  }
  else if (document.all) {
    // this is the way old msie versions work
    res = flip(document.all[szDivId]);
  }
  if(elem) {
    if(res == 0) elem.innerHTML = msg1; else elem.innerHTML = msg2;
  }

}

function toggleAllBoxes() {
  if (document.getElementsByTagName) {
    d = document.getElementsByTagName('div');
    for (i = 0; i < d.length; i++) {
      if (d[i].className == 'log') {
        flip(d[i]);
      }
    }
  }
}

// -->
</script>

</head>
<body>
<h2 align='center'>Project_Dashboard</h2><table border='1' align="center">
<tr>
<td>Tests passed/Failed/Skipped:</td><td>5/1/0</td>
</tr><tr>
<td>Started on:</td><td>Fri Jan 29 19:29:37 IST 2021</td>
</tr>
<tr><td>Total time:</td><td>253 seconds (253384 ms)</td>
</tr><tr>
<td>Included groups:</td><td></td>
</tr><tr>
<td>Excluded groups:</td><td></td>
</tr>
</table><p/>
<small><i>(Hover the method name to see the test class name)</i></small><p/>
<table width='100%' border='1' class='invocation-failed'>
<tr><td colspan='4' align='center'><b>FAILED TESTS</b></td></tr>
<tr><td><b>Test method</b></td>
<td width="30%"><b>Exception</b></td>
<td width="10%"><b>Time (seconds)</b></td>
<td><b>Instance</b></td>
</tr>
<tr>
<td title='com.OSMOSE.testcases.Projectdashboard.verifyPDBreadCrumbNavigationFunctionality()'><b>verifyPDBreadCrumbNavigationFunctionality</b><br>Test class: com.OSMOSE.testcases.Projectdashboard<br>Test method: Verify Project Deliverables(Box) BreadCrumb Navigation Functionality<br/>
<a href="#Output-1137989065" onClick='toggleBox("Output-1137989065", this, "Show output", "Hide output");'>Show output</a>

<a href="#Output-1137989065" onClick="toggleAllBoxes();">Show all outputs</a>
<div class='log' id="Output-1137989065">
Click to see Screenshot<br/>
<a target="_blank" href=Fri_Jan_29_19_33_50_IST_2021.jpg>Screenshot</a><br/>
<br><br/>
<br><br/>
<a target="_blank" href=Fri_Jan_29_19_33_50_IST_2021.jpg><img src=Fri_Jan_29_19_33_50_IST_2021.jpg height=200 width=200></img></a><br/>
</div>
</td>
<td><div><pre>org.openqa.selenium.NoSuchElementException: no such element: Unable to locate element: {&quot;method&quot;:&quot;xpath&quot;,&quot;selector&quot;:&quot;//button[contains(text(),&apos;Technical Services&apos;)]&quot;}
  (Session info: chrome=87.0.4280.88)
For documentation on this error, please visit: http://seleniumhq.org/exceptions/no_such_element.html
Build info: version: &apos;3.14.0&apos;, revision: &apos;aacccce0&apos;, time: &apos;2018-08-02T20:19:58.91Z&apos;
System info: host: &apos;5CG6332Q2D&apos;, ip: &apos;192.168.0.136&apos;, os.name: &apos;Windows 10&apos;, os.arch: &apos;amd64&apos;, os.version: &apos;10.0&apos;, java.version: &apos;1.8.0_191&apos;
Driver info: org.openqa.selenium.chrome.ChromeDriver
Capabilities {acceptInsecureCerts: false, browserName: chrome, browserVersion: 87.0.4280.88, chrome: {chromedriverVersion: 87.0.4280.88 (89e2380a3e36c..., userDataDir: C:\Windows\Temp\scoped_dir1...}, goog:chromeOptions: {debuggerAddress: localhost:52760}, javascriptEnabled: true, networkConnectionEnabled: false, pageLoadStrategy: none, platform: WINDOWS, platformName: WINDOWS, proxy: Proxy(), setWindowRect: true, strictFileInteractability: false, timeouts: {implicit: 0, pageLoad: 300000, script: 30000}, unhandledPromptBehavior: dismiss and notify, webauthn:virtualAuthenticators: true}
Session ID: 525398781b030b51b96c75f22fd87dc6
*** Element info: {Using=xpath, value=//button[contains(text(),&apos;Technical Services&apos;)]}
	at org.openqa.selenium.remote.http.W3CHttpResponseCodec.createException(W3CHttpResponseCodec.java:187)
	at org.openqa.selenium.remote.http.W3CHttpResponseCodec.decode(W3CHttpResponseCodec.java:122)
	at org.openqa.selenium.remote.http.W3CHttpResponseCodec.decode(W3CHttpResponseCodec.java:49)
	at org.openqa.selenium.remote.HttpCommandExecutor.execute(HttpCommandExecutor.java:158)
	at org.openqa.selenium.remote.service.DriverCommandExecutor.execute(DriverCommandExecutor.java:83)
	at org.openqa.selenium.remote.RemoteWebDriver.execute(RemoteWebDriver.java:548)
	at org.openqa.selenium.remote.RemoteWebDriver.findElement(RemoteWebDriver.java:322)
	at org.openqa.selenium.remote.RemoteWebDriver.findElementByXPath(RemoteWebDriver.java:424)
	at org.openqa.selenium.By$ByXPath.findElement(By.java:353)
	at org.openqa.selenium.remote.RemoteWebDriver.findElement(RemoteWebDriver.java:314)
	at com.OSMOSE.base.Page.click(Page.java:183)
	at com.OSMOSE.testcases.Projectdashboard.verifyPDBreadCrumbNavigationFunctionality(Projectdashboard.java:85)
	at java.util.ArrayList.forEach(Unknown Source)
... Removed 31 stack frames</pre></div><a href='#' onClick='toggleBox("stack-trace1137989065", this, "Click to show all stack frames", "Click to hide stack frames")'>Click to show all stack frames</a>
<div class='stack-trace' id='stack-trace1137989065'><pre>org.openqa.selenium.NoSuchElementException: no such element: Unable to locate element: {&quot;method&quot;:&quot;xpath&quot;,&quot;selector&quot;:&quot;//button[contains(text(),&apos;Technical Services&apos;)]&quot;}
  (Session info: chrome=87.0.4280.88)
For documentation on this error, please visit: http://seleniumhq.org/exceptions/no_such_element.html
Build info: version: &apos;3.14.0&apos;, revision: &apos;aacccce0&apos;, time: &apos;2018-08-02T20:19:58.91Z&apos;
System info: host: &apos;5CG6332Q2D&apos;, ip: &apos;192.168.0.136&apos;, os.name: &apos;Windows 10&apos;, os.arch: &apos;amd64&apos;, os.version: &apos;10.0&apos;, java.version: &apos;1.8.0_191&apos;
Driver info: org.openqa.selenium.chrome.ChromeDriver
Capabilities {acceptInsecureCerts: false, browserName: chrome, browserVersion: 87.0.4280.88, chrome: {chromedriverVersion: 87.0.4280.88 (89e2380a3e36c..., userDataDir: C:\Windows\Temp\scoped_dir1...}, goog:chromeOptions: {debuggerAddress: localhost:52760}, javascriptEnabled: true, networkConnectionEnabled: false, pageLoadStrategy: none, platform: WINDOWS, platformName: WINDOWS, proxy: Proxy(), setWindowRect: true, strictFileInteractability: false, timeouts: {implicit: 0, pageLoad: 300000, script: 30000}, unhandledPromptBehavior: dismiss and notify, webauthn:virtualAuthenticators: true}
Session ID: 525398781b030b51b96c75f22fd87dc6
*** Element info: {Using=xpath, value=//button[contains(text(),&apos;Technical Services&apos;)]}
	at sun.reflect.NativeConstructorAccessorImpl.newInstance0(Native Method)
	at sun.reflect.NativeConstructorAccessorImpl.newInstance(Unknown Source)
	at sun.reflect.DelegatingConstructorAccessorImpl.newInstance(Unknown Source)
	at java.lang.reflect.Constructor.newInstance(Unknown Source)
	at org.openqa.selenium.remote.http.W3CHttpResponseCodec.createException(W3CHttpResponseCodec.java:187)
	at org.openqa.selenium.remote.http.W3CHttpResponseCodec.decode(W3CHttpResponseCodec.java:122)
	at org.openqa.selenium.remote.http.W3CHttpResponseCodec.decode(W3CHttpResponseCodec.java:49)
	at org.openqa.selenium.remote.HttpCommandExecutor.execute(HttpCommandExecutor.java:158)
	at org.openqa.selenium.remote.service.DriverCommandExecutor.execute(DriverCommandExecutor.java:83)
	at org.openqa.selenium.remote.RemoteWebDriver.execute(RemoteWebDriver.java:548)
	at org.openqa.selenium.remote.RemoteWebDriver.findElement(RemoteWebDriver.java:322)
	at org.openqa.selenium.remote.RemoteWebDriver.findElementByXPath(RemoteWebDriver.java:424)
	at org.openqa.selenium.By$ByXPath.findElement(By.java:353)
	at org.openqa.selenium.remote.RemoteWebDriver.findElement(RemoteWebDriver.java:314)
	at com.OSMOSE.base.Page.click(Page.java:183)
	at com.OSMOSE.testcases.Projectdashboard.verifyPDBreadCrumbNavigationFunctionality(Projectdashboard.java:85)
	at sun.reflect.NativeMethodAccessorImpl.invoke0(Native Method)
	at sun.reflect.NativeMethodAccessorImpl.invoke(Unknown Source)
	at sun.reflect.DelegatingMethodAccessorImpl.invoke(Unknown Source)
	at java.lang.reflect.Method.invoke(Unknown Source)
	at org.testng.internal.MethodInvocationHelper.invokeMethod(MethodInvocationHelper.java:134)
	at org.testng.internal.TestInvoker.invokeMethod(TestInvoker.java:597)
	at org.testng.internal.TestInvoker.invokeTestMethod(TestInvoker.java:173)
	at org.testng.internal.MethodRunner.runInSequence(MethodRunner.java:46)
	at org.testng.internal.TestInvoker$MethodInvocationAgent.invoke(TestInvoker.java:816)
	at org.testng.internal.TestInvoker.invokeTestMethods(TestInvoker.java:146)
	at org.testng.internal.TestMethodWorker.invokeTestMethods(TestMethodWorker.java:146)
	at org.testng.internal.TestMethodWorker.run(TestMethodWorker.java:128)
	at java.util.ArrayList.forEach(Unknown Source)
	at org.testng.TestRunner.privateRun(TestRunner.java:766)
	at org.testng.TestRunner.run(TestRunner.java:587)
	at org.testng.SuiteRunner.runTest(SuiteRunner.java:384)
	at org.testng.SuiteRunner.runSequentially(SuiteRunner.java:378)
	at org.testng.SuiteRunner.privateRun(SuiteRunner.java:337)
	at org.testng.SuiteRunner.run(SuiteRunner.java:286)
	at org.testng.SuiteRunnerWorker.runSuite(SuiteRunnerWorker.java:53)
	at org.testng.SuiteRunnerWorker.run(SuiteRunnerWorker.java:96)
	at org.testng.TestNG.runSuitesSequentially(TestNG.java:1187)
	at org.testng.TestNG.runSuitesLocally(TestNG.java:1109)
	at org.testng.TestNG.runSuites(TestNG.java:1039)
	at org.testng.TestNG.run(TestNG.java:1007)
	at org.testng.remote.AbstractRemoteTestNG.run(AbstractRemoteTestNG.java:115)
	at org.testng.remote.RemoteTestNG.initAndRun(RemoteTestNG.java:251)
	at org.testng.remote.RemoteTestNG.main(RemoteTestNG.java:77)
</pre></div></td>
<td>60</td>
<td>com.OSMOSE.testcases.Projectdashboard@5c00384f</td></tr>
</table><p>
<table width='100%' border='1' class='invocation-passed'>
<tr><td colspan='4' align='center'><b>PASSED TESTS</b></td></tr>
<tr><td><b>Test method</b></td>
<td width="30%"><b>Exception</b></td>
<td width="10%"><b>Time (seconds)</b></td>
<td><b>Instance</b></td>
</tr>
<tr>
<td title='com.OSMOSE.testcases.LoginTest.loginTest()'><b>loginTest</b><br>Test class: com.OSMOSE.testcases.LoginTest<br>Test method: Verify the login functionality<br>Parameters: {password=Hyde@2317, runmode=Y, username=rajesh.yadav@centurylink.com}<br/>
<a href="#Output-385332399" onClick='toggleBox("Output-385332399", this, "Show output", "Hide output");'>Show output</a>

<a href="#Output-385332399" onClick="toggleAllBoxes();">Show all outputs</a>
<div class='log' id="Output-385332399">
Click to see Screenshot<br/>
<a target="_blank" href=Fri_Jan_29_19_29_34_IST_2021.jpg>Screenshot</a><br/>
<br><br/>
<br><br/>
<a target="_blank" href=Fri_Jan_29_19_29_34_IST_2021.jpg><img src=Fri_Jan_29_19_29_34_IST_2021.jpg height=200 width=200></img></a><br/>
</div>
</td>
<td></td>
<td>19</td>
<td>com.OSMOSE.testcases.LoginTest@20a14b55</td></tr>
<tr>
<td title='com.OSMOSE.testcases.Projectdashboard.verifyKnowledgeBaseNavigationClick()'><b>verifyKnowledgeBaseNavigationClick</b><br>Test class: com.OSMOSE.testcases.Projectdashboard<br>Test method: Verify the click on Project Dashboard menu and card Navigation<br/>
<a href="#Output-1197176722" onClick='toggleBox("Output-1197176722", this, "Show output", "Hide output");'>Show output</a>

<a href="#Output-1197176722" onClick="toggleAllBoxes();">Show all outputs</a>
<div class='log' id="Output-1197176722">
Click to see Screenshot<br/>
<a target="_blank" href=Fri_Jan_29_19_30_46_IST_2021.jpg>Screenshot</a><br/>
<br><br/>
<br><br/>
<a target="_blank" href=Fri_Jan_29_19_30_46_IST_2021.jpg><img src=Fri_Jan_29_19_30_46_IST_2021.jpg height=200 width=200></img></a><br/>
</div>
</td>
<td></td>
<td>68</td>
<td>com.OSMOSE.testcases.Projectdashboard@5c00384f</td></tr>
<tr>
<td title='com.OSMOSE.testcases.Projectdashboard.verifyPDSearchFuntionality()'><b>verifyPDSearchFuntionality</b><br>Test class: com.OSMOSE.testcases.Projectdashboard<br>Test method: Verify Project Deliverables(Box) Search Funtionality<br/>
<a href="#Output-1658785779" onClick='toggleBox("Output-1658785779", this, "Show output", "Hide output");'>Show output</a>

<a href="#Output-1658785779" onClick="toggleAllBoxes();">Show all outputs</a>
<div class='log' id="Output-1658785779">
Click to see Screenshot<br/>
<a target="_blank" href=Fri_Jan_29_19_31_48_IST_2021.jpg>Screenshot</a><br/>
<br><br/>
<br><br/>
<a target="_blank" href=Fri_Jan_29_19_31_48_IST_2021.jpg><img src=Fri_Jan_29_19_31_48_IST_2021.jpg height=200 width=200></img></a><br/>
</div>
</td>
<td></td>
<td>10</td>
<td>com.OSMOSE.testcases.Projectdashboard@5c00384f</td></tr>
<tr>
<td title='com.OSMOSE.testcases.Projectdashboard.verifyPDSwitchViewFunctionality()'><b>verifyPDSwitchViewFunctionality</b><br>Test class: com.OSMOSE.testcases.Projectdashboard<br>Test method: Verify Project Deliverables(Box) Switch View Functionality<br/>
<a href="#Output-54134077" onClick='toggleBox("Output-54134077", this, "Show output", "Hide output");'>Show output</a>

<a href="#Output-54134077" onClick="toggleAllBoxes();">Show all outputs</a>
<div class='log' id="Output-54134077">
Click to see Screenshot<br/>
<a target="_blank" href=Fri_Jan_29_19_32_49_IST_2021.jpg>Screenshot</a><br/>
<br><br/>
<br><br/>
<a target="_blank" href=Fri_Jan_29_19_32_49_IST_2021.jpg><img src=Fri_Jan_29_19_32_49_IST_2021.jpg height=200 width=200></img></a><br/>
</div>
</td>
<td></td>
<td>60</td>
<td>com.OSMOSE.testcases.Projectdashboard@5c00384f</td></tr>
<tr>
<td title='com.OSMOSE.testcases.Projectdashboard.verifyProjectDeliverablesContents()'><b>verifyProjectDeliverablesContents</b><br>Test class: com.OSMOSE.testcases.Projectdashboard<br>Test method: Verify Project Deliverables(Box) Contents<br/>
<a href="#Output-1539038539" onClick='toggleBox("Output-1539038539", this, "Show output", "Hide output");'>Show output</a>

<a href="#Output-1539038539" onClick="toggleAllBoxes();">Show all outputs</a>
<div class='log' id="Output-1539038539">
Click to see Screenshot<br/>
<a target="_blank" href=Fri_Jan_29_19_31_37_IST_2021.jpg>Screenshot</a><br/>
<br><br/>
<br><br/>
<a target="_blank" href=Fri_Jan_29_19_31_37_IST_2021.jpg><img src=Fri_Jan_29_19_31_37_IST_2021.jpg height=200 width=200></img></a><br/>
</div>
</td>
<td></td>
<td>41</td>
<td>com.OSMOSE.testcases.Projectdashboard@5c00384f</td></tr>
<tr>
<td title='com.OSMOSE.testcases.Projectdashboard.verifyProjectDeliverablesTab()'><b>verifyProjectDeliverablesTab</b><br>Test class: com.OSMOSE.testcases.Projectdashboard<br>Test method: Verify Project Deliverables Tab in Project Dashboard Page<br/>
<a href="#Output-1554877309" onClick='toggleBox("Output-1554877309", this, "Show output", "Hide output");'>Show output</a>

<a href="#Output-1554877309" onClick="toggleAllBoxes();">Show all outputs</a>
<div class='log' id="Output-1554877309">
Click to see Screenshot<br/>
<a target="_blank" href=Fri_Jan_29_19_30_55_IST_2021.jpg>Screenshot</a><br/>
<br><br/>
<br><br/>
<a target="_blank" href=Fri_Jan_29_19_30_55_IST_2021.jpg><img src=Fri_Jan_29_19_30_55_IST_2021.jpg height=200 width=200></img></a><br/>
</div>
</td>
<td></td>
<td>8</td>
<td>com.OSMOSE.testcases.Projectdashboard@5c00384f</td></tr>
</table><p>
</body>
</html>