<?xml version="1.0" encoding="UTF-8"?>
<testsuite name="OCalcPro_Nor"
           tests="29"
           failures="1"
           errors="0"
           skipped="0"
           time="246.777">
  <properties />
            <testcase name="verifySearchResultsAreGrouped" time="1.093" classname="com.OSMOSE.testcases.oCalcPro_Nor">
                <failure type="org.openqa.selenium.ElementClickInterceptedException"
                  message="element click intercepted: Element &lt;h5 data-v-0550c00d=&quot;&quot; class=&quot;m-0 crspointer&quot;&gt;...&lt;/h5&gt; is not clickable at point (1073, 213). Other element would receive the click: &lt;div data-v-0550c00d=&quot;&quot; class=&quot;Oloader&quot;&gt;...&lt;/div&gt;
  (Session info: chrome=86.0.4240.198)
Build info: version: &apos;3.14.0&apos;, revision: &apos;aacccce0&apos;, time: &apos;2018-08-02T20:19:58.91Z&apos;
System info: host: &apos;5CG6323N27&apos;, ip: &apos;192.168.0.12&apos;, os.name: &apos;Windows 10&apos;, os.arch: &apos;amd64&apos;, os.version: &apos;10.0&apos;, java.version: &apos;1.8.0_191&apos;
Driver info: org.openqa.selenium.chrome.ChromeDriver
Capabilities {acceptInsecureCerts: false, browserName: chrome, browserVersion: 86.0.4240.198, chrome: {chromedriverVersion: 85.0.4183.87 (cd6713ebf92fa..., userDataDir: C:\Windows\Temp\scoped_dir1...}, goog:chromeOptions: {debuggerAddress: localhost:62483}, javascriptEnabled: true, networkConnectionEnabled: false, pageLoadStrategy: none, platform: WINDOWS, platformName: WINDOWS, proxy: Proxy(), setWindowRect: true, strictFileInteractability: false, timeouts: {implicit: 0, pageLoad: 300000, script: 30000}, unhandledPromptBehavior: dismiss and notify, webauthn:virtualAuthenticators: true}
Session ID: 43085a901659200de5880c45fbb1752b"
              >
<![CDATA[org.openqa.selenium.ElementClickInterceptedException: element click intercepted: Element <h5 data-v-0550c00d="" class="m-0 crspointer">...</h5> is not clickable at point (1073, 213). Other element would receive the click: <div data-v-0550c00d="" class="Oloader">...</div>
  (Session info: chrome=86.0.4240.198)
Build info: version: '3.14.0', revision: 'aacccce0', time: '2018-08-02T20:19:58.91Z'
System info: host: '5CG6323N27', ip: '192.168.0.12', os.name: 'Windows 10', os.arch: 'amd64', os.version: '10.0', java.version: '1.8.0_191'
Driver info: org.openqa.selenium.chrome.ChromeDriver
Capabilities {acceptInsecureCerts: false, browserName: chrome, browserVersion: 86.0.4240.198, chrome: {chromedriverVersion: 85.0.4183.87 (cd6713ebf92fa..., userDataDir: C:\Windows\Temp\scoped_dir1...}, goog:chromeOptions: {debuggerAddress: localhost:62483}, javascriptEnabled: true, networkConnectionEnabled: false, pageLoadStrategy: none, platform: WINDOWS, platformName: WINDOWS, proxy: Proxy(), setWindowRect: true, strictFileInteractability: false, timeouts: {implicit: 0, pageLoad: 300000, script: 30000}, unhandledPromptBehavior: dismiss and notify, webauthn:virtualAuthenticators: true}
Session ID: 43085a901659200de5880c45fbb1752b
  sun.reflect.NativeConstructorAccessorImpl.newInstance0(Native Method)
  sun.reflect.NativeConstructorAccessorImpl.newInstance(Unknown Source)
  sun.reflect.DelegatingConstructorAccessorImpl.newInstance(Unknown Source)
  java.lang.reflect.Constructor.newInstance(Unknown Source)
  org.openqa.selenium.remote.http.W3CHttpResponseCodec.createException(W3CHttpResponseCodec.java:187)
  org.openqa.selenium.remote.http.W3CHttpResponseCodec.decode(W3CHttpResponseCodec.java:122)
  org.openqa.selenium.remote.http.W3CHttpResponseCodec.decode(W3CHttpResponseCodec.java:49)
  org.openqa.selenium.remote.HttpCommandExecutor.execute(HttpCommandExecutor.java:158)
  org.openqa.selenium.remote.service.DriverCommandExecutor.execute(DriverCommandExecutor.java:83)
  org.openqa.selenium.remote.RemoteWebDriver.execute(RemoteWebDriver.java:548)
  org.openqa.selenium.remote.RemoteWebElement.execute(RemoteWebElement.java:276)
  org.openqa.selenium.remote.RemoteWebElement.click(RemoteWebElement.java:83)
  com.OSMOSE.base.Page.click(Page.java:183)
  com.OSMOSE.pages.OU.oCalcProPage.clickKnowledgeBase(oCalcProPage.java:59)
  com.OSMOSE.testcases.oCalcPro_Nor.verifySearchResultsAreGrouped(oCalcPro_Nor.java:579)
  sun.reflect.NativeMethodAccessorImpl.invoke0(Native Method)
  sun.reflect.NativeMethodAccessorImpl.invoke(Unknown Source)
  sun.reflect.DelegatingMethodAccessorImpl.invoke(Unknown Source)
  java.lang.reflect.Method.invoke(Unknown Source)
  org.testng.internal.MethodInvocationHelper.invokeMethod(MethodInvocationHelper.java:134)
  org.testng.internal.TestInvoker.invokeMethod(TestInvoker.java:597)
  org.testng.internal.TestInvoker.invokeTestMethod(TestInvoker.java:173)
  org.testng.internal.MethodRunner.runInSequence(MethodRunner.java:46)
  org.testng.internal.TestInvoker$MethodInvocationAgent.invoke(TestInvoker.java:816)
  org.testng.internal.TestInvoker.invokeTestMethods(TestInvoker.java:146)
  org.testng.internal.TestMethodWorker.invokeTestMethods(TestMethodWorker.java:146)
  org.testng.internal.TestMethodWorker.run(TestMethodWorker.java:128)
  java.util.ArrayList.forEach(Unknown Source)
  org.testng.TestRunner.privateRun(TestRunner.java:766)
  org.testng.TestRunner.run(TestRunner.java:587)
  org.testng.SuiteRunner.runTest(SuiteRunner.java:384)
  org.testng.SuiteRunner.runSequentially(SuiteRunner.java:378)
  org.testng.SuiteRunner.privateRun(SuiteRunner.java:337)
  org.testng.SuiteRunner.run(SuiteRunner.java:286)
  org.testng.SuiteRunnerWorker.runSuite(SuiteRunnerWorker.java:53)
  org.testng.SuiteRunnerWorker.run(SuiteRunnerWorker.java:96)
  org.testng.TestNG.runSuitesSequentially(TestNG.java:1187)
  org.testng.TestNG.runSuitesLocally(TestNG.java:1109)
  org.testng.TestNG.runSuites(TestNG.java:1039)
  org.testng.TestNG.run(TestNG.java:1007)
  org.testng.remote.AbstractRemoteTestNG.run(AbstractRemoteTestNG.java:115)
  org.testng.remote.RemoteTestNG.initAndRun(RemoteTestNG.java:251)
  org.testng.remote.RemoteTestNG.main(RemoteTestNG.java:77)
]]>
      </failure>

          </testcase>
  
  
            <testcase name="verifyContentsOfProductsCard" time="0.160" classname="com.OSMOSE.testcases.oCalcPro_Nor" />
                <testcase name="verifyPresenceOfLicenseManagementPerspective" time="50.023" classname="com.OSMOSE.testcases.oCalcPro_Nor" />
                <testcase name="verifyoCalcProNavigationClick" time="18.254" classname="com.OSMOSE.testcases.oCalcPro_Nor" />
                <testcase name="verifyContentsOfKBCard" time="0.142" classname="com.OSMOSE.testcases.oCalcPro_Nor" />
                <testcase name="verifyPresenceOfProductsCard" time="0.034" classname="com.OSMOSE.testcases.oCalcPro_Nor" />
                <testcase name="verifyRequstDemoClickonGetStartedWithOcalcProcard" time="4.052" classname="com.OSMOSE.testcases.oCalcPro_Nor" />
                <testcase name="verifyPresenceOfAnnouncementsCard" time="0.060" classname="com.OSMOSE.testcases.oCalcPro_Nor" />
                <testcase name="ocalcloginTestNormal" time="17.921" classname="com.OSMOSE.testcases.oCalcPro_Nor" />
                <testcase name="verifyLearnMoreClickonGetStartedWithOcalcProcard" time="13.705" classname="com.OSMOSE.testcases.oCalcPro_Nor" />
                <testcase name="verifyPresenceOfGetStartedWithOcalcPro" time="0.056" classname="com.OSMOSE.testcases.oCalcPro_Nor" />
                <testcase name="verifyContentsOfTrainingOptions" time="0.125" classname="com.OSMOSE.testcases.oCalcPro_Nor" />
                <testcase name="verify30daysbtnClickonGetStartedWithOcalcProcard" time="3.766" classname="com.OSMOSE.testcases.oCalcPro_Nor" />
                <testcase name="verifyProductsClick" time="5.629" classname="com.OSMOSE.testcases.oCalcPro_Nor" />
                <testcase name="verifyRequestQuoteForPrivateTrainingClassesClick" time="11.662" classname="com.OSMOSE.testcases.oCalcPro_Nor" />
                <testcase name="verifyPresenceOfKnowledgeBaseCard" time="0.032" classname="com.OSMOSE.testcases.oCalcPro_Nor" />
                <testcase name="verifyRequestCVTQuoteClick" time="8.268" classname="com.OSMOSE.testcases.oCalcPro_Nor" />
                <testcase name="verifyKBTrainingVideosClick" time="11.813" classname="com.OSMOSE.testcases.oCalcPro_Nor" />
                <testcase name="verifyRequestLicenseQuoteClick" time="8.991" classname="com.OSMOSE.testcases.oCalcPro_Nor" />
                <testcase name="verifyCurrentPublicClassesClick" time="10.305" classname="com.OSMOSE.testcases.oCalcPro_Nor" />
                <testcase name="verifyContentsOfGetStartedWithOcalcPro" time="0.247" classname="com.OSMOSE.testcases.oCalcPro_Nor" />
                <testcase name="verifyContentsOfAnnouncements" time="0.597" classname="com.OSMOSE.testcases.oCalcPro_Nor" />
                <testcase name="verifyRequestTrainingQuoteClick" time="8.210" classname="com.OSMOSE.testcases.oCalcPro_Nor" />
                <testcase name="verifyClickOnAnAnnouncement" time="3.817" classname="com.OSMOSE.testcases.oCalcPro_Nor" />
                <testcase name="verifyocalcSupportClickonGetStartedWithOcalcProcard" time="3.392" classname="com.OSMOSE.testcases.oCalcPro_Nor" />
                <testcase name="verifyKBWikiPageClick" time="23.506" classname="com.OSMOSE.testcases.oCalcPro_Nor" />
                <testcase name="verifyTrainingVideosAreGrouped" time="15.365" classname="com.OSMOSE.testcases.oCalcPro_Nor" />
                <testcase name="verifyKBClick" time="25.516" classname="com.OSMOSE.testcases.oCalcPro_Nor" />
                <testcase name="verifyPresenceOfTrainingOptionsCard" time="0.036" classname="com.OSMOSE.testcases.oCalcPro_Nor" />
      
</testsuite>
