<?xml version="1.0" encoding="UTF-8"?>
<testsuite name="OCalcPro"
           tests="58"
           failures="1"
           errors="0"
           skipped="0"
           time="666.350">
  <properties />
            <testcase name="verifyClickOnAnAnnouncementLicensedUser" time="1.098" classname="com.OSMOSE.testcases.oCalcPro">
                <failure type="org.openqa.selenium.ElementClickInterceptedException"
                  message="element click intercepted: Element &lt;a data-v-7c7cce93=&quot;&quot; id=&quot;OCalProSeminar&quot; href=&quot;javascript:void(0);&quot;&gt;...&lt;/a&gt; is not clickable at point (290, 433). Other element would receive the click: &lt;div data-v-7c7cce93=&quot;&quot; class=&quot;Oloader&quot;&gt;...&lt;/div&gt;
  (Session info: chrome=86.0.4240.75)
Build info: version: &apos;3.14.0&apos;, revision: &apos;aacccce0&apos;, time: &apos;2018-08-02T20:19:58.91Z&apos;
System info: host: &apos;5CG6323N27&apos;, ip: &apos;192.168.0.12&apos;, os.name: &apos;Windows 10&apos;, os.arch: &apos;amd64&apos;, os.version: &apos;10.0&apos;, java.version: &apos;1.8.0_191&apos;
Driver info: org.openqa.selenium.chrome.ChromeDriver
Capabilities {acceptInsecureCerts: false, browserName: chrome, browserVersion: 86.0.4240.75, chrome: {chromedriverVersion: 85.0.4183.87 (cd6713ebf92fa..., userDataDir: C:\Windows\Temp\scoped_dir1...}, goog:chromeOptions: {debuggerAddress: localhost:60141}, javascriptEnabled: true, networkConnectionEnabled: false, pageLoadStrategy: none, platform: WINDOWS, platformName: WINDOWS, proxy: Proxy(), setWindowRect: true, strictFileInteractability: false, timeouts: {implicit: 0, pageLoad: 300000, script: 30000}, unhandledPromptBehavior: dismiss and notify, webauthn:virtualAuthenticators: true}
Session ID: 7c47cf17605c0041376f57870d31efef"
              >
<![CDATA[org.openqa.selenium.ElementClickInterceptedException: element click intercepted: Element <a data-v-7c7cce93="" id="OCalProSeminar" href="javascript:void(0);">...</a> is not clickable at point (290, 433). Other element would receive the click: <div data-v-7c7cce93="" class="Oloader">...</div>
  (Session info: chrome=86.0.4240.75)
Build info: version: '3.14.0', revision: 'aacccce0', time: '2018-08-02T20:19:58.91Z'
System info: host: '5CG6323N27', ip: '192.168.0.12', os.name: 'Windows 10', os.arch: 'amd64', os.version: '10.0', java.version: '1.8.0_191'
Driver info: org.openqa.selenium.chrome.ChromeDriver
Capabilities {acceptInsecureCerts: false, browserName: chrome, browserVersion: 86.0.4240.75, chrome: {chromedriverVersion: 85.0.4183.87 (cd6713ebf92fa..., userDataDir: C:\Windows\Temp\scoped_dir1...}, goog:chromeOptions: {debuggerAddress: localhost:60141}, javascriptEnabled: true, networkConnectionEnabled: false, pageLoadStrategy: none, platform: WINDOWS, platformName: WINDOWS, proxy: Proxy(), setWindowRect: true, strictFileInteractability: false, timeouts: {implicit: 0, pageLoad: 300000, script: 30000}, unhandledPromptBehavior: dismiss and notify, webauthn:virtualAuthenticators: true}
Session ID: 7c47cf17605c0041376f57870d31efef
  sun.reflect.NativeConstructorAccessorImpl.newInstance0(Native Method)
  sun.reflect.NativeConstructorAccessorImpl.newInstance(Unknown Source)
  sun.reflect.DelegatingConstructorAccessorImpl.newInstance(Unknown Source)
  java.lang.reflect.Constructor.newInstance(Unknown Source)
  org.openqa.selenium.remote.http.W3CHttpResponseCodec.createException(W3CHttpResponseCodec.java:187)
  org.openqa.selenium.remote.http.W3CHttpResponseCodec.decode(W3CHttpResponseCodec.java:122)
  org.openqa.selenium.remote.http.W3CHttpResponseCodec.decode(W3CHttpResponseCodec.java:49)
  org.openqa.selenium.remote.HttpCommandExecutor.execute(HttpCommandExecutor.java:158)
  org.openqa.selenium.remote.service.DriverCommandExecutor.execute(DriverCommandExecutor.java:83)
  org.openqa.selenium.remote.RemoteWebDriver.execute(RemoteWebDriver.java:548)
  org.openqa.selenium.remote.RemoteWebElement.execute(RemoteWebElement.java:276)
  org.openqa.selenium.remote.RemoteWebElement.click(RemoteWebElement.java:83)
  com.OSMOSE.base.Page.click(Page.java:183)
  com.OSMOSE.testcases.oCalcPro.verifyClickOnAnAnnouncementLicensedUser(oCalcPro.java:728)
  sun.reflect.NativeMethodAccessorImpl.invoke0(Native Method)
  sun.reflect.NativeMethodAccessorImpl.invoke(Unknown Source)
  sun.reflect.DelegatingMethodAccessorImpl.invoke(Unknown Source)
  java.lang.reflect.Method.invoke(Unknown Source)
  org.testng.internal.MethodInvocationHelper.invokeMethod(MethodInvocationHelper.java:134)
  org.testng.internal.TestInvoker.invokeMethod(TestInvoker.java:597)
  org.testng.internal.TestInvoker.invokeTestMethod(TestInvoker.java:173)
  org.testng.internal.MethodRunner.runInSequence(MethodRunner.java:46)
  org.testng.internal.TestInvoker$MethodInvocationAgent.invoke(TestInvoker.java:816)
  org.testng.internal.TestInvoker.invokeTestMethods(TestInvoker.java:146)
  org.testng.internal.TestMethodWorker.invokeTestMethods(TestMethodWorker.java:146)
  org.testng.internal.TestMethodWorker.run(TestMethodWorker.java:128)
  java.util.ArrayList.forEach(Unknown Source)
  org.testng.TestRunner.privateRun(TestRunner.java:766)
  org.testng.TestRunner.run(TestRunner.java:587)
  org.testng.SuiteRunner.runTest(SuiteRunner.java:384)
  org.testng.SuiteRunner.runSequentially(SuiteRunner.java:378)
  org.testng.SuiteRunner.privateRun(SuiteRunner.java:337)
  org.testng.SuiteRunner.run(SuiteRunner.java:286)
  org.testng.SuiteRunnerWorker.runSuite(SuiteRunnerWorker.java:53)
  org.testng.SuiteRunnerWorker.run(SuiteRunnerWorker.java:96)
  org.testng.TestNG.runSuitesSequentially(TestNG.java:1187)
  org.testng.TestNG.runSuitesLocally(TestNG.java:1109)
  org.testng.TestNG.runSuites(TestNG.java:1039)
  org.testng.TestNG.run(TestNG.java:1007)
  org.testng.remote.AbstractRemoteTestNG.run(AbstractRemoteTestNG.java:115)
  org.testng.remote.RemoteTestNG.initAndRun(RemoteTestNG.java:251)
  org.testng.remote.RemoteTestNG.main(RemoteTestNG.java:77)
]]>
      </failure>

          </testcase>
  
  
            <testcase name="verifyContentsOfLicenseMgmtLicensedUser" time="0.223" classname="com.OSMOSE.testcases.oCalcPro" />
                <testcase name="verifyRequestLicenseQuoteClickLicensedUser" time="8.919" classname="com.OSMOSE.testcases.oCalcPro" />
                <testcase name="verifyContentsOfFAQLicensedUser" time="6.646" classname="com.OSMOSE.testcases.oCalcPro" />
                <testcase name="verifyFAQClickLicensedUser" time="18.067" classname="com.OSMOSE.testcases.oCalcPro" />
                <testcase name="verifyFilterLicenseKey" time="1.559" classname="com.OSMOSE.testcases.oCalcPro" />
                <testcase name="verifyoCalcProNavigationClick" time="16.881" classname="com.OSMOSE.testcases.oCalcPro" />
                <testcase name="verifyOnlyRenewBtnIsEnabledOnMultipleRecordSelection" time="6.507" classname="com.OSMOSE.testcases.oCalcPro" />
                <testcase name="verifySubmitIssueClickLicensedUser" time="0.360" classname="com.OSMOSE.testcases.oCalcPro" />
                <testcase name="verifyPresenceOfTutorialLiveDemoCardLicensedUser" time="0.050" classname="com.OSMOSE.testcases.oCalcPro" />
                <testcase name="verifyPresenceOfSkipTourNextPreviousExitTour" time="4.153" classname="com.OSMOSE.testcases.oCalcPro" />
                <testcase name="verifyFilterLicenseType" time="2.679" classname="com.OSMOSE.testcases.oCalcPro" />
                <testcase name="verify30daysbtnClickLicensedUser" time="5.896" classname="com.OSMOSE.testcases.oCalcPro" />
                <testcase name="verifyPresenceOfCreditCardOptions" time="75.347" classname="com.OSMOSE.testcases.oCalcPro" />
                <testcase name="verifyocalcSupportClickLicensedUser" time="2.259" classname="com.OSMOSE.testcases.oCalcPro" />
                <testcase name="verifyCurrentPublicClassesClickLicensedUser" time="17.508" classname="com.OSMOSE.testcases.oCalcPro" />
                <testcase name="verifyContentsOfTrainingOptionsLicensedUser" time="0.124" classname="com.OSMOSE.testcases.oCalcPro" />
                <testcase name="verifyClickUpdateContactBtn" time="2.213" classname="com.OSMOSE.testcases.oCalcPro" />
                <testcase name="verifyCCDetailsForNonOCalcProduct" time="116.851" classname="com.OSMOSE.testcases.oCalcPro" />
                <testcase name="verifyKBClickLicensedUser" time="24.452" classname="com.OSMOSE.testcases.oCalcPro" />
                <testcase name="verifyRequestTrainingQuoteClickLicensedUser" time="8.202" classname="com.OSMOSE.testcases.oCalcPro" />
                <testcase name="verifyPresenceOfLicenseMgmtCard" time="0.047" classname="com.OSMOSE.testcases.oCalcPro" />
                <testcase name="verifyFilterContactName" time="3.519" classname="com.OSMOSE.testcases.oCalcPro" />
                <testcase name="verifyFilterExpToken" time="1.538" classname="com.OSMOSE.testcases.oCalcPro" />
                <testcase name="verifyRequestCVTQuoteClickLicensedUser" time="9.325" classname="com.OSMOSE.testcases.oCalcPro" />
                <testcase name="verifyPresenceOfTrainingOptionsCardLicensedUser" time="0.037" classname="com.OSMOSE.testcases.oCalcPro" />
                <testcase name="verifyContentsOfProductsCardLicensedUser" time="0.221" classname="com.OSMOSE.testcases.oCalcPro" />
                <testcase name="verifyClickOnNextPreviousbtns" time="2.165" classname="com.OSMOSE.testcases.oCalcPro" />
                <testcase name="verifyClickResend" time="4.368" classname="com.OSMOSE.testcases.oCalcPro" />
                <testcase name="verifyRequstDemoClickLicensedUser" time="4.524" classname="com.OSMOSE.testcases.oCalcPro" />
                <testcase name="verifyRequestQuoteForPrivateTrainingClassesClickLicensedUser" time="11.334" classname="com.OSMOSE.testcases.oCalcPro" />
                <testcase name="verifyContentsLicenseManagementPopUp" time="5.352" classname="com.OSMOSE.testcases.oCalcPro" />
                <testcase name="verifyFilterExpirationDate" time="2.789" classname="com.OSMOSE.testcases.oCalcPro" />
                <testcase name="verifyContentsOfAnnouncementsLicensedUser" time="0.472" classname="com.OSMOSE.testcases.oCalcPro" />
                <testcase name="verifyPresenceOfAnnouncementsCardLicensedUser" time="0.054" classname="com.OSMOSE.testcases.oCalcPro" />
                <testcase name="verifyClickRenewBtn" time="7.299" classname="com.OSMOSE.testcases.oCalcPro" />
                <testcase name="verifyDifferentProductsQuoteCreate" time="14.666" classname="com.OSMOSE.testcases.oCalcPro" />
                <testcase name="verifyKBWikiPageClickLicensedUser" time="28.813" classname="com.OSMOSE.testcases.oCalcPro" />
                <testcase name="verifyPresenceOfProductsCardLicensedUser" time="0.034" classname="com.OSMOSE.testcases.oCalcPro" />
                <testcase name="verifyTrainingVideosAreGroupedLicensedUser" time="15.532" classname="com.OSMOSE.testcases.oCalcPro" />
                <testcase name="verifyContentsOfTutorialLiveDemoLicensedUser" time="0.285" classname="com.OSMOSE.testcases.oCalcPro" />
                <testcase name="verifyClickIhaveCopiedMyReceiptChkBox" time="3.561" classname="com.OSMOSE.testcases.oCalcPro" />
                <testcase name="verifyClickOnSkipTourExitTourbtns" time="4.374" classname="com.OSMOSE.testcases.oCalcPro" />
                <testcase name="verifyFilterPurchaseDate" time="2.802" classname="com.OSMOSE.testcases.oCalcPro" />
                <testcase name="verifyKBTrainingVideosClickLicensedUser" time="15.626" classname="com.OSMOSE.testcases.oCalcPro" />
                <testcase name="verifyClickTransferLicenseBtn" time="2.660" classname="com.OSMOSE.testcases.oCalcPro" />
                <testcase name="verifyTransferErrorMsg" time="0.185" classname="com.OSMOSE.testcases.oCalcPro" />
                <testcase name="verifyContentsOfKBCardLicensedUser" time="0.098" classname="com.OSMOSE.testcases.oCalcPro" />
                <testcase name="verifyProductsClickLicensedUser" time="2.191" classname="com.OSMOSE.testcases.oCalcPro" />
                <testcase name="verifyClickOnPaywithCCBtn" time="27.447" classname="com.OSMOSE.testcases.oCalcPro" />
                <testcase name="verifyClickMakePaymentBtn" time="7.449" classname="com.OSMOSE.testcases.oCalcPro" />
                <testcase name="verifyUpdateContactBtn" time="12.461" classname="com.OSMOSE.testcases.oCalcPro" />
                <testcase name="verifyFilterLicenseTypeSite" time="2.831" classname="com.OSMOSE.testcases.oCalcPro" />
                <testcase name="verifyPresenceOfKnowledgeBaseCardLicensedUser" time="0.043" classname="com.OSMOSE.testcases.oCalcPro" />
                <testcase name="verifyPresenceOfCCReceipt" time="116.304" classname="com.OSMOSE.testcases.oCalcPro" />
                <testcase name="verifyFilterStatus" time="2.644" classname="com.OSMOSE.testcases.oCalcPro" />
                <testcase name="verifyTransferBtn" time="13.552" classname="com.OSMOSE.testcases.oCalcPro" />
                <testcase name="verifySearchResultsAreGroupedLicensedUser" time="19.754" classname="com.OSMOSE.testcases.oCalcPro" />
      
</testsuite>
