<?xml version="1.0" encoding="UTF-8"?>
<!-- Generated by org.testng.reporters.JUnitReportReporter -->
<testsuite skipped="14" hostname="5CG6323N27" name="com.OSMOSE.testcases.JointUse_Submitter" tests="17" failures="0" timestamp="2021-01-12T12:52:06 IST" time="93.402" errors="1">
  <testcase name="jointUseloginTestSubmitter" time="16.811" classname="com.OSMOSE.testcases.JointUse_Submitter"/>
  <system-out>
Click to see Screenshot <a target="_blank" href=Tue_Jan_12_12_50_44_IST_2021.jpg>Screenshot</a> <br> <br> <a target="_blank" href=Tue_Jan_12_12_50_44_IST_2021.jpg><img src=Tue_Jan_12_12_50_44_IST_2021.jpg height=200 width=200></img></a>  </system-out>
  <testcase name="verifyJointUseNavigationClick" time="25.778" classname="com.OSMOSE.testcases.JointUse_Submitter"/>
  <system-out>
Click to see Screenshot <a target="_blank" href=Tue_Jan_12_12_51_11_IST_2021.jpg>Screenshot</a> <br> <br> <a target="_blank" href=Tue_Jan_12_12_51_11_IST_2021.jpg><img src=Tue_Jan_12_12_51_11_IST_2021.jpg height=200 width=200></img></a>  </system-out>
  <testcase name="verifyAddingCommentsToTheApplication" time="50.813" classname="com.OSMOSE.testcases.JointUse_Submitter">
    <error type="org.openqa.selenium.NoSuchElementException" message="no such element: Unable to locate element: {&quot;method&quot;:&quot;xpath&quot;,&quot;selector&quot;:&quot;//body[@spellcheck=&#039;false&#039;]/p&quot;}
  (Session info: chrome=87.0.4280.88)
For documentation on this error, please visit: http://seleniumhq.org/exceptions/no_such_element.html
Build info: version: &#039;3.14.0&#039;, revision: &#039;aacccce0&#039;, time: &#039;2018-08-02T20:19:58.91Z&#039;
System info: host: &#039;5CG6323N27&#039;, ip: &#039;192.168.0.12&#039;, os.name: &#039;Windows 10&#039;, os.arch: &#039;amd64&#039;, os.version: &#039;10.0&#039;, java.version: &#039;1.8.0_191&#039;
Driver info: org.openqa.selenium.chrome.ChromeDriver
Capabilities {acceptInsecureCerts: false, browserName: chrome, browserVersion: 87.0.4280.88, chrome: {chromedriverVersion: 87.0.4280.88 (89e2380a3e36c..., userDataDir: C:\Windows\Temp\scoped_dir6...}, goog:chromeOptions: {debuggerAddress: localhost:61287}, javascriptEnabled: true, networkConnectionEnabled: false, pageLoadStrategy: none, platform: WINDOWS, platformName: WINDOWS, proxy: Proxy(), setWindowRect: true, strictFileInteractability: false, timeouts: {implicit: 0, pageLoad: 300000, script: 30000}, unhandledPromptBehavior: dismiss and notify, webauthn:virtualAuthenticators: true}
Session ID: cd981e13cce4061f304db066bdcfee60
*** Element info: {Using=xpath, value=//body[@spellcheck=&#039;false&#039;]/p}">
      <![CDATA[org.openqa.selenium.NoSuchElementException: no such element: Unable to locate element: {"method":"xpath","selector":"//body[@spellcheck='false']/p"}
  (Session info: chrome=87.0.4280.88)
For documentation on this error, please visit: http://seleniumhq.org/exceptions/no_such_element.html
Build info: version: '3.14.0', revision: 'aacccce0', time: '2018-08-02T20:19:58.91Z'
System info: host: '5CG6323N27', ip: '192.168.0.12', os.name: 'Windows 10', os.arch: 'amd64', os.version: '10.0', java.version: '1.8.0_191'
Driver info: org.openqa.selenium.chrome.ChromeDriver
Capabilities {acceptInsecureCerts: false, browserName: chrome, browserVersion: 87.0.4280.88, chrome: {chromedriverVersion: 87.0.4280.88 (89e2380a3e36c..., userDataDir: C:\Windows\Temp\scoped_dir6...}, goog:chromeOptions: {debuggerAddress: localhost:61287}, javascriptEnabled: true, networkConnectionEnabled: false, pageLoadStrategy: none, platform: WINDOWS, platformName: WINDOWS, proxy: Proxy(), setWindowRect: true, strictFileInteractability: false, timeouts: {implicit: 0, pageLoad: 300000, script: 30000}, unhandledPromptBehavior: dismiss and notify, webauthn:virtualAuthenticators: true}
Session ID: cd981e13cce4061f304db066bdcfee60
*** Element info: {Using=xpath, value=//body[@spellcheck='false']/p}
at sun.reflect.NativeConstructorAccessorImpl.newInstance0(Native Method)
at sun.reflect.NativeConstructorAccessorImpl.newInstance(Unknown Source)
at sun.reflect.DelegatingConstructorAccessorImpl.newInstance(Unknown Source)
at java.lang.reflect.Constructor.newInstance(Unknown Source)
at org.openqa.selenium.remote.http.W3CHttpResponseCodec.createException(W3CHttpResponseCodec.java:187)
at org.openqa.selenium.remote.http.W3CHttpResponseCodec.decode(W3CHttpResponseCodec.java:122)
at org.openqa.selenium.remote.http.W3CHttpResponseCodec.decode(W3CHttpResponseCodec.java:49)
at org.openqa.selenium.remote.HttpCommandExecutor.execute(HttpCommandExecutor.java:158)
at org.openqa.selenium.remote.service.DriverCommandExecutor.execute(DriverCommandExecutor.java:83)
at org.openqa.selenium.remote.RemoteWebDriver.execute(RemoteWebDriver.java:548)
at org.openqa.selenium.remote.RemoteWebDriver.findElement(RemoteWebDriver.java:322)
at org.openqa.selenium.remote.RemoteWebDriver.findElementByXPath(RemoteWebDriver.java:424)
at org.openqa.selenium.By$ByXPath.findElement(By.java:353)
at org.openqa.selenium.remote.RemoteWebDriver.findElement(RemoteWebDriver.java:314)
at com.OSMOSE.base.Page.type(Page.java:213)
at com.OSMOSE.testcases.JointUse_Submitter.verifyAddingCommentsToTheApplication(JointUse_Submitter.java:266)
at sun.reflect.NativeMethodAccessorImpl.invoke0(Native Method)
at sun.reflect.NativeMethodAccessorImpl.invoke(Unknown Source)
at sun.reflect.DelegatingMethodAccessorImpl.invoke(Unknown Source)
at java.lang.reflect.Method.invoke(Unknown Source)
at org.testng.internal.MethodInvocationHelper.invokeMethod(MethodInvocationHelper.java:134)
at org.testng.internal.TestInvoker.invokeMethod(TestInvoker.java:597)
at org.testng.internal.TestInvoker.invokeTestMethod(TestInvoker.java:173)
at org.testng.internal.MethodRunner.runInSequence(MethodRunner.java:46)
at org.testng.internal.TestInvoker$MethodInvocationAgent.invoke(TestInvoker.java:816)
at org.testng.internal.TestInvoker.invokeTestMethods(TestInvoker.java:146)
at org.testng.internal.TestMethodWorker.invokeTestMethods(TestMethodWorker.java:146)
at org.testng.internal.TestMethodWorker.run(TestMethodWorker.java:128)
at java.util.ArrayList.forEach(Unknown Source)
at org.testng.TestRunner.privateRun(TestRunner.java:766)
at org.testng.TestRunner.run(TestRunner.java:587)
at org.testng.SuiteRunner.runTest(SuiteRunner.java:384)
at org.testng.SuiteRunner.runSequentially(SuiteRunner.java:378)
at org.testng.SuiteRunner.privateRun(SuiteRunner.java:337)
at org.testng.SuiteRunner.run(SuiteRunner.java:286)
at org.testng.SuiteRunnerWorker.runSuite(SuiteRunnerWorker.java:53)
at org.testng.SuiteRunnerWorker.run(SuiteRunnerWorker.java:96)
at org.testng.TestNG.runSuitesSequentially(TestNG.java:1187)
at org.testng.TestNG.runSuitesLocally(TestNG.java:1109)
at org.testng.TestNG.runSuites(TestNG.java:1039)
at org.testng.TestNG.run(TestNG.java:1007)
at org.testng.remote.AbstractRemoteTestNG.run(AbstractRemoteTestNG.java:115)
at org.testng.remote.RemoteTestNG.initAndRun(RemoteTestNG.java:251)
at org.testng.remote.RemoteTestNG.main(RemoteTestNG.java:77)
]]>
    </error>
  </testcase> <!-- verifyAddingCommentsToTheApplication -->
  <system-out>
Click to see Screenshot <a target="_blank" href=Tue_Jan_12_12_52_02_IST_2021.jpg>Screenshot</a> <br> <br> <a target="_blank" href=Tue_Jan_12_12_52_02_IST_2021.jpg><img src=Tue_Jan_12_12_52_02_IST_2021.jpg height=200 width=200></img></a>  </system-out>
  <testcase name="verifyHorizontalCollapseFunctionality" classname="com.OSMOSE.testcases.JointUse_Submitter">
    <skipped/>
  </testcase> <!-- verifyHorizontalCollapseFunctionality -->
  <system-out/>
  <testcase name="verifyEditWidgetClick" classname="com.OSMOSE.testcases.JointUse_Submitter">
    <skipped/>
  </testcase> <!-- verifyEditWidgetClick -->
  <system-out/>
  <testcase name="verifyEditLayout" classname="com.OSMOSE.testcases.JointUse_Submitter">
    <skipped/>
  </testcase> <!-- verifyEditLayout -->
  <system-out/>
  <testcase name="verifyNewApplication" classname="com.OSMOSE.testcases.JointUse_Submitter">
    <skipped/>
  </testcase> <!-- verifyNewApplication -->
  <system-out/>
  <testcase name="verifyVerticalCollapseFunctionality" classname="com.OSMOSE.testcases.JointUse_Submitter">
    <skipped/>
  </testcase> <!-- verifyVerticalCollapseFunctionality -->
  <system-out/>
  <testcase name="verifyAddWidgets" classname="com.OSMOSE.testcases.JointUse_Submitter">
    <skipped/>
  </testcase> <!-- verifyAddWidgets -->
  <system-out/>
  <testcase name="verifyRefreshBtn" classname="com.OSMOSE.testcases.JointUse_Submitter">
    <skipped/>
  </testcase> <!-- verifyRefreshBtn -->
  <system-out/>
  <testcase name="verifySelectAllFunctionality" classname="com.OSMOSE.testcases.JointUse_Submitter">
    <skipped/>
  </testcase> <!-- verifySelectAllFunctionality -->
  <system-out/>
  <testcase name="verifyColumns" classname="com.OSMOSE.testcases.JointUse_Submitter">
    <skipped/>
  </testcase> <!-- verifyColumns -->
  <system-out/>
  <testcase name="verifyExportOptions" classname="com.OSMOSE.testcases.JointUse_Submitter">
    <skipped/>
  </testcase> <!-- verifyExportOptions -->
  <system-out/>
  <testcase name="verifyAddWidgetClick" classname="com.OSMOSE.testcases.JointUse_Submitter">
    <skipped/>
  </testcase> <!-- verifyAddWidgetClick -->
  <system-out/>
  <testcase name="verifySearchBox" classname="com.OSMOSE.testcases.JointUse_Submitter">
    <skipped/>
  </testcase> <!-- verifySearchBox -->
  <system-out/>
  <testcase name="verifyRowsCount" classname="com.OSMOSE.testcases.JointUse_Submitter">
    <skipped/>
  </testcase> <!-- verifyRowsCount -->
  <system-out/>
  <testcase name="verifyAddWiredNewAttachment" classname="com.OSMOSE.testcases.JointUse_Submitter">
    <skipped/>
  </testcase> <!-- verifyAddWiredNewAttachment -->
  <system-out/>
</testsuite> <!-- com.OSMOSE.testcases.JointUse_Submitter -->
