<?xml version="1.0" encoding="UTF-8"?>
<!-- Generated by org.testng.reporters.JUnitReportReporter -->
<testsuite skipped="0" hostname="5CG6332Q2D" name="com.OSMOSE.testcases.Projectdashboard" tests="6" failures="0" timestamp="2021-01-29T19:33:55 IST" time="248.962" errors="1">
  <testcase name="verifyKnowledgeBaseNavigationClick" time="68.490" classname="com.OSMOSE.testcases.Projectdashboard"/>
  <system-out>
Click to see Screenshot <a target="_blank" href=Fri_Jan_29_19_30_46_IST_2021.jpg>Screenshot</a> <br> <br> <a target="_blank" href=Fri_Jan_29_19_30_46_IST_2021.jpg><img src=Fri_Jan_29_19_30_46_IST_2021.jpg height=200 width=200></img></a>  </system-out>
  <testcase name="verifyProjectDeliverablesTab" time="8.013" classname="com.OSMOSE.testcases.Projectdashboard"/>
  <system-out>
Click to see Screenshot <a target="_blank" href=Fri_Jan_29_19_30_55_IST_2021.jpg>Screenshot</a> <br> <br> <a target="_blank" href=Fri_Jan_29_19_30_55_IST_2021.jpg><img src=Fri_Jan_29_19_30_55_IST_2021.jpg height=200 width=200></img></a>  </system-out>
  <testcase name="verifyProjectDeliverablesContents" time="41.416" classname="com.OSMOSE.testcases.Projectdashboard"/>
  <system-out>
Click to see Screenshot <a target="_blank" href=Fri_Jan_29_19_31_37_IST_2021.jpg>Screenshot</a> <br> <br> <a target="_blank" href=Fri_Jan_29_19_31_37_IST_2021.jpg><img src=Fri_Jan_29_19_31_37_IST_2021.jpg height=200 width=200></img></a>  </system-out>
  <testcase name="verifyPDSearchFuntionality" time="10.340" classname="com.OSMOSE.testcases.Projectdashboard"/>
  <system-out>
Click to see Screenshot <a target="_blank" href=Fri_Jan_29_19_31_48_IST_2021.jpg>Screenshot</a> <br> <br> <a target="_blank" href=Fri_Jan_29_19_31_48_IST_2021.jpg><img src=Fri_Jan_29_19_31_48_IST_2021.jpg height=200 width=200></img></a>  </system-out>
  <testcase name="verifyPDSwitchViewFunctionality" time="60.477" classname="com.OSMOSE.testcases.Projectdashboard"/>
  <system-out>
Click to see Screenshot <a target="_blank" href=Fri_Jan_29_19_32_49_IST_2021.jpg>Screenshot</a> <br> <br> <a target="_blank" href=Fri_Jan_29_19_32_49_IST_2021.jpg><img src=Fri_Jan_29_19_32_49_IST_2021.jpg height=200 width=200></img></a>  </system-out>
  <testcase name="verifyPDBreadCrumbNavigationFunctionality" time="60.226" classname="com.OSMOSE.testcases.Projectdashboard">
    <error type="org.openqa.selenium.NoSuchElementException" message="no such element: Unable to locate element: {&quot;method&quot;:&quot;xpath&quot;,&quot;selector&quot;:&quot;//button[contains(text(),&#039;Technical Services&#039;)]&quot;}
  (Session info: chrome=87.0.4280.88)
For documentation on this error, please visit: http://seleniumhq.org/exceptions/no_such_element.html
Build info: version: &#039;3.14.0&#039;, revision: &#039;aacccce0&#039;, time: &#039;2018-08-02T20:19:58.91Z&#039;
System info: host: &#039;5CG6332Q2D&#039;, ip: &#039;192.168.0.136&#039;, os.name: &#039;Windows 10&#039;, os.arch: &#039;amd64&#039;, os.version: &#039;10.0&#039;, java.version: &#039;1.8.0_191&#039;
Driver info: org.openqa.selenium.chrome.ChromeDriver
Capabilities {acceptInsecureCerts: false, browserName: chrome, browserVersion: 87.0.4280.88, chrome: {chromedriverVersion: 87.0.4280.88 (89e2380a3e36c..., userDataDir: C:\Windows\Temp\scoped_dir1...}, goog:chromeOptions: {debuggerAddress: localhost:52760}, javascriptEnabled: true, networkConnectionEnabled: false, pageLoadStrategy: none, platform: WINDOWS, platformName: WINDOWS, proxy: Proxy(), setWindowRect: true, strictFileInteractability: false, timeouts: {implicit: 0, pageLoad: 300000, script: 30000}, unhandledPromptBehavior: dismiss and notify, webauthn:virtualAuthenticators: true}
Session ID: 525398781b030b51b96c75f22fd87dc6
*** Element info: {Using=xpath, value=//button[contains(text(),&#039;Technical Services&#039;)]}">
      <![CDATA[org.openqa.selenium.NoSuchElementException: no such element: Unable to locate element: {"method":"xpath","selector":"//button[contains(text(),'Technical Services')]"}
  (Session info: chrome=87.0.4280.88)
For documentation on this error, please visit: http://seleniumhq.org/exceptions/no_such_element.html
Build info: version: '3.14.0', revision: 'aacccce0', time: '2018-08-02T20:19:58.91Z'
System info: host: '5CG6332Q2D', ip: '192.168.0.136', os.name: 'Windows 10', os.arch: 'amd64', os.version: '10.0', java.version: '1.8.0_191'
Driver info: org.openqa.selenium.chrome.ChromeDriver
Capabilities {acceptInsecureCerts: false, browserName: chrome, browserVersion: 87.0.4280.88, chrome: {chromedriverVersion: 87.0.4280.88 (89e2380a3e36c..., userDataDir: C:\Windows\Temp\scoped_dir1...}, goog:chromeOptions: {debuggerAddress: localhost:52760}, javascriptEnabled: true, networkConnectionEnabled: false, pageLoadStrategy: none, platform: WINDOWS, platformName: WINDOWS, proxy: Proxy(), setWindowRect: true, strictFileInteractability: false, timeouts: {implicit: 0, pageLoad: 300000, script: 30000}, unhandledPromptBehavior: dismiss and notify, webauthn:virtualAuthenticators: true}
Session ID: 525398781b030b51b96c75f22fd87dc6
*** Element info: {Using=xpath, value=//button[contains(text(),'Technical Services')]}
at sun.reflect.NativeConstructorAccessorImpl.newInstance0(Native Method)
at sun.reflect.NativeConstructorAccessorImpl.newInstance(Unknown Source)
at sun.reflect.DelegatingConstructorAccessorImpl.newInstance(Unknown Source)
at java.lang.reflect.Constructor.newInstance(Unknown Source)
at org.openqa.selenium.remote.http.W3CHttpResponseCodec.createException(W3CHttpResponseCodec.java:187)
at org.openqa.selenium.remote.http.W3CHttpResponseCodec.decode(W3CHttpResponseCodec.java:122)
at org.openqa.selenium.remote.http.W3CHttpResponseCodec.decode(W3CHttpResponseCodec.java:49)
at org.openqa.selenium.remote.HttpCommandExecutor.execute(HttpCommandExecutor.java:158)
at org.openqa.selenium.remote.service.DriverCommandExecutor.execute(DriverCommandExecutor.java:83)
at org.openqa.selenium.remote.RemoteWebDriver.execute(RemoteWebDriver.java:548)
at org.openqa.selenium.remote.RemoteWebDriver.findElement(RemoteWebDriver.java:322)
at org.openqa.selenium.remote.RemoteWebDriver.findElementByXPath(RemoteWebDriver.java:424)
at org.openqa.selenium.By$ByXPath.findElement(By.java:353)
at org.openqa.selenium.remote.RemoteWebDriver.findElement(RemoteWebDriver.java:314)
at com.OSMOSE.base.Page.click(Page.java:183)
at com.OSMOSE.testcases.Projectdashboard.verifyPDBreadCrumbNavigationFunctionality(Projectdashboard.java:85)
at sun.reflect.NativeMethodAccessorImpl.invoke0(Native Method)
at sun.reflect.NativeMethodAccessorImpl.invoke(Unknown Source)
at sun.reflect.DelegatingMethodAccessorImpl.invoke(Unknown Source)
at java.lang.reflect.Method.invoke(Unknown Source)
at org.testng.internal.MethodInvocationHelper.invokeMethod(MethodInvocationHelper.java:134)
at org.testng.internal.TestInvoker.invokeMethod(TestInvoker.java:597)
at org.testng.internal.TestInvoker.invokeTestMethod(TestInvoker.java:173)
at org.testng.internal.MethodRunner.runInSequence(MethodRunner.java:46)
at org.testng.internal.TestInvoker$MethodInvocationAgent.invoke(TestInvoker.java:816)
at org.testng.internal.TestInvoker.invokeTestMethods(TestInvoker.java:146)
at org.testng.internal.TestMethodWorker.invokeTestMethods(TestMethodWorker.java:146)
at org.testng.internal.TestMethodWorker.run(TestMethodWorker.java:128)
at java.util.ArrayList.forEach(Unknown Source)
at org.testng.TestRunner.privateRun(TestRunner.java:766)
at org.testng.TestRunner.run(TestRunner.java:587)
at org.testng.SuiteRunner.runTest(SuiteRunner.java:384)
at org.testng.SuiteRunner.runSequentially(SuiteRunner.java:378)
at org.testng.SuiteRunner.privateRun(SuiteRunner.java:337)
at org.testng.SuiteRunner.run(SuiteRunner.java:286)
at org.testng.SuiteRunnerWorker.runSuite(SuiteRunnerWorker.java:53)
at org.testng.SuiteRunnerWorker.run(SuiteRunnerWorker.java:96)
at org.testng.TestNG.runSuitesSequentially(TestNG.java:1187)
at org.testng.TestNG.runSuitesLocally(TestNG.java:1109)
at org.testng.TestNG.runSuites(TestNG.java:1039)
at org.testng.TestNG.run(TestNG.java:1007)
at org.testng.remote.AbstractRemoteTestNG.run(AbstractRemoteTestNG.java:115)
at org.testng.remote.RemoteTestNG.initAndRun(RemoteTestNG.java:251)
at org.testng.remote.RemoteTestNG.main(RemoteTestNG.java:77)
]]>
    </error>
  </testcase> <!-- verifyPDBreadCrumbNavigationFunctionality -->
  <system-out>
Click to see Screenshot <a target="_blank" href=Fri_Jan_29_19_33_50_IST_2021.jpg>Screenshot</a> <br> <br> <a target="_blank" href=Fri_Jan_29_19_33_50_IST_2021.jpg><img src=Fri_Jan_29_19_33_50_IST_2021.jpg height=200 width=200></img></a>  </system-out>
</testsuite> <!-- com.OSMOSE.testcases.Projectdashboard -->
